[6.835s] Invoking command in '/home/tom/aeac-2026/packages/src/nav_stack/ros2_ws/src/mission': PYTHONPATH=/home/tom/aeac-2026/packages/src/nav_stack/ros2_ws/build/mission/prefix_override:/usr/lib/python3/dist-packages/colcon_core/task/python/colcon_distutils_commands:/home/tom/aeac-2026/packages/src/nav_stack/ros2_ws/install/mission/lib/python3.10/site-packages:${PYTHONPATH} /usr/bin/python3 -W ignore:setup.py install is deprecated -W ignore:easy_install command is deprecated setup.py egg_info --egg-base ../../build/mission build --build-base /home/tom/aeac-2026/packages/src/nav_stack/ros2_ws/build/mission/build install --record /home/tom/aeac-2026/packages/src/nav_stack/ros2_ws/build/mission/install.log --single-version-externally-managed install_data
[7.728s] running egg_info
[7.738s] writing ../../build/mission/mission.egg-info/PKG-INFO
[7.739s] writing dependency_links to ../../build/mission/mission.egg-info/dependency_links.txt
[7.740s] writing entry points to ../../build/mission/mission.egg-info/entry_points.txt
[7.741s] writing requirements to ../../build/mission/mission.egg-info/requires.txt
[7.741s] writing top-level names to ../../build/mission/mission.egg-info/top_level.txt
[7.757s] reading manifest file '../../build/mission/mission.egg-info/SOURCES.txt'
[7.761s] writing manifest file '../../build/mission/mission.egg-info/SOURCES.txt'
[7.761s] running build
[7.762s] running build_py
[7.767s] running install
[7.768s] running install_lib
[7.773s] running install_data
[7.773s] running install_egg_info
[7.778s] removing '/home/tom/aeac-2026/packages/src/nav_stack/ros2_ws/install/mission/lib/python3.10/site-packages/mission-0.0.0-py3.10.egg-info' (and everything under it)
[7.781s] Copying ../../build/mission/mission.egg-info to /home/tom/aeac-2026/packages/src/nav_stack/ros2_ws/install/mission/lib/python3.10/site-packages/mission-0.0.0-py3.10.egg-info
[7.790s] running install_scripts
[7.853s] Installing gps_to_local script to /home/tom/aeac-2026/packages/src/nav_stack/ros2_ws/install/mission/lib/mission
[7.854s] Installing laps script to /home/tom/aeac-2026/packages/src/nav_stack/ros2_ws/install/mission/lib/mission
[7.856s] writing list of installed files to '/home/tom/aeac-2026/packages/src/nav_stack/ros2_ws/build/mission/install.log'
[7.979s] Invoked command in '/home/tom/aeac-2026/packages/src/nav_stack/ros2_ws/src/mission' returned '0': PYTHONPATH=/home/tom/aeac-2026/packages/src/nav_stack/ros2_ws/build/mission/prefix_override:/usr/lib/python3/dist-packages/colcon_core/task/python/colcon_distutils_commands:/home/tom/aeac-2026/packages/src/nav_stack/ros2_ws/install/mission/lib/python3.10/site-packages:${PYTHONPATH} /usr/bin/python3 -W ignore:setup.py install is deprecated -W ignore:easy_install command is deprecated setup.py egg_info --egg-base ../../build/mission build --build-base /home/tom/aeac-2026/packages/src/nav_stack/ros2_ws/build/mission/build install --record /home/tom/aeac-2026/packages/src/nav_stack/ros2_ws/build/mission/install.log --single-version-externally-managed install_data
