running egg_info
creating ../../../../../build/bringup/bringup.egg-info
writing ../../../../../build/bringup/bringup.egg-info/PKG-INFO
writing dependency_links to ../../../../../build/bringup/bringup.egg-info/dependency_links.txt
writing requirements to ../../../../../build/bringup/bringup.egg-info/requires.txt
writing top-level names to ../../../../../build/bringup/bringup.egg-info/top_level.txt
writing manifest file '../../../../../build/bringup/bringup.egg-info/SOURCES.txt'
reading manifest file '../../../../../build/bringup/bringup.egg-info/SOURCES.txt'
writing manifest file '../../../../../build/bringup/bringup.egg-info/SOURCES.txt'
running build
running build_py
creating /home/tom/aeac-2026/packages/build/bringup/build
creating /home/tom/aeac-2026/packages/build/bringup/build/lib
creating /home/tom/aeac-2026/packages/build/bringup/build/lib/bringup
copying bringup/__init__.py -> /home/tom/aeac-2026/packages/build/bringup/build/lib/bringup
running install
running install_lib
creating /home/tom/aeac-2026/packages/install/bringup/lib/python3.10/site-packages/bringup
copying /home/tom/aeac-2026/packages/build/bringup/build/lib/bringup/__init__.py -> /home/tom/aeac-2026/packages/install/bringup/lib/python3.10/site-packages/bringup
byte-compiling /home/tom/aeac-2026/packages/install/bringup/lib/python3.10/site-packages/bringup/__init__.py to __init__.cpython-310.pyc
running install_data
creating /home/tom/aeac-2026/packages/install/bringup/share/ament_index
creating /home/tom/aeac-2026/packages/install/bringup/share/ament_index/resource_index
creating /home/tom/aeac-2026/packages/install/bringup/share/ament_index/resource_index/packages
copying resource/bringup -> /home/tom/aeac-2026/packages/install/bringup/share/ament_index/resource_index/packages
copying package.xml -> /home/tom/aeac-2026/packages/install/bringup/share/bringup
creating /home/tom/aeac-2026/packages/install/bringup/share/bringup/launch
copying launch/phase1.launch.py -> /home/tom/aeac-2026/packages/install/bringup/share/bringup/launch
creating /home/tom/aeac-2026/packages/install/bringup/share/bringup/config
copying config/trajectoirePhase1.json -> /home/tom/aeac-2026/packages/install/bringup/share/bringup/config
running install_egg_info
Copying ../../../../../build/bringup/bringup.egg-info to /home/tom/aeac-2026/packages/install/bringup/lib/python3.10/site-packages/bringup-0.0.0-py3.10.egg-info
running install_scripts
writing list of installed files to '/home/tom/aeac-2026/packages/build/bringup/install.log'
