[0.885s] Invoking command in '/home/tom/aeac-2026/packages/src/nav_stack/ros2_ws/build/custom_interfaces': /usr/bin/cmake --build /home/tom/aeac-2026/packages/src/nav_stack/ros2_ws/build/custom_interfaces -- -j8 -l8
[1.048s] [  3%] Built target custom_interfaces__cpp
[1.053s] [ 12%] Built target custom_interfaces__rosidl_generator_c
[1.121s] [ 12%] Built target ament_cmake_python_copy_custom_interfaces
[1.156s] [ 22%] Built target custom_interfaces__rosidl_typesupport_introspection_cpp
[1.158s] [ 32%] Built target custom_interfaces__rosidl_typesupport_fastrtps_cpp
[1.163s] [ 41%] Built target custom_interfaces__rosidl_typesupport_cpp
[1.169s] [ 51%] Built target custom_interfaces__rosidl_typesupport_c
[1.178s] [ 61%] Built target custom_interfaces__rosidl_typesupport_fastrtps_c
[1.184s] [ 70%] Built target custom_interfaces__rosidl_typesupport_introspection_c
[1.250s] [ 70%] Built target custom_interfaces
[1.319s] [ 74%] Built target custom_interfaces__py
[1.396s] [ 80%] Built target custom_interfaces__rosidl_generator_py
[1.486s] [ 87%] Built target custom_interfaces__rosidl_typesupport_fastrtps_c__pyext
[1.498s] [100%] Built target custom_interfaces__rosidl_typesupport_introspection_c__pyext
[1.498s] [100%] Built target custom_interfaces__rosidl_typesupport_c__pyext
[1.880s] running egg_info
[1.882s] writing custom_interfaces.egg-info/PKG-INFO
[1.883s] writing dependency_links to custom_interfaces.egg-info/dependency_links.txt
[1.883s] writing top-level names to custom_interfaces.egg-info/top_level.txt
[1.891s] reading manifest file 'custom_interfaces.egg-info/SOURCES.txt'
[1.893s] writing manifest file 'custom_interfaces.egg-info/SOURCES.txt'
[1.993s] [100%] Built target ament_cmake_python_build_custom_interfaces_egg
[2.033s] Invoked command in '/home/tom/aeac-2026/packages/src/nav_stack/ros2_ws/build/custom_interfaces' returned '0': /usr/bin/cmake --build /home/tom/aeac-2026/packages/src/nav_stack/ros2_ws/build/custom_interfaces -- -j8 -l8
[2.068s] Invoking command in '/home/tom/aeac-2026/packages/src/nav_stack/ros2_ws/build/custom_interfaces': /usr/bin/cmake --install /home/tom/aeac-2026/packages/src/nav_stack/ros2_ws/build/custom_interfaces
[2.089s] -- Install configuration: ""
[2.090s] -- Up-to-date: /home/tom/aeac-2026/packages/src/nav_stack/ros2_ws/install/custom_interfaces/share/ament_index/resource_index/rosidl_interfaces/custom_interfaces
[2.091s] -- Up-to-date: /home/tom/aeac-2026/packages/src/nav_stack/ros2_ws/install/custom_interfaces/include/custom_interfaces/custom_interfaces
[2.091s] -- Up-to-date: /home/tom/aeac-2026/packages/src/nav_stack/ros2_ws/install/custom_interfaces/include/custom_interfaces/custom_interfaces/msg
[2.092s] -- Up-to-date: /home/tom/aeac-2026/packages/src/nav_stack/ros2_ws/install/custom_interfaces/include/custom_interfaces/custom_interfaces/msg/rosidl_generator_c__visibility_control.h
[2.092s] -- Up-to-date: /home/tom/aeac-2026/packages/src/nav_stack/ros2_ws/install/custom_interfaces/include/custom_interfaces/custom_interfaces/srv
[2.092s] -- Up-to-date: /home/tom/aeac-2026/packages/src/nav_stack/ros2_ws/install/custom_interfaces/include/custom_interfaces/custom_interfaces/srv/detail
[2.093s] -- Up-to-date: /home/tom/aeac-2026/packages/src/nav_stack/ros2_ws/install/custom_interfaces/include/custom_interfaces/custom_interfaces/srv/detail/gps_to_local__functions.c
[2.093s] -- Up-to-date: /home/tom/aeac-2026/packages/src/nav_stack/ros2_ws/install/custom_interfaces/include/custom_interfaces/custom_interfaces/srv/detail/gps_to_local__type_support.h
[2.093s] -- Up-to-date: /home/tom/aeac-2026/packages/src/nav_stack/ros2_ws/install/custom_interfaces/include/custom_interfaces/custom_interfaces/srv/detail/gps_to_local__functions.h
[2.094s] -- Up-to-date: /home/tom/aeac-2026/packages/src/nav_stack/ros2_ws/install/custom_interfaces/include/custom_interfaces/custom_interfaces/srv/detail/gps_to_local__struct.h
[2.094s] -- Up-to-date: /home/tom/aeac-2026/packages/src/nav_stack/ros2_ws/install/custom_interfaces/include/custom_interfaces/custom_interfaces/srv/gps_to_local.h
[2.095s] -- Up-to-date: /home/tom/aeac-2026/packages/src/nav_stack/ros2_ws/install/custom_interfaces/share/custom_interfaces/environment/library_path.sh
[2.095s] -- Up-to-date: /home/tom/aeac-2026/packages/src/nav_stack/ros2_ws/install/custom_interfaces/share/custom_interfaces/environment/library_path.dsv
[2.097s] -- Up-to-date: /home/tom/aeac-2026/packages/src/nav_stack/ros2_ws/install/custom_interfaces/lib/libcustom_interfaces__rosidl_generator_c.so
[2.097s] -- Up-to-date: /home/tom/aeac-2026/packages/src/nav_stack/ros2_ws/install/custom_interfaces/include/custom_interfaces/custom_interfaces
[2.097s] -- Up-to-date: /home/tom/aeac-2026/packages/src/nav_stack/ros2_ws/install/custom_interfaces/include/custom_interfaces/custom_interfaces/msg
[2.098s] -- Up-to-date: /home/tom/aeac-2026/packages/src/nav_stack/ros2_ws/install/custom_interfaces/include/custom_interfaces/custom_interfaces/msg/rosidl_typesupport_fastrtps_c__visibility_control.h
[2.098s] -- Up-to-date: /home/tom/aeac-2026/packages/src/nav_stack/ros2_ws/install/custom_interfaces/include/custom_interfaces/custom_interfaces/srv
[2.098s] -- Up-to-date: /home/tom/aeac-2026/packages/src/nav_stack/ros2_ws/install/custom_interfaces/include/custom_interfaces/custom_interfaces/srv/detail
[2.099s] -- Up-to-date: /home/tom/aeac-2026/packages/src/nav_stack/ros2_ws/install/custom_interfaces/include/custom_interfaces/custom_interfaces/srv/detail/gps_to_local__rosidl_typesupport_fastrtps_c.h
[2.099s] -- Up-to-date: /home/tom/aeac-2026/packages/src/nav_stack/ros2_ws/install/custom_interfaces/lib/libcustom_interfaces__rosidl_typesupport_fastrtps_c.so
[2.100s] -- Up-to-date: /home/tom/aeac-2026/packages/src/nav_stack/ros2_ws/install/custom_interfaces/include/custom_interfaces/custom_interfaces
[2.101s] -- Up-to-date: /home/tom/aeac-2026/packages/src/nav_stack/ros2_ws/install/custom_interfaces/include/custom_interfaces/custom_interfaces/msg
[2.101s] -- Up-to-date: /home/tom/aeac-2026/packages/src/nav_stack/ros2_ws/install/custom_interfaces/include/custom_interfaces/custom_interfaces/msg/rosidl_typesupport_introspection_c__visibility_control.h
[2.101s] -- Up-to-date: /home/tom/aeac-2026/packages/src/nav_stack/ros2_ws/install/custom_interfaces/include/custom_interfaces/custom_interfaces/srv
[2.101s] -- Up-to-date: /home/tom/aeac-2026/packages/src/nav_stack/ros2_ws/install/custom_interfaces/include/custom_interfaces/custom_interfaces/srv/detail
[2.102s] -- Up-to-date: /home/tom/aeac-2026/packages/src/nav_stack/ros2_ws/install/custom_interfaces/include/custom_interfaces/custom_interfaces/srv/detail/gps_to_local__rosidl_typesupport_introspection_c.h
[2.102s] -- Up-to-date: /home/tom/aeac-2026/packages/src/nav_stack/ros2_ws/install/custom_interfaces/include/custom_interfaces/custom_interfaces/srv/detail/gps_to_local__type_support.c
[2.103s] -- Up-to-date: /home/tom/aeac-2026/packages/src/nav_stack/ros2_ws/install/custom_interfaces/lib/libcustom_interfaces__rosidl_typesupport_introspection_c.so
[2.103s] -- Up-to-date: /home/tom/aeac-2026/packages/src/nav_stack/ros2_ws/install/custom_interfaces/lib/libcustom_interfaces__rosidl_typesupport_c.so
[2.103s] -- Up-to-date: /home/tom/aeac-2026/packages/src/nav_stack/ros2_ws/install/custom_interfaces/include/custom_interfaces/custom_interfaces
[2.104s] -- Up-to-date: /home/tom/aeac-2026/packages/src/nav_stack/ros2_ws/install/custom_interfaces/include/custom_interfaces/custom_interfaces/msg
[2.105s] -- Up-to-date: /home/tom/aeac-2026/packages/src/nav_stack/ros2_ws/install/custom_interfaces/include/custom_interfaces/custom_interfaces/msg/rosidl_generator_cpp__visibility_control.hpp
[2.105s] -- Up-to-date: /home/tom/aeac-2026/packages/src/nav_stack/ros2_ws/install/custom_interfaces/include/custom_interfaces/custom_interfaces/srv
[2.105s] -- Up-to-date: /home/tom/aeac-2026/packages/src/nav_stack/ros2_ws/install/custom_interfaces/include/custom_interfaces/custom_interfaces/srv/gps_to_local.hpp
[2.105s] -- Up-to-date: /home/tom/aeac-2026/packages/src/nav_stack/ros2_ws/install/custom_interfaces/include/custom_interfaces/custom_interfaces/srv/detail
[2.106s] -- Up-to-date: /home/tom/aeac-2026/packages/src/nav_stack/ros2_ws/install/custom_interfaces/include/custom_interfaces/custom_interfaces/srv/detail/gps_to_local__struct.hpp
[2.107s] -- Up-to-date: /home/tom/aeac-2026/packages/src/nav_stack/ros2_ws/install/custom_interfaces/include/custom_interfaces/custom_interfaces/srv/detail/gps_to_local__type_support.hpp
[2.107s] -- Up-to-date: /home/tom/aeac-2026/packages/src/nav_stack/ros2_ws/install/custom_interfaces/include/custom_interfaces/custom_interfaces/srv/detail/gps_to_local__builder.hpp
[2.108s] -- Up-to-date: /home/tom/aeac-2026/packages/src/nav_stack/ros2_ws/install/custom_interfaces/include/custom_interfaces/custom_interfaces/srv/detail/gps_to_local__traits.hpp
[2.108s] -- Up-to-date: /home/tom/aeac-2026/packages/src/nav_stack/ros2_ws/install/custom_interfaces/include/custom_interfaces/custom_interfaces
[2.108s] -- Up-to-date: /home/tom/aeac-2026/packages/src/nav_stack/ros2_ws/install/custom_interfaces/include/custom_interfaces/custom_interfaces/msg
[2.109s] -- Up-to-date: /home/tom/aeac-2026/packages/src/nav_stack/ros2_ws/install/custom_interfaces/include/custom_interfaces/custom_interfaces/msg/rosidl_typesupport_fastrtps_cpp__visibility_control.h
[2.110s] -- Up-to-date: /home/tom/aeac-2026/packages/src/nav_stack/ros2_ws/install/custom_interfaces/include/custom_interfaces/custom_interfaces/srv
[2.110s] -- Up-to-date: /home/tom/aeac-2026/packages/src/nav_stack/ros2_ws/install/custom_interfaces/include/custom_interfaces/custom_interfaces/srv/detail
[2.111s] -- Up-to-date: /home/tom/aeac-2026/packages/src/nav_stack/ros2_ws/install/custom_interfaces/include/custom_interfaces/custom_interfaces/srv/detail/dds_fastrtps
[2.111s] -- Up-to-date: /home/tom/aeac-2026/packages/src/nav_stack/ros2_ws/install/custom_interfaces/include/custom_interfaces/custom_interfaces/srv/detail/gps_to_local__rosidl_typesupport_fastrtps_cpp.hpp
[2.112s] -- Up-to-date: /home/tom/aeac-2026/packages/src/nav_stack/ros2_ws/install/custom_interfaces/lib/libcustom_interfaces__rosidl_typesupport_fastrtps_cpp.so
[2.112s] -- Up-to-date: /home/tom/aeac-2026/packages/src/nav_stack/ros2_ws/install/custom_interfaces/include/custom_interfaces/custom_interfaces
[2.113s] -- Up-to-date: /home/tom/aeac-2026/packages/src/nav_stack/ros2_ws/install/custom_interfaces/include/custom_interfaces/custom_interfaces/srv
[2.113s] -- Up-to-date: /home/tom/aeac-2026/packages/src/nav_stack/ros2_ws/install/custom_interfaces/include/custom_interfaces/custom_interfaces/srv/detail
[2.114s] -- Up-to-date: /home/tom/aeac-2026/packages/src/nav_stack/ros2_ws/install/custom_interfaces/include/custom_interfaces/custom_interfaces/srv/detail/gps_to_local__type_support.cpp
[2.114s] -- Up-to-date: /home/tom/aeac-2026/packages/src/nav_stack/ros2_ws/install/custom_interfaces/include/custom_interfaces/custom_interfaces/srv/detail/gps_to_local__rosidl_typesupport_introspection_cpp.hpp
[2.115s] -- Up-to-date: /home/tom/aeac-2026/packages/src/nav_stack/ros2_ws/install/custom_interfaces/lib/libcustom_interfaces__rosidl_typesupport_introspection_cpp.so
[2.115s] -- Up-to-date: /home/tom/aeac-2026/packages/src/nav_stack/ros2_ws/install/custom_interfaces/lib/libcustom_interfaces__rosidl_typesupport_cpp.so
[2.116s] -- Up-to-date: /home/tom/aeac-2026/packages/src/nav_stack/ros2_ws/install/custom_interfaces/share/custom_interfaces/environment/pythonpath.sh
[2.116s] -- Up-to-date: /home/tom/aeac-2026/packages/src/nav_stack/ros2_ws/install/custom_interfaces/share/custom_interfaces/environment/pythonpath.dsv
[2.117s] -- Up-to-date: /home/tom/aeac-2026/packages/src/nav_stack/ros2_ws/install/custom_interfaces/local/lib/python3.10/dist-packages/custom_interfaces-0.0.0-py3.10.egg-info
[2.117s] -- Installing: /home/tom/aeac-2026/packages/src/nav_stack/ros2_ws/install/custom_interfaces/local/lib/python3.10/dist-packages/custom_interfaces-0.0.0-py3.10.egg-info/PKG-INFO
[2.118s] -- Installing: /home/tom/aeac-2026/packages/src/nav_stack/ros2_ws/install/custom_interfaces/local/lib/python3.10/dist-packages/custom_interfaces-0.0.0-py3.10.egg-info/SOURCES.txt
[2.118s] -- Installing: /home/tom/aeac-2026/packages/src/nav_stack/ros2_ws/install/custom_interfaces/local/lib/python3.10/dist-packages/custom_interfaces-0.0.0-py3.10.egg-info/dependency_links.txt
[2.118s] -- Installing: /home/tom/aeac-2026/packages/src/nav_stack/ros2_ws/install/custom_interfaces/local/lib/python3.10/dist-packages/custom_interfaces-0.0.0-py3.10.egg-info/top_level.txt
[2.120s] -- Up-to-date: /home/tom/aeac-2026/packages/src/nav_stack/ros2_ws/install/custom_interfaces/local/lib/python3.10/dist-packages/custom_interfaces
[2.121s] -- Up-to-date: /home/tom/aeac-2026/packages/src/nav_stack/ros2_ws/install/custom_interfaces/local/lib/python3.10/dist-packages/custom_interfaces/custom_interfaces_s__rosidl_typesupport_introspection_c.cpython-310-x86_64-linux-gnu.so
[2.122s] -- Up-to-date: /home/tom/aeac-2026/packages/src/nav_stack/ros2_ws/install/custom_interfaces/local/lib/python3.10/dist-packages/custom_interfaces/custom_interfaces_s__rosidl_typesupport_fastrtps_c.cpython-310-x86_64-linux-gnu.so
[2.122s] -- Up-to-date: /home/tom/aeac-2026/packages/src/nav_stack/ros2_ws/install/custom_interfaces/local/lib/python3.10/dist-packages/custom_interfaces/custom_interfaces_s__rosidl_typesupport_c.cpython-310-x86_64-linux-gnu.so
[2.122s] -- Up-to-date: /home/tom/aeac-2026/packages/src/nav_stack/ros2_ws/install/custom_interfaces/local/lib/python3.10/dist-packages/custom_interfaces/libcustom_interfaces__rosidl_generator_py.so
[2.122s] -- Up-to-date: /home/tom/aeac-2026/packages/src/nav_stack/ros2_ws/install/custom_interfaces/local/lib/python3.10/dist-packages/custom_interfaces/srv
[2.123s] -- Up-to-date: /home/tom/aeac-2026/packages/src/nav_stack/ros2_ws/install/custom_interfaces/local/lib/python3.10/dist-packages/custom_interfaces/srv/_gps_to_local_s.c
[2.123s] -- Up-to-date: /home/tom/aeac-2026/packages/src/nav_stack/ros2_ws/install/custom_interfaces/local/lib/python3.10/dist-packages/custom_interfaces/srv/_gps_to_local.py
[2.123s] -- Up-to-date: /home/tom/aeac-2026/packages/src/nav_stack/ros2_ws/install/custom_interfaces/local/lib/python3.10/dist-packages/custom_interfaces/srv/__init__.py
[2.123s] -- Up-to-date: /home/tom/aeac-2026/packages/src/nav_stack/ros2_ws/install/custom_interfaces/local/lib/python3.10/dist-packages/custom_interfaces/_custom_interfaces_s.ep.rosidl_typesupport_c.c
[2.123s] -- Up-to-date: /home/tom/aeac-2026/packages/src/nav_stack/ros2_ws/install/custom_interfaces/local/lib/python3.10/dist-packages/custom_interfaces/_custom_interfaces_s.ep.rosidl_typesupport_fastrtps_c.c
[2.124s] -- Up-to-date: /home/tom/aeac-2026/packages/src/nav_stack/ros2_ws/install/custom_interfaces/local/lib/python3.10/dist-packages/custom_interfaces/__init__.py
[2.124s] -- Up-to-date: /home/tom/aeac-2026/packages/src/nav_stack/ros2_ws/install/custom_interfaces/local/lib/python3.10/dist-packages/custom_interfaces/_custom_interfaces_s.ep.rosidl_typesupport_introspection_c.c
[2.211s] Listing '/home/tom/aeac-2026/packages/src/nav_stack/ros2_ws/install/custom_interfaces/local/lib/python3.10/dist-packages/custom_interfaces'...
[2.211s] Listing '/home/tom/aeac-2026/packages/src/nav_stack/ros2_ws/install/custom_interfaces/local/lib/python3.10/dist-packages/custom_interfaces/srv'...
[2.233s] -- Up-to-date: /home/tom/aeac-2026/packages/src/nav_stack/ros2_ws/install/custom_interfaces/local/lib/python3.10/dist-packages/custom_interfaces/custom_interfaces_s__rosidl_typesupport_fastrtps_c.cpython-310-x86_64-linux-gnu.so
[2.233s] -- Up-to-date: /home/tom/aeac-2026/packages/src/nav_stack/ros2_ws/install/custom_interfaces/local/lib/python3.10/dist-packages/custom_interfaces/custom_interfaces_s__rosidl_typesupport_introspection_c.cpython-310-x86_64-linux-gnu.so
[2.235s] -- Up-to-date: /home/tom/aeac-2026/packages/src/nav_stack/ros2_ws/install/custom_interfaces/local/lib/python3.10/dist-packages/custom_interfaces/custom_interfaces_s__rosidl_typesupport_c.cpython-310-x86_64-linux-gnu.so
[2.236s] -- Up-to-date: /home/tom/aeac-2026/packages/src/nav_stack/ros2_ws/install/custom_interfaces/lib/libcustom_interfaces__rosidl_generator_py.so
[2.237s] -- Up-to-date: /home/tom/aeac-2026/packages/src/nav_stack/ros2_ws/install/custom_interfaces/share/custom_interfaces/srv/GpsToLocal.idl
[2.238s] -- Up-to-date: /home/tom/aeac-2026/packages/src/nav_stack/ros2_ws/install/custom_interfaces/share/custom_interfaces/srv/GpsToLocal.srv
[2.239s] -- Up-to-date: /home/tom/aeac-2026/packages/src/nav_stack/ros2_ws/install/custom_interfaces/share/custom_interfaces/srv/GpsToLocal_Request.msg
[2.240s] -- Up-to-date: /home/tom/aeac-2026/packages/src/nav_stack/ros2_ws/install/custom_interfaces/share/custom_interfaces/srv/GpsToLocal_Response.msg
[2.240s] -- Up-to-date: /home/tom/aeac-2026/packages/src/nav_stack/ros2_ws/install/custom_interfaces/share/ament_index/resource_index/package_run_dependencies/custom_interfaces
[2.240s] -- Up-to-date: /home/tom/aeac-2026/packages/src/nav_stack/ros2_ws/install/custom_interfaces/share/ament_index/resource_index/parent_prefix_path/custom_interfaces
[2.240s] -- Up-to-date: /home/tom/aeac-2026/packages/src/nav_stack/ros2_ws/install/custom_interfaces/share/custom_interfaces/environment/ament_prefix_path.sh
[2.241s] -- Up-to-date: /home/tom/aeac-2026/packages/src/nav_stack/ros2_ws/install/custom_interfaces/share/custom_interfaces/environment/ament_prefix_path.dsv
[2.241s] -- Up-to-date: /home/tom/aeac-2026/packages/src/nav_stack/ros2_ws/install/custom_interfaces/share/custom_interfaces/environment/path.sh
[2.242s] -- Up-to-date: /home/tom/aeac-2026/packages/src/nav_stack/ros2_ws/install/custom_interfaces/share/custom_interfaces/environment/path.dsv
[2.242s] -- Up-to-date: /home/tom/aeac-2026/packages/src/nav_stack/ros2_ws/install/custom_interfaces/share/custom_interfaces/local_setup.bash
[2.243s] -- Up-to-date: /home/tom/aeac-2026/packages/src/nav_stack/ros2_ws/install/custom_interfaces/share/custom_interfaces/local_setup.sh
[2.244s] -- Up-to-date: /home/tom/aeac-2026/packages/src/nav_stack/ros2_ws/install/custom_interfaces/share/custom_interfaces/local_setup.zsh
[2.244s] -- Up-to-date: /home/tom/aeac-2026/packages/src/nav_stack/ros2_ws/install/custom_interfaces/share/custom_interfaces/local_setup.dsv
[2.245s] -- Installing: /home/tom/aeac-2026/packages/src/nav_stack/ros2_ws/install/custom_interfaces/share/custom_interfaces/package.dsv
[2.246s] -- Up-to-date: /home/tom/aeac-2026/packages/src/nav_stack/ros2_ws/install/custom_interfaces/share/ament_index/resource_index/packages/custom_interfaces
[2.246s] -- Up-to-date: /home/tom/aeac-2026/packages/src/nav_stack/ros2_ws/install/custom_interfaces/share/custom_interfaces/cmake/export_custom_interfaces__rosidl_generator_cExport.cmake
[2.246s] -- Up-to-date: /home/tom/aeac-2026/packages/src/nav_stack/ros2_ws/install/custom_interfaces/share/custom_interfaces/cmake/export_custom_interfaces__rosidl_generator_cExport-noconfig.cmake
[2.247s] -- Up-to-date: /home/tom/aeac-2026/packages/src/nav_stack/ros2_ws/install/custom_interfaces/share/custom_interfaces/cmake/export_custom_interfaces__rosidl_typesupport_fastrtps_cExport.cmake
[2.247s] -- Up-to-date: /home/tom/aeac-2026/packages/src/nav_stack/ros2_ws/install/custom_interfaces/share/custom_interfaces/cmake/export_custom_interfaces__rosidl_typesupport_fastrtps_cExport-noconfig.cmake
[2.249s] -- Up-to-date: /home/tom/aeac-2026/packages/src/nav_stack/ros2_ws/install/custom_interfaces/share/custom_interfaces/cmake/custom_interfaces__rosidl_typesupport_introspection_cExport.cmake
[2.249s] -- Up-to-date: /home/tom/aeac-2026/packages/src/nav_stack/ros2_ws/install/custom_interfaces/share/custom_interfaces/cmake/custom_interfaces__rosidl_typesupport_introspection_cExport-noconfig.cmake
[2.250s] -- Up-to-date: /home/tom/aeac-2026/packages/src/nav_stack/ros2_ws/install/custom_interfaces/share/custom_interfaces/cmake/custom_interfaces__rosidl_typesupport_cExport.cmake
[2.250s] -- Up-to-date: /home/tom/aeac-2026/packages/src/nav_stack/ros2_ws/install/custom_interfaces/share/custom_interfaces/cmake/custom_interfaces__rosidl_typesupport_cExport-noconfig.cmake
[2.250s] -- Up-to-date: /home/tom/aeac-2026/packages/src/nav_stack/ros2_ws/install/custom_interfaces/share/custom_interfaces/cmake/export_custom_interfaces__rosidl_generator_cppExport.cmake
[2.251s] -- Up-to-date: /home/tom/aeac-2026/packages/src/nav_stack/ros2_ws/install/custom_interfaces/share/custom_interfaces/cmake/export_custom_interfaces__rosidl_typesupport_fastrtps_cppExport.cmake
[2.252s] -- Up-to-date: /home/tom/aeac-2026/packages/src/nav_stack/ros2_ws/install/custom_interfaces/share/custom_interfaces/cmake/export_custom_interfaces__rosidl_typesupport_fastrtps_cppExport-noconfig.cmake
[2.253s] -- Up-to-date: /home/tom/aeac-2026/packages/src/nav_stack/ros2_ws/install/custom_interfaces/share/custom_interfaces/cmake/custom_interfaces__rosidl_typesupport_introspection_cppExport.cmake
[2.253s] -- Up-to-date: /home/tom/aeac-2026/packages/src/nav_stack/ros2_ws/install/custom_interfaces/share/custom_interfaces/cmake/custom_interfaces__rosidl_typesupport_introspection_cppExport-noconfig.cmake
[2.254s] -- Up-to-date: /home/tom/aeac-2026/packages/src/nav_stack/ros2_ws/install/custom_interfaces/share/custom_interfaces/cmake/custom_interfaces__rosidl_typesupport_cppExport.cmake
[2.254s] -- Up-to-date: /home/tom/aeac-2026/packages/src/nav_stack/ros2_ws/install/custom_interfaces/share/custom_interfaces/cmake/custom_interfaces__rosidl_typesupport_cppExport-noconfig.cmake
[2.255s] -- Up-to-date: /home/tom/aeac-2026/packages/src/nav_stack/ros2_ws/install/custom_interfaces/share/custom_interfaces/cmake/export_custom_interfaces__rosidl_generator_pyExport.cmake
[2.255s] -- Up-to-date: /home/tom/aeac-2026/packages/src/nav_stack/ros2_ws/install/custom_interfaces/share/custom_interfaces/cmake/export_custom_interfaces__rosidl_generator_pyExport-noconfig.cmake
[2.255s] -- Up-to-date: /home/tom/aeac-2026/packages/src/nav_stack/ros2_ws/install/custom_interfaces/share/custom_interfaces/cmake/rosidl_cmake-extras.cmake
[2.256s] -- Up-to-date: /home/tom/aeac-2026/packages/src/nav_stack/ros2_ws/install/custom_interfaces/share/custom_interfaces/cmake/ament_cmake_export_include_directories-extras.cmake
[2.256s] -- Up-to-date: /home/tom/aeac-2026/packages/src/nav_stack/ros2_ws/install/custom_interfaces/share/custom_interfaces/cmake/ament_cmake_export_libraries-extras.cmake
[2.256s] -- Up-to-date: /home/tom/aeac-2026/packages/src/nav_stack/ros2_ws/install/custom_interfaces/share/custom_interfaces/cmake/ament_cmake_export_targets-extras.cmake
[2.256s] -- Up-to-date: /home/tom/aeac-2026/packages/src/nav_stack/ros2_ws/install/custom_interfaces/share/custom_interfaces/cmake/rosidl_cmake_export_typesupport_targets-extras.cmake
[2.256s] -- Up-to-date: /home/tom/aeac-2026/packages/src/nav_stack/ros2_ws/install/custom_interfaces/share/custom_interfaces/cmake/ament_cmake_export_dependencies-extras.cmake
[2.256s] -- Up-to-date: /home/tom/aeac-2026/packages/src/nav_stack/ros2_ws/install/custom_interfaces/share/custom_interfaces/cmake/rosidl_cmake_export_typesupport_libraries-extras.cmake
[2.257s] -- Up-to-date: /home/tom/aeac-2026/packages/src/nav_stack/ros2_ws/install/custom_interfaces/share/custom_interfaces/cmake/custom_interfacesConfig.cmake
[2.257s] -- Up-to-date: /home/tom/aeac-2026/packages/src/nav_stack/ros2_ws/install/custom_interfaces/share/custom_interfaces/cmake/custom_interfacesConfig-version.cmake
[2.257s] -- Up-to-date: /home/tom/aeac-2026/packages/src/nav_stack/ros2_ws/install/custom_interfaces/share/custom_interfaces/package.xml
[2.261s] Invoked command in '/home/tom/aeac-2026/packages/src/nav_stack/ros2_ws/build/custom_interfaces' returned '0': /usr/bin/cmake --install /home/tom/aeac-2026/packages/src/nav_stack/ros2_ws/build/custom_interfaces
