[0.781s] Invoking command in '/home/tom/aeac-2026/packages/src/nav_stack/ros2_ws/build/custom_interfaces': /usr/bin/cmake --build /home/tom/aeac-2026/packages/src/nav_stack/ros2_ws/build/custom_interfaces -- -j8 -l8
[0.920s] [  9%] Built target custom_interfaces__rosidl_generator_c
[0.937s] [ 12%] Built target custom_interfaces__cpp
[0.967s] [ 12%] Built target ament_cmake_python_copy_custom_interfaces
[1.018s] [ 25%] Built target custom_interfaces__rosidl_typesupport_introspection_c
[1.022s] [ 35%] Built target custom_interfaces__rosidl_typesupport_c
[1.029s] [ 48%] Built target custom_interfaces__rosidl_typesupport_fastrtps_cpp
[1.031s] [ 61%] Built target custom_interfaces__rosidl_typesupport_fastrtps_c
[1.033s] [ 61%] Built target custom_interfaces__rosidl_typesupport_introspection_cpp
[1.033s] [ 70%] Built target custom_interfaces__rosidl_typesupport_cpp
[1.090s] [ 70%] Built target custom_interfaces
[1.160s] [ 74%] Built target custom_interfaces__py
[1.227s] [ 80%] Built target custom_interfaces__rosidl_generator_py
[1.297s] [ 90%] Built target custom_interfaces__rosidl_typesupport_c__pyext
[1.298s] [ 93%] Built target custom_interfaces__rosidl_typesupport_introspection_c__pyext
[1.307s] [100%] Built target custom_interfaces__rosidl_typesupport_fastrtps_c__pyext
[1.706s] running egg_info
[1.710s] writing custom_interfaces.egg-info/PKG-INFO
[1.711s] writing dependency_links to custom_interfaces.egg-info/dependency_links.txt
[1.713s] writing top-level names to custom_interfaces.egg-info/top_level.txt
[1.719s] reading manifest file 'custom_interfaces.egg-info/SOURCES.txt'
[1.721s] writing manifest file 'custom_interfaces.egg-info/SOURCES.txt'
[1.823s] [100%] Built target ament_cmake_python_build_custom_interfaces_egg
[1.874s] Invoked command in '/home/tom/aeac-2026/packages/src/nav_stack/ros2_ws/build/custom_interfaces' returned '0': /usr/bin/cmake --build /home/tom/aeac-2026/packages/src/nav_stack/ros2_ws/build/custom_interfaces -- -j8 -l8
[1.909s] Invoking command in '/home/tom/aeac-2026/packages/src/nav_stack/ros2_ws/build/custom_interfaces': /usr/bin/cmake --install /home/tom/aeac-2026/packages/src/nav_stack/ros2_ws/build/custom_interfaces
[1.941s] -- Install configuration: ""
[1.942s] -- Up-to-date: /home/tom/aeac-2026/packages/src/nav_stack/ros2_ws/install/custom_interfaces/share/ament_index/resource_index/rosidl_interfaces/custom_interfaces
[1.942s] -- Up-to-date: /home/tom/aeac-2026/packages/src/nav_stack/ros2_ws/install/custom_interfaces/include/custom_interfaces/custom_interfaces
[1.943s] -- Up-to-date: /home/tom/aeac-2026/packages/src/nav_stack/ros2_ws/install/custom_interfaces/include/custom_interfaces/custom_interfaces/msg
[1.943s] -- Up-to-date: /home/tom/aeac-2026/packages/src/nav_stack/ros2_ws/install/custom_interfaces/include/custom_interfaces/custom_interfaces/msg/rosidl_generator_c__visibility_control.h
[1.944s] -- Up-to-date: /home/tom/aeac-2026/packages/src/nav_stack/ros2_ws/install/custom_interfaces/include/custom_interfaces/custom_interfaces/srv
[1.945s] -- Up-to-date: /home/tom/aeac-2026/packages/src/nav_stack/ros2_ws/install/custom_interfaces/include/custom_interfaces/custom_interfaces/srv/detail
[1.945s] -- Up-to-date: /home/tom/aeac-2026/packages/src/nav_stack/ros2_ws/install/custom_interfaces/include/custom_interfaces/custom_interfaces/srv/detail/gps_to_local__functions.c
[1.945s] -- Up-to-date: /home/tom/aeac-2026/packages/src/nav_stack/ros2_ws/install/custom_interfaces/include/custom_interfaces/custom_interfaces/srv/detail/gps_to_local__type_support.h
[1.946s] -- Up-to-date: /home/tom/aeac-2026/packages/src/nav_stack/ros2_ws/install/custom_interfaces/include/custom_interfaces/custom_interfaces/srv/detail/gps_to_local__functions.h
[1.946s] -- Up-to-date: /home/tom/aeac-2026/packages/src/nav_stack/ros2_ws/install/custom_interfaces/include/custom_interfaces/custom_interfaces/srv/detail/gps_to_local__struct.h
[1.948s] -- Up-to-date: /home/tom/aeac-2026/packages/src/nav_stack/ros2_ws/install/custom_interfaces/include/custom_interfaces/custom_interfaces/srv/gps_to_local.h
[1.948s] -- Up-to-date: /home/tom/aeac-2026/packages/src/nav_stack/ros2_ws/install/custom_interfaces/share/custom_interfaces/environment/library_path.sh
[1.949s] -- Up-to-date: /home/tom/aeac-2026/packages/src/nav_stack/ros2_ws/install/custom_interfaces/share/custom_interfaces/environment/library_path.dsv
[1.950s] -- Up-to-date: /home/tom/aeac-2026/packages/src/nav_stack/ros2_ws/install/custom_interfaces/lib/libcustom_interfaces__rosidl_generator_c.so
[1.952s] -- Up-to-date: /home/tom/aeac-2026/packages/src/nav_stack/ros2_ws/install/custom_interfaces/include/custom_interfaces/custom_interfaces
[1.953s] -- Up-to-date: /home/tom/aeac-2026/packages/src/nav_stack/ros2_ws/install/custom_interfaces/include/custom_interfaces/custom_interfaces/msg
[1.953s] -- Up-to-date: /home/tom/aeac-2026/packages/src/nav_stack/ros2_ws/install/custom_interfaces/include/custom_interfaces/custom_interfaces/msg/rosidl_typesupport_fastrtps_c__visibility_control.h
[1.955s] -- Up-to-date: /home/tom/aeac-2026/packages/src/nav_stack/ros2_ws/install/custom_interfaces/include/custom_interfaces/custom_interfaces/srv
[1.956s] -- Up-to-date: /home/tom/aeac-2026/packages/src/nav_stack/ros2_ws/install/custom_interfaces/include/custom_interfaces/custom_interfaces/srv/detail
[1.956s] -- Up-to-date: /home/tom/aeac-2026/packages/src/nav_stack/ros2_ws/install/custom_interfaces/include/custom_interfaces/custom_interfaces/srv/detail/gps_to_local__rosidl_typesupport_fastrtps_c.h
[1.956s] -- Up-to-date: /home/tom/aeac-2026/packages/src/nav_stack/ros2_ws/install/custom_interfaces/lib/libcustom_interfaces__rosidl_typesupport_fastrtps_c.so
[1.957s] -- Up-to-date: /home/tom/aeac-2026/packages/src/nav_stack/ros2_ws/install/custom_interfaces/include/custom_interfaces/custom_interfaces
[1.957s] -- Up-to-date: /home/tom/aeac-2026/packages/src/nav_stack/ros2_ws/install/custom_interfaces/include/custom_interfaces/custom_interfaces/msg
[1.957s] -- Up-to-date: /home/tom/aeac-2026/packages/src/nav_stack/ros2_ws/install/custom_interfaces/include/custom_interfaces/custom_interfaces/msg/rosidl_typesupport_introspection_c__visibility_control.h
[1.958s] -- Up-to-date: /home/tom/aeac-2026/packages/src/nav_stack/ros2_ws/install/custom_interfaces/include/custom_interfaces/custom_interfaces/srv
[1.959s] -- Up-to-date: /home/tom/aeac-2026/packages/src/nav_stack/ros2_ws/install/custom_interfaces/include/custom_interfaces/custom_interfaces/srv/detail
[1.959s] -- Up-to-date: /home/tom/aeac-2026/packages/src/nav_stack/ros2_ws/install/custom_interfaces/include/custom_interfaces/custom_interfaces/srv/detail/gps_to_local__rosidl_typesupport_introspection_c.h
[1.960s] -- Up-to-date: /home/tom/aeac-2026/packages/src/nav_stack/ros2_ws/install/custom_interfaces/include/custom_interfaces/custom_interfaces/srv/detail/gps_to_local__type_support.c
[1.960s] -- Up-to-date: /home/tom/aeac-2026/packages/src/nav_stack/ros2_ws/install/custom_interfaces/lib/libcustom_interfaces__rosidl_typesupport_introspection_c.so
[1.961s] -- Up-to-date: /home/tom/aeac-2026/packages/src/nav_stack/ros2_ws/install/custom_interfaces/lib/libcustom_interfaces__rosidl_typesupport_c.so
[1.962s] -- Up-to-date: /home/tom/aeac-2026/packages/src/nav_stack/ros2_ws/install/custom_interfaces/include/custom_interfaces/custom_interfaces
[1.963s] -- Up-to-date: /home/tom/aeac-2026/packages/src/nav_stack/ros2_ws/install/custom_interfaces/include/custom_interfaces/custom_interfaces/msg
[1.963s] -- Up-to-date: /home/tom/aeac-2026/packages/src/nav_stack/ros2_ws/install/custom_interfaces/include/custom_interfaces/custom_interfaces/msg/rosidl_generator_cpp__visibility_control.hpp
[1.964s] -- Up-to-date: /home/tom/aeac-2026/packages/src/nav_stack/ros2_ws/install/custom_interfaces/include/custom_interfaces/custom_interfaces/srv
[1.964s] -- Up-to-date: /home/tom/aeac-2026/packages/src/nav_stack/ros2_ws/install/custom_interfaces/include/custom_interfaces/custom_interfaces/srv/gps_to_local.hpp
[1.965s] -- Up-to-date: /home/tom/aeac-2026/packages/src/nav_stack/ros2_ws/install/custom_interfaces/include/custom_interfaces/custom_interfaces/srv/detail
[1.966s] -- Up-to-date: /home/tom/aeac-2026/packages/src/nav_stack/ros2_ws/install/custom_interfaces/include/custom_interfaces/custom_interfaces/srv/detail/gps_to_local__struct.hpp
[1.967s] -- Up-to-date: /home/tom/aeac-2026/packages/src/nav_stack/ros2_ws/install/custom_interfaces/include/custom_interfaces/custom_interfaces/srv/detail/gps_to_local__type_support.hpp
[1.967s] -- Up-to-date: /home/tom/aeac-2026/packages/src/nav_stack/ros2_ws/install/custom_interfaces/include/custom_interfaces/custom_interfaces/srv/detail/gps_to_local__builder.hpp
[1.967s] -- Up-to-date: /home/tom/aeac-2026/packages/src/nav_stack/ros2_ws/install/custom_interfaces/include/custom_interfaces/custom_interfaces/srv/detail/gps_to_local__traits.hpp
[1.968s] -- Up-to-date: /home/tom/aeac-2026/packages/src/nav_stack/ros2_ws/install/custom_interfaces/include/custom_interfaces/custom_interfaces
[1.969s] -- Up-to-date: /home/tom/aeac-2026/packages/src/nav_stack/ros2_ws/install/custom_interfaces/include/custom_interfaces/custom_interfaces/msg
[1.969s] -- Up-to-date: /home/tom/aeac-2026/packages/src/nav_stack/ros2_ws/install/custom_interfaces/include/custom_interfaces/custom_interfaces/msg/rosidl_typesupport_fastrtps_cpp__visibility_control.h
[1.970s] -- Up-to-date: /home/tom/aeac-2026/packages/src/nav_stack/ros2_ws/install/custom_interfaces/include/custom_interfaces/custom_interfaces/srv
[1.970s] -- Up-to-date: /home/tom/aeac-2026/packages/src/nav_stack/ros2_ws/install/custom_interfaces/include/custom_interfaces/custom_interfaces/srv/detail
[1.970s] -- Up-to-date: /home/tom/aeac-2026/packages/src/nav_stack/ros2_ws/install/custom_interfaces/include/custom_interfaces/custom_interfaces/srv/detail/dds_fastrtps
[1.970s] -- Up-to-date: /home/tom/aeac-2026/packages/src/nav_stack/ros2_ws/install/custom_interfaces/include/custom_interfaces/custom_interfaces/srv/detail/gps_to_local__rosidl_typesupport_fastrtps_cpp.hpp
[1.970s] -- Up-to-date: /home/tom/aeac-2026/packages/src/nav_stack/ros2_ws/install/custom_interfaces/lib/libcustom_interfaces__rosidl_typesupport_fastrtps_cpp.so
[1.971s] -- Up-to-date: /home/tom/aeac-2026/packages/src/nav_stack/ros2_ws/install/custom_interfaces/include/custom_interfaces/custom_interfaces
[1.971s] -- Up-to-date: /home/tom/aeac-2026/packages/src/nav_stack/ros2_ws/install/custom_interfaces/include/custom_interfaces/custom_interfaces/srv
[1.971s] -- Up-to-date: /home/tom/aeac-2026/packages/src/nav_stack/ros2_ws/install/custom_interfaces/include/custom_interfaces/custom_interfaces/srv/detail
[1.971s] -- Up-to-date: /home/tom/aeac-2026/packages/src/nav_stack/ros2_ws/install/custom_interfaces/include/custom_interfaces/custom_interfaces/srv/detail/gps_to_local__type_support.cpp
[1.971s] -- Up-to-date: /home/tom/aeac-2026/packages/src/nav_stack/ros2_ws/install/custom_interfaces/include/custom_interfaces/custom_interfaces/srv/detail/gps_to_local__rosidl_typesupport_introspection_cpp.hpp
[1.972s] -- Up-to-date: /home/tom/aeac-2026/packages/src/nav_stack/ros2_ws/install/custom_interfaces/lib/libcustom_interfaces__rosidl_typesupport_introspection_cpp.so
[1.972s] -- Up-to-date: /home/tom/aeac-2026/packages/src/nav_stack/ros2_ws/install/custom_interfaces/lib/libcustom_interfaces__rosidl_typesupport_cpp.so
[1.972s] -- Up-to-date: /home/tom/aeac-2026/packages/src/nav_stack/ros2_ws/install/custom_interfaces/share/custom_interfaces/environment/pythonpath.sh
[1.972s] -- Up-to-date: /home/tom/aeac-2026/packages/src/nav_stack/ros2_ws/install/custom_interfaces/share/custom_interfaces/environment/pythonpath.dsv
[1.972s] -- Up-to-date: /home/tom/aeac-2026/packages/src/nav_stack/ros2_ws/install/custom_interfaces/local/lib/python3.10/dist-packages/custom_interfaces-0.0.0-py3.10.egg-info
[1.972s] -- Installing: /home/tom/aeac-2026/packages/src/nav_stack/ros2_ws/install/custom_interfaces/local/lib/python3.10/dist-packages/custom_interfaces-0.0.0-py3.10.egg-info/PKG-INFO
[1.972s] -- Installing: /home/tom/aeac-2026/packages/src/nav_stack/ros2_ws/install/custom_interfaces/local/lib/python3.10/dist-packages/custom_interfaces-0.0.0-py3.10.egg-info/SOURCES.txt
[1.973s] -- Installing: /home/tom/aeac-2026/packages/src/nav_stack/ros2_ws/install/custom_interfaces/local/lib/python3.10/dist-packages/custom_interfaces-0.0.0-py3.10.egg-info/dependency_links.txt
[1.973s] -- Installing: /home/tom/aeac-2026/packages/src/nav_stack/ros2_ws/install/custom_interfaces/local/lib/python3.10/dist-packages/custom_interfaces-0.0.0-py3.10.egg-info/top_level.txt
[1.973s] -- Up-to-date: /home/tom/aeac-2026/packages/src/nav_stack/ros2_ws/install/custom_interfaces/local/lib/python3.10/dist-packages/custom_interfaces
[1.973s] -- Up-to-date: /home/tom/aeac-2026/packages/src/nav_stack/ros2_ws/install/custom_interfaces/local/lib/python3.10/dist-packages/custom_interfaces/custom_interfaces_s__rosidl_typesupport_introspection_c.cpython-310-x86_64-linux-gnu.so
[1.973s] -- Up-to-date: /home/tom/aeac-2026/packages/src/nav_stack/ros2_ws/install/custom_interfaces/local/lib/python3.10/dist-packages/custom_interfaces/custom_interfaces_s__rosidl_typesupport_fastrtps_c.cpython-310-x86_64-linux-gnu.so
[1.974s] -- Up-to-date: /home/tom/aeac-2026/packages/src/nav_stack/ros2_ws/install/custom_interfaces/local/lib/python3.10/dist-packages/custom_interfaces/custom_interfaces_s__rosidl_typesupport_c.cpython-310-x86_64-linux-gnu.so
[1.974s] -- Up-to-date: /home/tom/aeac-2026/packages/src/nav_stack/ros2_ws/install/custom_interfaces/local/lib/python3.10/dist-packages/custom_interfaces/libcustom_interfaces__rosidl_generator_py.so
[1.974s] -- Up-to-date: /home/tom/aeac-2026/packages/src/nav_stack/ros2_ws/install/custom_interfaces/local/lib/python3.10/dist-packages/custom_interfaces/srv
[1.974s] -- Up-to-date: /home/tom/aeac-2026/packages/src/nav_stack/ros2_ws/install/custom_interfaces/local/lib/python3.10/dist-packages/custom_interfaces/srv/_gps_to_local_s.c
[1.976s] -- Up-to-date: /home/tom/aeac-2026/packages/src/nav_stack/ros2_ws/install/custom_interfaces/local/lib/python3.10/dist-packages/custom_interfaces/srv/_gps_to_local.py
[1.977s] -- Up-to-date: /home/tom/aeac-2026/packages/src/nav_stack/ros2_ws/install/custom_interfaces/local/lib/python3.10/dist-packages/custom_interfaces/srv/__init__.py
[1.977s] -- Up-to-date: /home/tom/aeac-2026/packages/src/nav_stack/ros2_ws/install/custom_interfaces/local/lib/python3.10/dist-packages/custom_interfaces/_custom_interfaces_s.ep.rosidl_typesupport_c.c
[1.977s] -- Up-to-date: /home/tom/aeac-2026/packages/src/nav_stack/ros2_ws/install/custom_interfaces/local/lib/python3.10/dist-packages/custom_interfaces/_custom_interfaces_s.ep.rosidl_typesupport_fastrtps_c.c
[1.978s] -- Up-to-date: /home/tom/aeac-2026/packages/src/nav_stack/ros2_ws/install/custom_interfaces/local/lib/python3.10/dist-packages/custom_interfaces/__init__.py
[1.979s] -- Up-to-date: /home/tom/aeac-2026/packages/src/nav_stack/ros2_ws/install/custom_interfaces/local/lib/python3.10/dist-packages/custom_interfaces/_custom_interfaces_s.ep.rosidl_typesupport_introspection_c.c
[2.129s] Listing '/home/tom/aeac-2026/packages/src/nav_stack/ros2_ws/install/custom_interfaces/local/lib/python3.10/dist-packages/custom_interfaces'...
[2.129s] Listing '/home/tom/aeac-2026/packages/src/nav_stack/ros2_ws/install/custom_interfaces/local/lib/python3.10/dist-packages/custom_interfaces/srv'...
[2.147s] -- Up-to-date: /home/tom/aeac-2026/packages/src/nav_stack/ros2_ws/install/custom_interfaces/local/lib/python3.10/dist-packages/custom_interfaces/custom_interfaces_s__rosidl_typesupport_fastrtps_c.cpython-310-x86_64-linux-gnu.so
[2.151s] -- Up-to-date: /home/tom/aeac-2026/packages/src/nav_stack/ros2_ws/install/custom_interfaces/local/lib/python3.10/dist-packages/custom_interfaces/custom_interfaces_s__rosidl_typesupport_introspection_c.cpython-310-x86_64-linux-gnu.so
[2.153s] -- Up-to-date: /home/tom/aeac-2026/packages/src/nav_stack/ros2_ws/install/custom_interfaces/local/lib/python3.10/dist-packages/custom_interfaces/custom_interfaces_s__rosidl_typesupport_c.cpython-310-x86_64-linux-gnu.so
[2.154s] -- Up-to-date: /home/tom/aeac-2026/packages/src/nav_stack/ros2_ws/install/custom_interfaces/lib/libcustom_interfaces__rosidl_generator_py.so
[2.157s] -- Up-to-date: /home/tom/aeac-2026/packages/src/nav_stack/ros2_ws/install/custom_interfaces/share/custom_interfaces/srv/GpsToLocal.idl
[2.158s] -- Up-to-date: /home/tom/aeac-2026/packages/src/nav_stack/ros2_ws/install/custom_interfaces/share/custom_interfaces/srv/GpsToLocal.srv
[2.160s] -- Up-to-date: /home/tom/aeac-2026/packages/src/nav_stack/ros2_ws/install/custom_interfaces/share/custom_interfaces/srv/GpsToLocal_Request.msg
[2.161s] -- Up-to-date: /home/tom/aeac-2026/packages/src/nav_stack/ros2_ws/install/custom_interfaces/share/custom_interfaces/srv/GpsToLocal_Response.msg
[2.161s] -- Up-to-date: /home/tom/aeac-2026/packages/src/nav_stack/ros2_ws/install/custom_interfaces/share/ament_index/resource_index/package_run_dependencies/custom_interfaces
[2.162s] -- Up-to-date: /home/tom/aeac-2026/packages/src/nav_stack/ros2_ws/install/custom_interfaces/share/ament_index/resource_index/parent_prefix_path/custom_interfaces
[2.163s] -- Up-to-date: /home/tom/aeac-2026/packages/src/nav_stack/ros2_ws/install/custom_interfaces/share/custom_interfaces/environment/ament_prefix_path.sh
[2.163s] -- Up-to-date: /home/tom/aeac-2026/packages/src/nav_stack/ros2_ws/install/custom_interfaces/share/custom_interfaces/environment/ament_prefix_path.dsv
[2.164s] -- Up-to-date: /home/tom/aeac-2026/packages/src/nav_stack/ros2_ws/install/custom_interfaces/share/custom_interfaces/environment/path.sh
[2.165s] -- Up-to-date: /home/tom/aeac-2026/packages/src/nav_stack/ros2_ws/install/custom_interfaces/share/custom_interfaces/environment/path.dsv
[2.166s] -- Up-to-date: /home/tom/aeac-2026/packages/src/nav_stack/ros2_ws/install/custom_interfaces/share/custom_interfaces/local_setup.bash
[2.166s] -- Up-to-date: /home/tom/aeac-2026/packages/src/nav_stack/ros2_ws/install/custom_interfaces/share/custom_interfaces/local_setup.sh
[2.167s] -- Up-to-date: /home/tom/aeac-2026/packages/src/nav_stack/ros2_ws/install/custom_interfaces/share/custom_interfaces/local_setup.zsh
[2.167s] -- Up-to-date: /home/tom/aeac-2026/packages/src/nav_stack/ros2_ws/install/custom_interfaces/share/custom_interfaces/local_setup.dsv
[2.168s] -- Installing: /home/tom/aeac-2026/packages/src/nav_stack/ros2_ws/install/custom_interfaces/share/custom_interfaces/package.dsv
[2.168s] -- Up-to-date: /home/tom/aeac-2026/packages/src/nav_stack/ros2_ws/install/custom_interfaces/share/ament_index/resource_index/packages/custom_interfaces
[2.169s] -- Up-to-date: /home/tom/aeac-2026/packages/src/nav_stack/ros2_ws/install/custom_interfaces/share/custom_interfaces/cmake/export_custom_interfaces__rosidl_generator_cExport.cmake
[2.169s] -- Up-to-date: /home/tom/aeac-2026/packages/src/nav_stack/ros2_ws/install/custom_interfaces/share/custom_interfaces/cmake/export_custom_interfaces__rosidl_generator_cExport-noconfig.cmake
[2.169s] -- Up-to-date: /home/tom/aeac-2026/packages/src/nav_stack/ros2_ws/install/custom_interfaces/share/custom_interfaces/cmake/export_custom_interfaces__rosidl_typesupport_fastrtps_cExport.cmake
[2.170s] -- Up-to-date: /home/tom/aeac-2026/packages/src/nav_stack/ros2_ws/install/custom_interfaces/share/custom_interfaces/cmake/export_custom_interfaces__rosidl_typesupport_fastrtps_cExport-noconfig.cmake
[2.170s] -- Up-to-date: /home/tom/aeac-2026/packages/src/nav_stack/ros2_ws/install/custom_interfaces/share/custom_interfaces/cmake/custom_interfaces__rosidl_typesupport_introspection_cExport.cmake
[2.171s] -- Up-to-date: /home/tom/aeac-2026/packages/src/nav_stack/ros2_ws/install/custom_interfaces/share/custom_interfaces/cmake/custom_interfaces__rosidl_typesupport_introspection_cExport-noconfig.cmake
[2.171s] -- Up-to-date: /home/tom/aeac-2026/packages/src/nav_stack/ros2_ws/install/custom_interfaces/share/custom_interfaces/cmake/custom_interfaces__rosidl_typesupport_cExport.cmake
[2.171s] -- Up-to-date: /home/tom/aeac-2026/packages/src/nav_stack/ros2_ws/install/custom_interfaces/share/custom_interfaces/cmake/custom_interfaces__rosidl_typesupport_cExport-noconfig.cmake
[2.172s] -- Up-to-date: /home/tom/aeac-2026/packages/src/nav_stack/ros2_ws/install/custom_interfaces/share/custom_interfaces/cmake/export_custom_interfaces__rosidl_generator_cppExport.cmake
[2.173s] -- Up-to-date: /home/tom/aeac-2026/packages/src/nav_stack/ros2_ws/install/custom_interfaces/share/custom_interfaces/cmake/export_custom_interfaces__rosidl_typesupport_fastrtps_cppExport.cmake
[2.173s] -- Up-to-date: /home/tom/aeac-2026/packages/src/nav_stack/ros2_ws/install/custom_interfaces/share/custom_interfaces/cmake/export_custom_interfaces__rosidl_typesupport_fastrtps_cppExport-noconfig.cmake
[2.173s] -- Up-to-date: /home/tom/aeac-2026/packages/src/nav_stack/ros2_ws/install/custom_interfaces/share/custom_interfaces/cmake/custom_interfaces__rosidl_typesupport_introspection_cppExport.cmake
[2.173s] -- Up-to-date: /home/tom/aeac-2026/packages/src/nav_stack/ros2_ws/install/custom_interfaces/share/custom_interfaces/cmake/custom_interfaces__rosidl_typesupport_introspection_cppExport-noconfig.cmake
[2.173s] -- Up-to-date: /home/tom/aeac-2026/packages/src/nav_stack/ros2_ws/install/custom_interfaces/share/custom_interfaces/cmake/custom_interfaces__rosidl_typesupport_cppExport.cmake
[2.174s] -- Up-to-date: /home/tom/aeac-2026/packages/src/nav_stack/ros2_ws/install/custom_interfaces/share/custom_interfaces/cmake/custom_interfaces__rosidl_typesupport_cppExport-noconfig.cmake
[2.174s] -- Up-to-date: /home/tom/aeac-2026/packages/src/nav_stack/ros2_ws/install/custom_interfaces/share/custom_interfaces/cmake/export_custom_interfaces__rosidl_generator_pyExport.cmake
[2.175s] -- Up-to-date: /home/tom/aeac-2026/packages/src/nav_stack/ros2_ws/install/custom_interfaces/share/custom_interfaces/cmake/export_custom_interfaces__rosidl_generator_pyExport-noconfig.cmake
[2.175s] -- Up-to-date: /home/tom/aeac-2026/packages/src/nav_stack/ros2_ws/install/custom_interfaces/share/custom_interfaces/cmake/rosidl_cmake-extras.cmake
[2.175s] -- Up-to-date: /home/tom/aeac-2026/packages/src/nav_stack/ros2_ws/install/custom_interfaces/share/custom_interfaces/cmake/ament_cmake_export_include_directories-extras.cmake
[2.175s] -- Up-to-date: /home/tom/aeac-2026/packages/src/nav_stack/ros2_ws/install/custom_interfaces/share/custom_interfaces/cmake/ament_cmake_export_libraries-extras.cmake
[2.175s] -- Up-to-date: /home/tom/aeac-2026/packages/src/nav_stack/ros2_ws/install/custom_interfaces/share/custom_interfaces/cmake/ament_cmake_export_targets-extras.cmake
[2.176s] -- Up-to-date: /home/tom/aeac-2026/packages/src/nav_stack/ros2_ws/install/custom_interfaces/share/custom_interfaces/cmake/rosidl_cmake_export_typesupport_targets-extras.cmake
[2.177s] -- Up-to-date: /home/tom/aeac-2026/packages/src/nav_stack/ros2_ws/install/custom_interfaces/share/custom_interfaces/cmake/ament_cmake_export_dependencies-extras.cmake
[2.177s] -- Up-to-date: /home/tom/aeac-2026/packages/src/nav_stack/ros2_ws/install/custom_interfaces/share/custom_interfaces/cmake/rosidl_cmake_export_typesupport_libraries-extras.cmake
[2.177s] -- Up-to-date: /home/tom/aeac-2026/packages/src/nav_stack/ros2_ws/install/custom_interfaces/share/custom_interfaces/cmake/custom_interfacesConfig.cmake
[2.178s] -- Up-to-date: /home/tom/aeac-2026/packages/src/nav_stack/ros2_ws/install/custom_interfaces/share/custom_interfaces/cmake/custom_interfacesConfig-version.cmake
[2.179s] -- Up-to-date: /home/tom/aeac-2026/packages/src/nav_stack/ros2_ws/install/custom_interfaces/share/custom_interfaces/package.xml
[2.183s] Invoked command in '/home/tom/aeac-2026/packages/src/nav_stack/ros2_ws/build/custom_interfaces' returned '0': /usr/bin/cmake --install /home/tom/aeac-2026/packages/src/nav_stack/ros2_ws/build/custom_interfaces
