[0.688s] Invoking command in '/home/tom/aeac-2026/packages/src/nav_stack/ros2_ws/build/custom_interfaces': /usr/bin/cmake --build /home/tom/aeac-2026/packages/src/nav_stack/ros2_ws/build/custom_interfaces -- -j8 -l8
[0.855s] [  3%] Built target custom_interfaces__cpp
[0.871s] [ 12%] Built target custom_interfaces__rosidl_generator_c
[0.889s] [ 12%] Built target ament_cmake_python_copy_custom_interfaces
[0.947s] [ 22%] Built target custom_interfaces__rosidl_typesupport_cpp
[0.952s] [ 41%] Built target custom_interfaces__rosidl_typesupport_introspection_cpp
[0.954s] [ 45%] Built target custom_interfaces__rosidl_typesupport_introspection_c
[0.959s] [ 61%] Built target custom_interfaces__rosidl_typesupport_fastrtps_c
[0.959s] [ 67%] Built target custom_interfaces__rosidl_typesupport_fastrtps_cpp
[0.961s] [ 70%] Built target custom_interfaces__rosidl_typesupport_c
[1.063s] [ 70%] Built target custom_interfaces
[1.161s] [ 74%] Built target custom_interfaces__py
[1.346s] [ 80%] Built target custom_interfaces__rosidl_generator_py
[1.467s] [ 87%] Built target custom_interfaces__rosidl_typesupport_fastrtps_c__pyext
[1.483s] [ 93%] Built target custom_interfaces__rosidl_typesupport_introspection_c__pyext
[1.507s] [100%] Built target custom_interfaces__rosidl_typesupport_c__pyext
[2.280s] running egg_info
[2.285s] writing custom_interfaces.egg-info/PKG-INFO
[2.286s] writing dependency_links to custom_interfaces.egg-info/dependency_links.txt
[2.286s] writing top-level names to custom_interfaces.egg-info/top_level.txt
[2.302s] reading manifest file 'custom_interfaces.egg-info/SOURCES.txt'
[2.304s] writing manifest file 'custom_interfaces.egg-info/SOURCES.txt'
[2.508s] [100%] Built target ament_cmake_python_build_custom_interfaces_egg
[2.567s] Invoked command in '/home/tom/aeac-2026/packages/src/nav_stack/ros2_ws/build/custom_interfaces' returned '0': /usr/bin/cmake --build /home/tom/aeac-2026/packages/src/nav_stack/ros2_ws/build/custom_interfaces -- -j8 -l8
[2.605s] Invoking command in '/home/tom/aeac-2026/packages/src/nav_stack/ros2_ws/build/custom_interfaces': /usr/bin/cmake --install /home/tom/aeac-2026/packages/src/nav_stack/ros2_ws/build/custom_interfaces
[2.645s] -- Install configuration: ""
[2.662s] -- Up-to-date: /home/tom/aeac-2026/packages/src/nav_stack/ros2_ws/install/custom_interfaces/share/ament_index/resource_index/rosidl_interfaces/custom_interfaces
[2.663s] -- Up-to-date: /home/tom/aeac-2026/packages/src/nav_stack/ros2_ws/install/custom_interfaces/include/custom_interfaces/custom_interfaces
[2.663s] -- Up-to-date: /home/tom/aeac-2026/packages/src/nav_stack/ros2_ws/install/custom_interfaces/include/custom_interfaces/custom_interfaces/msg
[2.664s] -- Up-to-date: /home/tom/aeac-2026/packages/src/nav_stack/ros2_ws/install/custom_interfaces/include/custom_interfaces/custom_interfaces/msg/rosidl_generator_c__visibility_control.h
[2.665s] -- Up-to-date: /home/tom/aeac-2026/packages/src/nav_stack/ros2_ws/install/custom_interfaces/include/custom_interfaces/custom_interfaces/srv
[2.665s] -- Up-to-date: /home/tom/aeac-2026/packages/src/nav_stack/ros2_ws/install/custom_interfaces/include/custom_interfaces/custom_interfaces/srv/detail
[2.666s] -- Up-to-date: /home/tom/aeac-2026/packages/src/nav_stack/ros2_ws/install/custom_interfaces/include/custom_interfaces/custom_interfaces/srv/detail/gps_to_local__functions.c
[2.666s] -- Up-to-date: /home/tom/aeac-2026/packages/src/nav_stack/ros2_ws/install/custom_interfaces/include/custom_interfaces/custom_interfaces/srv/detail/gps_to_local__type_support.h
[2.670s] -- Up-to-date: /home/tom/aeac-2026/packages/src/nav_stack/ros2_ws/install/custom_interfaces/include/custom_interfaces/custom_interfaces/srv/detail/gps_to_local__functions.h
[2.672s] -- Up-to-date: /home/tom/aeac-2026/packages/src/nav_stack/ros2_ws/install/custom_interfaces/include/custom_interfaces/custom_interfaces/srv/detail/gps_to_local__struct.h
[2.673s] -- Up-to-date: /home/tom/aeac-2026/packages/src/nav_stack/ros2_ws/install/custom_interfaces/include/custom_interfaces/custom_interfaces/srv/gps_to_local.h
[2.676s] -- Up-to-date: /home/tom/aeac-2026/packages/src/nav_stack/ros2_ws/install/custom_interfaces/share/custom_interfaces/environment/library_path.sh
[2.677s] -- Up-to-date: /home/tom/aeac-2026/packages/src/nav_stack/ros2_ws/install/custom_interfaces/share/custom_interfaces/environment/library_path.dsv
[2.677s] -- Up-to-date: /home/tom/aeac-2026/packages/src/nav_stack/ros2_ws/install/custom_interfaces/lib/libcustom_interfaces__rosidl_generator_c.so
[2.678s] -- Up-to-date: /home/tom/aeac-2026/packages/src/nav_stack/ros2_ws/install/custom_interfaces/include/custom_interfaces/custom_interfaces
[2.679s] -- Up-to-date: /home/tom/aeac-2026/packages/src/nav_stack/ros2_ws/install/custom_interfaces/include/custom_interfaces/custom_interfaces/msg
[2.680s] -- Up-to-date: /home/tom/aeac-2026/packages/src/nav_stack/ros2_ws/install/custom_interfaces/include/custom_interfaces/custom_interfaces/msg/rosidl_typesupport_fastrtps_c__visibility_control.h
[2.681s] -- Up-to-date: /home/tom/aeac-2026/packages/src/nav_stack/ros2_ws/install/custom_interfaces/include/custom_interfaces/custom_interfaces/srv
[2.681s] -- Up-to-date: /home/tom/aeac-2026/packages/src/nav_stack/ros2_ws/install/custom_interfaces/include/custom_interfaces/custom_interfaces/srv/detail
[2.682s] -- Up-to-date: /home/tom/aeac-2026/packages/src/nav_stack/ros2_ws/install/custom_interfaces/include/custom_interfaces/custom_interfaces/srv/detail/gps_to_local__rosidl_typesupport_fastrtps_c.h
[2.682s] -- Up-to-date: /home/tom/aeac-2026/packages/src/nav_stack/ros2_ws/install/custom_interfaces/lib/libcustom_interfaces__rosidl_typesupport_fastrtps_c.so
[2.685s] -- Up-to-date: /home/tom/aeac-2026/packages/src/nav_stack/ros2_ws/install/custom_interfaces/include/custom_interfaces/custom_interfaces
[2.691s] -- Up-to-date: /home/tom/aeac-2026/packages/src/nav_stack/ros2_ws/install/custom_interfaces/include/custom_interfaces/custom_interfaces/msg
[2.692s] -- Up-to-date: /home/tom/aeac-2026/packages/src/nav_stack/ros2_ws/install/custom_interfaces/include/custom_interfaces/custom_interfaces/msg/rosidl_typesupport_introspection_c__visibility_control.h
[2.693s] -- Up-to-date: /home/tom/aeac-2026/packages/src/nav_stack/ros2_ws/install/custom_interfaces/include/custom_interfaces/custom_interfaces/srv
[2.693s] -- Up-to-date: /home/tom/aeac-2026/packages/src/nav_stack/ros2_ws/install/custom_interfaces/include/custom_interfaces/custom_interfaces/srv/detail
[2.694s] -- Up-to-date: /home/tom/aeac-2026/packages/src/nav_stack/ros2_ws/install/custom_interfaces/include/custom_interfaces/custom_interfaces/srv/detail/gps_to_local__rosidl_typesupport_introspection_c.h
[2.694s] -- Up-to-date: /home/tom/aeac-2026/packages/src/nav_stack/ros2_ws/install/custom_interfaces/include/custom_interfaces/custom_interfaces/srv/detail/gps_to_local__type_support.c
[2.695s] -- Up-to-date: /home/tom/aeac-2026/packages/src/nav_stack/ros2_ws/install/custom_interfaces/lib/libcustom_interfaces__rosidl_typesupport_introspection_c.so
[2.696s] -- Up-to-date: /home/tom/aeac-2026/packages/src/nav_stack/ros2_ws/install/custom_interfaces/lib/libcustom_interfaces__rosidl_typesupport_c.so
[2.697s] -- Up-to-date: /home/tom/aeac-2026/packages/src/nav_stack/ros2_ws/install/custom_interfaces/include/custom_interfaces/custom_interfaces
[2.698s] -- Up-to-date: /home/tom/aeac-2026/packages/src/nav_stack/ros2_ws/install/custom_interfaces/include/custom_interfaces/custom_interfaces/msg
[2.703s] -- Up-to-date: /home/tom/aeac-2026/packages/src/nav_stack/ros2_ws/install/custom_interfaces/include/custom_interfaces/custom_interfaces/msg/rosidl_generator_cpp__visibility_control.hpp
[2.705s] -- Up-to-date: /home/tom/aeac-2026/packages/src/nav_stack/ros2_ws/install/custom_interfaces/include/custom_interfaces/custom_interfaces/srv
[2.709s] -- Up-to-date: /home/tom/aeac-2026/packages/src/nav_stack/ros2_ws/install/custom_interfaces/include/custom_interfaces/custom_interfaces/srv/gps_to_local.hpp
[2.709s] -- Up-to-date: /home/tom/aeac-2026/packages/src/nav_stack/ros2_ws/install/custom_interfaces/include/custom_interfaces/custom_interfaces/srv/detail
[2.710s] -- Up-to-date: /home/tom/aeac-2026/packages/src/nav_stack/ros2_ws/install/custom_interfaces/include/custom_interfaces/custom_interfaces/srv/detail/gps_to_local__struct.hpp
[2.710s] -- Up-to-date: /home/tom/aeac-2026/packages/src/nav_stack/ros2_ws/install/custom_interfaces/include/custom_interfaces/custom_interfaces/srv/detail/gps_to_local__type_support.hpp
[2.711s] -- Up-to-date: /home/tom/aeac-2026/packages/src/nav_stack/ros2_ws/install/custom_interfaces/include/custom_interfaces/custom_interfaces/srv/detail/gps_to_local__builder.hpp
[2.711s] -- Up-to-date: /home/tom/aeac-2026/packages/src/nav_stack/ros2_ws/install/custom_interfaces/include/custom_interfaces/custom_interfaces/srv/detail/gps_to_local__traits.hpp
[2.712s] -- Up-to-date: /home/tom/aeac-2026/packages/src/nav_stack/ros2_ws/install/custom_interfaces/include/custom_interfaces/custom_interfaces
[2.712s] -- Up-to-date: /home/tom/aeac-2026/packages/src/nav_stack/ros2_ws/install/custom_interfaces/include/custom_interfaces/custom_interfaces/msg
[2.713s] -- Up-to-date: /home/tom/aeac-2026/packages/src/nav_stack/ros2_ws/install/custom_interfaces/include/custom_interfaces/custom_interfaces/msg/rosidl_typesupport_fastrtps_cpp__visibility_control.h
[2.716s] -- Up-to-date: /home/tom/aeac-2026/packages/src/nav_stack/ros2_ws/install/custom_interfaces/include/custom_interfaces/custom_interfaces/srv
[2.719s] -- Up-to-date: /home/tom/aeac-2026/packages/src/nav_stack/ros2_ws/install/custom_interfaces/include/custom_interfaces/custom_interfaces/srv/detail
[2.721s] -- Up-to-date: /home/tom/aeac-2026/packages/src/nav_stack/ros2_ws/install/custom_interfaces/include/custom_interfaces/custom_interfaces/srv/detail/dds_fastrtps
[2.722s] -- Up-to-date: /home/tom/aeac-2026/packages/src/nav_stack/ros2_ws/install/custom_interfaces/include/custom_interfaces/custom_interfaces/srv/detail/gps_to_local__rosidl_typesupport_fastrtps_cpp.hpp
[2.723s] -- Up-to-date: /home/tom/aeac-2026/packages/src/nav_stack/ros2_ws/install/custom_interfaces/lib/libcustom_interfaces__rosidl_typesupport_fastrtps_cpp.so
[2.724s] -- Up-to-date: /home/tom/aeac-2026/packages/src/nav_stack/ros2_ws/install/custom_interfaces/include/custom_interfaces/custom_interfaces
[2.725s] -- Up-to-date: /home/tom/aeac-2026/packages/src/nav_stack/ros2_ws/install/custom_interfaces/include/custom_interfaces/custom_interfaces/srv
[2.725s] -- Up-to-date: /home/tom/aeac-2026/packages/src/nav_stack/ros2_ws/install/custom_interfaces/include/custom_interfaces/custom_interfaces/srv/detail
[2.725s] -- Up-to-date: /home/tom/aeac-2026/packages/src/nav_stack/ros2_ws/install/custom_interfaces/include/custom_interfaces/custom_interfaces/srv/detail/gps_to_local__type_support.cpp
[2.726s] -- Up-to-date: /home/tom/aeac-2026/packages/src/nav_stack/ros2_ws/install/custom_interfaces/include/custom_interfaces/custom_interfaces/srv/detail/gps_to_local__rosidl_typesupport_introspection_cpp.hpp
[2.726s] -- Up-to-date: /home/tom/aeac-2026/packages/src/nav_stack/ros2_ws/install/custom_interfaces/lib/libcustom_interfaces__rosidl_typesupport_introspection_cpp.so
[2.726s] -- Up-to-date: /home/tom/aeac-2026/packages/src/nav_stack/ros2_ws/install/custom_interfaces/lib/libcustom_interfaces__rosidl_typesupport_cpp.so
[2.727s] -- Up-to-date: /home/tom/aeac-2026/packages/src/nav_stack/ros2_ws/install/custom_interfaces/share/custom_interfaces/environment/pythonpath.sh
[2.727s] -- Up-to-date: /home/tom/aeac-2026/packages/src/nav_stack/ros2_ws/install/custom_interfaces/share/custom_interfaces/environment/pythonpath.dsv
[2.727s] -- Up-to-date: /home/tom/aeac-2026/packages/src/nav_stack/ros2_ws/install/custom_interfaces/local/lib/python3.10/dist-packages/custom_interfaces-0.0.0-py3.10.egg-info
[2.728s] -- Installing: /home/tom/aeac-2026/packages/src/nav_stack/ros2_ws/install/custom_interfaces/local/lib/python3.10/dist-packages/custom_interfaces-0.0.0-py3.10.egg-info/PKG-INFO
[2.728s] -- Installing: /home/tom/aeac-2026/packages/src/nav_stack/ros2_ws/install/custom_interfaces/local/lib/python3.10/dist-packages/custom_interfaces-0.0.0-py3.10.egg-info/SOURCES.txt
[2.738s] -- Installing: /home/tom/aeac-2026/packages/src/nav_stack/ros2_ws/install/custom_interfaces/local/lib/python3.10/dist-packages/custom_interfaces-0.0.0-py3.10.egg-info/dependency_links.txt
[2.739s] -- Installing: /home/tom/aeac-2026/packages/src/nav_stack/ros2_ws/install/custom_interfaces/local/lib/python3.10/dist-packages/custom_interfaces-0.0.0-py3.10.egg-info/top_level.txt
[2.740s] -- Up-to-date: /home/tom/aeac-2026/packages/src/nav_stack/ros2_ws/install/custom_interfaces/local/lib/python3.10/dist-packages/custom_interfaces
[2.740s] -- Up-to-date: /home/tom/aeac-2026/packages/src/nav_stack/ros2_ws/install/custom_interfaces/local/lib/python3.10/dist-packages/custom_interfaces/custom_interfaces_s__rosidl_typesupport_introspection_c.cpython-310-x86_64-linux-gnu.so
[2.741s] -- Up-to-date: /home/tom/aeac-2026/packages/src/nav_stack/ros2_ws/install/custom_interfaces/local/lib/python3.10/dist-packages/custom_interfaces/custom_interfaces_s__rosidl_typesupport_fastrtps_c.cpython-310-x86_64-linux-gnu.so
[2.741s] -- Up-to-date: /home/tom/aeac-2026/packages/src/nav_stack/ros2_ws/install/custom_interfaces/local/lib/python3.10/dist-packages/custom_interfaces/custom_interfaces_s__rosidl_typesupport_c.cpython-310-x86_64-linux-gnu.so
[2.742s] -- Up-to-date: /home/tom/aeac-2026/packages/src/nav_stack/ros2_ws/install/custom_interfaces/local/lib/python3.10/dist-packages/custom_interfaces/libcustom_interfaces__rosidl_generator_py.so
[2.743s] -- Up-to-date: /home/tom/aeac-2026/packages/src/nav_stack/ros2_ws/install/custom_interfaces/local/lib/python3.10/dist-packages/custom_interfaces/srv
[2.743s] -- Up-to-date: /home/tom/aeac-2026/packages/src/nav_stack/ros2_ws/install/custom_interfaces/local/lib/python3.10/dist-packages/custom_interfaces/srv/_gps_to_local_s.c
[2.744s] -- Up-to-date: /home/tom/aeac-2026/packages/src/nav_stack/ros2_ws/install/custom_interfaces/local/lib/python3.10/dist-packages/custom_interfaces/srv/_gps_to_local.py
[2.744s] -- Up-to-date: /home/tom/aeac-2026/packages/src/nav_stack/ros2_ws/install/custom_interfaces/local/lib/python3.10/dist-packages/custom_interfaces/srv/__init__.py
[2.745s] -- Up-to-date: /home/tom/aeac-2026/packages/src/nav_stack/ros2_ws/install/custom_interfaces/local/lib/python3.10/dist-packages/custom_interfaces/_custom_interfaces_s.ep.rosidl_typesupport_c.c
[2.746s] -- Up-to-date: /home/tom/aeac-2026/packages/src/nav_stack/ros2_ws/install/custom_interfaces/local/lib/python3.10/dist-packages/custom_interfaces/_custom_interfaces_s.ep.rosidl_typesupport_fastrtps_c.c
[2.746s] -- Up-to-date: /home/tom/aeac-2026/packages/src/nav_stack/ros2_ws/install/custom_interfaces/local/lib/python3.10/dist-packages/custom_interfaces/__init__.py
[2.747s] -- Up-to-date: /home/tom/aeac-2026/packages/src/nav_stack/ros2_ws/install/custom_interfaces/local/lib/python3.10/dist-packages/custom_interfaces/_custom_interfaces_s.ep.rosidl_typesupport_introspection_c.c
[3.088s] Listing '/home/tom/aeac-2026/packages/src/nav_stack/ros2_ws/install/custom_interfaces/local/lib/python3.10/dist-packages/custom_interfaces'...
[3.089s] Listing '/home/tom/aeac-2026/packages/src/nav_stack/ros2_ws/install/custom_interfaces/local/lib/python3.10/dist-packages/custom_interfaces/srv'...
[3.165s] -- Up-to-date: /home/tom/aeac-2026/packages/src/nav_stack/ros2_ws/install/custom_interfaces/local/lib/python3.10/dist-packages/custom_interfaces/custom_interfaces_s__rosidl_typesupport_fastrtps_c.cpython-310-x86_64-linux-gnu.so
[3.175s] -- Up-to-date: /home/tom/aeac-2026/packages/src/nav_stack/ros2_ws/install/custom_interfaces/local/lib/python3.10/dist-packages/custom_interfaces/custom_interfaces_s__rosidl_typesupport_introspection_c.cpython-310-x86_64-linux-gnu.so
[3.176s] -- Up-to-date: /home/tom/aeac-2026/packages/src/nav_stack/ros2_ws/install/custom_interfaces/local/lib/python3.10/dist-packages/custom_interfaces/custom_interfaces_s__rosidl_typesupport_c.cpython-310-x86_64-linux-gnu.so
[3.176s] -- Up-to-date: /home/tom/aeac-2026/packages/src/nav_stack/ros2_ws/install/custom_interfaces/lib/libcustom_interfaces__rosidl_generator_py.so
[3.176s] -- Up-to-date: /home/tom/aeac-2026/packages/src/nav_stack/ros2_ws/install/custom_interfaces/share/custom_interfaces/srv/GpsToLocal.idl
[3.182s] -- Up-to-date: /home/tom/aeac-2026/packages/src/nav_stack/ros2_ws/install/custom_interfaces/share/custom_interfaces/srv/GpsToLocal.srv
[3.183s] -- Up-to-date: /home/tom/aeac-2026/packages/src/nav_stack/ros2_ws/install/custom_interfaces/share/custom_interfaces/srv/GpsToLocal_Request.msg
[3.184s] -- Up-to-date: /home/tom/aeac-2026/packages/src/nav_stack/ros2_ws/install/custom_interfaces/share/custom_interfaces/srv/GpsToLocal_Response.msg
[3.185s] -- Up-to-date: /home/tom/aeac-2026/packages/src/nav_stack/ros2_ws/install/custom_interfaces/share/ament_index/resource_index/package_run_dependencies/custom_interfaces
[3.185s] -- Up-to-date: /home/tom/aeac-2026/packages/src/nav_stack/ros2_ws/install/custom_interfaces/share/ament_index/resource_index/parent_prefix_path/custom_interfaces
[3.186s] -- Up-to-date: /home/tom/aeac-2026/packages/src/nav_stack/ros2_ws/install/custom_interfaces/share/custom_interfaces/environment/ament_prefix_path.sh
[3.186s] -- Up-to-date: /home/tom/aeac-2026/packages/src/nav_stack/ros2_ws/install/custom_interfaces/share/custom_interfaces/environment/ament_prefix_path.dsv
[3.187s] -- Up-to-date: /home/tom/aeac-2026/packages/src/nav_stack/ros2_ws/install/custom_interfaces/share/custom_interfaces/environment/path.sh
[3.187s] -- Up-to-date: /home/tom/aeac-2026/packages/src/nav_stack/ros2_ws/install/custom_interfaces/share/custom_interfaces/environment/path.dsv
[3.188s] -- Up-to-date: /home/tom/aeac-2026/packages/src/nav_stack/ros2_ws/install/custom_interfaces/share/custom_interfaces/local_setup.bash
[3.188s] -- Up-to-date: /home/tom/aeac-2026/packages/src/nav_stack/ros2_ws/install/custom_interfaces/share/custom_interfaces/local_setup.sh
[3.189s] -- Up-to-date: /home/tom/aeac-2026/packages/src/nav_stack/ros2_ws/install/custom_interfaces/share/custom_interfaces/local_setup.zsh
[3.189s] -- Up-to-date: /home/tom/aeac-2026/packages/src/nav_stack/ros2_ws/install/custom_interfaces/share/custom_interfaces/local_setup.dsv
[3.189s] -- Installing: /home/tom/aeac-2026/packages/src/nav_stack/ros2_ws/install/custom_interfaces/share/custom_interfaces/package.dsv
[3.197s] -- Up-to-date: /home/tom/aeac-2026/packages/src/nav_stack/ros2_ws/install/custom_interfaces/share/ament_index/resource_index/packages/custom_interfaces
[3.197s] -- Up-to-date: /home/tom/aeac-2026/packages/src/nav_stack/ros2_ws/install/custom_interfaces/share/custom_interfaces/cmake/export_custom_interfaces__rosidl_generator_cExport.cmake
[3.198s] -- Up-to-date: /home/tom/aeac-2026/packages/src/nav_stack/ros2_ws/install/custom_interfaces/share/custom_interfaces/cmake/export_custom_interfaces__rosidl_generator_cExport-noconfig.cmake
[3.201s] -- Up-to-date: /home/tom/aeac-2026/packages/src/nav_stack/ros2_ws/install/custom_interfaces/share/custom_interfaces/cmake/export_custom_interfaces__rosidl_typesupport_fastrtps_cExport.cmake
[3.201s] -- Up-to-date: /home/tom/aeac-2026/packages/src/nav_stack/ros2_ws/install/custom_interfaces/share/custom_interfaces/cmake/export_custom_interfaces__rosidl_typesupport_fastrtps_cExport-noconfig.cmake
[3.202s] -- Up-to-date: /home/tom/aeac-2026/packages/src/nav_stack/ros2_ws/install/custom_interfaces/share/custom_interfaces/cmake/custom_interfaces__rosidl_typesupport_introspection_cExport.cmake
[3.202s] -- Up-to-date: /home/tom/aeac-2026/packages/src/nav_stack/ros2_ws/install/custom_interfaces/share/custom_interfaces/cmake/custom_interfaces__rosidl_typesupport_introspection_cExport-noconfig.cmake
[3.203s] -- Up-to-date: /home/tom/aeac-2026/packages/src/nav_stack/ros2_ws/install/custom_interfaces/share/custom_interfaces/cmake/custom_interfaces__rosidl_typesupport_cExport.cmake
[3.203s] -- Up-to-date: /home/tom/aeac-2026/packages/src/nav_stack/ros2_ws/install/custom_interfaces/share/custom_interfaces/cmake/custom_interfaces__rosidl_typesupport_cExport-noconfig.cmake
[3.213s] -- Up-to-date: /home/tom/aeac-2026/packages/src/nav_stack/ros2_ws/install/custom_interfaces/share/custom_interfaces/cmake/export_custom_interfaces__rosidl_generator_cppExport.cmake
[3.223s] -- Up-to-date: /home/tom/aeac-2026/packages/src/nav_stack/ros2_ws/install/custom_interfaces/share/custom_interfaces/cmake/export_custom_interfaces__rosidl_typesupport_fastrtps_cppExport.cmake
[3.224s] -- Up-to-date: /home/tom/aeac-2026/packages/src/nav_stack/ros2_ws/install/custom_interfaces/share/custom_interfaces/cmake/export_custom_interfaces__rosidl_typesupport_fastrtps_cppExport-noconfig.cmake
[3.225s] -- Up-to-date: /home/tom/aeac-2026/packages/src/nav_stack/ros2_ws/install/custom_interfaces/share/custom_interfaces/cmake/custom_interfaces__rosidl_typesupport_introspection_cppExport.cmake
[3.226s] -- Up-to-date: /home/tom/aeac-2026/packages/src/nav_stack/ros2_ws/install/custom_interfaces/share/custom_interfaces/cmake/custom_interfaces__rosidl_typesupport_introspection_cppExport-noconfig.cmake
[3.227s] -- Up-to-date: /home/tom/aeac-2026/packages/src/nav_stack/ros2_ws/install/custom_interfaces/share/custom_interfaces/cmake/custom_interfaces__rosidl_typesupport_cppExport.cmake
[3.228s] -- Up-to-date: /home/tom/aeac-2026/packages/src/nav_stack/ros2_ws/install/custom_interfaces/share/custom_interfaces/cmake/custom_interfaces__rosidl_typesupport_cppExport-noconfig.cmake
[3.229s] -- Up-to-date: /home/tom/aeac-2026/packages/src/nav_stack/ros2_ws/install/custom_interfaces/share/custom_interfaces/cmake/export_custom_interfaces__rosidl_generator_pyExport.cmake
[3.250s] -- Up-to-date: /home/tom/aeac-2026/packages/src/nav_stack/ros2_ws/install/custom_interfaces/share/custom_interfaces/cmake/export_custom_interfaces__rosidl_generator_pyExport-noconfig.cmake
[3.251s] -- Up-to-date: /home/tom/aeac-2026/packages/src/nav_stack/ros2_ws/install/custom_interfaces/share/custom_interfaces/cmake/rosidl_cmake-extras.cmake
[3.251s] -- Up-to-date: /home/tom/aeac-2026/packages/src/nav_stack/ros2_ws/install/custom_interfaces/share/custom_interfaces/cmake/ament_cmake_export_include_directories-extras.cmake
[3.252s] -- Up-to-date: /home/tom/aeac-2026/packages/src/nav_stack/ros2_ws/install/custom_interfaces/share/custom_interfaces/cmake/ament_cmake_export_libraries-extras.cmake
[3.253s] -- Up-to-date: /home/tom/aeac-2026/packages/src/nav_stack/ros2_ws/install/custom_interfaces/share/custom_interfaces/cmake/ament_cmake_export_targets-extras.cmake
[3.253s] -- Up-to-date: /home/tom/aeac-2026/packages/src/nav_stack/ros2_ws/install/custom_interfaces/share/custom_interfaces/cmake/rosidl_cmake_export_typesupport_targets-extras.cmake
[3.264s] -- Up-to-date: /home/tom/aeac-2026/packages/src/nav_stack/ros2_ws/install/custom_interfaces/share/custom_interfaces/cmake/ament_cmake_export_dependencies-extras.cmake
[3.280s] -- Up-to-date: /home/tom/aeac-2026/packages/src/nav_stack/ros2_ws/install/custom_interfaces/share/custom_interfaces/cmake/rosidl_cmake_export_typesupport_libraries-extras.cmake
[3.280s] -- Up-to-date: /home/tom/aeac-2026/packages/src/nav_stack/ros2_ws/install/custom_interfaces/share/custom_interfaces/cmake/custom_interfacesConfig.cmake
[3.282s] -- Up-to-date: /home/tom/aeac-2026/packages/src/nav_stack/ros2_ws/install/custom_interfaces/share/custom_interfaces/cmake/custom_interfacesConfig-version.cmake
[3.283s] -- Up-to-date: /home/tom/aeac-2026/packages/src/nav_stack/ros2_ws/install/custom_interfaces/share/custom_interfaces/package.xml
[3.285s] Invoked command in '/home/tom/aeac-2026/packages/src/nav_stack/ros2_ws/build/custom_interfaces' returned '0': /usr/bin/cmake --install /home/tom/aeac-2026/packages/src/nav_stack/ros2_ws/build/custom_interfaces
