[4.527s] Invoking command in '/home/tom/aeac-2026/packages/src/nav_stack/ros2_ws/src/bringup': PYTHONPATH=/home/tom/aeac-2026/packages/src/nav_stack/ros2_ws/build/bringup/prefix_override:/usr/lib/python3/dist-packages/colcon_core/task/python/colcon_distutils_commands:/home/tom/aeac-2026/packages/src/nav_stack/ros2_ws/install/bringup/lib/python3.10/site-packages:${PYTHONPATH} /usr/bin/python3 -W ignore:setup.py install is deprecated -W ignore:easy_install command is deprecated setup.py egg_info --egg-base ../../build/bringup build --build-base /home/tom/aeac-2026/packages/src/nav_stack/ros2_ws/build/bringup/build install --record /home/tom/aeac-2026/packages/src/nav_stack/ros2_ws/build/bringup/install.log --single-version-externally-managed install_data
[5.217s] running egg_info
[5.220s] writing ../../build/bringup/bringup.egg-info/PKG-INFO
[5.221s] writing dependency_links to ../../build/bringup/bringup.egg-info/dependency_links.txt
[5.222s] writing requirements to ../../build/bringup/bringup.egg-info/requires.txt
[5.223s] writing top-level names to ../../build/bringup/bringup.egg-info/top_level.txt
[5.227s] reading manifest file '../../build/bringup/bringup.egg-info/SOURCES.txt'
[5.229s] writing manifest file '../../build/bringup/bringup.egg-info/SOURCES.txt'
[5.229s] running build
[5.229s] running build_py
[5.229s] running install
[5.231s] running install_lib
[5.233s] running install_data
[5.233s] copying launch/phase1.launch.py -> /home/tom/aeac-2026/packages/src/nav_stack/ros2_ws/install/bringup/share/bringup/launch
[5.234s] copying config/trajectoirePhase1.json -> /home/tom/aeac-2026/packages/src/nav_stack/ros2_ws/install/bringup/share/bringup/config
[5.235s] running install_egg_info
[5.242s] removing '/home/tom/aeac-2026/packages/src/nav_stack/ros2_ws/install/bringup/lib/python3.10/site-packages/bringup-0.0.0-py3.10.egg-info' (and everything under it)
[5.243s] Copying ../../build/bringup/bringup.egg-info to /home/tom/aeac-2026/packages/src/nav_stack/ros2_ws/install/bringup/lib/python3.10/site-packages/bringup-0.0.0-py3.10.egg-info
[5.248s] running install_scripts
[5.315s] writing list of installed files to '/home/tom/aeac-2026/packages/src/nav_stack/ros2_ws/build/bringup/install.log'
[5.389s] Invoked command in '/home/tom/aeac-2026/packages/src/nav_stack/ros2_ws/src/bringup' returned '0': PYTHONPATH=/home/tom/aeac-2026/packages/src/nav_stack/ros2_ws/build/bringup/prefix_override:/usr/lib/python3/dist-packages/colcon_core/task/python/colcon_distutils_commands:/home/tom/aeac-2026/packages/src/nav_stack/ros2_ws/install/bringup/lib/python3.10/site-packages:${PYTHONPATH} /usr/bin/python3 -W ignore:setup.py install is deprecated -W ignore:easy_install command is deprecated setup.py egg_info --egg-base ../../build/bringup build --build-base /home/tom/aeac-2026/packages/src/nav_stack/ros2_ws/build/bringup/build install --record /home/tom/aeac-2026/packages/src/nav_stack/ros2_ws/build/bringup/install.log --single-version-externally-managed install_data
