[4.500s] Invoking command in '/home/tom/aeac-2026/packages/src/nav_stack/ros2_ws/src/mission': PYTHONPATH=/home/tom/aeac-2026/packages/src/nav_stack/ros2_ws/build/mission/prefix_override:/usr/lib/python3/dist-packages/colcon_core/task/python/colcon_distutils_commands:/home/tom/aeac-2026/packages/src/nav_stack/ros2_ws/install/mission/lib/python3.10/site-packages:${PYTHONPATH} /usr/bin/python3 -W ignore:setup.py install is deprecated -W ignore:easy_install command is deprecated setup.py egg_info --egg-base ../../build/mission build --build-base /home/tom/aeac-2026/packages/src/nav_stack/ros2_ws/build/mission/build install --record /home/tom/aeac-2026/packages/src/nav_stack/ros2_ws/build/mission/install.log --single-version-externally-managed install_data
[5.171s] running egg_info
[5.173s] writing ../../build/mission/mission.egg-info/PKG-INFO
[5.174s] writing dependency_links to ../../build/mission/mission.egg-info/dependency_links.txt
[5.176s] writing entry points to ../../build/mission/mission.egg-info/entry_points.txt
[5.177s] writing requirements to ../../build/mission/mission.egg-info/requires.txt
[5.177s] writing top-level names to ../../build/mission/mission.egg-info/top_level.txt
[5.183s] reading manifest file '../../build/mission/mission.egg-info/SOURCES.txt'
[5.187s] writing manifest file '../../build/mission/mission.egg-info/SOURCES.txt'
[5.188s] running build
[5.188s] running build_py
[5.191s] running install
[5.192s] running install_lib
[5.195s] running install_data
[5.196s] running install_egg_info
[5.200s] removing '/home/tom/aeac-2026/packages/src/nav_stack/ros2_ws/install/mission/lib/python3.10/site-packages/mission-0.0.0-py3.10.egg-info' (and everything under it)
[5.201s] Copying ../../build/mission/mission.egg-info to /home/tom/aeac-2026/packages/src/nav_stack/ros2_ws/install/mission/lib/python3.10/site-packages/mission-0.0.0-py3.10.egg-info
[5.213s] running install_scripts
[5.283s] Installing gps_to_local script to /home/tom/aeac-2026/packages/src/nav_stack/ros2_ws/install/mission/lib/mission
[5.284s] Installing laps script to /home/tom/aeac-2026/packages/src/nav_stack/ros2_ws/install/mission/lib/mission
[5.284s] writing list of installed files to '/home/tom/aeac-2026/packages/src/nav_stack/ros2_ws/build/mission/install.log'
[5.379s] Invoked command in '/home/tom/aeac-2026/packages/src/nav_stack/ros2_ws/src/mission' returned '0': PYTHONPATH=/home/tom/aeac-2026/packages/src/nav_stack/ros2_ws/build/mission/prefix_override:/usr/lib/python3/dist-packages/colcon_core/task/python/colcon_distutils_commands:/home/tom/aeac-2026/packages/src/nav_stack/ros2_ws/install/mission/lib/python3.10/site-packages:${PYTHONPATH} /usr/bin/python3 -W ignore:setup.py install is deprecated -W ignore:easy_install command is deprecated setup.py egg_info --egg-base ../../build/mission build --build-base /home/tom/aeac-2026/packages/src/nav_stack/ros2_ws/build/mission/build install --record /home/tom/aeac-2026/packages/src/nav_stack/ros2_ws/build/mission/install.log --single-version-externally-managed install_data
