[2.823s] Invoking command in '/home/tom/aeac-2026/packages/src/nav_stack/ros2_ws/src/bringup': PYTHONPATH=/home/tom/aeac-2026/packages/src/nav_stack/ros2_ws/build/bringup/prefix_override:/usr/lib/python3/dist-packages/colcon_core/task/python/colcon_distutils_commands:/home/tom/aeac-2026/packages/src/nav_stack/ros2_ws/install/bringup/lib/python3.10/site-packages:${PYTHONPATH} /usr/bin/python3 -W ignore:setup.py install is deprecated -W ignore:easy_install command is deprecated setup.py egg_info --egg-base ../../build/bringup build --build-base /home/tom/aeac-2026/packages/src/nav_stack/ros2_ws/build/bringup/build install --record /home/tom/aeac-2026/packages/src/nav_stack/ros2_ws/build/bringup/install.log --single-version-externally-managed install_data
[3.648s] running egg_info
[3.650s] writing ../../build/bringup/bringup.egg-info/PKG-INFO
[3.652s] writing dependency_links to ../../build/bringup/bringup.egg-info/dependency_links.txt
[3.653s] writing requirements to ../../build/bringup/bringup.egg-info/requires.txt
[3.653s] writing top-level names to ../../build/bringup/bringup.egg-info/top_level.txt
[3.658s] reading manifest file '../../build/bringup/bringup.egg-info/SOURCES.txt'
[3.661s] writing manifest file '../../build/bringup/bringup.egg-info/SOURCES.txt'
[3.662s] running build
[3.663s] running build_py
[3.663s] running install
[3.664s] running install_lib
[3.668s] running install_data
[3.668s] copying config/trajectoirePhase1.json -> /home/tom/aeac-2026/packages/src/nav_stack/ros2_ws/install/bringup/share/bringup/config
[3.669s] running install_egg_info
[3.676s] removing '/home/tom/aeac-2026/packages/src/nav_stack/ros2_ws/install/bringup/lib/python3.10/site-packages/bringup-0.0.0-py3.10.egg-info' (and everything under it)
[3.678s] Copying ../../build/bringup/bringup.egg-info to /home/tom/aeac-2026/packages/src/nav_stack/ros2_ws/install/bringup/lib/python3.10/site-packages/bringup-0.0.0-py3.10.egg-info
[3.683s] running install_scripts
[3.731s] writing list of installed files to '/home/tom/aeac-2026/packages/src/nav_stack/ros2_ws/build/bringup/install.log'
[3.807s] Invoked command in '/home/tom/aeac-2026/packages/src/nav_stack/ros2_ws/src/bringup' returned '0': PYTHONPATH=/home/tom/aeac-2026/packages/src/nav_stack/ros2_ws/build/bringup/prefix_override:/usr/lib/python3/dist-packages/colcon_core/task/python/colcon_distutils_commands:/home/tom/aeac-2026/packages/src/nav_stack/ros2_ws/install/bringup/lib/python3.10/site-packages:${PYTHONPATH} /usr/bin/python3 -W ignore:setup.py install is deprecated -W ignore:easy_install command is deprecated setup.py egg_info --egg-base ../../build/bringup build --build-base /home/tom/aeac-2026/packages/src/nav_stack/ros2_ws/build/bringup/build install --record /home/tom/aeac-2026/packages/src/nav_stack/ros2_ws/build/bringup/install.log --single-version-externally-managed install_data
