[0.504s] DEBUG:colcon:Command line arguments: ['/usr/bin/colcon', 'build']
[0.504s] DEBUG:colcon:Parsed command line arguments: Namespace(log_base=None, log_level=None, verb_name='build', build_base='build', install_base='install', merge_install=False, symlink_install=False, test_result_base=None, continue_on_error=False, executor='parallel', parallel_workers=8, event_handlers=None, ignore_user_meta=False, metas=['./colcon.meta'], base_paths=['.'], packages_ignore=None, packages_ignore_regex=None, paths=None, packages_up_to=None, packages_up_to_regex=None, packages_above=None, packages_above_and_dependencies=None, packages_above_depth=None, packages_select_by_dep=None, packages_skip_by_dep=None, packages_skip_up_to=None, packages_select_build_failed=False, packages_skip_build_finished=False, packages_select_test_failures=False, packages_skip_test_passed=False, packages_select=None, packages_skip=None, packages_select_regex=None, packages_skip_regex=None, packages_start=None, packages_end=None, allow_overriding=[], cmake_args=None, cmake_target=None, cmake_target_skip_unavailable=False, cmake_clean_cache=False, cmake_clean_first=False, cmake_force_configure=False, ament_cmake_args=None, catkin_cmake_args=None, catkin_skip_building_tests=False, mixin_files=None, mixin=None, verb_parser=<colcon_mixin.mixin.mixin_argument.MixinArgumentDecorator object at 0x77099db23100>, verb_extension=<colcon_core.verb.build.BuildVerb object at 0x77099dc9c6a0>, main=<bound method BuildVerb.main of <colcon_core.verb.build.BuildVerb object at 0x77099dc9c6a0>>, mixin_verb=('build',))
[1.023s] Level 1:colcon.colcon_core.package_discovery:discover_packages(colcon_meta) check parameters
[1.024s] Level 1:colcon.colcon_core.package_discovery:discover_packages(recursive) check parameters
[1.024s] Level 1:colcon.colcon_core.package_discovery:discover_packages(ignore) check parameters
[1.024s] Level 1:colcon.colcon_core.package_discovery:discover_packages(path) check parameters
[1.024s] Level 1:colcon.colcon_core.package_discovery:discover_packages(colcon_meta) discover
[1.024s] Level 1:colcon.colcon_core.package_discovery:discover_packages(recursive) discover
[1.025s] INFO:colcon.colcon_core.package_discovery:Crawling recursively for packages in '/home/tom/aeac-2026/packages'
[1.025s] Level 1:colcon.colcon_core.package_identification:_identify(.) by extensions ['ignore', 'ignore_ament_install']
[1.025s] Level 1:colcon.colcon_core.package_identification:_identify(.) by extension 'ignore'
[1.025s] Level 1:colcon.colcon_core.package_identification:_identify(.) by extension 'ignore_ament_install'
[1.026s] Level 1:colcon.colcon_core.package_identification:_identify(.) by extensions ['colcon_pkg']
[1.026s] Level 1:colcon.colcon_core.package_identification:_identify(.) by extension 'colcon_pkg'
[1.026s] Level 1:colcon.colcon_core.package_identification:_identify(.) by extensions ['colcon_meta']
[1.026s] Level 1:colcon.colcon_core.package_identification:_identify(.) by extension 'colcon_meta'
[1.026s] Level 1:colcon.colcon_core.package_identification:_identify(.) by extensions ['ros']
[1.026s] Level 1:colcon.colcon_core.package_identification:_identify(.) by extension 'ros'
[1.046s] Level 1:colcon.colcon_core.package_identification:_identify(.) by extensions ['cmake', 'python']
[1.046s] Level 1:colcon.colcon_core.package_identification:_identify(.) by extension 'cmake'
[1.047s] Level 1:colcon.colcon_core.package_identification:_identify(.) by extension 'python'
[1.047s] Level 1:colcon.colcon_core.package_identification:_identify(.) by extensions ['python_setup_py']
[1.047s] Level 1:colcon.colcon_core.package_identification:_identify(.) by extension 'python_setup_py'
[1.047s] Level 1:colcon.colcon_core.package_identification:_identify(build) by extensions ['ignore', 'ignore_ament_install']
[1.047s] Level 1:colcon.colcon_core.package_identification:_identify(build) by extension 'ignore'
[1.047s] Level 1:colcon.colcon_core.package_identification:_identify(build) ignored
[1.047s] Level 1:colcon.colcon_core.package_identification:_identify(install) by extensions ['ignore', 'ignore_ament_install']
[1.048s] Level 1:colcon.colcon_core.package_identification:_identify(install) by extension 'ignore'
[1.048s] Level 1:colcon.colcon_core.package_identification:_identify(install) ignored
[1.048s] Level 1:colcon.colcon_core.package_identification:_identify(log) by extensions ['ignore', 'ignore_ament_install']
[1.048s] Level 1:colcon.colcon_core.package_identification:_identify(log) by extension 'ignore'
[1.048s] Level 1:colcon.colcon_core.package_identification:_identify(log) ignored
[1.048s] Level 1:colcon.colcon_core.package_identification:_identify(src) by extensions ['ignore', 'ignore_ament_install']
[1.048s] Level 1:colcon.colcon_core.package_identification:_identify(src) by extension 'ignore'
[1.048s] Level 1:colcon.colcon_core.package_identification:_identify(src) by extension 'ignore_ament_install'
[1.049s] Level 1:colcon.colcon_core.package_identification:_identify(src) by extensions ['colcon_pkg']
[1.049s] Level 1:colcon.colcon_core.package_identification:_identify(src) by extension 'colcon_pkg'
[1.049s] Level 1:colcon.colcon_core.package_identification:_identify(src) by extensions ['colcon_meta']
[1.049s] Level 1:colcon.colcon_core.package_identification:_identify(src) by extension 'colcon_meta'
[1.049s] Level 1:colcon.colcon_core.package_identification:_identify(src) by extensions ['ros']
[1.049s] Level 1:colcon.colcon_core.package_identification:_identify(src) by extension 'ros'
[1.049s] Level 1:colcon.colcon_core.package_identification:_identify(src) by extensions ['cmake', 'python']
[1.049s] Level 1:colcon.colcon_core.package_identification:_identify(src) by extension 'cmake'
[1.049s] Level 1:colcon.colcon_core.package_identification:_identify(src) by extension 'python'
[1.049s] Level 1:colcon.colcon_core.package_identification:_identify(src) by extensions ['python_setup_py']
[1.049s] Level 1:colcon.colcon_core.package_identification:_identify(src) by extension 'python_setup_py'
[1.049s] Level 1:colcon.colcon_core.package_identification:_identify(src/UI) by extensions ['ignore', 'ignore_ament_install']
[1.050s] Level 1:colcon.colcon_core.package_identification:_identify(src/UI) by extension 'ignore'
[1.050s] Level 1:colcon.colcon_core.package_identification:_identify(src/UI) by extension 'ignore_ament_install'
[1.050s] Level 1:colcon.colcon_core.package_identification:_identify(src/UI) by extensions ['colcon_pkg']
[1.050s] Level 1:colcon.colcon_core.package_identification:_identify(src/UI) by extension 'colcon_pkg'
[1.050s] Level 1:colcon.colcon_core.package_identification:_identify(src/UI) by extensions ['colcon_meta']
[1.050s] Level 1:colcon.colcon_core.package_identification:_identify(src/UI) by extension 'colcon_meta'
[1.050s] Level 1:colcon.colcon_core.package_identification:_identify(src/UI) by extensions ['ros']
[1.050s] Level 1:colcon.colcon_core.package_identification:_identify(src/UI) by extension 'ros'
[1.050s] Level 1:colcon.colcon_core.package_identification:_identify(src/UI) by extensions ['cmake', 'python']
[1.050s] Level 1:colcon.colcon_core.package_identification:_identify(src/UI) by extension 'cmake'
[1.050s] Level 1:colcon.colcon_core.package_identification:_identify(src/UI) by extension 'python'
[1.050s] Level 1:colcon.colcon_core.package_identification:_identify(src/UI) by extensions ['python_setup_py']
[1.051s] Level 1:colcon.colcon_core.package_identification:_identify(src/UI) by extension 'python_setup_py'
[1.051s] Level 1:colcon.colcon_core.package_identification:_identify(src/bringup) by extensions ['ignore', 'ignore_ament_install']
[1.051s] Level 1:colcon.colcon_core.package_identification:_identify(src/bringup) by extension 'ignore'
[1.052s] Level 1:colcon.colcon_core.package_identification:_identify(src/bringup) by extension 'ignore_ament_install'
[1.053s] Level 1:colcon.colcon_core.package_identification:_identify(src/bringup) by extensions ['colcon_pkg']
[1.053s] Level 1:colcon.colcon_core.package_identification:_identify(src/bringup) by extension 'colcon_pkg'
[1.054s] Level 1:colcon.colcon_core.package_identification:_identify(src/bringup) by extensions ['colcon_meta']
[1.054s] Level 1:colcon.colcon_core.package_identification:_identify(src/bringup) by extension 'colcon_meta'
[1.054s] Level 1:colcon.colcon_core.package_identification:_identify(src/bringup) by extensions ['ros']
[1.054s] Level 1:colcon.colcon_core.package_identification:_identify(src/bringup) by extension 'ros'
[1.054s] Level 1:colcon.colcon_core.package_identification:_identify(src/bringup) by extensions ['cmake', 'python']
[1.055s] Level 1:colcon.colcon_core.package_identification:_identify(src/bringup) by extension 'cmake'
[1.055s] Level 1:colcon.colcon_core.package_identification:_identify(src/bringup) by extension 'python'
[1.055s] Level 1:colcon.colcon_core.package_identification:_identify(src/bringup) by extensions ['python_setup_py']
[1.055s] Level 1:colcon.colcon_core.package_identification:_identify(src/bringup) by extension 'python_setup_py'
[1.055s] Level 1:colcon.colcon_core.package_identification:_identify(src/custom_interfaces) by extensions ['ignore', 'ignore_ament_install']
[1.056s] Level 1:colcon.colcon_core.package_identification:_identify(src/custom_interfaces) by extension 'ignore'
[1.056s] Level 1:colcon.colcon_core.package_identification:_identify(src/custom_interfaces) by extension 'ignore_ament_install'
[1.056s] Level 1:colcon.colcon_core.package_identification:_identify(src/custom_interfaces) by extensions ['colcon_pkg']
[1.056s] Level 1:colcon.colcon_core.package_identification:_identify(src/custom_interfaces) by extension 'colcon_pkg'
[1.056s] Level 1:colcon.colcon_core.package_identification:_identify(src/custom_interfaces) by extensions ['colcon_meta']
[1.056s] Level 1:colcon.colcon_core.package_identification:_identify(src/custom_interfaces) by extension 'colcon_meta'
[1.057s] Level 1:colcon.colcon_core.package_identification:_identify(src/custom_interfaces) by extensions ['ros']
[1.057s] Level 1:colcon.colcon_core.package_identification:_identify(src/custom_interfaces) by extension 'ros'
[1.064s] DEBUG:colcon.colcon_core.package_identification:Package 'src/custom_interfaces' with type 'ros.catkin' and name 'custom_interfaces'
[1.064s] Level 1:colcon.colcon_core.package_identification:_identify(src/nav_stack) by extensions ['ignore', 'ignore_ament_install']
[1.065s] Level 1:colcon.colcon_core.package_identification:_identify(src/nav_stack) by extension 'ignore'
[1.065s] Level 1:colcon.colcon_core.package_identification:_identify(src/nav_stack) by extension 'ignore_ament_install'
[1.065s] Level 1:colcon.colcon_core.package_identification:_identify(src/nav_stack) by extensions ['colcon_pkg']
[1.065s] Level 1:colcon.colcon_core.package_identification:_identify(src/nav_stack) by extension 'colcon_pkg'
[1.065s] Level 1:colcon.colcon_core.package_identification:_identify(src/nav_stack) by extensions ['colcon_meta']
[1.065s] Level 1:colcon.colcon_core.package_identification:_identify(src/nav_stack) by extension 'colcon_meta'
[1.066s] Level 1:colcon.colcon_core.package_identification:_identify(src/nav_stack) by extensions ['ros']
[1.066s] Level 1:colcon.colcon_core.package_identification:_identify(src/nav_stack) by extension 'ros'
[1.066s] Level 1:colcon.colcon_core.package_identification:_identify(src/nav_stack) by extensions ['cmake', 'python']
[1.066s] Level 1:colcon.colcon_core.package_identification:_identify(src/nav_stack) by extension 'cmake'
[1.066s] Level 1:colcon.colcon_core.package_identification:_identify(src/nav_stack) by extension 'python'
[1.066s] Level 1:colcon.colcon_core.package_identification:_identify(src/nav_stack) by extensions ['python_setup_py']
[1.066s] Level 1:colcon.colcon_core.package_identification:_identify(src/nav_stack) by extension 'python_setup_py'
[1.067s] Level 1:colcon.colcon_core.package_identification:_identify(src/nav_stack/ros2_ws) by extensions ['ignore', 'ignore_ament_install']
[1.067s] Level 1:colcon.colcon_core.package_identification:_identify(src/nav_stack/ros2_ws) by extension 'ignore'
[1.067s] Level 1:colcon.colcon_core.package_identification:_identify(src/nav_stack/ros2_ws) by extension 'ignore_ament_install'
[1.068s] Level 1:colcon.colcon_core.package_identification:_identify(src/nav_stack/ros2_ws) by extensions ['colcon_pkg']
[1.068s] Level 1:colcon.colcon_core.package_identification:_identify(src/nav_stack/ros2_ws) by extension 'colcon_pkg'
[1.068s] Level 1:colcon.colcon_core.package_identification:_identify(src/nav_stack/ros2_ws) by extensions ['colcon_meta']
[1.068s] Level 1:colcon.colcon_core.package_identification:_identify(src/nav_stack/ros2_ws) by extension 'colcon_meta'
[1.068s] Level 1:colcon.colcon_core.package_identification:_identify(src/nav_stack/ros2_ws) by extensions ['ros']
[1.068s] Level 1:colcon.colcon_core.package_identification:_identify(src/nav_stack/ros2_ws) by extension 'ros'
[1.069s] Level 1:colcon.colcon_core.package_identification:_identify(src/nav_stack/ros2_ws) by extensions ['cmake', 'python']
[1.069s] Level 1:colcon.colcon_core.package_identification:_identify(src/nav_stack/ros2_ws) by extension 'cmake'
[1.069s] Level 1:colcon.colcon_core.package_identification:_identify(src/nav_stack/ros2_ws) by extension 'python'
[1.069s] Level 1:colcon.colcon_core.package_identification:_identify(src/nav_stack/ros2_ws) by extensions ['python_setup_py']
[1.069s] Level 1:colcon.colcon_core.package_identification:_identify(src/nav_stack/ros2_ws) by extension 'python_setup_py'
[1.070s] Level 1:colcon.colcon_core.package_identification:_identify(src/nav_stack/ros2_ws/src) by extensions ['ignore', 'ignore_ament_install']
[1.070s] Level 1:colcon.colcon_core.package_identification:_identify(src/nav_stack/ros2_ws/src) by extension 'ignore'
[1.070s] Level 1:colcon.colcon_core.package_identification:_identify(src/nav_stack/ros2_ws/src) by extension 'ignore_ament_install'
[1.070s] Level 1:colcon.colcon_core.package_identification:_identify(src/nav_stack/ros2_ws/src) by extensions ['colcon_pkg']
[1.070s] Level 1:colcon.colcon_core.package_identification:_identify(src/nav_stack/ros2_ws/src) by extension 'colcon_pkg'
[1.071s] Level 1:colcon.colcon_core.package_identification:_identify(src/nav_stack/ros2_ws/src) by extensions ['colcon_meta']
[1.071s] Level 1:colcon.colcon_core.package_identification:_identify(src/nav_stack/ros2_ws/src) by extension 'colcon_meta'
[1.071s] Level 1:colcon.colcon_core.package_identification:_identify(src/nav_stack/ros2_ws/src) by extensions ['ros']
[1.071s] Level 1:colcon.colcon_core.package_identification:_identify(src/nav_stack/ros2_ws/src) by extension 'ros'
[1.071s] Level 1:colcon.colcon_core.package_identification:_identify(src/nav_stack/ros2_ws/src) by extensions ['cmake', 'python']
[1.071s] Level 1:colcon.colcon_core.package_identification:_identify(src/nav_stack/ros2_ws/src) by extension 'cmake'
[1.071s] Level 1:colcon.colcon_core.package_identification:_identify(src/nav_stack/ros2_ws/src) by extension 'python'
[1.071s] Level 1:colcon.colcon_core.package_identification:_identify(src/nav_stack/ros2_ws/src) by extensions ['python_setup_py']
[1.071s] Level 1:colcon.colcon_core.package_identification:_identify(src/nav_stack/ros2_ws/src) by extension 'python_setup_py'
[1.071s] Level 1:colcon.colcon_core.package_identification:_identify(src/nav_stack/ros2_ws/src/bringup) by extensions ['ignore', 'ignore_ament_install']
[1.071s] Level 1:colcon.colcon_core.package_identification:_identify(src/nav_stack/ros2_ws/src/bringup) by extension 'ignore'
[1.072s] Level 1:colcon.colcon_core.package_identification:_identify(src/nav_stack/ros2_ws/src/bringup) by extension 'ignore_ament_install'
[1.072s] Level 1:colcon.colcon_core.package_identification:_identify(src/nav_stack/ros2_ws/src/bringup) by extensions ['colcon_pkg']
[1.072s] Level 1:colcon.colcon_core.package_identification:_identify(src/nav_stack/ros2_ws/src/bringup) by extension 'colcon_pkg'
[1.072s] Level 1:colcon.colcon_core.package_identification:_identify(src/nav_stack/ros2_ws/src/bringup) by extensions ['colcon_meta']
[1.073s] Level 1:colcon.colcon_core.package_identification:_identify(src/nav_stack/ros2_ws/src/bringup) by extension 'colcon_meta'
[1.073s] Level 1:colcon.colcon_core.package_identification:_identify(src/nav_stack/ros2_ws/src/bringup) by extensions ['ros']
[1.073s] Level 1:colcon.colcon_core.package_identification:_identify(src/nav_stack/ros2_ws/src/bringup) by extension 'ros'
[1.075s] DEBUG:colcon.colcon_core.package_identification:Package 'src/nav_stack/ros2_ws/src/bringup' with type 'ros.ament_python' and name 'bringup'
[1.075s] Level 1:colcon.colcon_core.package_identification:_identify(src/nav_stack/ros2_ws/src/mission) by extensions ['ignore', 'ignore_ament_install']
[1.076s] Level 1:colcon.colcon_core.package_identification:_identify(src/nav_stack/ros2_ws/src/mission) by extension 'ignore'
[1.076s] Level 1:colcon.colcon_core.package_identification:_identify(src/nav_stack/ros2_ws/src/mission) by extension 'ignore_ament_install'
[1.076s] Level 1:colcon.colcon_core.package_identification:_identify(src/nav_stack/ros2_ws/src/mission) by extensions ['colcon_pkg']
[1.076s] Level 1:colcon.colcon_core.package_identification:_identify(src/nav_stack/ros2_ws/src/mission) by extension 'colcon_pkg'
[1.076s] Level 1:colcon.colcon_core.package_identification:_identify(src/nav_stack/ros2_ws/src/mission) by extensions ['colcon_meta']
[1.076s] Level 1:colcon.colcon_core.package_identification:_identify(src/nav_stack/ros2_ws/src/mission) by extension 'colcon_meta'
[1.077s] Level 1:colcon.colcon_core.package_identification:_identify(src/nav_stack/ros2_ws/src/mission) by extensions ['ros']
[1.077s] Level 1:colcon.colcon_core.package_identification:_identify(src/nav_stack/ros2_ws/src/mission) by extension 'ros'
[1.078s] DEBUG:colcon.colcon_core.package_identification:Package 'src/nav_stack/ros2_ws/src/mission' with type 'ros.ament_python' and name 'mission'
[1.078s] Level 1:colcon.colcon_core.package_identification:_identify(src/polar_system) by extensions ['ignore', 'ignore_ament_install']
[1.078s] Level 1:colcon.colcon_core.package_identification:_identify(src/polar_system) by extension 'ignore'
[1.078s] Level 1:colcon.colcon_core.package_identification:_identify(src/polar_system) by extension 'ignore_ament_install'
[1.078s] Level 1:colcon.colcon_core.package_identification:_identify(src/polar_system) by extensions ['colcon_pkg']
[1.079s] Level 1:colcon.colcon_core.package_identification:_identify(src/polar_system) by extension 'colcon_pkg'
[1.079s] Level 1:colcon.colcon_core.package_identification:_identify(src/polar_system) by extensions ['colcon_meta']
[1.079s] Level 1:colcon.colcon_core.package_identification:_identify(src/polar_system) by extension 'colcon_meta'
[1.079s] Level 1:colcon.colcon_core.package_identification:_identify(src/polar_system) by extensions ['ros']
[1.079s] Level 1:colcon.colcon_core.package_identification:_identify(src/polar_system) by extension 'ros'
[1.079s] Level 1:colcon.colcon_core.package_identification:_identify(src/polar_system) by extensions ['cmake', 'python']
[1.079s] Level 1:colcon.colcon_core.package_identification:_identify(src/polar_system) by extension 'cmake'
[1.079s] Level 1:colcon.colcon_core.package_identification:_identify(src/polar_system) by extension 'python'
[1.080s] Level 1:colcon.colcon_core.package_identification:_identify(src/polar_system) by extensions ['python_setup_py']
[1.080s] Level 1:colcon.colcon_core.package_identification:_identify(src/polar_system) by extension 'python_setup_py'
[1.080s] Level 1:colcon.colcon_core.package_identification:_identify(src/ros2_gremsy) by extensions ['ignore', 'ignore_ament_install']
[1.080s] Level 1:colcon.colcon_core.package_identification:_identify(src/ros2_gremsy) by extension 'ignore'
[1.080s] Level 1:colcon.colcon_core.package_identification:_identify(src/ros2_gremsy) by extension 'ignore_ament_install'
[1.080s] Level 1:colcon.colcon_core.package_identification:_identify(src/ros2_gremsy) by extensions ['colcon_pkg']
[1.080s] Level 1:colcon.colcon_core.package_identification:_identify(src/ros2_gremsy) by extension 'colcon_pkg'
[1.080s] Level 1:colcon.colcon_core.package_identification:_identify(src/ros2_gremsy) by extensions ['colcon_meta']
[1.081s] Level 1:colcon.colcon_core.package_identification:_identify(src/ros2_gremsy) by extension 'colcon_meta'
[1.081s] Level 1:colcon.colcon_core.package_identification:_identify(src/ros2_gremsy) by extensions ['ros']
[1.081s] Level 1:colcon.colcon_core.package_identification:_identify(src/ros2_gremsy) by extension 'ros'
[1.081s] Level 1:colcon.colcon_core.package_identification:_identify(src/ros2_gremsy) by extensions ['cmake', 'python']
[1.081s] Level 1:colcon.colcon_core.package_identification:_identify(src/ros2_gremsy) by extension 'cmake'
[1.081s] Level 1:colcon.colcon_core.package_identification:_identify(src/ros2_gremsy) by extension 'python'
[1.081s] Level 1:colcon.colcon_core.package_identification:_identify(src/ros2_gremsy) by extensions ['python_setup_py']
[1.081s] Level 1:colcon.colcon_core.package_identification:_identify(src/ros2_gremsy) by extension 'python_setup_py'
[1.082s] Level 1:colcon.colcon_core.package_identification:_identify(src/tools) by extensions ['ignore', 'ignore_ament_install']
[1.082s] Level 1:colcon.colcon_core.package_identification:_identify(src/tools) by extension 'ignore'
[1.082s] Level 1:colcon.colcon_core.package_identification:_identify(src/tools) by extension 'ignore_ament_install'
[1.083s] Level 1:colcon.colcon_core.package_identification:_identify(src/tools) by extensions ['colcon_pkg']
[1.083s] Level 1:colcon.colcon_core.package_identification:_identify(src/tools) by extension 'colcon_pkg'
[1.083s] Level 1:colcon.colcon_core.package_identification:_identify(src/tools) by extensions ['colcon_meta']
[1.083s] Level 1:colcon.colcon_core.package_identification:_identify(src/tools) by extension 'colcon_meta'
[1.083s] Level 1:colcon.colcon_core.package_identification:_identify(src/tools) by extensions ['ros']
[1.083s] Level 1:colcon.colcon_core.package_identification:_identify(src/tools) by extension 'ros'
[1.084s] Level 1:colcon.colcon_core.package_identification:_identify(src/tools) by extensions ['cmake', 'python']
[1.084s] Level 1:colcon.colcon_core.package_identification:_identify(src/tools) by extension 'cmake'
[1.084s] Level 1:colcon.colcon_core.package_identification:_identify(src/tools) by extension 'python'
[1.084s] Level 1:colcon.colcon_core.package_identification:_identify(src/tools) by extensions ['python_setup_py']
[1.084s] Level 1:colcon.colcon_core.package_identification:_identify(src/tools) by extension 'python_setup_py'
[1.084s] Level 1:colcon.colcon_core.package_identification:_identify(src/vision) by extensions ['ignore', 'ignore_ament_install']
[1.084s] Level 1:colcon.colcon_core.package_identification:_identify(src/vision) by extension 'ignore'
[1.085s] Level 1:colcon.colcon_core.package_identification:_identify(src/vision) by extension 'ignore_ament_install'
[1.085s] Level 1:colcon.colcon_core.package_identification:_identify(src/vision) by extensions ['colcon_pkg']
[1.085s] Level 1:colcon.colcon_core.package_identification:_identify(src/vision) by extension 'colcon_pkg'
[1.085s] Level 1:colcon.colcon_core.package_identification:_identify(src/vision) by extensions ['colcon_meta']
[1.085s] Level 1:colcon.colcon_core.package_identification:_identify(src/vision) by extension 'colcon_meta'
[1.085s] Level 1:colcon.colcon_core.package_identification:_identify(src/vision) by extensions ['ros']
[1.085s] Level 1:colcon.colcon_core.package_identification:_identify(src/vision) by extension 'ros'
[1.085s] Level 1:colcon.colcon_core.package_identification:_identify(src/vision) by extensions ['cmake', 'python']
[1.085s] Level 1:colcon.colcon_core.package_identification:_identify(src/vision) by extension 'cmake'
[1.085s] Level 1:colcon.colcon_core.package_identification:_identify(src/vision) by extension 'python'
[1.085s] Level 1:colcon.colcon_core.package_identification:_identify(src/vision) by extensions ['python_setup_py']
[1.085s] Level 1:colcon.colcon_core.package_identification:_identify(src/vision) by extension 'python_setup_py'
[1.085s] Level 1:colcon.colcon_core.package_discovery:discover_packages(recursive) using defaults
[1.086s] Level 1:colcon.colcon_core.package_discovery:discover_packages(ignore) discover
[1.086s] Level 1:colcon.colcon_core.package_discovery:discover_packages(ignore) using defaults
[1.086s] Level 1:colcon.colcon_core.package_discovery:discover_packages(path) discover
[1.086s] Level 1:colcon.colcon_core.package_discovery:discover_packages(path) using defaults
[1.163s] Level 1:colcon.colcon_core.package_discovery:discover_packages(prefix_path) check parameters
[1.163s] Level 1:colcon.colcon_core.package_discovery:discover_packages(prefix_path) discover
[1.168s] DEBUG:colcon.colcon_installed_package_information.package_discovery:Found 3 installed packages in /home/tom/aeac-2026/packages/install
[1.169s] DEBUG:colcon.colcon_installed_package_information.package_discovery:Found 4 installed packages in /home/tom/ros2_ws/install
[1.171s] DEBUG:colcon.colcon_installed_package_information.package_discovery:Found 271 installed packages in /opt/ros/humble
[1.173s] Level 1:colcon.colcon_core.package_discovery:discover_packages(prefix_path) using defaults
[1.236s] Level 5:colcon.colcon_core.verb:set package 'bringup' build argument 'cmake_args' from command line to 'None'
[1.237s] Level 5:colcon.colcon_core.verb:set package 'bringup' build argument 'cmake_target' from command line to 'None'
[1.237s] Level 5:colcon.colcon_core.verb:set package 'bringup' build argument 'cmake_target_skip_unavailable' from command line to 'False'
[1.237s] Level 5:colcon.colcon_core.verb:set package 'bringup' build argument 'cmake_clean_cache' from command line to 'False'
[1.237s] Level 5:colcon.colcon_core.verb:set package 'bringup' build argument 'cmake_clean_first' from command line to 'False'
[1.237s] Level 5:colcon.colcon_core.verb:set package 'bringup' build argument 'cmake_force_configure' from command line to 'False'
[1.237s] Level 5:colcon.colcon_core.verb:set package 'bringup' build argument 'ament_cmake_args' from command line to 'None'
[1.237s] Level 5:colcon.colcon_core.verb:set package 'bringup' build argument 'catkin_cmake_args' from command line to 'None'
[1.237s] Level 5:colcon.colcon_core.verb:set package 'bringup' build argument 'catkin_skip_building_tests' from command line to 'False'
[1.237s] DEBUG:colcon.colcon_core.verb:Building package 'bringup' with the following arguments: {'ament_cmake_args': None, 'build_base': '/home/tom/aeac-2026/packages/build/bringup', 'catkin_cmake_args': None, 'catkin_skip_building_tests': False, 'cmake_args': None, 'cmake_clean_cache': False, 'cmake_clean_first': False, 'cmake_force_configure': False, 'cmake_target': None, 'cmake_target_skip_unavailable': False, 'install_base': '/home/tom/aeac-2026/packages/install/bringup', 'merge_install': False, 'path': '/home/tom/aeac-2026/packages/src/nav_stack/ros2_ws/src/bringup', 'symlink_install': False, 'test_result_base': None}
[1.238s] Level 5:colcon.colcon_core.verb:set package 'custom_interfaces' build argument 'cmake_args' from command line to 'None'
[1.238s] Level 5:colcon.colcon_core.verb:set package 'custom_interfaces' build argument 'cmake_target' from command line to 'None'
[1.238s] Level 5:colcon.colcon_core.verb:set package 'custom_interfaces' build argument 'cmake_target_skip_unavailable' from command line to 'False'
[1.238s] Level 5:colcon.colcon_core.verb:set package 'custom_interfaces' build argument 'cmake_clean_cache' from command line to 'False'
[1.238s] Level 5:colcon.colcon_core.verb:set package 'custom_interfaces' build argument 'cmake_clean_first' from command line to 'False'
[1.238s] Level 5:colcon.colcon_core.verb:set package 'custom_interfaces' build argument 'cmake_force_configure' from command line to 'False'
[1.238s] Level 5:colcon.colcon_core.verb:set package 'custom_interfaces' build argument 'ament_cmake_args' from command line to 'None'
[1.239s] Level 5:colcon.colcon_core.verb:set package 'custom_interfaces' build argument 'catkin_cmake_args' from command line to 'None'
[1.239s] Level 5:colcon.colcon_core.verb:set package 'custom_interfaces' build argument 'catkin_skip_building_tests' from command line to 'False'
[1.239s] DEBUG:colcon.colcon_core.verb:Building package 'custom_interfaces' with the following arguments: {'ament_cmake_args': None, 'build_base': '/home/tom/aeac-2026/packages/build/custom_interfaces', 'catkin_cmake_args': None, 'catkin_skip_building_tests': False, 'cmake_args': None, 'cmake_clean_cache': False, 'cmake_clean_first': False, 'cmake_force_configure': False, 'cmake_target': None, 'cmake_target_skip_unavailable': False, 'install_base': '/home/tom/aeac-2026/packages/install/custom_interfaces', 'merge_install': False, 'path': '/home/tom/aeac-2026/packages/src/custom_interfaces', 'symlink_install': False, 'test_result_base': None}
[1.240s] Level 5:colcon.colcon_core.verb:set package 'mission' build argument 'cmake_args' from command line to 'None'
[1.240s] Level 5:colcon.colcon_core.verb:set package 'mission' build argument 'cmake_target' from command line to 'None'
[1.240s] Level 5:colcon.colcon_core.verb:set package 'mission' build argument 'cmake_target_skip_unavailable' from command line to 'False'
[1.240s] Level 5:colcon.colcon_core.verb:set package 'mission' build argument 'cmake_clean_cache' from command line to 'False'
[1.240s] Level 5:colcon.colcon_core.verb:set package 'mission' build argument 'cmake_clean_first' from command line to 'False'
[1.240s] Level 5:colcon.colcon_core.verb:set package 'mission' build argument 'cmake_force_configure' from command line to 'False'
[1.240s] Level 5:colcon.colcon_core.verb:set package 'mission' build argument 'ament_cmake_args' from command line to 'None'
[1.240s] Level 5:colcon.colcon_core.verb:set package 'mission' build argument 'catkin_cmake_args' from command line to 'None'
[1.240s] Level 5:colcon.colcon_core.verb:set package 'mission' build argument 'catkin_skip_building_tests' from command line to 'False'
[1.240s] DEBUG:colcon.colcon_core.verb:Building package 'mission' with the following arguments: {'ament_cmake_args': None, 'build_base': '/home/tom/aeac-2026/packages/build/mission', 'catkin_cmake_args': None, 'catkin_skip_building_tests': False, 'cmake_args': None, 'cmake_clean_cache': False, 'cmake_clean_first': False, 'cmake_force_configure': False, 'cmake_target': None, 'cmake_target_skip_unavailable': False, 'install_base': '/home/tom/aeac-2026/packages/install/mission', 'merge_install': False, 'path': '/home/tom/aeac-2026/packages/src/nav_stack/ros2_ws/src/mission', 'symlink_install': False, 'test_result_base': None}
[1.240s] INFO:colcon.colcon_core.executor:Executing jobs using 'parallel' executor
[1.243s] DEBUG:colcon.colcon_parallel_executor.executor.parallel:run_until_complete
[1.243s] INFO:colcon.colcon_ros.task.ament_python.build:Building ROS package in '/home/tom/aeac-2026/packages/src/nav_stack/ros2_ws/src/bringup' with build type 'ament_python'
[1.244s] Level 1:colcon.colcon_core.shell:create_environment_hook('bringup', 'ament_prefix_path')
[1.248s] INFO:colcon.colcon_core.plugin_system:Skipping extension 'colcon_core.shell.bat': Not used on non-Windows systems
[1.248s] INFO:colcon.colcon_core.shell:Creating environment hook '/home/tom/aeac-2026/packages/install/bringup/share/bringup/hook/ament_prefix_path.ps1'
[1.250s] INFO:colcon.colcon_core.shell:Creating environment descriptor '/home/tom/aeac-2026/packages/install/bringup/share/bringup/hook/ament_prefix_path.dsv'
[1.252s] INFO:colcon.colcon_core.shell:Creating environment hook '/home/tom/aeac-2026/packages/install/bringup/share/bringup/hook/ament_prefix_path.sh'
[1.255s] INFO:colcon.colcon_core.shell:Skip shell extension 'powershell' for command environment: Not usable outside of PowerShell
[1.256s] DEBUG:colcon.colcon_core.shell:Skip shell extension 'dsv' for command environment
[1.264s] INFO:colcon.colcon_ros.task.catkin.build:Building ROS package in '/home/tom/aeac-2026/packages/src/custom_interfaces' with build type 'catkin'
[1.265s] INFO:colcon.colcon_cmake.task.cmake.build:Building CMake package in '/home/tom/aeac-2026/packages/src/custom_interfaces'
[1.266s] INFO:colcon.colcon_core.shell:Skip shell extension 'powershell' for command environment: Not usable outside of PowerShell
[1.267s] DEBUG:colcon.colcon_core.shell:Skip shell extension 'dsv' for command environment
[1.278s] INFO:colcon.colcon_ros.task.ament_python.build:Building ROS package in '/home/tom/aeac-2026/packages/src/nav_stack/ros2_ws/src/mission' with build type 'ament_python'
[1.279s] Level 1:colcon.colcon_core.shell:create_environment_hook('mission', 'ament_prefix_path')
[1.280s] INFO:colcon.colcon_core.shell:Creating environment hook '/home/tom/aeac-2026/packages/install/mission/share/mission/hook/ament_prefix_path.ps1'
[1.283s] INFO:colcon.colcon_core.shell:Creating environment descriptor '/home/tom/aeac-2026/packages/install/mission/share/mission/hook/ament_prefix_path.dsv'
[1.285s] INFO:colcon.colcon_core.shell:Creating environment hook '/home/tom/aeac-2026/packages/install/mission/share/mission/hook/ament_prefix_path.sh'
[1.288s] INFO:colcon.colcon_core.shell:Skip shell extension 'powershell' for command environment: Not usable outside of PowerShell
[1.288s] DEBUG:colcon.colcon_core.shell:Skip shell extension 'dsv' for command environment
[1.922s] INFO:colcon.colcon_core.task.python.build:Building Python package in '/home/tom/aeac-2026/packages/src/nav_stack/ros2_ws/src/bringup'
[1.923s] INFO:colcon.colcon_core.shell:Skip shell extension 'powershell' for command environment: Not usable outside of PowerShell
[1.923s] DEBUG:colcon.colcon_core.shell:Skip shell extension 'dsv' for command environment
[1.961s] DEBUG:colcon.colcon_core.event_handler.log_command:Invoking command in '/home/tom/aeac-2026/packages/build/custom_interfaces': /usr/bin/cmake --build /home/tom/aeac-2026/packages/build/custom_interfaces -- -j8 -l8
[3.014s] INFO:colcon.colcon_core.task.python.build:Building Python package in '/home/tom/aeac-2026/packages/src/nav_stack/ros2_ws/src/mission'
[3.015s] INFO:colcon.colcon_core.shell:Skip shell extension 'powershell' for command environment: Not usable outside of PowerShell
[3.016s] DEBUG:colcon.colcon_core.shell:Skip shell extension 'dsv' for command environment
[3.498s] DEBUG:colcon.colcon_core.event_handler.log_command:Invoked command in '/home/tom/aeac-2026/packages/build/custom_interfaces' returned '0': /usr/bin/cmake --build /home/tom/aeac-2026/packages/build/custom_interfaces -- -j8 -l8
[3.552s] DEBUG:colcon.colcon_core.event_handler.log_command:Invoking command in '/home/tom/aeac-2026/packages/build/custom_interfaces': /usr/bin/cmake --install /home/tom/aeac-2026/packages/build/custom_interfaces
[3.784s] Level 1:colcon.colcon_core.shell:create_environment_hook('custom_interfaces', 'ros_package_path')
[3.785s] DEBUG:colcon.colcon_core.event_handler.log_command:Invoked command in '/home/tom/aeac-2026/packages/build/custom_interfaces' returned '0': /usr/bin/cmake --install /home/tom/aeac-2026/packages/build/custom_interfaces
[3.786s] INFO:colcon.colcon_core.shell:Creating environment hook '/home/tom/aeac-2026/packages/install/custom_interfaces/share/custom_interfaces/hook/ros_package_path.ps1'
[3.789s] INFO:colcon.colcon_core.shell:Creating environment descriptor '/home/tom/aeac-2026/packages/install/custom_interfaces/share/custom_interfaces/hook/ros_package_path.dsv'
[3.790s] INFO:colcon.colcon_core.shell:Creating environment hook '/home/tom/aeac-2026/packages/install/custom_interfaces/share/custom_interfaces/hook/ros_package_path.sh'
[3.793s] Level 1:colcon.colcon_ros.task.catkin:checking '/home/tom/aeac-2026/packages/install/custom_interfaces/local/lib/python3.10/dist-packages'
[3.794s] Level 1:colcon.colcon_core.shell:create_environment_hook('custom_interfaces', 'catkin_pythonpath')
[3.798s] INFO:colcon.colcon_core.shell:Creating environment hook '/home/tom/aeac-2026/packages/install/custom_interfaces/share/custom_interfaces/hook/catkin_pythonpath.ps1'
[3.799s] INFO:colcon.colcon_core.shell:Creating environment descriptor '/home/tom/aeac-2026/packages/install/custom_interfaces/share/custom_interfaces/hook/catkin_pythonpath.dsv'
[3.801s] INFO:colcon.colcon_core.shell:Creating environment hook '/home/tom/aeac-2026/packages/install/custom_interfaces/share/custom_interfaces/hook/catkin_pythonpath.sh'
[3.803s] Level 1:colcon.colcon_core.shell:create_environment_hook('custom_interfaces', 'pkg_config_path')
[3.804s] INFO:colcon.colcon_core.shell:Creating environment hook '/home/tom/aeac-2026/packages/install/custom_interfaces/share/custom_interfaces/hook/pkg_config_path.ps1'
[3.815s] INFO:colcon.colcon_core.shell:Creating environment descriptor '/home/tom/aeac-2026/packages/install/custom_interfaces/share/custom_interfaces/hook/pkg_config_path.dsv'
[3.816s] INFO:colcon.colcon_core.shell:Creating environment hook '/home/tom/aeac-2026/packages/install/custom_interfaces/share/custom_interfaces/hook/pkg_config_path.sh'
[3.831s] Level 1:colcon.colcon_core.shell:create_environment_hook('custom_interfaces', 'pkg_config_path_multiarch')
[3.832s] INFO:colcon.colcon_core.shell:Creating environment hook '/home/tom/aeac-2026/packages/install/custom_interfaces/share/custom_interfaces/hook/pkg_config_path_multiarch.ps1'
[3.833s] INFO:colcon.colcon_core.shell:Creating environment descriptor '/home/tom/aeac-2026/packages/install/custom_interfaces/share/custom_interfaces/hook/pkg_config_path_multiarch.dsv'
[3.835s] INFO:colcon.colcon_core.shell:Creating environment hook '/home/tom/aeac-2026/packages/install/custom_interfaces/share/custom_interfaces/hook/pkg_config_path_multiarch.sh'
[3.844s] Level 1:colcon.colcon_core.environment:create_environment_scripts_only(custom_interfaces)
[3.852s] Level 1:colcon.colcon_core.environment:checking '/home/tom/aeac-2026/packages/install/custom_interfaces' for CMake module files
[3.854s] Level 1:colcon.colcon_core.environment:checking '/home/tom/aeac-2026/packages/install/custom_interfaces' for CMake config files
[3.856s] Level 1:colcon.colcon_core.shell:create_environment_hook('custom_interfaces', 'cmake_prefix_path')
[3.857s] INFO:colcon.colcon_core.shell:Creating environment hook '/home/tom/aeac-2026/packages/install/custom_interfaces/share/custom_interfaces/hook/cmake_prefix_path.ps1'
[3.858s] INFO:colcon.colcon_core.shell:Creating environment descriptor '/home/tom/aeac-2026/packages/install/custom_interfaces/share/custom_interfaces/hook/cmake_prefix_path.dsv'
[3.860s] INFO:colcon.colcon_core.shell:Creating environment hook '/home/tom/aeac-2026/packages/install/custom_interfaces/share/custom_interfaces/hook/cmake_prefix_path.sh'
[3.863s] Level 1:colcon.colcon_core.environment:checking '/home/tom/aeac-2026/packages/install/custom_interfaces/lib'
[3.863s] Level 1:colcon.colcon_core.shell:create_environment_hook('custom_interfaces', 'ld_library_path_lib')
[3.864s] INFO:colcon.colcon_core.shell:Creating environment hook '/home/tom/aeac-2026/packages/install/custom_interfaces/share/custom_interfaces/hook/ld_library_path_lib.ps1'
[3.866s] INFO:colcon.colcon_core.shell:Creating environment descriptor '/home/tom/aeac-2026/packages/install/custom_interfaces/share/custom_interfaces/hook/ld_library_path_lib.dsv'
[3.867s] INFO:colcon.colcon_core.shell:Creating environment hook '/home/tom/aeac-2026/packages/install/custom_interfaces/share/custom_interfaces/hook/ld_library_path_lib.sh'
[3.869s] Level 1:colcon.colcon_core.environment:checking '/home/tom/aeac-2026/packages/install/custom_interfaces/bin'
[3.869s] Level 1:colcon.colcon_core.environment:checking '/home/tom/aeac-2026/packages/install/custom_interfaces/lib/pkgconfig/custom_interfaces.pc'
[3.870s] Level 1:colcon.colcon_core.environment:checking '/home/tom/aeac-2026/packages/install/custom_interfaces/lib/python3.10/site-packages'
[3.878s] Level 1:colcon.colcon_core.environment:checking '/home/tom/aeac-2026/packages/install/custom_interfaces/bin'
[3.880s] INFO:colcon.colcon_core.shell:Creating package script '/home/tom/aeac-2026/packages/install/custom_interfaces/share/custom_interfaces/package.ps1'
[3.885s] INFO:colcon.colcon_core.shell:Creating package descriptor '/home/tom/aeac-2026/packages/install/custom_interfaces/share/custom_interfaces/package.dsv'
[3.888s] INFO:colcon.colcon_core.shell:Creating package script '/home/tom/aeac-2026/packages/install/custom_interfaces/share/custom_interfaces/package.sh'
[3.892s] INFO:colcon.colcon_core.shell:Creating package script '/home/tom/aeac-2026/packages/install/custom_interfaces/share/custom_interfaces/package.bash'
[3.898s] INFO:colcon.colcon_core.shell:Creating package script '/home/tom/aeac-2026/packages/install/custom_interfaces/share/custom_interfaces/package.zsh'
[3.900s] Level 1:colcon.colcon_core.environment:create_file_with_runtime_dependencies(/home/tom/aeac-2026/packages/install/custom_interfaces/share/colcon-core/packages/custom_interfaces)
[4.336s] DEBUG:colcon.colcon_core.event_handler.log_command:Invoking command in '/home/tom/aeac-2026/packages/src/nav_stack/ros2_ws/src/mission': PYTHONPATH=/home/tom/aeac-2026/packages/build/mission/prefix_override:/usr/lib/python3/dist-packages/colcon_core/task/python/colcon_distutils_commands:/home/tom/aeac-2026/packages/install/mission/lib/python3.10/site-packages:${PYTHONPATH} /usr/bin/python3 -W ignore:setup.py install is deprecated -W ignore:easy_install command is deprecated setup.py egg_info --egg-base ../../../../../build/mission build --build-base /home/tom/aeac-2026/packages/build/mission/build install --record /home/tom/aeac-2026/packages/build/mission/install.log --single-version-externally-managed install_data
[4.383s] DEBUG:colcon.colcon_core.event_handler.log_command:Invoking command in '/home/tom/aeac-2026/packages/src/nav_stack/ros2_ws/src/bringup': PYTHONPATH=/home/tom/aeac-2026/packages/build/bringup/prefix_override:/usr/lib/python3/dist-packages/colcon_core/task/python/colcon_distutils_commands:/home/tom/aeac-2026/packages/install/bringup/lib/python3.10/site-packages:${PYTHONPATH} /usr/bin/python3 -W ignore:setup.py install is deprecated -W ignore:easy_install command is deprecated setup.py egg_info --egg-base ../../../../../build/bringup build --build-base /home/tom/aeac-2026/packages/build/bringup/build install --record /home/tom/aeac-2026/packages/build/bringup/install.log --single-version-externally-managed install_data
[5.600s] Level 1:colcon.colcon_core.environment:checking '/home/tom/aeac-2026/packages/install/mission' for CMake module files
[5.603s] Level 1:colcon.colcon_core.environment:checking '/home/tom/aeac-2026/packages/install/mission' for CMake config files
[5.606s] Level 1:colcon.colcon_core.environment:checking '/home/tom/aeac-2026/packages/install/mission/lib'
[5.607s] Level 1:colcon.colcon_core.environment:checking '/home/tom/aeac-2026/packages/install/mission/bin'
[5.607s] Level 1:colcon.colcon_core.environment:checking '/home/tom/aeac-2026/packages/install/mission/lib/pkgconfig/mission.pc'
[5.607s] Level 1:colcon.colcon_core.environment:checking '/home/tom/aeac-2026/packages/install/mission/lib/python3.10/site-packages'
[5.607s] Level 1:colcon.colcon_core.shell:create_environment_hook('mission', 'pythonpath')
[5.608s] INFO:colcon.colcon_core.shell:Creating environment hook '/home/tom/aeac-2026/packages/install/mission/share/mission/hook/pythonpath.ps1'
[5.604s] DEBUG:colcon.colcon_core.event_handler.log_command:Invoked command in '/home/tom/aeac-2026/packages/src/nav_stack/ros2_ws/src/mission' returned '0': PYTHONPATH=/home/tom/aeac-2026/packages/build/mission/prefix_override:/usr/lib/python3/dist-packages/colcon_core/task/python/colcon_distutils_commands:/home/tom/aeac-2026/packages/install/mission/lib/python3.10/site-packages:${PYTHONPATH} /usr/bin/python3 -W ignore:setup.py install is deprecated -W ignore:easy_install command is deprecated setup.py egg_info --egg-base ../../../../../build/mission build --build-base /home/tom/aeac-2026/packages/build/mission/build install --record /home/tom/aeac-2026/packages/build/mission/install.log --single-version-externally-managed install_data
[5.618s] INFO:colcon.colcon_core.shell:Creating environment descriptor '/home/tom/aeac-2026/packages/install/mission/share/mission/hook/pythonpath.dsv'
[5.622s] INFO:colcon.colcon_core.shell:Creating environment hook '/home/tom/aeac-2026/packages/install/mission/share/mission/hook/pythonpath.sh'
[5.626s] Level 1:colcon.colcon_core.environment:checking '/home/tom/aeac-2026/packages/install/mission/bin'
[5.627s] Level 1:colcon.colcon_core.environment:create_environment_scripts_only(mission)
[5.637s] INFO:colcon.colcon_core.shell:Creating package script '/home/tom/aeac-2026/packages/install/mission/share/mission/package.ps1'
[5.642s] INFO:colcon.colcon_core.shell:Creating package descriptor '/home/tom/aeac-2026/packages/install/mission/share/mission/package.dsv'
[5.649s] INFO:colcon.colcon_core.shell:Creating package script '/home/tom/aeac-2026/packages/install/mission/share/mission/package.sh'
[5.650s] INFO:colcon.colcon_core.shell:Creating package script '/home/tom/aeac-2026/packages/install/mission/share/mission/package.bash'
[5.652s] INFO:colcon.colcon_core.shell:Creating package script '/home/tom/aeac-2026/packages/install/mission/share/mission/package.zsh'
[5.654s] Level 1:colcon.colcon_core.environment:create_file_with_runtime_dependencies(/home/tom/aeac-2026/packages/install/mission/share/colcon-core/packages/mission)
[5.727s] Level 1:colcon.colcon_core.environment:checking '/home/tom/aeac-2026/packages/install/bringup' for CMake module files
[5.728s] DEBUG:colcon.colcon_core.event_handler.log_command:Invoked command in '/home/tom/aeac-2026/packages/src/nav_stack/ros2_ws/src/bringup' returned '0': PYTHONPATH=/home/tom/aeac-2026/packages/build/bringup/prefix_override:/usr/lib/python3/dist-packages/colcon_core/task/python/colcon_distutils_commands:/home/tom/aeac-2026/packages/install/bringup/lib/python3.10/site-packages:${PYTHONPATH} /usr/bin/python3 -W ignore:setup.py install is deprecated -W ignore:easy_install command is deprecated setup.py egg_info --egg-base ../../../../../build/bringup build --build-base /home/tom/aeac-2026/packages/build/bringup/build install --record /home/tom/aeac-2026/packages/build/bringup/install.log --single-version-externally-managed install_data
[5.731s] Level 1:colcon.colcon_core.environment:checking '/home/tom/aeac-2026/packages/install/bringup' for CMake config files
[5.741s] Level 1:colcon.colcon_core.environment:checking '/home/tom/aeac-2026/packages/install/bringup/lib'
[5.742s] Level 1:colcon.colcon_core.environment:checking '/home/tom/aeac-2026/packages/install/bringup/bin'
[5.742s] Level 1:colcon.colcon_core.environment:checking '/home/tom/aeac-2026/packages/install/bringup/lib/pkgconfig/bringup.pc'
[5.743s] Level 1:colcon.colcon_core.environment:checking '/home/tom/aeac-2026/packages/install/bringup/lib/python3.10/site-packages'
[5.744s] Level 1:colcon.colcon_core.shell:create_environment_hook('bringup', 'pythonpath')
[5.745s] INFO:colcon.colcon_core.shell:Creating environment hook '/home/tom/aeac-2026/packages/install/bringup/share/bringup/hook/pythonpath.ps1'
[5.747s] INFO:colcon.colcon_core.shell:Creating environment descriptor '/home/tom/aeac-2026/packages/install/bringup/share/bringup/hook/pythonpath.dsv'
[5.748s] INFO:colcon.colcon_core.shell:Creating environment hook '/home/tom/aeac-2026/packages/install/bringup/share/bringup/hook/pythonpath.sh'
[5.755s] Level 1:colcon.colcon_core.environment:checking '/home/tom/aeac-2026/packages/install/bringup/bin'
[5.756s] Level 1:colcon.colcon_core.environment:create_environment_scripts_only(bringup)
[5.757s] INFO:colcon.colcon_core.shell:Creating package script '/home/tom/aeac-2026/packages/install/bringup/share/bringup/package.ps1'
[5.759s] INFO:colcon.colcon_core.shell:Creating package descriptor '/home/tom/aeac-2026/packages/install/bringup/share/bringup/package.dsv'
[5.761s] INFO:colcon.colcon_core.shell:Creating package script '/home/tom/aeac-2026/packages/install/bringup/share/bringup/package.sh'
[5.762s] INFO:colcon.colcon_core.shell:Creating package script '/home/tom/aeac-2026/packages/install/bringup/share/bringup/package.bash'
[5.764s] INFO:colcon.colcon_core.shell:Creating package script '/home/tom/aeac-2026/packages/install/bringup/share/bringup/package.zsh'
[5.765s] Level 1:colcon.colcon_core.environment:create_file_with_runtime_dependencies(/home/tom/aeac-2026/packages/install/bringup/share/colcon-core/packages/bringup)
[5.770s] DEBUG:colcon.colcon_parallel_executor.executor.parallel:closing loop
[5.772s] DEBUG:colcon.colcon_parallel_executor.executor.parallel:loop closed
[5.772s] DEBUG:colcon.colcon_parallel_executor.executor.parallel:run_until_complete finished with '0'
[5.772s] DEBUG:colcon.colcon_core.event_reactor:joining thread
[5.968s] INFO:colcon.colcon_core.plugin_system:Skipping extension 'colcon_notification.desktop_notification.notify_send': Could not find 'notify-send'
[5.969s] INFO:colcon.colcon_core.plugin_system:Skipping extension 'colcon_notification.desktop_notification.terminal_notifier': Not used on non-Darwin systems
[5.969s] INFO:colcon.colcon_core.plugin_system:Skipping extension 'colcon_notification.desktop_notification.win32': Not used on non-Windows systems
[5.969s] INFO:colcon.colcon_notification.desktop_notification:Sending desktop notification using 'notify2'
[5.972s] DEBUG:colcon.colcon_notification.desktop_notification.notify2:Failed to initialize notify2: org.freedesktop.DBus.Error.ServiceUnknown: The name org.freedesktop.Notifications was not provided by any .service files
[5.973s] DEBUG:colcon.colcon_core.event_reactor:joined thread
[5.974s] INFO:colcon.colcon_core.shell:Creating prefix script '/home/tom/aeac-2026/packages/install/local_setup.ps1'
[5.977s] INFO:colcon.colcon_core.shell:Creating prefix util module '/home/tom/aeac-2026/packages/install/_local_setup_util_ps1.py'
[5.982s] INFO:colcon.colcon_core.shell:Creating prefix chain script '/home/tom/aeac-2026/packages/install/setup.ps1'
[5.987s] INFO:colcon.colcon_core.shell:Creating prefix script '/home/tom/aeac-2026/packages/install/local_setup.sh'
[5.990s] INFO:colcon.colcon_core.shell:Creating prefix util module '/home/tom/aeac-2026/packages/install/_local_setup_util_sh.py'
[5.992s] INFO:colcon.colcon_core.shell:Creating prefix chain script '/home/tom/aeac-2026/packages/install/setup.sh'
[5.995s] INFO:colcon.colcon_core.shell:Creating prefix script '/home/tom/aeac-2026/packages/install/local_setup.bash'
[5.997s] INFO:colcon.colcon_core.shell:Creating prefix chain script '/home/tom/aeac-2026/packages/install/setup.bash'
[5.999s] INFO:colcon.colcon_core.shell:Creating prefix script '/home/tom/aeac-2026/packages/install/local_setup.zsh'
[6.001s] INFO:colcon.colcon_core.shell:Creating prefix chain script '/home/tom/aeac-2026/packages/install/setup.zsh'
