[2.888s] Invoking command in '/home/tom/aeac-2026/packages/src/nav_stack/ros2_ws/src/bringup': PYTHONPATH=/home/tom/aeac-2026/packages/src/nav_stack/ros2_ws/build/bringup/prefix_override:/usr/lib/python3/dist-packages/colcon_core/task/python/colcon_distutils_commands:/home/tom/aeac-2026/packages/src/nav_stack/ros2_ws/install/bringup/lib/python3.10/site-packages:${PYTHONPATH} /usr/bin/python3 -W ignore:setup.py install is deprecated -W ignore:easy_install command is deprecated setup.py egg_info --egg-base ../../build/bringup build --build-base /home/tom/aeac-2026/packages/src/nav_stack/ros2_ws/build/bringup/build install --record /home/tom/aeac-2026/packages/src/nav_stack/ros2_ws/build/bringup/install.log --single-version-externally-managed install_data
[3.522s] running egg_info
[3.524s] writing ../../build/bringup/bringup.egg-info/PKG-INFO
[3.525s] writing dependency_links to ../../build/bringup/bringup.egg-info/dependency_links.txt
[3.528s] writing requirements to ../../build/bringup/bringup.egg-info/requires.txt
[3.529s] writing top-level names to ../../build/bringup/bringup.egg-info/top_level.txt
[3.543s] reading manifest file '../../build/bringup/bringup.egg-info/SOURCES.txt'
[3.548s] writing manifest file '../../build/bringup/bringup.egg-info/SOURCES.txt'
[3.548s] running build
[3.549s] running build_py
[3.549s] running install
[3.552s] running install_lib
[3.562s] running install_data
[3.564s] copying launch/phase1.launch.py -> /home/tom/aeac-2026/packages/src/nav_stack/ros2_ws/install/bringup/share/bringup/launch
[3.568s] copying config/trajectoirePhase1.json -> /home/tom/aeac-2026/packages/src/nav_stack/ros2_ws/install/bringup/share/bringup/config
[3.571s] running install_egg_info
[3.578s] removing '/home/tom/aeac-2026/packages/src/nav_stack/ros2_ws/install/bringup/lib/python3.10/site-packages/bringup-0.0.0-py3.10.egg-info' (and everything under it)
[3.582s] Copying ../../build/bringup/bringup.egg-info to /home/tom/aeac-2026/packages/src/nav_stack/ros2_ws/install/bringup/lib/python3.10/site-packages/bringup-0.0.0-py3.10.egg-info
[3.598s] running install_scripts
[3.677s] writing list of installed files to '/home/tom/aeac-2026/packages/src/nav_stack/ros2_ws/build/bringup/install.log'
[3.866s] Invoked command in '/home/tom/aeac-2026/packages/src/nav_stack/ros2_ws/src/bringup' returned '0': PYTHONPATH=/home/tom/aeac-2026/packages/src/nav_stack/ros2_ws/build/bringup/prefix_override:/usr/lib/python3/dist-packages/colcon_core/task/python/colcon_distutils_commands:/home/tom/aeac-2026/packages/src/nav_stack/ros2_ws/install/bringup/lib/python3.10/site-packages:${PYTHONPATH} /usr/bin/python3 -W ignore:setup.py install is deprecated -W ignore:easy_install command is deprecated setup.py egg_info --egg-base ../../build/bringup build --build-base /home/tom/aeac-2026/packages/src/nav_stack/ros2_ws/build/bringup/build install --record /home/tom/aeac-2026/packages/src/nav_stack/ros2_ws/build/bringup/install.log --single-version-externally-managed install_data
