[0.881s] Invoking command in '/home/tom/aeac-2026/packages/build/custom_interfaces': /usr/bin/cmake --build /home/tom/aeac-2026/packages/build/custom_interfaces -- -j8 -l8
[1.182s] [  3%] Built target custom_interfaces__cpp
[1.190s] [ 12%] Built target custom_interfaces__rosidl_generator_c
[1.229s] [ 12%] Built target ament_cmake_python_copy_custom_interfaces
[1.426s] [ 32%] Built target custom_interfaces__rosidl_typesupport_fastrtps_cpp
[1.427s] [ 32%] Built target custom_interfaces__rosidl_typesupport_fastrtps_c
[1.449s] [ 41%] Built target custom_interfaces__rosidl_typesupport_cpp
[1.456s] [ 51%] Built target custom_interfaces__rosidl_typesupport_introspection_cpp
[1.458s] [ 61%] Built target custom_interfaces__rosidl_typesupport_introspection_c
[1.461s] [ 70%] Built target custom_interfaces__rosidl_typesupport_c
[1.574s] [ 70%] Built target custom_interfaces
[1.669s] [ 74%] Built target custom_interfaces__py
[1.798s] [ 80%] Built target custom_interfaces__rosidl_generator_py
[1.968s] [ 87%] Built target custom_interfaces__rosidl_typesupport_c__pyext
[1.980s] [ 93%] Built target custom_interfaces__rosidl_typesupport_introspection_c__pyext
[1.986s] [100%] Built target custom_interfaces__rosidl_typesupport_fastrtps_c__pyext
[3.455s] running egg_info
[3.467s] writing custom_interfaces.egg-info/PKG-INFO
[3.468s] writing dependency_links to custom_interfaces.egg-info/dependency_links.txt
[3.469s] writing top-level names to custom_interfaces.egg-info/top_level.txt
[3.488s] reading manifest file 'custom_interfaces.egg-info/SOURCES.txt'
[3.497s] writing manifest file 'custom_interfaces.egg-info/SOURCES.txt'
[3.605s] [100%] Built target ament_cmake_python_build_custom_interfaces_egg
[3.660s] Invoked command in '/home/tom/aeac-2026/packages/build/custom_interfaces' returned '0': /usr/bin/cmake --build /home/tom/aeac-2026/packages/build/custom_interfaces -- -j8 -l8
[3.739s] Invoking command in '/home/tom/aeac-2026/packages/build/custom_interfaces': /usr/bin/cmake --install /home/tom/aeac-2026/packages/build/custom_interfaces
[3.783s] -- Install configuration: ""
[3.784s] -- Up-to-date: /home/tom/aeac-2026/packages/install/custom_interfaces/share/ament_index/resource_index/rosidl_interfaces/custom_interfaces
[3.785s] -- Up-to-date: /home/tom/aeac-2026/packages/install/custom_interfaces/include/custom_interfaces/custom_interfaces
[3.785s] -- Up-to-date: /home/tom/aeac-2026/packages/install/custom_interfaces/include/custom_interfaces/custom_interfaces/msg
[3.789s] -- Up-to-date: /home/tom/aeac-2026/packages/install/custom_interfaces/include/custom_interfaces/custom_interfaces/msg/rosidl_generator_c__visibility_control.h
[3.790s] -- Up-to-date: /home/tom/aeac-2026/packages/install/custom_interfaces/include/custom_interfaces/custom_interfaces/srv
[3.790s] -- Up-to-date: /home/tom/aeac-2026/packages/install/custom_interfaces/include/custom_interfaces/custom_interfaces/srv/detail
[3.791s] -- Up-to-date: /home/tom/aeac-2026/packages/install/custom_interfaces/include/custom_interfaces/custom_interfaces/srv/detail/gps_to_local__functions.c
[3.791s] -- Up-to-date: /home/tom/aeac-2026/packages/install/custom_interfaces/include/custom_interfaces/custom_interfaces/srv/detail/gps_to_local__type_support.h
[3.791s] -- Up-to-date: /home/tom/aeac-2026/packages/install/custom_interfaces/include/custom_interfaces/custom_interfaces/srv/detail/gps_to_local__functions.h
[3.792s] -- Up-to-date: /home/tom/aeac-2026/packages/install/custom_interfaces/include/custom_interfaces/custom_interfaces/srv/detail/gps_to_local__struct.h
[3.792s] -- Up-to-date: /home/tom/aeac-2026/packages/install/custom_interfaces/include/custom_interfaces/custom_interfaces/srv/gps_to_local.h
[3.793s] -- Up-to-date: /home/tom/aeac-2026/packages/install/custom_interfaces/share/custom_interfaces/environment/library_path.sh
[3.793s] -- Up-to-date: /home/tom/aeac-2026/packages/install/custom_interfaces/share/custom_interfaces/environment/library_path.dsv
[3.799s] -- Up-to-date: /home/tom/aeac-2026/packages/install/custom_interfaces/lib/libcustom_interfaces__rosidl_generator_c.so
[3.802s] -- Up-to-date: /home/tom/aeac-2026/packages/install/custom_interfaces/include/custom_interfaces/custom_interfaces
[3.803s] -- Up-to-date: /home/tom/aeac-2026/packages/install/custom_interfaces/include/custom_interfaces/custom_interfaces/msg
[3.806s] -- Up-to-date: /home/tom/aeac-2026/packages/install/custom_interfaces/include/custom_interfaces/custom_interfaces/msg/rosidl_typesupport_fastrtps_c__visibility_control.h
[3.806s] -- Up-to-date: /home/tom/aeac-2026/packages/install/custom_interfaces/include/custom_interfaces/custom_interfaces/srv
[3.807s] -- Up-to-date: /home/tom/aeac-2026/packages/install/custom_interfaces/include/custom_interfaces/custom_interfaces/srv/detail
[3.807s] -- Up-to-date: /home/tom/aeac-2026/packages/install/custom_interfaces/include/custom_interfaces/custom_interfaces/srv/detail/gps_to_local__rosidl_typesupport_fastrtps_c.h
[3.808s] -- Up-to-date: /home/tom/aeac-2026/packages/install/custom_interfaces/lib/libcustom_interfaces__rosidl_typesupport_fastrtps_c.so
[3.820s] -- Up-to-date: /home/tom/aeac-2026/packages/install/custom_interfaces/include/custom_interfaces/custom_interfaces
[3.822s] -- Up-to-date: /home/tom/aeac-2026/packages/install/custom_interfaces/include/custom_interfaces/custom_interfaces/msg
[3.822s] -- Up-to-date: /home/tom/aeac-2026/packages/install/custom_interfaces/include/custom_interfaces/custom_interfaces/msg/rosidl_typesupport_introspection_c__visibility_control.h
[3.822s] -- Up-to-date: /home/tom/aeac-2026/packages/install/custom_interfaces/include/custom_interfaces/custom_interfaces/srv
[3.823s] -- Up-to-date: /home/tom/aeac-2026/packages/install/custom_interfaces/include/custom_interfaces/custom_interfaces/srv/detail
[3.823s] -- Up-to-date: /home/tom/aeac-2026/packages/install/custom_interfaces/include/custom_interfaces/custom_interfaces/srv/detail/gps_to_local__rosidl_typesupport_introspection_c.h
[3.824s] -- Up-to-date: /home/tom/aeac-2026/packages/install/custom_interfaces/include/custom_interfaces/custom_interfaces/srv/detail/gps_to_local__type_support.c
[3.835s] -- Up-to-date: /home/tom/aeac-2026/packages/install/custom_interfaces/lib/libcustom_interfaces__rosidl_typesupport_introspection_c.so
[3.837s] -- Up-to-date: /home/tom/aeac-2026/packages/install/custom_interfaces/lib/libcustom_interfaces__rosidl_typesupport_c.so
[3.837s] -- Up-to-date: /home/tom/aeac-2026/packages/install/custom_interfaces/include/custom_interfaces/custom_interfaces
[3.838s] -- Up-to-date: /home/tom/aeac-2026/packages/install/custom_interfaces/include/custom_interfaces/custom_interfaces/msg
[3.839s] -- Up-to-date: /home/tom/aeac-2026/packages/install/custom_interfaces/include/custom_interfaces/custom_interfaces/msg/rosidl_generator_cpp__visibility_control.hpp
[3.840s] -- Up-to-date: /home/tom/aeac-2026/packages/install/custom_interfaces/include/custom_interfaces/custom_interfaces/srv
[3.841s] -- Up-to-date: /home/tom/aeac-2026/packages/install/custom_interfaces/include/custom_interfaces/custom_interfaces/srv/gps_to_local.hpp
[3.841s] -- Up-to-date: /home/tom/aeac-2026/packages/install/custom_interfaces/include/custom_interfaces/custom_interfaces/srv/detail
[3.842s] -- Up-to-date: /home/tom/aeac-2026/packages/install/custom_interfaces/include/custom_interfaces/custom_interfaces/srv/detail/gps_to_local__struct.hpp
[3.842s] -- Up-to-date: /home/tom/aeac-2026/packages/install/custom_interfaces/include/custom_interfaces/custom_interfaces/srv/detail/gps_to_local__type_support.hpp
[3.843s] -- Up-to-date: /home/tom/aeac-2026/packages/install/custom_interfaces/include/custom_interfaces/custom_interfaces/srv/detail/gps_to_local__builder.hpp
[3.854s] -- Up-to-date: /home/tom/aeac-2026/packages/install/custom_interfaces/include/custom_interfaces/custom_interfaces/srv/detail/gps_to_local__traits.hpp
[3.854s] -- Up-to-date: /home/tom/aeac-2026/packages/install/custom_interfaces/include/custom_interfaces/custom_interfaces
[3.855s] -- Up-to-date: /home/tom/aeac-2026/packages/install/custom_interfaces/include/custom_interfaces/custom_interfaces/msg
[3.856s] -- Up-to-date: /home/tom/aeac-2026/packages/install/custom_interfaces/include/custom_interfaces/custom_interfaces/msg/rosidl_typesupport_fastrtps_cpp__visibility_control.h
[3.867s] -- Up-to-date: /home/tom/aeac-2026/packages/install/custom_interfaces/include/custom_interfaces/custom_interfaces/srv
[3.867s] -- Up-to-date: /home/tom/aeac-2026/packages/install/custom_interfaces/include/custom_interfaces/custom_interfaces/srv/detail
[3.868s] -- Up-to-date: /home/tom/aeac-2026/packages/install/custom_interfaces/include/custom_interfaces/custom_interfaces/srv/detail/dds_fastrtps
[3.868s] -- Up-to-date: /home/tom/aeac-2026/packages/install/custom_interfaces/include/custom_interfaces/custom_interfaces/srv/detail/gps_to_local__rosidl_typesupport_fastrtps_cpp.hpp
[3.869s] -- Up-to-date: /home/tom/aeac-2026/packages/install/custom_interfaces/lib/libcustom_interfaces__rosidl_typesupport_fastrtps_cpp.so
[3.869s] -- Up-to-date: /home/tom/aeac-2026/packages/install/custom_interfaces/include/custom_interfaces/custom_interfaces
[3.869s] -- Up-to-date: /home/tom/aeac-2026/packages/install/custom_interfaces/include/custom_interfaces/custom_interfaces/srv
[3.870s] -- Up-to-date: /home/tom/aeac-2026/packages/install/custom_interfaces/include/custom_interfaces/custom_interfaces/srv/detail
[3.871s] -- Up-to-date: /home/tom/aeac-2026/packages/install/custom_interfaces/include/custom_interfaces/custom_interfaces/srv/detail/gps_to_local__type_support.cpp
[3.871s] -- Up-to-date: /home/tom/aeac-2026/packages/install/custom_interfaces/include/custom_interfaces/custom_interfaces/srv/detail/gps_to_local__rosidl_typesupport_introspection_cpp.hpp
[3.872s] -- Up-to-date: /home/tom/aeac-2026/packages/install/custom_interfaces/lib/libcustom_interfaces__rosidl_typesupport_introspection_cpp.so
[3.876s] -- Up-to-date: /home/tom/aeac-2026/packages/install/custom_interfaces/lib/libcustom_interfaces__rosidl_typesupport_cpp.so
[3.879s] -- Up-to-date: /home/tom/aeac-2026/packages/install/custom_interfaces/share/custom_interfaces/environment/pythonpath.sh
[3.880s] -- Up-to-date: /home/tom/aeac-2026/packages/install/custom_interfaces/share/custom_interfaces/environment/pythonpath.dsv
[3.882s] -- Up-to-date: /home/tom/aeac-2026/packages/install/custom_interfaces/local/lib/python3.10/dist-packages/custom_interfaces-0.0.0-py3.10.egg-info
[3.882s] -- Installing: /home/tom/aeac-2026/packages/install/custom_interfaces/local/lib/python3.10/dist-packages/custom_interfaces-0.0.0-py3.10.egg-info/PKG-INFO
[3.883s] -- Installing: /home/tom/aeac-2026/packages/install/custom_interfaces/local/lib/python3.10/dist-packages/custom_interfaces-0.0.0-py3.10.egg-info/SOURCES.txt
[3.883s] -- Installing: /home/tom/aeac-2026/packages/install/custom_interfaces/local/lib/python3.10/dist-packages/custom_interfaces-0.0.0-py3.10.egg-info/dependency_links.txt
[3.884s] -- Installing: /home/tom/aeac-2026/packages/install/custom_interfaces/local/lib/python3.10/dist-packages/custom_interfaces-0.0.0-py3.10.egg-info/top_level.txt
[3.885s] -- Up-to-date: /home/tom/aeac-2026/packages/install/custom_interfaces/local/lib/python3.10/dist-packages/custom_interfaces
[3.886s] -- Up-to-date: /home/tom/aeac-2026/packages/install/custom_interfaces/local/lib/python3.10/dist-packages/custom_interfaces/custom_interfaces_s__rosidl_typesupport_introspection_c.cpython-310-x86_64-linux-gnu.so
[3.887s] -- Up-to-date: /home/tom/aeac-2026/packages/install/custom_interfaces/local/lib/python3.10/dist-packages/custom_interfaces/custom_interfaces_s__rosidl_typesupport_fastrtps_c.cpython-310-x86_64-linux-gnu.so
[3.887s] -- Up-to-date: /home/tom/aeac-2026/packages/install/custom_interfaces/local/lib/python3.10/dist-packages/custom_interfaces/custom_interfaces_s__rosidl_typesupport_c.cpython-310-x86_64-linux-gnu.so
[3.901s] -- Up-to-date: /home/tom/aeac-2026/packages/install/custom_interfaces/local/lib/python3.10/dist-packages/custom_interfaces/libcustom_interfaces__rosidl_generator_py.so
[3.901s] -- Up-to-date: /home/tom/aeac-2026/packages/install/custom_interfaces/local/lib/python3.10/dist-packages/custom_interfaces/srv
[3.902s] -- Up-to-date: /home/tom/aeac-2026/packages/install/custom_interfaces/local/lib/python3.10/dist-packages/custom_interfaces/srv/_gps_to_local_s.c
[3.902s] -- Up-to-date: /home/tom/aeac-2026/packages/install/custom_interfaces/local/lib/python3.10/dist-packages/custom_interfaces/srv/_gps_to_local.py
[3.903s] -- Up-to-date: /home/tom/aeac-2026/packages/install/custom_interfaces/local/lib/python3.10/dist-packages/custom_interfaces/srv/__init__.py
[3.903s] -- Up-to-date: /home/tom/aeac-2026/packages/install/custom_interfaces/local/lib/python3.10/dist-packages/custom_interfaces/_custom_interfaces_s.ep.rosidl_typesupport_c.c
[3.904s] -- Up-to-date: /home/tom/aeac-2026/packages/install/custom_interfaces/local/lib/python3.10/dist-packages/custom_interfaces/_custom_interfaces_s.ep.rosidl_typesupport_fastrtps_c.c
[3.904s] -- Up-to-date: /home/tom/aeac-2026/packages/install/custom_interfaces/local/lib/python3.10/dist-packages/custom_interfaces/__init__.py
[3.905s] -- Up-to-date: /home/tom/aeac-2026/packages/install/custom_interfaces/local/lib/python3.10/dist-packages/custom_interfaces/_custom_interfaces_s.ep.rosidl_typesupport_introspection_c.c
[4.122s] Listing '/home/tom/aeac-2026/packages/install/custom_interfaces/local/lib/python3.10/dist-packages/custom_interfaces'...
[4.123s] Listing '/home/tom/aeac-2026/packages/install/custom_interfaces/local/lib/python3.10/dist-packages/custom_interfaces/srv'...
[4.162s] -- Up-to-date: /home/tom/aeac-2026/packages/install/custom_interfaces/local/lib/python3.10/dist-packages/custom_interfaces/custom_interfaces_s__rosidl_typesupport_fastrtps_c.cpython-310-x86_64-linux-gnu.so
[4.163s] -- Up-to-date: /home/tom/aeac-2026/packages/install/custom_interfaces/local/lib/python3.10/dist-packages/custom_interfaces/custom_interfaces_s__rosidl_typesupport_introspection_c.cpython-310-x86_64-linux-gnu.so
[4.168s] -- Up-to-date: /home/tom/aeac-2026/packages/install/custom_interfaces/local/lib/python3.10/dist-packages/custom_interfaces/custom_interfaces_s__rosidl_typesupport_c.cpython-310-x86_64-linux-gnu.so
[4.174s] -- Up-to-date: /home/tom/aeac-2026/packages/install/custom_interfaces/lib/libcustom_interfaces__rosidl_generator_py.so
[4.175s] -- Up-to-date: /home/tom/aeac-2026/packages/install/custom_interfaces/share/custom_interfaces/srv/GpsToLocal.idl
[4.175s] -- Up-to-date: /home/tom/aeac-2026/packages/install/custom_interfaces/share/custom_interfaces/srv/GpsToLocal.srv
[4.175s] -- Up-to-date: /home/tom/aeac-2026/packages/install/custom_interfaces/share/custom_interfaces/srv/GpsToLocal_Request.msg
[4.175s] -- Up-to-date: /home/tom/aeac-2026/packages/install/custom_interfaces/share/custom_interfaces/srv/GpsToLocal_Response.msg
[4.176s] -- Up-to-date: /home/tom/aeac-2026/packages/install/custom_interfaces/share/ament_index/resource_index/package_run_dependencies/custom_interfaces
[4.176s] -- Up-to-date: /home/tom/aeac-2026/packages/install/custom_interfaces/share/ament_index/resource_index/parent_prefix_path/custom_interfaces
[4.176s] -- Up-to-date: /home/tom/aeac-2026/packages/install/custom_interfaces/share/custom_interfaces/environment/ament_prefix_path.sh
[4.176s] -- Up-to-date: /home/tom/aeac-2026/packages/install/custom_interfaces/share/custom_interfaces/environment/ament_prefix_path.dsv
[4.184s] -- Up-to-date: /home/tom/aeac-2026/packages/install/custom_interfaces/share/custom_interfaces/environment/path.sh
[4.185s] -- Up-to-date: /home/tom/aeac-2026/packages/install/custom_interfaces/share/custom_interfaces/environment/path.dsv
[4.185s] -- Up-to-date: /home/tom/aeac-2026/packages/install/custom_interfaces/share/custom_interfaces/local_setup.bash
[4.186s] -- Up-to-date: /home/tom/aeac-2026/packages/install/custom_interfaces/share/custom_interfaces/local_setup.sh
[4.186s] -- Up-to-date: /home/tom/aeac-2026/packages/install/custom_interfaces/share/custom_interfaces/local_setup.zsh
[4.186s] -- Up-to-date: /home/tom/aeac-2026/packages/install/custom_interfaces/share/custom_interfaces/local_setup.dsv
[4.187s] -- Installing: /home/tom/aeac-2026/packages/install/custom_interfaces/share/custom_interfaces/package.dsv
[4.187s] -- Up-to-date: /home/tom/aeac-2026/packages/install/custom_interfaces/share/ament_index/resource_index/packages/custom_interfaces
[4.188s] -- Up-to-date: /home/tom/aeac-2026/packages/install/custom_interfaces/share/custom_interfaces/cmake/export_custom_interfaces__rosidl_generator_cExport.cmake
[4.189s] -- Up-to-date: /home/tom/aeac-2026/packages/install/custom_interfaces/share/custom_interfaces/cmake/export_custom_interfaces__rosidl_generator_cExport-noconfig.cmake
[4.189s] -- Up-to-date: /home/tom/aeac-2026/packages/install/custom_interfaces/share/custom_interfaces/cmake/export_custom_interfaces__rosidl_typesupport_fastrtps_cExport.cmake
[4.189s] -- Up-to-date: /home/tom/aeac-2026/packages/install/custom_interfaces/share/custom_interfaces/cmake/export_custom_interfaces__rosidl_typesupport_fastrtps_cExport-noconfig.cmake
[4.190s] -- Up-to-date: /home/tom/aeac-2026/packages/install/custom_interfaces/share/custom_interfaces/cmake/custom_interfaces__rosidl_typesupport_introspection_cExport.cmake
[4.190s] -- Up-to-date: /home/tom/aeac-2026/packages/install/custom_interfaces/share/custom_interfaces/cmake/custom_interfaces__rosidl_typesupport_introspection_cExport-noconfig.cmake
[4.190s] -- Up-to-date: /home/tom/aeac-2026/packages/install/custom_interfaces/share/custom_interfaces/cmake/custom_interfaces__rosidl_typesupport_cExport.cmake
[4.191s] -- Up-to-date: /home/tom/aeac-2026/packages/install/custom_interfaces/share/custom_interfaces/cmake/custom_interfaces__rosidl_typesupport_cExport-noconfig.cmake
[4.191s] -- Up-to-date: /home/tom/aeac-2026/packages/install/custom_interfaces/share/custom_interfaces/cmake/export_custom_interfaces__rosidl_generator_cppExport.cmake
[4.192s] -- Up-to-date: /home/tom/aeac-2026/packages/install/custom_interfaces/share/custom_interfaces/cmake/export_custom_interfaces__rosidl_typesupport_fastrtps_cppExport.cmake
[4.192s] -- Up-to-date: /home/tom/aeac-2026/packages/install/custom_interfaces/share/custom_interfaces/cmake/export_custom_interfaces__rosidl_typesupport_fastrtps_cppExport-noconfig.cmake
[4.193s] -- Up-to-date: /home/tom/aeac-2026/packages/install/custom_interfaces/share/custom_interfaces/cmake/custom_interfaces__rosidl_typesupport_introspection_cppExport.cmake
[4.193s] -- Up-to-date: /home/tom/aeac-2026/packages/install/custom_interfaces/share/custom_interfaces/cmake/custom_interfaces__rosidl_typesupport_introspection_cppExport-noconfig.cmake
[4.194s] -- Up-to-date: /home/tom/aeac-2026/packages/install/custom_interfaces/share/custom_interfaces/cmake/custom_interfaces__rosidl_typesupport_cppExport.cmake
[4.194s] -- Up-to-date: /home/tom/aeac-2026/packages/install/custom_interfaces/share/custom_interfaces/cmake/custom_interfaces__rosidl_typesupport_cppExport-noconfig.cmake
[4.194s] -- Up-to-date: /home/tom/aeac-2026/packages/install/custom_interfaces/share/custom_interfaces/cmake/export_custom_interfaces__rosidl_generator_pyExport.cmake
[4.197s] -- Up-to-date: /home/tom/aeac-2026/packages/install/custom_interfaces/share/custom_interfaces/cmake/export_custom_interfaces__rosidl_generator_pyExport-noconfig.cmake
[4.197s] -- Up-to-date: /home/tom/aeac-2026/packages/install/custom_interfaces/share/custom_interfaces/cmake/rosidl_cmake-extras.cmake
[4.197s] -- Up-to-date: /home/tom/aeac-2026/packages/install/custom_interfaces/share/custom_interfaces/cmake/ament_cmake_export_include_directories-extras.cmake
[4.197s] -- Up-to-date: /home/tom/aeac-2026/packages/install/custom_interfaces/share/custom_interfaces/cmake/ament_cmake_export_libraries-extras.cmake
[4.198s] -- Up-to-date: /home/tom/aeac-2026/packages/install/custom_interfaces/share/custom_interfaces/cmake/ament_cmake_export_targets-extras.cmake
[4.198s] -- Up-to-date: /home/tom/aeac-2026/packages/install/custom_interfaces/share/custom_interfaces/cmake/rosidl_cmake_export_typesupport_targets-extras.cmake
[4.198s] -- Up-to-date: /home/tom/aeac-2026/packages/install/custom_interfaces/share/custom_interfaces/cmake/ament_cmake_export_dependencies-extras.cmake
[4.198s] -- Up-to-date: /home/tom/aeac-2026/packages/install/custom_interfaces/share/custom_interfaces/cmake/rosidl_cmake_export_typesupport_libraries-extras.cmake
[4.199s] -- Up-to-date: /home/tom/aeac-2026/packages/install/custom_interfaces/share/custom_interfaces/cmake/custom_interfacesConfig.cmake
[4.199s] -- Up-to-date: /home/tom/aeac-2026/packages/install/custom_interfaces/share/custom_interfaces/cmake/custom_interfacesConfig-version.cmake
[4.199s] -- Up-to-date: /home/tom/aeac-2026/packages/install/custom_interfaces/share/custom_interfaces/package.xml
[4.204s] Invoked command in '/home/tom/aeac-2026/packages/build/custom_interfaces' returned '0': /usr/bin/cmake --install /home/tom/aeac-2026/packages/build/custom_interfaces
