[1.110s] Invoking command in '/home/tom/aeac-2026/packages/src/nav_stack/ros2_ws/build/custom_interfaces': /usr/bin/cmake --build /home/tom/aeac-2026/packages/src/nav_stack/ros2_ws/build/custom_interfaces -- -j8 -l8
[1.316s] [ 12%] Built target custom_interfaces__rosidl_generator_c
[1.316s] [ 12%] Built target custom_interfaces__cpp
[1.388s] [ 12%] Built target ament_cmake_python_copy_custom_interfaces
[1.467s] [ 22%] Built target custom_interfaces__rosidl_typesupport_fastrtps_cpp
[1.483s] [ 32%] Built target custom_interfaces__rosidl_typesupport_cpp
[1.501s] [ 41%] Built target custom_interfaces__rosidl_typesupport_introspection_cpp
[1.553s] [ 51%] Built target custom_interfaces__rosidl_typesupport_c
[1.560s] [ 61%] Built target custom_interfaces__rosidl_typesupport_introspection_c
[1.569s] [ 70%] Built target custom_interfaces__rosidl_typesupport_fastrtps_c
[1.674s] [ 70%] Built target custom_interfaces
[1.853s] [ 74%] Built target custom_interfaces__py
[1.973s] [ 80%] Built target custom_interfaces__rosidl_generator_py
[2.081s] [ 87%] Built target custom_interfaces__rosidl_typesupport_introspection_c__pyext
[2.083s] [ 93%] Built target custom_interfaces__rosidl_typesupport_c__pyext
[2.093s] [100%] Built target custom_interfaces__rosidl_typesupport_fastrtps_c__pyext
[2.630s] running egg_info
[2.640s] writing custom_interfaces.egg-info/PKG-INFO
[2.643s] writing dependency_links to custom_interfaces.egg-info/dependency_links.txt
[2.645s] writing top-level names to custom_interfaces.egg-info/top_level.txt
[2.656s] reading manifest file 'custom_interfaces.egg-info/SOURCES.txt'
[2.660s] writing manifest file 'custom_interfaces.egg-info/SOURCES.txt'
[2.927s] [100%] Built target ament_cmake_python_build_custom_interfaces_egg
[2.986s] Invoked command in '/home/tom/aeac-2026/packages/src/nav_stack/ros2_ws/build/custom_interfaces' returned '0': /usr/bin/cmake --build /home/tom/aeac-2026/packages/src/nav_stack/ros2_ws/build/custom_interfaces -- -j8 -l8
[3.058s] Invoking command in '/home/tom/aeac-2026/packages/src/nav_stack/ros2_ws/build/custom_interfaces': /usr/bin/cmake --install /home/tom/aeac-2026/packages/src/nav_stack/ros2_ws/build/custom_interfaces
[3.146s] -- Install configuration: ""
[3.147s] -- Up-to-date: /home/tom/aeac-2026/packages/src/nav_stack/ros2_ws/install/custom_interfaces/share/ament_index/resource_index/rosidl_interfaces/custom_interfaces
[3.148s] -- Up-to-date: /home/tom/aeac-2026/packages/src/nav_stack/ros2_ws/install/custom_interfaces/include/custom_interfaces/custom_interfaces
[3.148s] -- Up-to-date: /home/tom/aeac-2026/packages/src/nav_stack/ros2_ws/install/custom_interfaces/include/custom_interfaces/custom_interfaces/msg
[3.149s] -- Up-to-date: /home/tom/aeac-2026/packages/src/nav_stack/ros2_ws/install/custom_interfaces/include/custom_interfaces/custom_interfaces/msg/rosidl_generator_c__visibility_control.h
[3.150s] -- Up-to-date: /home/tom/aeac-2026/packages/src/nav_stack/ros2_ws/install/custom_interfaces/include/custom_interfaces/custom_interfaces/srv
[3.151s] -- Up-to-date: /home/tom/aeac-2026/packages/src/nav_stack/ros2_ws/install/custom_interfaces/include/custom_interfaces/custom_interfaces/srv/detail
[3.152s] -- Up-to-date: /home/tom/aeac-2026/packages/src/nav_stack/ros2_ws/install/custom_interfaces/include/custom_interfaces/custom_interfaces/srv/detail/gps_to_local__functions.c
[3.162s] -- Up-to-date: /home/tom/aeac-2026/packages/src/nav_stack/ros2_ws/install/custom_interfaces/include/custom_interfaces/custom_interfaces/srv/detail/gps_to_local__type_support.h
[3.163s] -- Up-to-date: /home/tom/aeac-2026/packages/src/nav_stack/ros2_ws/install/custom_interfaces/include/custom_interfaces/custom_interfaces/srv/detail/gps_to_local__functions.h
[3.164s] -- Up-to-date: /home/tom/aeac-2026/packages/src/nav_stack/ros2_ws/install/custom_interfaces/include/custom_interfaces/custom_interfaces/srv/detail/gps_to_local__struct.h
[3.164s] -- Up-to-date: /home/tom/aeac-2026/packages/src/nav_stack/ros2_ws/install/custom_interfaces/include/custom_interfaces/custom_interfaces/srv/gps_to_local.h
[3.165s] -- Up-to-date: /home/tom/aeac-2026/packages/src/nav_stack/ros2_ws/install/custom_interfaces/share/custom_interfaces/environment/library_path.sh
[3.166s] -- Up-to-date: /home/tom/aeac-2026/packages/src/nav_stack/ros2_ws/install/custom_interfaces/share/custom_interfaces/environment/library_path.dsv
[3.167s] -- Up-to-date: /home/tom/aeac-2026/packages/src/nav_stack/ros2_ws/install/custom_interfaces/lib/libcustom_interfaces__rosidl_generator_c.so
[3.167s] -- Up-to-date: /home/tom/aeac-2026/packages/src/nav_stack/ros2_ws/install/custom_interfaces/include/custom_interfaces/custom_interfaces
[3.167s] -- Up-to-date: /home/tom/aeac-2026/packages/src/nav_stack/ros2_ws/install/custom_interfaces/include/custom_interfaces/custom_interfaces/msg
[3.168s] -- Up-to-date: /home/tom/aeac-2026/packages/src/nav_stack/ros2_ws/install/custom_interfaces/include/custom_interfaces/custom_interfaces/msg/rosidl_typesupport_fastrtps_c__visibility_control.h
[3.168s] -- Up-to-date: /home/tom/aeac-2026/packages/src/nav_stack/ros2_ws/install/custom_interfaces/include/custom_interfaces/custom_interfaces/srv
[3.168s] -- Up-to-date: /home/tom/aeac-2026/packages/src/nav_stack/ros2_ws/install/custom_interfaces/include/custom_interfaces/custom_interfaces/srv/detail
[3.169s] -- Up-to-date: /home/tom/aeac-2026/packages/src/nav_stack/ros2_ws/install/custom_interfaces/include/custom_interfaces/custom_interfaces/srv/detail/gps_to_local__rosidl_typesupport_fastrtps_c.h
[3.169s] -- Up-to-date: /home/tom/aeac-2026/packages/src/nav_stack/ros2_ws/install/custom_interfaces/lib/libcustom_interfaces__rosidl_typesupport_fastrtps_c.so
[3.169s] -- Up-to-date: /home/tom/aeac-2026/packages/src/nav_stack/ros2_ws/install/custom_interfaces/include/custom_interfaces/custom_interfaces
[3.170s] -- Up-to-date: /home/tom/aeac-2026/packages/src/nav_stack/ros2_ws/install/custom_interfaces/include/custom_interfaces/custom_interfaces/msg
[3.171s] -- Up-to-date: /home/tom/aeac-2026/packages/src/nav_stack/ros2_ws/install/custom_interfaces/include/custom_interfaces/custom_interfaces/msg/rosidl_typesupport_introspection_c__visibility_control.h
[3.171s] -- Up-to-date: /home/tom/aeac-2026/packages/src/nav_stack/ros2_ws/install/custom_interfaces/include/custom_interfaces/custom_interfaces/srv
[3.171s] -- Up-to-date: /home/tom/aeac-2026/packages/src/nav_stack/ros2_ws/install/custom_interfaces/include/custom_interfaces/custom_interfaces/srv/detail
[3.172s] -- Up-to-date: /home/tom/aeac-2026/packages/src/nav_stack/ros2_ws/install/custom_interfaces/include/custom_interfaces/custom_interfaces/srv/detail/gps_to_local__rosidl_typesupport_introspection_c.h
[3.175s] -- Up-to-date: /home/tom/aeac-2026/packages/src/nav_stack/ros2_ws/install/custom_interfaces/include/custom_interfaces/custom_interfaces/srv/detail/gps_to_local__type_support.c
[3.175s] -- Up-to-date: /home/tom/aeac-2026/packages/src/nav_stack/ros2_ws/install/custom_interfaces/lib/libcustom_interfaces__rosidl_typesupport_introspection_c.so
[3.176s] -- Up-to-date: /home/tom/aeac-2026/packages/src/nav_stack/ros2_ws/install/custom_interfaces/lib/libcustom_interfaces__rosidl_typesupport_c.so
[3.177s] -- Up-to-date: /home/tom/aeac-2026/packages/src/nav_stack/ros2_ws/install/custom_interfaces/include/custom_interfaces/custom_interfaces
[3.178s] -- Up-to-date: /home/tom/aeac-2026/packages/src/nav_stack/ros2_ws/install/custom_interfaces/include/custom_interfaces/custom_interfaces/msg
[3.179s] -- Up-to-date: /home/tom/aeac-2026/packages/src/nav_stack/ros2_ws/install/custom_interfaces/include/custom_interfaces/custom_interfaces/msg/rosidl_generator_cpp__visibility_control.hpp
[3.184s] -- Up-to-date: /home/tom/aeac-2026/packages/src/nav_stack/ros2_ws/install/custom_interfaces/include/custom_interfaces/custom_interfaces/srv
[3.185s] -- Up-to-date: /home/tom/aeac-2026/packages/src/nav_stack/ros2_ws/install/custom_interfaces/include/custom_interfaces/custom_interfaces/srv/gps_to_local.hpp
[3.186s] -- Up-to-date: /home/tom/aeac-2026/packages/src/nav_stack/ros2_ws/install/custom_interfaces/include/custom_interfaces/custom_interfaces/srv/detail
[3.186s] -- Up-to-date: /home/tom/aeac-2026/packages/src/nav_stack/ros2_ws/install/custom_interfaces/include/custom_interfaces/custom_interfaces/srv/detail/gps_to_local__struct.hpp
[3.187s] -- Up-to-date: /home/tom/aeac-2026/packages/src/nav_stack/ros2_ws/install/custom_interfaces/include/custom_interfaces/custom_interfaces/srv/detail/gps_to_local__type_support.hpp
[3.187s] -- Up-to-date: /home/tom/aeac-2026/packages/src/nav_stack/ros2_ws/install/custom_interfaces/include/custom_interfaces/custom_interfaces/srv/detail/gps_to_local__builder.hpp
[3.188s] -- Up-to-date: /home/tom/aeac-2026/packages/src/nav_stack/ros2_ws/install/custom_interfaces/include/custom_interfaces/custom_interfaces/srv/detail/gps_to_local__traits.hpp
[3.188s] -- Up-to-date: /home/tom/aeac-2026/packages/src/nav_stack/ros2_ws/install/custom_interfaces/include/custom_interfaces/custom_interfaces
[3.188s] -- Up-to-date: /home/tom/aeac-2026/packages/src/nav_stack/ros2_ws/install/custom_interfaces/include/custom_interfaces/custom_interfaces/msg
[3.189s] -- Up-to-date: /home/tom/aeac-2026/packages/src/nav_stack/ros2_ws/install/custom_interfaces/include/custom_interfaces/custom_interfaces/msg/rosidl_typesupport_fastrtps_cpp__visibility_control.h
[3.189s] -- Up-to-date: /home/tom/aeac-2026/packages/src/nav_stack/ros2_ws/install/custom_interfaces/include/custom_interfaces/custom_interfaces/srv
[3.194s] -- Up-to-date: /home/tom/aeac-2026/packages/src/nav_stack/ros2_ws/install/custom_interfaces/include/custom_interfaces/custom_interfaces/srv/detail
[3.195s] -- Up-to-date: /home/tom/aeac-2026/packages/src/nav_stack/ros2_ws/install/custom_interfaces/include/custom_interfaces/custom_interfaces/srv/detail/dds_fastrtps
[3.195s] -- Up-to-date: /home/tom/aeac-2026/packages/src/nav_stack/ros2_ws/install/custom_interfaces/include/custom_interfaces/custom_interfaces/srv/detail/gps_to_local__rosidl_typesupport_fastrtps_cpp.hpp
[3.196s] -- Up-to-date: /home/tom/aeac-2026/packages/src/nav_stack/ros2_ws/install/custom_interfaces/lib/libcustom_interfaces__rosidl_typesupport_fastrtps_cpp.so
[3.196s] -- Up-to-date: /home/tom/aeac-2026/packages/src/nav_stack/ros2_ws/install/custom_interfaces/include/custom_interfaces/custom_interfaces
[3.197s] -- Up-to-date: /home/tom/aeac-2026/packages/src/nav_stack/ros2_ws/install/custom_interfaces/include/custom_interfaces/custom_interfaces/srv
[3.197s] -- Up-to-date: /home/tom/aeac-2026/packages/src/nav_stack/ros2_ws/install/custom_interfaces/include/custom_interfaces/custom_interfaces/srv/detail
[3.198s] -- Up-to-date: /home/tom/aeac-2026/packages/src/nav_stack/ros2_ws/install/custom_interfaces/include/custom_interfaces/custom_interfaces/srv/detail/gps_to_local__type_support.cpp
[3.211s] -- Up-to-date: /home/tom/aeac-2026/packages/src/nav_stack/ros2_ws/install/custom_interfaces/include/custom_interfaces/custom_interfaces/srv/detail/gps_to_local__rosidl_typesupport_introspection_cpp.hpp
[3.212s] -- Up-to-date: /home/tom/aeac-2026/packages/src/nav_stack/ros2_ws/install/custom_interfaces/lib/libcustom_interfaces__rosidl_typesupport_introspection_cpp.so
[3.212s] -- Up-to-date: /home/tom/aeac-2026/packages/src/nav_stack/ros2_ws/install/custom_interfaces/lib/libcustom_interfaces__rosidl_typesupport_cpp.so
[3.213s] -- Up-to-date: /home/tom/aeac-2026/packages/src/nav_stack/ros2_ws/install/custom_interfaces/share/custom_interfaces/environment/pythonpath.sh
[3.213s] -- Up-to-date: /home/tom/aeac-2026/packages/src/nav_stack/ros2_ws/install/custom_interfaces/share/custom_interfaces/environment/pythonpath.dsv
[3.213s] -- Up-to-date: /home/tom/aeac-2026/packages/src/nav_stack/ros2_ws/install/custom_interfaces/local/lib/python3.10/dist-packages/custom_interfaces-0.0.0-py3.10.egg-info
[3.214s] -- Installing: /home/tom/aeac-2026/packages/src/nav_stack/ros2_ws/install/custom_interfaces/local/lib/python3.10/dist-packages/custom_interfaces-0.0.0-py3.10.egg-info/PKG-INFO
[3.224s] -- Installing: /home/tom/aeac-2026/packages/src/nav_stack/ros2_ws/install/custom_interfaces/local/lib/python3.10/dist-packages/custom_interfaces-0.0.0-py3.10.egg-info/SOURCES.txt
[3.224s] -- Installing: /home/tom/aeac-2026/packages/src/nav_stack/ros2_ws/install/custom_interfaces/local/lib/python3.10/dist-packages/custom_interfaces-0.0.0-py3.10.egg-info/dependency_links.txt
[3.225s] -- Installing: /home/tom/aeac-2026/packages/src/nav_stack/ros2_ws/install/custom_interfaces/local/lib/python3.10/dist-packages/custom_interfaces-0.0.0-py3.10.egg-info/top_level.txt
[3.225s] -- Up-to-date: /home/tom/aeac-2026/packages/src/nav_stack/ros2_ws/install/custom_interfaces/local/lib/python3.10/dist-packages/custom_interfaces
[3.225s] -- Up-to-date: /home/tom/aeac-2026/packages/src/nav_stack/ros2_ws/install/custom_interfaces/local/lib/python3.10/dist-packages/custom_interfaces/custom_interfaces_s__rosidl_typesupport_introspection_c.cpython-310-x86_64-linux-gnu.so
[3.226s] -- Up-to-date: /home/tom/aeac-2026/packages/src/nav_stack/ros2_ws/install/custom_interfaces/local/lib/python3.10/dist-packages/custom_interfaces/custom_interfaces_s__rosidl_typesupport_fastrtps_c.cpython-310-x86_64-linux-gnu.so
[3.226s] -- Up-to-date: /home/tom/aeac-2026/packages/src/nav_stack/ros2_ws/install/custom_interfaces/local/lib/python3.10/dist-packages/custom_interfaces/custom_interfaces_s__rosidl_typesupport_c.cpython-310-x86_64-linux-gnu.so
[3.227s] -- Up-to-date: /home/tom/aeac-2026/packages/src/nav_stack/ros2_ws/install/custom_interfaces/local/lib/python3.10/dist-packages/custom_interfaces/libcustom_interfaces__rosidl_generator_py.so
[3.227s] -- Up-to-date: /home/tom/aeac-2026/packages/src/nav_stack/ros2_ws/install/custom_interfaces/local/lib/python3.10/dist-packages/custom_interfaces/srv
[3.239s] -- Up-to-date: /home/tom/aeac-2026/packages/src/nav_stack/ros2_ws/install/custom_interfaces/local/lib/python3.10/dist-packages/custom_interfaces/srv/_gps_to_local_s.c
[3.239s] -- Up-to-date: /home/tom/aeac-2026/packages/src/nav_stack/ros2_ws/install/custom_interfaces/local/lib/python3.10/dist-packages/custom_interfaces/srv/_gps_to_local.py
[3.240s] -- Up-to-date: /home/tom/aeac-2026/packages/src/nav_stack/ros2_ws/install/custom_interfaces/local/lib/python3.10/dist-packages/custom_interfaces/srv/__init__.py
[3.240s] -- Up-to-date: /home/tom/aeac-2026/packages/src/nav_stack/ros2_ws/install/custom_interfaces/local/lib/python3.10/dist-packages/custom_interfaces/_custom_interfaces_s.ep.rosidl_typesupport_c.c
[3.241s] -- Up-to-date: /home/tom/aeac-2026/packages/src/nav_stack/ros2_ws/install/custom_interfaces/local/lib/python3.10/dist-packages/custom_interfaces/_custom_interfaces_s.ep.rosidl_typesupport_fastrtps_c.c
[3.241s] -- Up-to-date: /home/tom/aeac-2026/packages/src/nav_stack/ros2_ws/install/custom_interfaces/local/lib/python3.10/dist-packages/custom_interfaces/__init__.py
[3.242s] -- Up-to-date: /home/tom/aeac-2026/packages/src/nav_stack/ros2_ws/install/custom_interfaces/local/lib/python3.10/dist-packages/custom_interfaces/_custom_interfaces_s.ep.rosidl_typesupport_introspection_c.c
[3.442s] Listing '/home/tom/aeac-2026/packages/src/nav_stack/ros2_ws/install/custom_interfaces/local/lib/python3.10/dist-packages/custom_interfaces'...
[3.443s] Listing '/home/tom/aeac-2026/packages/src/nav_stack/ros2_ws/install/custom_interfaces/local/lib/python3.10/dist-packages/custom_interfaces/srv'...
[3.470s] -- Up-to-date: /home/tom/aeac-2026/packages/src/nav_stack/ros2_ws/install/custom_interfaces/local/lib/python3.10/dist-packages/custom_interfaces/custom_interfaces_s__rosidl_typesupport_fastrtps_c.cpython-310-x86_64-linux-gnu.so
[3.472s] -- Up-to-date: /home/tom/aeac-2026/packages/src/nav_stack/ros2_ws/install/custom_interfaces/local/lib/python3.10/dist-packages/custom_interfaces/custom_interfaces_s__rosidl_typesupport_introspection_c.cpython-310-x86_64-linux-gnu.so
[3.473s] -- Up-to-date: /home/tom/aeac-2026/packages/src/nav_stack/ros2_ws/install/custom_interfaces/local/lib/python3.10/dist-packages/custom_interfaces/custom_interfaces_s__rosidl_typesupport_c.cpython-310-x86_64-linux-gnu.so
[3.474s] -- Up-to-date: /home/tom/aeac-2026/packages/src/nav_stack/ros2_ws/install/custom_interfaces/lib/libcustom_interfaces__rosidl_generator_py.so
[3.476s] -- Up-to-date: /home/tom/aeac-2026/packages/src/nav_stack/ros2_ws/install/custom_interfaces/share/custom_interfaces/srv/GpsToLocal.idl
[3.477s] -- Up-to-date: /home/tom/aeac-2026/packages/src/nav_stack/ros2_ws/install/custom_interfaces/share/custom_interfaces/srv/GpsToLocal.srv
[3.478s] -- Up-to-date: /home/tom/aeac-2026/packages/src/nav_stack/ros2_ws/install/custom_interfaces/share/custom_interfaces/srv/GpsToLocal_Request.msg
[3.479s] -- Up-to-date: /home/tom/aeac-2026/packages/src/nav_stack/ros2_ws/install/custom_interfaces/share/custom_interfaces/srv/GpsToLocal_Response.msg
[3.480s] -- Up-to-date: /home/tom/aeac-2026/packages/src/nav_stack/ros2_ws/install/custom_interfaces/share/ament_index/resource_index/package_run_dependencies/custom_interfaces
[3.480s] -- Up-to-date: /home/tom/aeac-2026/packages/src/nav_stack/ros2_ws/install/custom_interfaces/share/ament_index/resource_index/parent_prefix_path/custom_interfaces
[3.480s] -- Up-to-date: /home/tom/aeac-2026/packages/src/nav_stack/ros2_ws/install/custom_interfaces/share/custom_interfaces/environment/ament_prefix_path.sh
[3.480s] -- Up-to-date: /home/tom/aeac-2026/packages/src/nav_stack/ros2_ws/install/custom_interfaces/share/custom_interfaces/environment/ament_prefix_path.dsv
[3.481s] -- Up-to-date: /home/tom/aeac-2026/packages/src/nav_stack/ros2_ws/install/custom_interfaces/share/custom_interfaces/environment/path.sh
[3.481s] -- Up-to-date: /home/tom/aeac-2026/packages/src/nav_stack/ros2_ws/install/custom_interfaces/share/custom_interfaces/environment/path.dsv
[3.481s] -- Up-to-date: /home/tom/aeac-2026/packages/src/nav_stack/ros2_ws/install/custom_interfaces/share/custom_interfaces/local_setup.bash
[3.482s] -- Up-to-date: /home/tom/aeac-2026/packages/src/nav_stack/ros2_ws/install/custom_interfaces/share/custom_interfaces/local_setup.sh
[3.483s] -- Up-to-date: /home/tom/aeac-2026/packages/src/nav_stack/ros2_ws/install/custom_interfaces/share/custom_interfaces/local_setup.zsh
[3.483s] -- Up-to-date: /home/tom/aeac-2026/packages/src/nav_stack/ros2_ws/install/custom_interfaces/share/custom_interfaces/local_setup.dsv
[3.484s] -- Installing: /home/tom/aeac-2026/packages/src/nav_stack/ros2_ws/install/custom_interfaces/share/custom_interfaces/package.dsv
[3.484s] -- Up-to-date: /home/tom/aeac-2026/packages/src/nav_stack/ros2_ws/install/custom_interfaces/share/ament_index/resource_index/packages/custom_interfaces
[3.485s] -- Up-to-date: /home/tom/aeac-2026/packages/src/nav_stack/ros2_ws/install/custom_interfaces/share/custom_interfaces/cmake/export_custom_interfaces__rosidl_generator_cExport.cmake
[3.485s] -- Up-to-date: /home/tom/aeac-2026/packages/src/nav_stack/ros2_ws/install/custom_interfaces/share/custom_interfaces/cmake/export_custom_interfaces__rosidl_generator_cExport-noconfig.cmake
[3.486s] -- Up-to-date: /home/tom/aeac-2026/packages/src/nav_stack/ros2_ws/install/custom_interfaces/share/custom_interfaces/cmake/export_custom_interfaces__rosidl_typesupport_fastrtps_cExport.cmake
[3.487s] -- Up-to-date: /home/tom/aeac-2026/packages/src/nav_stack/ros2_ws/install/custom_interfaces/share/custom_interfaces/cmake/export_custom_interfaces__rosidl_typesupport_fastrtps_cExport-noconfig.cmake
[3.488s] -- Up-to-date: /home/tom/aeac-2026/packages/src/nav_stack/ros2_ws/install/custom_interfaces/share/custom_interfaces/cmake/custom_interfaces__rosidl_typesupport_introspection_cExport.cmake
[3.488s] -- Up-to-date: /home/tom/aeac-2026/packages/src/nav_stack/ros2_ws/install/custom_interfaces/share/custom_interfaces/cmake/custom_interfaces__rosidl_typesupport_introspection_cExport-noconfig.cmake
[3.489s] -- Up-to-date: /home/tom/aeac-2026/packages/src/nav_stack/ros2_ws/install/custom_interfaces/share/custom_interfaces/cmake/custom_interfaces__rosidl_typesupport_cExport.cmake
[3.490s] -- Up-to-date: /home/tom/aeac-2026/packages/src/nav_stack/ros2_ws/install/custom_interfaces/share/custom_interfaces/cmake/custom_interfaces__rosidl_typesupport_cExport-noconfig.cmake
[3.491s] -- Up-to-date: /home/tom/aeac-2026/packages/src/nav_stack/ros2_ws/install/custom_interfaces/share/custom_interfaces/cmake/export_custom_interfaces__rosidl_generator_cppExport.cmake
[3.492s] -- Up-to-date: /home/tom/aeac-2026/packages/src/nav_stack/ros2_ws/install/custom_interfaces/share/custom_interfaces/cmake/export_custom_interfaces__rosidl_typesupport_fastrtps_cppExport.cmake
[3.493s] -- Up-to-date: /home/tom/aeac-2026/packages/src/nav_stack/ros2_ws/install/custom_interfaces/share/custom_interfaces/cmake/export_custom_interfaces__rosidl_typesupport_fastrtps_cppExport-noconfig.cmake
[3.494s] -- Up-to-date: /home/tom/aeac-2026/packages/src/nav_stack/ros2_ws/install/custom_interfaces/share/custom_interfaces/cmake/custom_interfaces__rosidl_typesupport_introspection_cppExport.cmake
[3.494s] -- Up-to-date: /home/tom/aeac-2026/packages/src/nav_stack/ros2_ws/install/custom_interfaces/share/custom_interfaces/cmake/custom_interfaces__rosidl_typesupport_introspection_cppExport-noconfig.cmake
[3.495s] -- Up-to-date: /home/tom/aeac-2026/packages/src/nav_stack/ros2_ws/install/custom_interfaces/share/custom_interfaces/cmake/custom_interfaces__rosidl_typesupport_cppExport.cmake
[3.495s] -- Up-to-date: /home/tom/aeac-2026/packages/src/nav_stack/ros2_ws/install/custom_interfaces/share/custom_interfaces/cmake/custom_interfaces__rosidl_typesupport_cppExport-noconfig.cmake
[3.495s] -- Up-to-date: /home/tom/aeac-2026/packages/src/nav_stack/ros2_ws/install/custom_interfaces/share/custom_interfaces/cmake/export_custom_interfaces__rosidl_generator_pyExport.cmake
[3.496s] -- Up-to-date: /home/tom/aeac-2026/packages/src/nav_stack/ros2_ws/install/custom_interfaces/share/custom_interfaces/cmake/export_custom_interfaces__rosidl_generator_pyExport-noconfig.cmake
[3.496s] -- Up-to-date: /home/tom/aeac-2026/packages/src/nav_stack/ros2_ws/install/custom_interfaces/share/custom_interfaces/cmake/rosidl_cmake-extras.cmake
[3.496s] -- Up-to-date: /home/tom/aeac-2026/packages/src/nav_stack/ros2_ws/install/custom_interfaces/share/custom_interfaces/cmake/ament_cmake_export_include_directories-extras.cmake
[3.497s] -- Up-to-date: /home/tom/aeac-2026/packages/src/nav_stack/ros2_ws/install/custom_interfaces/share/custom_interfaces/cmake/ament_cmake_export_libraries-extras.cmake
[3.497s] -- Up-to-date: /home/tom/aeac-2026/packages/src/nav_stack/ros2_ws/install/custom_interfaces/share/custom_interfaces/cmake/ament_cmake_export_targets-extras.cmake
[3.497s] -- Up-to-date: /home/tom/aeac-2026/packages/src/nav_stack/ros2_ws/install/custom_interfaces/share/custom_interfaces/cmake/rosidl_cmake_export_typesupport_targets-extras.cmake
[3.497s] -- Up-to-date: /home/tom/aeac-2026/packages/src/nav_stack/ros2_ws/install/custom_interfaces/share/custom_interfaces/cmake/ament_cmake_export_dependencies-extras.cmake
[3.498s] -- Up-to-date: /home/tom/aeac-2026/packages/src/nav_stack/ros2_ws/install/custom_interfaces/share/custom_interfaces/cmake/rosidl_cmake_export_typesupport_libraries-extras.cmake
[3.498s] -- Up-to-date: /home/tom/aeac-2026/packages/src/nav_stack/ros2_ws/install/custom_interfaces/share/custom_interfaces/cmake/custom_interfacesConfig.cmake
[3.498s] -- Up-to-date: /home/tom/aeac-2026/packages/src/nav_stack/ros2_ws/install/custom_interfaces/share/custom_interfaces/cmake/custom_interfacesConfig-version.cmake
[3.499s] -- Up-to-date: /home/tom/aeac-2026/packages/src/nav_stack/ros2_ws/install/custom_interfaces/share/custom_interfaces/package.xml
[3.502s] Invoked command in '/home/tom/aeac-2026/packages/src/nav_stack/ros2_ws/build/custom_interfaces' returned '0': /usr/bin/cmake --install /home/tom/aeac-2026/packages/src/nav_stack/ros2_ws/build/custom_interfaces
