[0.526s] DEBUG:colcon:Command line arguments: ['/usr/bin/colcon', 'build']
[0.527s] DEBUG:colcon:Parsed command line arguments: Namespace(log_base=None, log_level=None, verb_name='build', build_base='build', install_base='install', merge_install=False, symlink_install=False, test_result_base=None, continue_on_error=False, executor='parallel', parallel_workers=8, event_handlers=None, ignore_user_meta=False, metas=['./colcon.meta'], base_paths=['.'], packages_ignore=None, packages_ignore_regex=None, paths=None, packages_up_to=None, packages_up_to_regex=None, packages_above=None, packages_above_and_dependencies=None, packages_above_depth=None, packages_select_by_dep=None, packages_skip_by_dep=None, packages_skip_up_to=None, packages_select_build_failed=False, packages_skip_build_finished=False, packages_select_test_failures=False, packages_skip_test_passed=False, packages_select=None, packages_skip=None, packages_select_regex=None, packages_skip_regex=None, packages_start=None, packages_end=None, allow_overriding=[], cmake_args=None, cmake_target=None, cmake_target_skip_unavailable=False, cmake_clean_cache=False, cmake_clean_first=False, cmake_force_configure=False, ament_cmake_args=None, catkin_cmake_args=None, catkin_skip_building_tests=False, mixin_files=None, mixin=None, verb_parser=<colcon_mixin.mixin.mixin_argument.MixinArgumentDecorator object at 0x7b2773ffae60>, verb_extension=<colcon_core.verb.build.BuildVerb object at 0x7b277419c520>, main=<bound method BuildVerb.main of <colcon_core.verb.build.BuildVerb object at 0x7b277419c520>>, mixin_verb=('build',))
[1.668s] Level 1:colcon.colcon_core.package_discovery:discover_packages(colcon_meta) check parameters
[1.669s] Level 1:colcon.colcon_core.package_discovery:discover_packages(recursive) check parameters
[1.669s] Level 1:colcon.colcon_core.package_discovery:discover_packages(ignore) check parameters
[1.669s] Level 1:colcon.colcon_core.package_discovery:discover_packages(path) check parameters
[1.669s] Level 1:colcon.colcon_core.package_discovery:discover_packages(colcon_meta) discover
[1.670s] Level 1:colcon.colcon_core.package_discovery:discover_packages(recursive) discover
[1.670s] INFO:colcon.colcon_core.package_discovery:Crawling recursively for packages in '/home/tom/aeac-2026/packages'
[1.670s] Level 1:colcon.colcon_core.package_identification:_identify(.) by extensions ['ignore', 'ignore_ament_install']
[1.671s] Level 1:colcon.colcon_core.package_identification:_identify(.) by extension 'ignore'
[1.671s] Level 1:colcon.colcon_core.package_identification:_identify(.) by extension 'ignore_ament_install'
[1.672s] Level 1:colcon.colcon_core.package_identification:_identify(.) by extensions ['colcon_pkg']
[1.672s] Level 1:colcon.colcon_core.package_identification:_identify(.) by extension 'colcon_pkg'
[1.672s] Level 1:colcon.colcon_core.package_identification:_identify(.) by extensions ['colcon_meta']
[1.672s] Level 1:colcon.colcon_core.package_identification:_identify(.) by extension 'colcon_meta'
[1.673s] Level 1:colcon.colcon_core.package_identification:_identify(.) by extensions ['ros']
[1.673s] Level 1:colcon.colcon_core.package_identification:_identify(.) by extension 'ros'
[1.735s] Level 1:colcon.colcon_core.package_identification:_identify(.) by extensions ['cmake', 'python']
[1.736s] Level 1:colcon.colcon_core.package_identification:_identify(.) by extension 'cmake'
[1.736s] Level 1:colcon.colcon_core.package_identification:_identify(.) by extension 'python'
[1.736s] Level 1:colcon.colcon_core.package_identification:_identify(.) by extensions ['python_setup_py']
[1.736s] Level 1:colcon.colcon_core.package_identification:_identify(.) by extension 'python_setup_py'
[1.737s] Level 1:colcon.colcon_core.package_identification:_identify(build) by extensions ['ignore', 'ignore_ament_install']
[1.738s] Level 1:colcon.colcon_core.package_identification:_identify(build) by extension 'ignore'
[1.738s] Level 1:colcon.colcon_core.package_identification:_identify(build) ignored
[1.738s] Level 1:colcon.colcon_core.package_identification:_identify(install) by extensions ['ignore', 'ignore_ament_install']
[1.739s] Level 1:colcon.colcon_core.package_identification:_identify(install) by extension 'ignore'
[1.739s] Level 1:colcon.colcon_core.package_identification:_identify(install) ignored
[1.740s] Level 1:colcon.colcon_core.package_identification:_identify(log) by extensions ['ignore', 'ignore_ament_install']
[1.740s] Level 1:colcon.colcon_core.package_identification:_identify(log) by extension 'ignore'
[1.741s] Level 1:colcon.colcon_core.package_identification:_identify(log) ignored
[1.741s] Level 1:colcon.colcon_core.package_identification:_identify(src) by extensions ['ignore', 'ignore_ament_install']
[1.742s] Level 1:colcon.colcon_core.package_identification:_identify(src) by extension 'ignore'
[1.742s] Level 1:colcon.colcon_core.package_identification:_identify(src) by extension 'ignore_ament_install'
[1.742s] Level 1:colcon.colcon_core.package_identification:_identify(src) by extensions ['colcon_pkg']
[1.743s] Level 1:colcon.colcon_core.package_identification:_identify(src) by extension 'colcon_pkg'
[1.743s] Level 1:colcon.colcon_core.package_identification:_identify(src) by extensions ['colcon_meta']
[1.743s] Level 1:colcon.colcon_core.package_identification:_identify(src) by extension 'colcon_meta'
[1.743s] Level 1:colcon.colcon_core.package_identification:_identify(src) by extensions ['ros']
[1.744s] Level 1:colcon.colcon_core.package_identification:_identify(src) by extension 'ros'
[1.744s] Level 1:colcon.colcon_core.package_identification:_identify(src) by extensions ['cmake', 'python']
[1.744s] Level 1:colcon.colcon_core.package_identification:_identify(src) by extension 'cmake'
[1.751s] Level 1:colcon.colcon_core.package_identification:_identify(src) by extension 'python'
[1.751s] Level 1:colcon.colcon_core.package_identification:_identify(src) by extensions ['python_setup_py']
[1.752s] Level 1:colcon.colcon_core.package_identification:_identify(src) by extension 'python_setup_py'
[1.752s] Level 1:colcon.colcon_core.package_identification:_identify(src/UI) by extensions ['ignore', 'ignore_ament_install']
[1.752s] Level 1:colcon.colcon_core.package_identification:_identify(src/UI) by extension 'ignore'
[1.753s] Level 1:colcon.colcon_core.package_identification:_identify(src/UI) by extension 'ignore_ament_install'
[1.754s] Level 1:colcon.colcon_core.package_identification:_identify(src/UI) by extensions ['colcon_pkg']
[1.754s] Level 1:colcon.colcon_core.package_identification:_identify(src/UI) by extension 'colcon_pkg'
[1.754s] Level 1:colcon.colcon_core.package_identification:_identify(src/UI) by extensions ['colcon_meta']
[1.755s] Level 1:colcon.colcon_core.package_identification:_identify(src/UI) by extension 'colcon_meta'
[1.755s] Level 1:colcon.colcon_core.package_identification:_identify(src/UI) by extensions ['ros']
[1.755s] Level 1:colcon.colcon_core.package_identification:_identify(src/UI) by extension 'ros'
[1.756s] Level 1:colcon.colcon_core.package_identification:_identify(src/UI) by extensions ['cmake', 'python']
[1.756s] Level 1:colcon.colcon_core.package_identification:_identify(src/UI) by extension 'cmake'
[1.756s] Level 1:colcon.colcon_core.package_identification:_identify(src/UI) by extension 'python'
[1.757s] Level 1:colcon.colcon_core.package_identification:_identify(src/UI) by extensions ['python_setup_py']
[1.757s] Level 1:colcon.colcon_core.package_identification:_identify(src/UI) by extension 'python_setup_py'
[1.757s] Level 1:colcon.colcon_core.package_identification:_identify(src/bringup) by extensions ['ignore', 'ignore_ament_install']
[1.758s] Level 1:colcon.colcon_core.package_identification:_identify(src/bringup) by extension 'ignore'
[1.758s] Level 1:colcon.colcon_core.package_identification:_identify(src/bringup) by extension 'ignore_ament_install'
[1.758s] Level 1:colcon.colcon_core.package_identification:_identify(src/bringup) by extensions ['colcon_pkg']
[1.758s] Level 1:colcon.colcon_core.package_identification:_identify(src/bringup) by extension 'colcon_pkg'
[1.758s] Level 1:colcon.colcon_core.package_identification:_identify(src/bringup) by extensions ['colcon_meta']
[1.758s] Level 1:colcon.colcon_core.package_identification:_identify(src/bringup) by extension 'colcon_meta'
[1.759s] Level 1:colcon.colcon_core.package_identification:_identify(src/bringup) by extensions ['ros']
[1.759s] Level 1:colcon.colcon_core.package_identification:_identify(src/bringup) by extension 'ros'
[1.759s] Level 1:colcon.colcon_core.package_identification:_identify(src/bringup) by extensions ['cmake', 'python']
[1.759s] Level 1:colcon.colcon_core.package_identification:_identify(src/bringup) by extension 'cmake'
[1.759s] Level 1:colcon.colcon_core.package_identification:_identify(src/bringup) by extension 'python'
[1.760s] Level 1:colcon.colcon_core.package_identification:_identify(src/bringup) by extensions ['python_setup_py']
[1.760s] Level 1:colcon.colcon_core.package_identification:_identify(src/bringup) by extension 'python_setup_py'
[1.760s] Level 1:colcon.colcon_core.package_identification:_identify(src/custom_interfaces) by extensions ['ignore', 'ignore_ament_install']
[1.761s] Level 1:colcon.colcon_core.package_identification:_identify(src/custom_interfaces) by extension 'ignore'
[1.764s] Level 1:colcon.colcon_core.package_identification:_identify(src/custom_interfaces) by extension 'ignore_ament_install'
[1.766s] Level 1:colcon.colcon_core.package_identification:_identify(src/custom_interfaces) by extensions ['colcon_pkg']
[1.767s] Level 1:colcon.colcon_core.package_identification:_identify(src/custom_interfaces) by extension 'colcon_pkg'
[1.768s] Level 1:colcon.colcon_core.package_identification:_identify(src/custom_interfaces) by extensions ['colcon_meta']
[1.770s] Level 1:colcon.colcon_core.package_identification:_identify(src/custom_interfaces) by extension 'colcon_meta'
[1.770s] Level 1:colcon.colcon_core.package_identification:_identify(src/custom_interfaces) by extensions ['ros']
[1.770s] Level 1:colcon.colcon_core.package_identification:_identify(src/custom_interfaces) by extension 'ros'
[1.780s] DEBUG:colcon.colcon_core.package_identification:Package 'src/custom_interfaces' with type 'ros.catkin' and name 'custom_interfaces'
[1.782s] Level 1:colcon.colcon_core.package_identification:_identify(src/nav_stack) by extensions ['ignore', 'ignore_ament_install']
[1.785s] Level 1:colcon.colcon_core.package_identification:_identify(src/nav_stack) by extension 'ignore'
[1.786s] Level 1:colcon.colcon_core.package_identification:_identify(src/nav_stack) by extension 'ignore_ament_install'
[1.786s] Level 1:colcon.colcon_core.package_identification:_identify(src/nav_stack) by extensions ['colcon_pkg']
[1.787s] Level 1:colcon.colcon_core.package_identification:_identify(src/nav_stack) by extension 'colcon_pkg'
[1.787s] Level 1:colcon.colcon_core.package_identification:_identify(src/nav_stack) by extensions ['colcon_meta']
[1.787s] Level 1:colcon.colcon_core.package_identification:_identify(src/nav_stack) by extension 'colcon_meta'
[1.787s] Level 1:colcon.colcon_core.package_identification:_identify(src/nav_stack) by extensions ['ros']
[1.788s] Level 1:colcon.colcon_core.package_identification:_identify(src/nav_stack) by extension 'ros'
[1.788s] Level 1:colcon.colcon_core.package_identification:_identify(src/nav_stack) by extensions ['cmake', 'python']
[1.788s] Level 1:colcon.colcon_core.package_identification:_identify(src/nav_stack) by extension 'cmake'
[1.788s] Level 1:colcon.colcon_core.package_identification:_identify(src/nav_stack) by extension 'python'
[1.789s] Level 1:colcon.colcon_core.package_identification:_identify(src/nav_stack) by extensions ['python_setup_py']
[1.789s] Level 1:colcon.colcon_core.package_identification:_identify(src/nav_stack) by extension 'python_setup_py'
[1.789s] Level 1:colcon.colcon_core.package_identification:_identify(src/nav_stack/ros2_ws) by extensions ['ignore', 'ignore_ament_install']
[1.790s] Level 1:colcon.colcon_core.package_identification:_identify(src/nav_stack/ros2_ws) by extension 'ignore'
[1.790s] Level 1:colcon.colcon_core.package_identification:_identify(src/nav_stack/ros2_ws) by extension 'ignore_ament_install'
[1.790s] Level 1:colcon.colcon_core.package_identification:_identify(src/nav_stack/ros2_ws) by extensions ['colcon_pkg']
[1.791s] Level 1:colcon.colcon_core.package_identification:_identify(src/nav_stack/ros2_ws) by extension 'colcon_pkg'
[1.791s] Level 1:colcon.colcon_core.package_identification:_identify(src/nav_stack/ros2_ws) by extensions ['colcon_meta']
[1.791s] Level 1:colcon.colcon_core.package_identification:_identify(src/nav_stack/ros2_ws) by extension 'colcon_meta'
[1.792s] Level 1:colcon.colcon_core.package_identification:_identify(src/nav_stack/ros2_ws) by extensions ['ros']
[1.792s] Level 1:colcon.colcon_core.package_identification:_identify(src/nav_stack/ros2_ws) by extension 'ros'
[1.792s] Level 1:colcon.colcon_core.package_identification:_identify(src/nav_stack/ros2_ws) by extensions ['cmake', 'python']
[1.792s] Level 1:colcon.colcon_core.package_identification:_identify(src/nav_stack/ros2_ws) by extension 'cmake'
[1.793s] Level 1:colcon.colcon_core.package_identification:_identify(src/nav_stack/ros2_ws) by extension 'python'
[1.793s] Level 1:colcon.colcon_core.package_identification:_identify(src/nav_stack/ros2_ws) by extensions ['python_setup_py']
[1.793s] Level 1:colcon.colcon_core.package_identification:_identify(src/nav_stack/ros2_ws) by extension 'python_setup_py'
[1.793s] Level 1:colcon.colcon_core.package_identification:_identify(src/nav_stack/ros2_ws/src) by extensions ['ignore', 'ignore_ament_install']
[1.794s] Level 1:colcon.colcon_core.package_identification:_identify(src/nav_stack/ros2_ws/src) by extension 'ignore'
[1.794s] Level 1:colcon.colcon_core.package_identification:_identify(src/nav_stack/ros2_ws/src) by extension 'ignore_ament_install'
[1.795s] Level 1:colcon.colcon_core.package_identification:_identify(src/nav_stack/ros2_ws/src) by extensions ['colcon_pkg']
[1.795s] Level 1:colcon.colcon_core.package_identification:_identify(src/nav_stack/ros2_ws/src) by extension 'colcon_pkg'
[1.795s] Level 1:colcon.colcon_core.package_identification:_identify(src/nav_stack/ros2_ws/src) by extensions ['colcon_meta']
[1.795s] Level 1:colcon.colcon_core.package_identification:_identify(src/nav_stack/ros2_ws/src) by extension 'colcon_meta'
[1.796s] Level 1:colcon.colcon_core.package_identification:_identify(src/nav_stack/ros2_ws/src) by extensions ['ros']
[1.796s] Level 1:colcon.colcon_core.package_identification:_identify(src/nav_stack/ros2_ws/src) by extension 'ros'
[1.796s] Level 1:colcon.colcon_core.package_identification:_identify(src/nav_stack/ros2_ws/src) by extensions ['cmake', 'python']
[1.800s] Level 1:colcon.colcon_core.package_identification:_identify(src/nav_stack/ros2_ws/src) by extension 'cmake'
[1.801s] Level 1:colcon.colcon_core.package_identification:_identify(src/nav_stack/ros2_ws/src) by extension 'python'
[1.801s] Level 1:colcon.colcon_core.package_identification:_identify(src/nav_stack/ros2_ws/src) by extensions ['python_setup_py']
[1.801s] Level 1:colcon.colcon_core.package_identification:_identify(src/nav_stack/ros2_ws/src) by extension 'python_setup_py'
[1.802s] Level 1:colcon.colcon_core.package_identification:_identify(src/nav_stack/ros2_ws/src/bringup) by extensions ['ignore', 'ignore_ament_install']
[1.803s] Level 1:colcon.colcon_core.package_identification:_identify(src/nav_stack/ros2_ws/src/bringup) by extension 'ignore'
[1.803s] Level 1:colcon.colcon_core.package_identification:_identify(src/nav_stack/ros2_ws/src/bringup) by extension 'ignore_ament_install'
[1.803s] Level 1:colcon.colcon_core.package_identification:_identify(src/nav_stack/ros2_ws/src/bringup) by extensions ['colcon_pkg']
[1.803s] Level 1:colcon.colcon_core.package_identification:_identify(src/nav_stack/ros2_ws/src/bringup) by extension 'colcon_pkg'
[1.804s] Level 1:colcon.colcon_core.package_identification:_identify(src/nav_stack/ros2_ws/src/bringup) by extensions ['colcon_meta']
[1.804s] Level 1:colcon.colcon_core.package_identification:_identify(src/nav_stack/ros2_ws/src/bringup) by extension 'colcon_meta'
[1.804s] Level 1:colcon.colcon_core.package_identification:_identify(src/nav_stack/ros2_ws/src/bringup) by extensions ['ros']
[1.804s] Level 1:colcon.colcon_core.package_identification:_identify(src/nav_stack/ros2_ws/src/bringup) by extension 'ros'
[1.806s] DEBUG:colcon.colcon_core.package_identification:Package 'src/nav_stack/ros2_ws/src/bringup' with type 'ros.ament_python' and name 'bringup'
[1.807s] Level 1:colcon.colcon_core.package_identification:_identify(src/nav_stack/ros2_ws/src/mission) by extensions ['ignore', 'ignore_ament_install']
[1.807s] Level 1:colcon.colcon_core.package_identification:_identify(src/nav_stack/ros2_ws/src/mission) by extension 'ignore'
[1.807s] Level 1:colcon.colcon_core.package_identification:_identify(src/nav_stack/ros2_ws/src/mission) by extension 'ignore_ament_install'
[1.807s] Level 1:colcon.colcon_core.package_identification:_identify(src/nav_stack/ros2_ws/src/mission) by extensions ['colcon_pkg']
[1.807s] Level 1:colcon.colcon_core.package_identification:_identify(src/nav_stack/ros2_ws/src/mission) by extension 'colcon_pkg'
[1.808s] Level 1:colcon.colcon_core.package_identification:_identify(src/nav_stack/ros2_ws/src/mission) by extensions ['colcon_meta']
[1.808s] Level 1:colcon.colcon_core.package_identification:_identify(src/nav_stack/ros2_ws/src/mission) by extension 'colcon_meta'
[1.808s] Level 1:colcon.colcon_core.package_identification:_identify(src/nav_stack/ros2_ws/src/mission) by extensions ['ros']
[1.808s] Level 1:colcon.colcon_core.package_identification:_identify(src/nav_stack/ros2_ws/src/mission) by extension 'ros'
[1.810s] DEBUG:colcon.colcon_core.package_identification:Package 'src/nav_stack/ros2_ws/src/mission' with type 'ros.ament_python' and name 'mission'
[1.810s] Level 1:colcon.colcon_core.package_identification:_identify(src/polar_system) by extensions ['ignore', 'ignore_ament_install']
[1.811s] Level 1:colcon.colcon_core.package_identification:_identify(src/polar_system) by extension 'ignore'
[1.811s] Level 1:colcon.colcon_core.package_identification:_identify(src/polar_system) by extension 'ignore_ament_install'
[1.812s] Level 1:colcon.colcon_core.package_identification:_identify(src/polar_system) by extensions ['colcon_pkg']
[1.812s] Level 1:colcon.colcon_core.package_identification:_identify(src/polar_system) by extension 'colcon_pkg'
[1.812s] Level 1:colcon.colcon_core.package_identification:_identify(src/polar_system) by extensions ['colcon_meta']
[1.814s] Level 1:colcon.colcon_core.package_identification:_identify(src/polar_system) by extension 'colcon_meta'
[1.814s] Level 1:colcon.colcon_core.package_identification:_identify(src/polar_system) by extensions ['ros']
[1.815s] Level 1:colcon.colcon_core.package_identification:_identify(src/polar_system) by extension 'ros'
[1.816s] Level 1:colcon.colcon_core.package_identification:_identify(src/polar_system) by extensions ['cmake', 'python']
[1.816s] Level 1:colcon.colcon_core.package_identification:_identify(src/polar_system) by extension 'cmake'
[1.816s] Level 1:colcon.colcon_core.package_identification:_identify(src/polar_system) by extension 'python'
[1.816s] Level 1:colcon.colcon_core.package_identification:_identify(src/polar_system) by extensions ['python_setup_py']
[1.816s] Level 1:colcon.colcon_core.package_identification:_identify(src/polar_system) by extension 'python_setup_py'
[1.817s] Level 1:colcon.colcon_core.package_identification:_identify(src/ros2_gremsy) by extensions ['ignore', 'ignore_ament_install']
[1.818s] Level 1:colcon.colcon_core.package_identification:_identify(src/ros2_gremsy) by extension 'ignore'
[1.819s] Level 1:colcon.colcon_core.package_identification:_identify(src/ros2_gremsy) by extension 'ignore_ament_install'
[1.820s] Level 1:colcon.colcon_core.package_identification:_identify(src/ros2_gremsy) by extensions ['colcon_pkg']
[1.821s] Level 1:colcon.colcon_core.package_identification:_identify(src/ros2_gremsy) by extension 'colcon_pkg'
[1.821s] Level 1:colcon.colcon_core.package_identification:_identify(src/ros2_gremsy) by extensions ['colcon_meta']
[1.821s] Level 1:colcon.colcon_core.package_identification:_identify(src/ros2_gremsy) by extension 'colcon_meta'
[1.821s] Level 1:colcon.colcon_core.package_identification:_identify(src/ros2_gremsy) by extensions ['ros']
[1.821s] Level 1:colcon.colcon_core.package_identification:_identify(src/ros2_gremsy) by extension 'ros'
[1.822s] Level 1:colcon.colcon_core.package_identification:_identify(src/ros2_gremsy) by extensions ['cmake', 'python']
[1.822s] Level 1:colcon.colcon_core.package_identification:_identify(src/ros2_gremsy) by extension 'cmake'
[1.822s] Level 1:colcon.colcon_core.package_identification:_identify(src/ros2_gremsy) by extension 'python'
[1.822s] Level 1:colcon.colcon_core.package_identification:_identify(src/ros2_gremsy) by extensions ['python_setup_py']
[1.823s] Level 1:colcon.colcon_core.package_identification:_identify(src/ros2_gremsy) by extension 'python_setup_py'
[1.823s] Level 1:colcon.colcon_core.package_identification:_identify(src/tools) by extensions ['ignore', 'ignore_ament_install']
[1.823s] Level 1:colcon.colcon_core.package_identification:_identify(src/tools) by extension 'ignore'
[1.824s] Level 1:colcon.colcon_core.package_identification:_identify(src/tools) by extension 'ignore_ament_install'
[1.824s] Level 1:colcon.colcon_core.package_identification:_identify(src/tools) by extensions ['colcon_pkg']
[1.824s] Level 1:colcon.colcon_core.package_identification:_identify(src/tools) by extension 'colcon_pkg'
[1.824s] Level 1:colcon.colcon_core.package_identification:_identify(src/tools) by extensions ['colcon_meta']
[1.824s] Level 1:colcon.colcon_core.package_identification:_identify(src/tools) by extension 'colcon_meta'
[1.825s] Level 1:colcon.colcon_core.package_identification:_identify(src/tools) by extensions ['ros']
[1.825s] Level 1:colcon.colcon_core.package_identification:_identify(src/tools) by extension 'ros'
[1.825s] Level 1:colcon.colcon_core.package_identification:_identify(src/tools) by extensions ['cmake', 'python']
[1.825s] Level 1:colcon.colcon_core.package_identification:_identify(src/tools) by extension 'cmake'
[1.825s] Level 1:colcon.colcon_core.package_identification:_identify(src/tools) by extension 'python'
[1.826s] Level 1:colcon.colcon_core.package_identification:_identify(src/tools) by extensions ['python_setup_py']
[1.826s] Level 1:colcon.colcon_core.package_identification:_identify(src/tools) by extension 'python_setup_py'
[1.826s] Level 1:colcon.colcon_core.package_identification:_identify(src/vision) by extensions ['ignore', 'ignore_ament_install']
[1.826s] Level 1:colcon.colcon_core.package_identification:_identify(src/vision) by extension 'ignore'
[1.827s] Level 1:colcon.colcon_core.package_identification:_identify(src/vision) by extension 'ignore_ament_install'
[1.827s] Level 1:colcon.colcon_core.package_identification:_identify(src/vision) by extensions ['colcon_pkg']
[1.827s] Level 1:colcon.colcon_core.package_identification:_identify(src/vision) by extension 'colcon_pkg'
[1.827s] Level 1:colcon.colcon_core.package_identification:_identify(src/vision) by extensions ['colcon_meta']
[1.827s] Level 1:colcon.colcon_core.package_identification:_identify(src/vision) by extension 'colcon_meta'
[1.828s] Level 1:colcon.colcon_core.package_identification:_identify(src/vision) by extensions ['ros']
[1.828s] Level 1:colcon.colcon_core.package_identification:_identify(src/vision) by extension 'ros'
[1.828s] Level 1:colcon.colcon_core.package_identification:_identify(src/vision) by extensions ['cmake', 'python']
[1.828s] Level 1:colcon.colcon_core.package_identification:_identify(src/vision) by extension 'cmake'
[1.828s] Level 1:colcon.colcon_core.package_identification:_identify(src/vision) by extension 'python'
[1.828s] Level 1:colcon.colcon_core.package_identification:_identify(src/vision) by extensions ['python_setup_py']
[1.829s] Level 1:colcon.colcon_core.package_identification:_identify(src/vision) by extension 'python_setup_py'
[1.829s] Level 1:colcon.colcon_core.package_discovery:discover_packages(recursive) using defaults
[1.829s] Level 1:colcon.colcon_core.package_discovery:discover_packages(ignore) discover
[1.829s] Level 1:colcon.colcon_core.package_discovery:discover_packages(ignore) using defaults
[1.829s] Level 1:colcon.colcon_core.package_discovery:discover_packages(path) discover
[1.829s] Level 1:colcon.colcon_core.package_discovery:discover_packages(path) using defaults
[1.925s] Level 1:colcon.colcon_core.package_discovery:discover_packages(prefix_path) check parameters
[1.925s] Level 1:colcon.colcon_core.package_discovery:discover_packages(prefix_path) discover
[1.928s] WARNING:colcon.colcon_ros.prefix_path.ament:The path '/home/tom/aeac-2026/packages/install/mission' in the environment variable AMENT_PREFIX_PATH doesn't exist
[1.929s] WARNING:colcon.colcon_ros.prefix_path.ament:The path '/home/tom/aeac-2026/packages/install/bringup' in the environment variable AMENT_PREFIX_PATH doesn't exist
[1.929s] WARNING:colcon.colcon_ros.prefix_path.catkin:The path '/home/tom/aeac-2026/packages/install/custom_interfaces' in the environment variable CMAKE_PREFIX_PATH doesn't exist
[1.931s] DEBUG:colcon.colcon_installed_package_information.package_discovery:Found 0 installed packages in /home/tom/aeac-2026/packages/install
[1.932s] DEBUG:colcon.colcon_installed_package_information.package_discovery:Found 4 installed packages in /home/tom/ros2_ws/install
[1.941s] DEBUG:colcon.colcon_installed_package_information.package_discovery:Found 271 installed packages in /opt/ros/humble
[1.946s] Level 1:colcon.colcon_core.package_discovery:discover_packages(prefix_path) using defaults
[2.131s] Level 5:colcon.colcon_core.verb:set package 'bringup' build argument 'cmake_args' from command line to 'None'
[2.131s] Level 5:colcon.colcon_core.verb:set package 'bringup' build argument 'cmake_target' from command line to 'None'
[2.131s] Level 5:colcon.colcon_core.verb:set package 'bringup' build argument 'cmake_target_skip_unavailable' from command line to 'False'
[2.132s] Level 5:colcon.colcon_core.verb:set package 'bringup' build argument 'cmake_clean_cache' from command line to 'False'
[2.132s] Level 5:colcon.colcon_core.verb:set package 'bringup' build argument 'cmake_clean_first' from command line to 'False'
[2.132s] Level 5:colcon.colcon_core.verb:set package 'bringup' build argument 'cmake_force_configure' from command line to 'False'
[2.132s] Level 5:colcon.colcon_core.verb:set package 'bringup' build argument 'ament_cmake_args' from command line to 'None'
[2.132s] Level 5:colcon.colcon_core.verb:set package 'bringup' build argument 'catkin_cmake_args' from command line to 'None'
[2.132s] Level 5:colcon.colcon_core.verb:set package 'bringup' build argument 'catkin_skip_building_tests' from command line to 'False'
[2.132s] DEBUG:colcon.colcon_core.verb:Building package 'bringup' with the following arguments: {'ament_cmake_args': None, 'build_base': '/home/tom/aeac-2026/packages/build/bringup', 'catkin_cmake_args': None, 'catkin_skip_building_tests': False, 'cmake_args': None, 'cmake_clean_cache': False, 'cmake_clean_first': False, 'cmake_force_configure': False, 'cmake_target': None, 'cmake_target_skip_unavailable': False, 'install_base': '/home/tom/aeac-2026/packages/install/bringup', 'merge_install': False, 'path': '/home/tom/aeac-2026/packages/src/nav_stack/ros2_ws/src/bringup', 'symlink_install': False, 'test_result_base': None}
[2.133s] Level 5:colcon.colcon_core.verb:set package 'custom_interfaces' build argument 'cmake_args' from command line to 'None'
[2.133s] Level 5:colcon.colcon_core.verb:set package 'custom_interfaces' build argument 'cmake_target' from command line to 'None'
[2.133s] Level 5:colcon.colcon_core.verb:set package 'custom_interfaces' build argument 'cmake_target_skip_unavailable' from command line to 'False'
[2.133s] Level 5:colcon.colcon_core.verb:set package 'custom_interfaces' build argument 'cmake_clean_cache' from command line to 'False'
[2.133s] Level 5:colcon.colcon_core.verb:set package 'custom_interfaces' build argument 'cmake_clean_first' from command line to 'False'
[2.133s] Level 5:colcon.colcon_core.verb:set package 'custom_interfaces' build argument 'cmake_force_configure' from command line to 'False'
[2.133s] Level 5:colcon.colcon_core.verb:set package 'custom_interfaces' build argument 'ament_cmake_args' from command line to 'None'
[2.133s] Level 5:colcon.colcon_core.verb:set package 'custom_interfaces' build argument 'catkin_cmake_args' from command line to 'None'
[2.133s] Level 5:colcon.colcon_core.verb:set package 'custom_interfaces' build argument 'catkin_skip_building_tests' from command line to 'False'
[2.133s] DEBUG:colcon.colcon_core.verb:Building package 'custom_interfaces' with the following arguments: {'ament_cmake_args': None, 'build_base': '/home/tom/aeac-2026/packages/build/custom_interfaces', 'catkin_cmake_args': None, 'catkin_skip_building_tests': False, 'cmake_args': None, 'cmake_clean_cache': False, 'cmake_clean_first': False, 'cmake_force_configure': False, 'cmake_target': None, 'cmake_target_skip_unavailable': False, 'install_base': '/home/tom/aeac-2026/packages/install/custom_interfaces', 'merge_install': False, 'path': '/home/tom/aeac-2026/packages/src/custom_interfaces', 'symlink_install': False, 'test_result_base': None}
[2.134s] Level 5:colcon.colcon_core.verb:set package 'mission' build argument 'cmake_args' from command line to 'None'
[2.134s] Level 5:colcon.colcon_core.verb:set package 'mission' build argument 'cmake_target' from command line to 'None'
[2.135s] Level 5:colcon.colcon_core.verb:set package 'mission' build argument 'cmake_target_skip_unavailable' from command line to 'False'
[2.135s] Level 5:colcon.colcon_core.verb:set package 'mission' build argument 'cmake_clean_cache' from command line to 'False'
[2.135s] Level 5:colcon.colcon_core.verb:set package 'mission' build argument 'cmake_clean_first' from command line to 'False'
[2.135s] Level 5:colcon.colcon_core.verb:set package 'mission' build argument 'cmake_force_configure' from command line to 'False'
[2.135s] Level 5:colcon.colcon_core.verb:set package 'mission' build argument 'ament_cmake_args' from command line to 'None'
[2.135s] Level 5:colcon.colcon_core.verb:set package 'mission' build argument 'catkin_cmake_args' from command line to 'None'
[2.135s] Level 5:colcon.colcon_core.verb:set package 'mission' build argument 'catkin_skip_building_tests' from command line to 'False'
[2.135s] DEBUG:colcon.colcon_core.verb:Building package 'mission' with the following arguments: {'ament_cmake_args': None, 'build_base': '/home/tom/aeac-2026/packages/build/mission', 'catkin_cmake_args': None, 'catkin_skip_building_tests': False, 'cmake_args': None, 'cmake_clean_cache': False, 'cmake_clean_first': False, 'cmake_force_configure': False, 'cmake_target': None, 'cmake_target_skip_unavailable': False, 'install_base': '/home/tom/aeac-2026/packages/install/mission', 'merge_install': False, 'path': '/home/tom/aeac-2026/packages/src/nav_stack/ros2_ws/src/mission', 'symlink_install': False, 'test_result_base': None}
[2.136s] INFO:colcon.colcon_core.executor:Executing jobs using 'parallel' executor
[2.138s] DEBUG:colcon.colcon_parallel_executor.executor.parallel:run_until_complete
[2.139s] INFO:colcon.colcon_ros.task.ament_python.build:Building ROS package in '/home/tom/aeac-2026/packages/src/nav_stack/ros2_ws/src/bringup' with build type 'ament_python'
[2.140s] Level 1:colcon.colcon_core.shell:create_environment_hook('bringup', 'ament_prefix_path')
[2.148s] INFO:colcon.colcon_core.plugin_system:Skipping extension 'colcon_core.shell.bat': Not used on non-Windows systems
[2.149s] INFO:colcon.colcon_core.shell:Creating environment hook '/home/tom/aeac-2026/packages/install/bringup/share/bringup/hook/ament_prefix_path.ps1'
[2.156s] INFO:colcon.colcon_core.shell:Creating environment descriptor '/home/tom/aeac-2026/packages/install/bringup/share/bringup/hook/ament_prefix_path.dsv'
[2.157s] INFO:colcon.colcon_core.shell:Creating environment hook '/home/tom/aeac-2026/packages/install/bringup/share/bringup/hook/ament_prefix_path.sh'
[2.161s] INFO:colcon.colcon_core.shell:Skip shell extension 'powershell' for command environment: Not usable outside of PowerShell
[2.161s] DEBUG:colcon.colcon_core.shell:Skip shell extension 'dsv' for command environment
[2.176s] INFO:colcon.colcon_ros.task.catkin.build:Building ROS package in '/home/tom/aeac-2026/packages/src/custom_interfaces' with build type 'catkin'
[2.176s] INFO:colcon.colcon_cmake.task.cmake.build:Building CMake package in '/home/tom/aeac-2026/packages/src/custom_interfaces'
[2.178s] INFO:colcon.colcon_core.shell:Skip shell extension 'powershell' for command environment: Not usable outside of PowerShell
[2.179s] DEBUG:colcon.colcon_core.shell:Skip shell extension 'dsv' for command environment
[2.192s] INFO:colcon.colcon_ros.task.ament_python.build:Building ROS package in '/home/tom/aeac-2026/packages/src/nav_stack/ros2_ws/src/mission' with build type 'ament_python'
[2.192s] Level 1:colcon.colcon_core.shell:create_environment_hook('mission', 'ament_prefix_path')
[2.193s] INFO:colcon.colcon_core.shell:Creating environment hook '/home/tom/aeac-2026/packages/install/mission/share/mission/hook/ament_prefix_path.ps1'
[2.201s] INFO:colcon.colcon_core.shell:Creating environment descriptor '/home/tom/aeac-2026/packages/install/mission/share/mission/hook/ament_prefix_path.dsv'
[2.203s] INFO:colcon.colcon_core.shell:Creating environment hook '/home/tom/aeac-2026/packages/install/mission/share/mission/hook/ament_prefix_path.sh'
[2.206s] INFO:colcon.colcon_core.shell:Skip shell extension 'powershell' for command environment: Not usable outside of PowerShell
[2.207s] DEBUG:colcon.colcon_core.shell:Skip shell extension 'dsv' for command environment
[5.476s] INFO:colcon.colcon_core.task.python.build:Building Python package in '/home/tom/aeac-2026/packages/src/nav_stack/ros2_ws/src/bringup'
[5.477s] INFO:colcon.colcon_core.shell:Skip shell extension 'powershell' for command environment: Not usable outside of PowerShell
[5.478s] DEBUG:colcon.colcon_core.shell:Skip shell extension 'dsv' for command environment
[5.567s] DEBUG:colcon.colcon_core.event_handler.log_command:Invoking command in '/home/tom/aeac-2026/packages/build/custom_interfaces': /usr/bin/cmake /home/tom/aeac-2026/packages/src/custom_interfaces -DCATKIN_INSTALL_INTO_PREFIX_ROOT=0 -DCMAKE_INSTALL_PREFIX=/home/tom/aeac-2026/packages/install/custom_interfaces
[8.139s] INFO:colcon.colcon_core.task.python.build:Building Python package in '/home/tom/aeac-2026/packages/src/nav_stack/ros2_ws/src/mission'
[8.140s] INFO:colcon.colcon_core.shell:Skip shell extension 'powershell' for command environment: Not usable outside of PowerShell
[8.141s] DEBUG:colcon.colcon_core.shell:Skip shell extension 'dsv' for command environment
[10.627s] DEBUG:colcon.colcon_core.event_handler.log_command:Invoking command in '/home/tom/aeac-2026/packages/src/nav_stack/ros2_ws/src/mission': PYTHONPATH=/home/tom/aeac-2026/packages/build/mission/prefix_override:/usr/lib/python3/dist-packages/colcon_core/task/python/colcon_distutils_commands:/home/tom/aeac-2026/packages/install/mission/lib/python3.10/site-packages:${PYTHONPATH} /usr/bin/python3 -W ignore:setup.py install is deprecated -W ignore:easy_install command is deprecated setup.py egg_info --egg-base ../../../../../build/mission build --build-base /home/tom/aeac-2026/packages/build/mission/build install --record /home/tom/aeac-2026/packages/build/mission/install.log --single-version-externally-managed install_data
[10.827s] DEBUG:colcon.colcon_core.event_handler.log_command:Invoking command in '/home/tom/aeac-2026/packages/src/nav_stack/ros2_ws/src/bringup': PYTHONPATH=/home/tom/aeac-2026/packages/build/bringup/prefix_override:/usr/lib/python3/dist-packages/colcon_core/task/python/colcon_distutils_commands:/home/tom/aeac-2026/packages/install/bringup/lib/python3.10/site-packages:${PYTHONPATH} /usr/bin/python3 -W ignore:setup.py install is deprecated -W ignore:easy_install command is deprecated setup.py egg_info --egg-base ../../../../../build/bringup build --build-base /home/tom/aeac-2026/packages/build/bringup/build install --record /home/tom/aeac-2026/packages/build/bringup/install.log --single-version-externally-managed install_data
[12.134s] DEBUG:colcon.colcon_core.event_handler.log_command:Invoked command in '/home/tom/aeac-2026/packages/src/nav_stack/ros2_ws/src/mission' returned '0': PYTHONPATH=/home/tom/aeac-2026/packages/build/mission/prefix_override:/usr/lib/python3/dist-packages/colcon_core/task/python/colcon_distutils_commands:/home/tom/aeac-2026/packages/install/mission/lib/python3.10/site-packages:${PYTHONPATH} /usr/bin/python3 -W ignore:setup.py install is deprecated -W ignore:easy_install command is deprecated setup.py egg_info --egg-base ../../../../../build/mission build --build-base /home/tom/aeac-2026/packages/build/mission/build install --record /home/tom/aeac-2026/packages/build/mission/install.log --single-version-externally-managed install_data
[12.142s] Level 1:colcon.colcon_core.environment:checking '/home/tom/aeac-2026/packages/install/mission' for CMake module files
[12.143s] Level 1:colcon.colcon_core.environment:checking '/home/tom/aeac-2026/packages/install/mission' for CMake config files
[12.145s] Level 1:colcon.colcon_core.environment:checking '/home/tom/aeac-2026/packages/install/mission/lib'
[12.146s] Level 1:colcon.colcon_core.environment:checking '/home/tom/aeac-2026/packages/install/mission/bin'
[12.146s] Level 1:colcon.colcon_core.environment:checking '/home/tom/aeac-2026/packages/install/mission/lib/pkgconfig/mission.pc'
[12.146s] Level 1:colcon.colcon_core.environment:checking '/home/tom/aeac-2026/packages/install/mission/lib/python3.10/site-packages'
[12.147s] Level 1:colcon.colcon_core.shell:create_environment_hook('mission', 'pythonpath')
[12.147s] INFO:colcon.colcon_core.shell:Creating environment hook '/home/tom/aeac-2026/packages/install/mission/share/mission/hook/pythonpath.ps1'
[12.149s] INFO:colcon.colcon_core.shell:Creating environment descriptor '/home/tom/aeac-2026/packages/install/mission/share/mission/hook/pythonpath.dsv'
[12.150s] INFO:colcon.colcon_core.shell:Creating environment hook '/home/tom/aeac-2026/packages/install/mission/share/mission/hook/pythonpath.sh'
[12.156s] Level 1:colcon.colcon_core.environment:checking '/home/tom/aeac-2026/packages/install/mission/bin'
[12.158s] Level 1:colcon.colcon_core.environment:create_environment_scripts_only(mission)
[12.159s] INFO:colcon.colcon_core.shell:Creating package script '/home/tom/aeac-2026/packages/install/mission/share/mission/package.ps1'
[12.164s] INFO:colcon.colcon_core.shell:Creating package descriptor '/home/tom/aeac-2026/packages/install/mission/share/mission/package.dsv'
[12.167s] INFO:colcon.colcon_core.shell:Creating package script '/home/tom/aeac-2026/packages/install/mission/share/mission/package.sh'
[12.171s] INFO:colcon.colcon_core.shell:Creating package script '/home/tom/aeac-2026/packages/install/mission/share/mission/package.bash'
[12.173s] INFO:colcon.colcon_core.shell:Creating package script '/home/tom/aeac-2026/packages/install/mission/share/mission/package.zsh'
[12.175s] Level 1:colcon.colcon_core.environment:create_file_with_runtime_dependencies(/home/tom/aeac-2026/packages/install/mission/share/colcon-core/packages/mission)
[12.259s] Level 1:colcon.colcon_core.environment:checking '/home/tom/aeac-2026/packages/install/bringup' for CMake module files
[12.261s] DEBUG:colcon.colcon_core.event_handler.log_command:Invoked command in '/home/tom/aeac-2026/packages/src/nav_stack/ros2_ws/src/bringup' returned '0': PYTHONPATH=/home/tom/aeac-2026/packages/build/bringup/prefix_override:/usr/lib/python3/dist-packages/colcon_core/task/python/colcon_distutils_commands:/home/tom/aeac-2026/packages/install/bringup/lib/python3.10/site-packages:${PYTHONPATH} /usr/bin/python3 -W ignore:setup.py install is deprecated -W ignore:easy_install command is deprecated setup.py egg_info --egg-base ../../../../../build/bringup build --build-base /home/tom/aeac-2026/packages/build/bringup/build install --record /home/tom/aeac-2026/packages/build/bringup/install.log --single-version-externally-managed install_data
[12.263s] Level 1:colcon.colcon_core.environment:checking '/home/tom/aeac-2026/packages/install/bringup' for CMake config files
[12.264s] Level 1:colcon.colcon_core.environment:checking '/home/tom/aeac-2026/packages/install/bringup/lib'
[12.265s] Level 1:colcon.colcon_core.environment:checking '/home/tom/aeac-2026/packages/install/bringup/bin'
[12.265s] Level 1:colcon.colcon_core.environment:checking '/home/tom/aeac-2026/packages/install/bringup/lib/pkgconfig/bringup.pc'
[12.266s] Level 1:colcon.colcon_core.environment:checking '/home/tom/aeac-2026/packages/install/bringup/lib/python3.10/site-packages'
[12.266s] Level 1:colcon.colcon_core.shell:create_environment_hook('bringup', 'pythonpath')
[12.269s] INFO:colcon.colcon_core.shell:Creating environment hook '/home/tom/aeac-2026/packages/install/bringup/share/bringup/hook/pythonpath.ps1'
[12.272s] INFO:colcon.colcon_core.shell:Creating environment descriptor '/home/tom/aeac-2026/packages/install/bringup/share/bringup/hook/pythonpath.dsv'
[12.275s] INFO:colcon.colcon_core.shell:Creating environment hook '/home/tom/aeac-2026/packages/install/bringup/share/bringup/hook/pythonpath.sh'
[12.278s] Level 1:colcon.colcon_core.environment:checking '/home/tom/aeac-2026/packages/install/bringup/bin'
[12.279s] Level 1:colcon.colcon_core.environment:create_environment_scripts_only(bringup)
[12.280s] INFO:colcon.colcon_core.shell:Creating package script '/home/tom/aeac-2026/packages/install/bringup/share/bringup/package.ps1'
[12.282s] INFO:colcon.colcon_core.shell:Creating package descriptor '/home/tom/aeac-2026/packages/install/bringup/share/bringup/package.dsv'
[12.283s] INFO:colcon.colcon_core.shell:Creating package script '/home/tom/aeac-2026/packages/install/bringup/share/bringup/package.sh'
[12.285s] INFO:colcon.colcon_core.shell:Creating package script '/home/tom/aeac-2026/packages/install/bringup/share/bringup/package.bash'
[12.287s] INFO:colcon.colcon_core.shell:Creating package script '/home/tom/aeac-2026/packages/install/bringup/share/bringup/package.zsh'
[12.289s] Level 1:colcon.colcon_core.environment:create_file_with_runtime_dependencies(/home/tom/aeac-2026/packages/install/bringup/share/colcon-core/packages/bringup)
[24.515s] DEBUG:colcon.colcon_core.event_handler.log_command:Invoked command in '/home/tom/aeac-2026/packages/build/custom_interfaces' returned '0': /usr/bin/cmake /home/tom/aeac-2026/packages/src/custom_interfaces -DCATKIN_INSTALL_INTO_PREFIX_ROOT=0 -DCMAKE_INSTALL_PREFIX=/home/tom/aeac-2026/packages/install/custom_interfaces
[24.521s] DEBUG:colcon.colcon_core.event_handler.log_command:Invoking command in '/home/tom/aeac-2026/packages/build/custom_interfaces': /usr/bin/cmake --build /home/tom/aeac-2026/packages/build/custom_interfaces -- -j8 -l8
[41.066s] DEBUG:colcon.colcon_core.event_handler.log_command:Invoked command in '/home/tom/aeac-2026/packages/build/custom_interfaces' returned '0': /usr/bin/cmake --build /home/tom/aeac-2026/packages/build/custom_interfaces -- -j8 -l8
[41.103s] DEBUG:colcon.colcon_core.event_handler.log_command:Invoking command in '/home/tom/aeac-2026/packages/build/custom_interfaces': /usr/bin/cmake --install /home/tom/aeac-2026/packages/build/custom_interfaces
[41.794s] DEBUG:colcon.colcon_core.event_handler.log_command:Invoked command in '/home/tom/aeac-2026/packages/build/custom_interfaces' returned '0': /usr/bin/cmake --install /home/tom/aeac-2026/packages/build/custom_interfaces
[41.796s] Level 1:colcon.colcon_core.shell:create_environment_hook('custom_interfaces', 'ros_package_path')
[41.803s] INFO:colcon.colcon_core.shell:Creating environment hook '/home/tom/aeac-2026/packages/install/custom_interfaces/share/custom_interfaces/hook/ros_package_path.ps1'
[41.808s] INFO:colcon.colcon_core.shell:Creating environment descriptor '/home/tom/aeac-2026/packages/install/custom_interfaces/share/custom_interfaces/hook/ros_package_path.dsv'
[41.810s] INFO:colcon.colcon_core.shell:Creating environment hook '/home/tom/aeac-2026/packages/install/custom_interfaces/share/custom_interfaces/hook/ros_package_path.sh'
[41.813s] Level 1:colcon.colcon_ros.task.catkin:checking '/home/tom/aeac-2026/packages/install/custom_interfaces/local/lib/python3.10/dist-packages'
[41.813s] Level 1:colcon.colcon_core.shell:create_environment_hook('custom_interfaces', 'catkin_pythonpath')
[41.817s] INFO:colcon.colcon_core.shell:Creating environment hook '/home/tom/aeac-2026/packages/install/custom_interfaces/share/custom_interfaces/hook/catkin_pythonpath.ps1'
[41.820s] INFO:colcon.colcon_core.shell:Creating environment descriptor '/home/tom/aeac-2026/packages/install/custom_interfaces/share/custom_interfaces/hook/catkin_pythonpath.dsv'
[41.833s] INFO:colcon.colcon_core.shell:Creating environment hook '/home/tom/aeac-2026/packages/install/custom_interfaces/share/custom_interfaces/hook/catkin_pythonpath.sh'
[41.845s] Level 1:colcon.colcon_core.shell:create_environment_hook('custom_interfaces', 'pkg_config_path')
[41.848s] INFO:colcon.colcon_core.shell:Creating environment hook '/home/tom/aeac-2026/packages/install/custom_interfaces/share/custom_interfaces/hook/pkg_config_path.ps1'
[41.850s] INFO:colcon.colcon_core.shell:Creating environment descriptor '/home/tom/aeac-2026/packages/install/custom_interfaces/share/custom_interfaces/hook/pkg_config_path.dsv'
[41.862s] INFO:colcon.colcon_core.shell:Creating environment hook '/home/tom/aeac-2026/packages/install/custom_interfaces/share/custom_interfaces/hook/pkg_config_path.sh'
[41.886s] Level 1:colcon.colcon_core.shell:create_environment_hook('custom_interfaces', 'pkg_config_path_multiarch')
[41.887s] INFO:colcon.colcon_core.shell:Creating environment hook '/home/tom/aeac-2026/packages/install/custom_interfaces/share/custom_interfaces/hook/pkg_config_path_multiarch.ps1'
[41.889s] INFO:colcon.colcon_core.shell:Creating environment descriptor '/home/tom/aeac-2026/packages/install/custom_interfaces/share/custom_interfaces/hook/pkg_config_path_multiarch.dsv'
[41.891s] INFO:colcon.colcon_core.shell:Creating environment hook '/home/tom/aeac-2026/packages/install/custom_interfaces/share/custom_interfaces/hook/pkg_config_path_multiarch.sh'
[41.907s] Level 1:colcon.colcon_core.environment:create_environment_scripts_only(custom_interfaces)
[41.908s] Level 1:colcon.colcon_core.environment:checking '/home/tom/aeac-2026/packages/install/custom_interfaces' for CMake module files
[41.912s] Level 1:colcon.colcon_core.environment:checking '/home/tom/aeac-2026/packages/install/custom_interfaces' for CMake config files
[41.916s] Level 1:colcon.colcon_core.shell:create_environment_hook('custom_interfaces', 'cmake_prefix_path')
[41.924s] INFO:colcon.colcon_core.shell:Creating environment hook '/home/tom/aeac-2026/packages/install/custom_interfaces/share/custom_interfaces/hook/cmake_prefix_path.ps1'
[41.931s] INFO:colcon.colcon_core.shell:Creating environment descriptor '/home/tom/aeac-2026/packages/install/custom_interfaces/share/custom_interfaces/hook/cmake_prefix_path.dsv'
[41.942s] INFO:colcon.colcon_core.shell:Creating environment hook '/home/tom/aeac-2026/packages/install/custom_interfaces/share/custom_interfaces/hook/cmake_prefix_path.sh'
[41.945s] Level 1:colcon.colcon_core.environment:checking '/home/tom/aeac-2026/packages/install/custom_interfaces/lib'
[41.945s] Level 1:colcon.colcon_core.shell:create_environment_hook('custom_interfaces', 'ld_library_path_lib')
[41.949s] INFO:colcon.colcon_core.shell:Creating environment hook '/home/tom/aeac-2026/packages/install/custom_interfaces/share/custom_interfaces/hook/ld_library_path_lib.ps1'
[41.957s] INFO:colcon.colcon_core.shell:Creating environment descriptor '/home/tom/aeac-2026/packages/install/custom_interfaces/share/custom_interfaces/hook/ld_library_path_lib.dsv'
[41.959s] INFO:colcon.colcon_core.shell:Creating environment hook '/home/tom/aeac-2026/packages/install/custom_interfaces/share/custom_interfaces/hook/ld_library_path_lib.sh'
[41.961s] Level 1:colcon.colcon_core.environment:checking '/home/tom/aeac-2026/packages/install/custom_interfaces/bin'
[41.962s] Level 1:colcon.colcon_core.environment:checking '/home/tom/aeac-2026/packages/install/custom_interfaces/lib/pkgconfig/custom_interfaces.pc'
[41.972s] Level 1:colcon.colcon_core.environment:checking '/home/tom/aeac-2026/packages/install/custom_interfaces/lib/python3.10/site-packages'
[41.973s] Level 1:colcon.colcon_core.environment:checking '/home/tom/aeac-2026/packages/install/custom_interfaces/bin'
[41.975s] INFO:colcon.colcon_core.shell:Creating package script '/home/tom/aeac-2026/packages/install/custom_interfaces/share/custom_interfaces/package.ps1'
[41.978s] INFO:colcon.colcon_core.shell:Creating package descriptor '/home/tom/aeac-2026/packages/install/custom_interfaces/share/custom_interfaces/package.dsv'
[41.987s] INFO:colcon.colcon_core.shell:Creating package script '/home/tom/aeac-2026/packages/install/custom_interfaces/share/custom_interfaces/package.sh'
[41.992s] INFO:colcon.colcon_core.shell:Creating package script '/home/tom/aeac-2026/packages/install/custom_interfaces/share/custom_interfaces/package.bash'
[41.994s] INFO:colcon.colcon_core.shell:Creating package script '/home/tom/aeac-2026/packages/install/custom_interfaces/share/custom_interfaces/package.zsh'
[42.000s] Level 1:colcon.colcon_core.environment:create_file_with_runtime_dependencies(/home/tom/aeac-2026/packages/install/custom_interfaces/share/colcon-core/packages/custom_interfaces)
[42.008s] DEBUG:colcon.colcon_parallel_executor.executor.parallel:closing loop
[42.010s] DEBUG:colcon.colcon_parallel_executor.executor.parallel:loop closed
[42.010s] DEBUG:colcon.colcon_parallel_executor.executor.parallel:run_until_complete finished with '0'
[42.012s] DEBUG:colcon.colcon_core.event_reactor:joining thread
[42.361s] INFO:colcon.colcon_core.plugin_system:Skipping extension 'colcon_notification.desktop_notification.notify_send': Could not find 'notify-send'
[42.362s] INFO:colcon.colcon_core.plugin_system:Skipping extension 'colcon_notification.desktop_notification.terminal_notifier': Not used on non-Darwin systems
[42.363s] INFO:colcon.colcon_core.plugin_system:Skipping extension 'colcon_notification.desktop_notification.win32': Not used on non-Windows systems
[42.363s] INFO:colcon.colcon_notification.desktop_notification:Sending desktop notification using 'notify2'
[42.368s] DEBUG:colcon.colcon_notification.desktop_notification.notify2:Failed to initialize notify2: org.freedesktop.DBus.Error.ServiceUnknown: The name org.freedesktop.Notifications was not provided by any .service files
[42.368s] DEBUG:colcon.colcon_core.event_reactor:joined thread
[42.369s] INFO:colcon.colcon_core.shell:Creating prefix script '/home/tom/aeac-2026/packages/install/local_setup.ps1'
[42.372s] INFO:colcon.colcon_core.shell:Creating prefix util module '/home/tom/aeac-2026/packages/install/_local_setup_util_ps1.py'
[42.379s] INFO:colcon.colcon_core.shell:Creating prefix chain script '/home/tom/aeac-2026/packages/install/setup.ps1'
[42.382s] INFO:colcon.colcon_core.shell:Creating prefix script '/home/tom/aeac-2026/packages/install/local_setup.sh'
[42.384s] INFO:colcon.colcon_core.shell:Creating prefix util module '/home/tom/aeac-2026/packages/install/_local_setup_util_sh.py'
[42.386s] INFO:colcon.colcon_core.shell:Creating prefix chain script '/home/tom/aeac-2026/packages/install/setup.sh'
[42.390s] INFO:colcon.colcon_core.shell:Creating prefix script '/home/tom/aeac-2026/packages/install/local_setup.bash'
[42.392s] INFO:colcon.colcon_core.shell:Creating prefix chain script '/home/tom/aeac-2026/packages/install/setup.bash'
[42.395s] INFO:colcon.colcon_core.shell:Creating prefix script '/home/tom/aeac-2026/packages/install/local_setup.zsh'
[42.396s] INFO:colcon.colcon_core.shell:Creating prefix chain script '/home/tom/aeac-2026/packages/install/setup.zsh'
