[0.474s] DEBUG:colcon:Command line arguments: ['/usr/bin/colcon', 'build']
[0.475s] DEBUG:colcon:Parsed command line arguments: Namespace(log_base=None, log_level=None, verb_name='build', build_base='build', install_base='install', merge_install=False, symlink_install=False, test_result_base=None, continue_on_error=False, executor='parallel', parallel_workers=8, event_handlers=None, ignore_user_meta=False, metas=['./colcon.meta'], base_paths=['.'], packages_ignore=None, packages_ignore_regex=None, paths=None, packages_up_to=None, packages_up_to_regex=None, packages_above=None, packages_above_and_dependencies=None, packages_above_depth=None, packages_select_by_dep=None, packages_skip_by_dep=None, packages_skip_up_to=None, packages_select_build_failed=False, packages_skip_build_finished=False, packages_select_test_failures=False, packages_skip_test_passed=False, packages_select=None, packages_skip=None, packages_select_regex=None, packages_skip_regex=None, packages_start=None, packages_end=None, allow_overriding=[], cmake_args=None, cmake_target=None, cmake_target_skip_unavailable=False, cmake_clean_cache=False, cmake_clean_first=False, cmake_force_configure=False, ament_cmake_args=None, catkin_cmake_args=None, catkin_skip_building_tests=False, mixin_files=None, mixin=None, verb_parser=<colcon_mixin.mixin.mixin_argument.MixinArgumentDecorator object at 0x7fb501c43f40>, verb_extension=<colcon_core.verb.build.BuildVerb object at 0x7fb501d81570>, main=<bound method BuildVerb.main of <colcon_core.verb.build.BuildVerb object at 0x7fb501d81570>>, mixin_verb=('build',))
[0.852s] Level 1:colcon.colcon_core.package_discovery:discover_packages(colcon_meta) check parameters
[0.852s] Level 1:colcon.colcon_core.package_discovery:discover_packages(recursive) check parameters
[0.852s] Level 1:colcon.colcon_core.package_discovery:discover_packages(ignore) check parameters
[0.852s] Level 1:colcon.colcon_core.package_discovery:discover_packages(path) check parameters
[0.852s] Level 1:colcon.colcon_core.package_discovery:discover_packages(colcon_meta) discover
[0.853s] Level 1:colcon.colcon_core.package_discovery:discover_packages(recursive) discover
[0.853s] INFO:colcon.colcon_core.package_discovery:Crawling recursively for packages in '/home/tom/aeac-2026/packages/src/nav_stack/ros2_ws'
[0.853s] Level 1:colcon.colcon_core.package_identification:_identify(.) by extensions ['ignore', 'ignore_ament_install']
[0.853s] Level 1:colcon.colcon_core.package_identification:_identify(.) by extension 'ignore'
[0.853s] Level 1:colcon.colcon_core.package_identification:_identify(.) by extension 'ignore_ament_install'
[0.853s] Level 1:colcon.colcon_core.package_identification:_identify(.) by extensions ['colcon_pkg']
[0.853s] Level 1:colcon.colcon_core.package_identification:_identify(.) by extension 'colcon_pkg'
[0.853s] Level 1:colcon.colcon_core.package_identification:_identify(.) by extensions ['colcon_meta']
[0.854s] Level 1:colcon.colcon_core.package_identification:_identify(.) by extension 'colcon_meta'
[0.854s] Level 1:colcon.colcon_core.package_identification:_identify(.) by extensions ['ros']
[0.854s] Level 1:colcon.colcon_core.package_identification:_identify(.) by extension 'ros'
[0.873s] Level 1:colcon.colcon_core.package_identification:_identify(.) by extensions ['cmake', 'python']
[0.874s] Level 1:colcon.colcon_core.package_identification:_identify(.) by extension 'cmake'
[0.874s] Level 1:colcon.colcon_core.package_identification:_identify(.) by extension 'python'
[0.874s] Level 1:colcon.colcon_core.package_identification:_identify(.) by extensions ['python_setup_py']
[0.874s] Level 1:colcon.colcon_core.package_identification:_identify(.) by extension 'python_setup_py'
[0.874s] Level 1:colcon.colcon_core.package_identification:_identify(build) by extensions ['ignore', 'ignore_ament_install']
[0.875s] Level 1:colcon.colcon_core.package_identification:_identify(build) by extension 'ignore'
[0.875s] Level 1:colcon.colcon_core.package_identification:_identify(build) ignored
[0.875s] Level 1:colcon.colcon_core.package_identification:_identify(custom_interfaces) by extensions ['ignore', 'ignore_ament_install']
[0.876s] Level 1:colcon.colcon_core.package_identification:_identify(custom_interfaces) by extension 'ignore'
[0.876s] Level 1:colcon.colcon_core.package_identification:_identify(custom_interfaces) by extension 'ignore_ament_install'
[0.876s] Level 1:colcon.colcon_core.package_identification:_identify(custom_interfaces) by extensions ['colcon_pkg']
[0.876s] Level 1:colcon.colcon_core.package_identification:_identify(custom_interfaces) by extension 'colcon_pkg'
[0.876s] Level 1:colcon.colcon_core.package_identification:_identify(custom_interfaces) by extensions ['colcon_meta']
[0.877s] Level 1:colcon.colcon_core.package_identification:_identify(custom_interfaces) by extension 'colcon_meta'
[0.877s] Level 1:colcon.colcon_core.package_identification:_identify(custom_interfaces) by extensions ['ros']
[0.877s] Level 1:colcon.colcon_core.package_identification:_identify(custom_interfaces) by extension 'ros'
[0.882s] DEBUG:colcon.colcon_core.package_identification:Package 'custom_interfaces' with type 'ros.catkin' and name 'custom_interfaces'
[0.884s] Level 1:colcon.colcon_core.package_identification:_identify(install) by extensions ['ignore', 'ignore_ament_install']
[0.885s] Level 1:colcon.colcon_core.package_identification:_identify(install) by extension 'ignore'
[0.885s] Level 1:colcon.colcon_core.package_identification:_identify(install) ignored
[0.885s] Level 1:colcon.colcon_core.package_identification:_identify(log) by extensions ['ignore', 'ignore_ament_install']
[0.886s] Level 1:colcon.colcon_core.package_identification:_identify(log) by extension 'ignore'
[0.886s] Level 1:colcon.colcon_core.package_identification:_identify(log) ignored
[0.886s] Level 1:colcon.colcon_core.package_identification:_identify(src) by extensions ['ignore', 'ignore_ament_install']
[0.886s] Level 1:colcon.colcon_core.package_identification:_identify(src) by extension 'ignore'
[0.887s] Level 1:colcon.colcon_core.package_identification:_identify(src) by extension 'ignore_ament_install'
[0.887s] Level 1:colcon.colcon_core.package_identification:_identify(src) by extensions ['colcon_pkg']
[0.887s] Level 1:colcon.colcon_core.package_identification:_identify(src) by extension 'colcon_pkg'
[0.887s] Level 1:colcon.colcon_core.package_identification:_identify(src) by extensions ['colcon_meta']
[0.887s] Level 1:colcon.colcon_core.package_identification:_identify(src) by extension 'colcon_meta'
[0.887s] Level 1:colcon.colcon_core.package_identification:_identify(src) by extensions ['ros']
[0.887s] Level 1:colcon.colcon_core.package_identification:_identify(src) by extension 'ros'
[0.887s] Level 1:colcon.colcon_core.package_identification:_identify(src) by extensions ['cmake', 'python']
[0.887s] Level 1:colcon.colcon_core.package_identification:_identify(src) by extension 'cmake'
[0.887s] Level 1:colcon.colcon_core.package_identification:_identify(src) by extension 'python'
[0.888s] Level 1:colcon.colcon_core.package_identification:_identify(src) by extensions ['python_setup_py']
[0.888s] Level 1:colcon.colcon_core.package_identification:_identify(src) by extension 'python_setup_py'
[0.888s] Level 1:colcon.colcon_core.package_identification:_identify(src/bringup) by extensions ['ignore', 'ignore_ament_install']
[0.888s] Level 1:colcon.colcon_core.package_identification:_identify(src/bringup) by extension 'ignore'
[0.889s] Level 1:colcon.colcon_core.package_identification:_identify(src/bringup) by extension 'ignore_ament_install'
[0.889s] Level 1:colcon.colcon_core.package_identification:_identify(src/bringup) by extensions ['colcon_pkg']
[0.889s] Level 1:colcon.colcon_core.package_identification:_identify(src/bringup) by extension 'colcon_pkg'
[0.889s] Level 1:colcon.colcon_core.package_identification:_identify(src/bringup) by extensions ['colcon_meta']
[0.889s] Level 1:colcon.colcon_core.package_identification:_identify(src/bringup) by extension 'colcon_meta'
[0.890s] Level 1:colcon.colcon_core.package_identification:_identify(src/bringup) by extensions ['ros']
[0.890s] Level 1:colcon.colcon_core.package_identification:_identify(src/bringup) by extension 'ros'
[0.891s] DEBUG:colcon.colcon_core.package_identification:Package 'src/bringup' with type 'ros.ament_python' and name 'bringup'
[0.892s] Level 1:colcon.colcon_core.package_identification:_identify(src/mission) by extensions ['ignore', 'ignore_ament_install']
[0.892s] Level 1:colcon.colcon_core.package_identification:_identify(src/mission) by extension 'ignore'
[0.892s] Level 1:colcon.colcon_core.package_identification:_identify(src/mission) by extension 'ignore_ament_install'
[0.893s] Level 1:colcon.colcon_core.package_identification:_identify(src/mission) by extensions ['colcon_pkg']
[0.893s] Level 1:colcon.colcon_core.package_identification:_identify(src/mission) by extension 'colcon_pkg'
[0.893s] Level 1:colcon.colcon_core.package_identification:_identify(src/mission) by extensions ['colcon_meta']
[0.893s] Level 1:colcon.colcon_core.package_identification:_identify(src/mission) by extension 'colcon_meta'
[0.893s] Level 1:colcon.colcon_core.package_identification:_identify(src/mission) by extensions ['ros']
[0.893s] Level 1:colcon.colcon_core.package_identification:_identify(src/mission) by extension 'ros'
[0.895s] DEBUG:colcon.colcon_core.package_identification:Package 'src/mission' with type 'ros.ament_python' and name 'mission'
[0.895s] Level 1:colcon.colcon_core.package_discovery:discover_packages(recursive) using defaults
[0.895s] Level 1:colcon.colcon_core.package_discovery:discover_packages(ignore) discover
[0.895s] Level 1:colcon.colcon_core.package_discovery:discover_packages(ignore) using defaults
[0.895s] Level 1:colcon.colcon_core.package_discovery:discover_packages(path) discover
[0.895s] Level 1:colcon.colcon_core.package_discovery:discover_packages(path) using defaults
[4.550s] Level 1:colcon.colcon_core.package_discovery:discover_packages(prefix_path) check parameters
[4.550s] Level 1:colcon.colcon_core.package_discovery:discover_packages(prefix_path) discover
[4.555s] DEBUG:colcon.colcon_installed_package_information.package_discovery:Found 3 installed packages in /home/tom/aeac-2026/packages/src/nav_stack/ros2_ws/install
[4.560s] DEBUG:colcon.colcon_installed_package_information.package_discovery:Found 271 installed packages in /opt/ros/humble
[4.564s] Level 1:colcon.colcon_core.package_discovery:discover_packages(prefix_path) using defaults
[4.659s] Level 5:colcon.colcon_core.verb:set package 'bringup' build argument 'cmake_args' from command line to 'None'
[4.660s] Level 5:colcon.colcon_core.verb:set package 'bringup' build argument 'cmake_target' from command line to 'None'
[4.660s] Level 5:colcon.colcon_core.verb:set package 'bringup' build argument 'cmake_target_skip_unavailable' from command line to 'False'
[4.660s] Level 5:colcon.colcon_core.verb:set package 'bringup' build argument 'cmake_clean_cache' from command line to 'False'
[4.660s] Level 5:colcon.colcon_core.verb:set package 'bringup' build argument 'cmake_clean_first' from command line to 'False'
[4.660s] Level 5:colcon.colcon_core.verb:set package 'bringup' build argument 'cmake_force_configure' from command line to 'False'
[4.660s] Level 5:colcon.colcon_core.verb:set package 'bringup' build argument 'ament_cmake_args' from command line to 'None'
[4.660s] Level 5:colcon.colcon_core.verb:set package 'bringup' build argument 'catkin_cmake_args' from command line to 'None'
[4.660s] Level 5:colcon.colcon_core.verb:set package 'bringup' build argument 'catkin_skip_building_tests' from command line to 'False'
[4.660s] DEBUG:colcon.colcon_core.verb:Building package 'bringup' with the following arguments: {'ament_cmake_args': None, 'build_base': '/home/tom/aeac-2026/packages/src/nav_stack/ros2_ws/build/bringup', 'catkin_cmake_args': None, 'catkin_skip_building_tests': False, 'cmake_args': None, 'cmake_clean_cache': False, 'cmake_clean_first': False, 'cmake_force_configure': False, 'cmake_target': None, 'cmake_target_skip_unavailable': False, 'install_base': '/home/tom/aeac-2026/packages/src/nav_stack/ros2_ws/install/bringup', 'merge_install': False, 'path': '/home/tom/aeac-2026/packages/src/nav_stack/ros2_ws/src/bringup', 'symlink_install': False, 'test_result_base': None}
[4.661s] Level 5:colcon.colcon_core.verb:set package 'custom_interfaces' build argument 'cmake_args' from command line to 'None'
[4.661s] Level 5:colcon.colcon_core.verb:set package 'custom_interfaces' build argument 'cmake_target' from command line to 'None'
[4.661s] Level 5:colcon.colcon_core.verb:set package 'custom_interfaces' build argument 'cmake_target_skip_unavailable' from command line to 'False'
[4.661s] Level 5:colcon.colcon_core.verb:set package 'custom_interfaces' build argument 'cmake_clean_cache' from command line to 'False'
[4.662s] Level 5:colcon.colcon_core.verb:set package 'custom_interfaces' build argument 'cmake_clean_first' from command line to 'False'
[4.662s] Level 5:colcon.colcon_core.verb:set package 'custom_interfaces' build argument 'cmake_force_configure' from command line to 'False'
[4.662s] Level 5:colcon.colcon_core.verb:set package 'custom_interfaces' build argument 'ament_cmake_args' from command line to 'None'
[4.662s] Level 5:colcon.colcon_core.verb:set package 'custom_interfaces' build argument 'catkin_cmake_args' from command line to 'None'
[4.662s] Level 5:colcon.colcon_core.verb:set package 'custom_interfaces' build argument 'catkin_skip_building_tests' from command line to 'False'
[4.662s] DEBUG:colcon.colcon_core.verb:Building package 'custom_interfaces' with the following arguments: {'ament_cmake_args': None, 'build_base': '/home/tom/aeac-2026/packages/src/nav_stack/ros2_ws/build/custom_interfaces', 'catkin_cmake_args': None, 'catkin_skip_building_tests': False, 'cmake_args': None, 'cmake_clean_cache': False, 'cmake_clean_first': False, 'cmake_force_configure': False, 'cmake_target': None, 'cmake_target_skip_unavailable': False, 'install_base': '/home/tom/aeac-2026/packages/src/nav_stack/ros2_ws/install/custom_interfaces', 'merge_install': False, 'path': '/home/tom/aeac-2026/packages/src/nav_stack/ros2_ws/custom_interfaces', 'symlink_install': False, 'test_result_base': None}
[4.662s] Level 5:colcon.colcon_core.verb:set package 'mission' build argument 'cmake_args' from command line to 'None'
[4.662s] Level 5:colcon.colcon_core.verb:set package 'mission' build argument 'cmake_target' from command line to 'None'
[4.662s] Level 5:colcon.colcon_core.verb:set package 'mission' build argument 'cmake_target_skip_unavailable' from command line to 'False'
[4.662s] Level 5:colcon.colcon_core.verb:set package 'mission' build argument 'cmake_clean_cache' from command line to 'False'
[4.662s] Level 5:colcon.colcon_core.verb:set package 'mission' build argument 'cmake_clean_first' from command line to 'False'
[4.662s] Level 5:colcon.colcon_core.verb:set package 'mission' build argument 'cmake_force_configure' from command line to 'False'
[4.663s] Level 5:colcon.colcon_core.verb:set package 'mission' build argument 'ament_cmake_args' from command line to 'None'
[4.663s] Level 5:colcon.colcon_core.verb:set package 'mission' build argument 'catkin_cmake_args' from command line to 'None'
[4.663s] Level 5:colcon.colcon_core.verb:set package 'mission' build argument 'catkin_skip_building_tests' from command line to 'False'
[4.663s] DEBUG:colcon.colcon_core.verb:Building package 'mission' with the following arguments: {'ament_cmake_args': None, 'build_base': '/home/tom/aeac-2026/packages/src/nav_stack/ros2_ws/build/mission', 'catkin_cmake_args': None, 'catkin_skip_building_tests': False, 'cmake_args': None, 'cmake_clean_cache': False, 'cmake_clean_first': False, 'cmake_force_configure': False, 'cmake_target': None, 'cmake_target_skip_unavailable': False, 'install_base': '/home/tom/aeac-2026/packages/src/nav_stack/ros2_ws/install/mission', 'merge_install': False, 'path': '/home/tom/aeac-2026/packages/src/nav_stack/ros2_ws/src/mission', 'symlink_install': False, 'test_result_base': None}
[4.663s] INFO:colcon.colcon_core.executor:Executing jobs using 'parallel' executor
[4.668s] DEBUG:colcon.colcon_parallel_executor.executor.parallel:run_until_complete
[4.668s] INFO:colcon.colcon_ros.task.ament_python.build:Building ROS package in '/home/tom/aeac-2026/packages/src/nav_stack/ros2_ws/src/bringup' with build type 'ament_python'
[4.669s] Level 1:colcon.colcon_core.shell:create_environment_hook('bringup', 'ament_prefix_path')
[4.677s] INFO:colcon.colcon_core.plugin_system:Skipping extension 'colcon_core.shell.bat': Not used on non-Windows systems
[4.677s] INFO:colcon.colcon_core.shell:Creating environment hook '/home/tom/aeac-2026/packages/src/nav_stack/ros2_ws/install/bringup/share/bringup/hook/ament_prefix_path.ps1'
[4.679s] INFO:colcon.colcon_core.shell:Creating environment descriptor '/home/tom/aeac-2026/packages/src/nav_stack/ros2_ws/install/bringup/share/bringup/hook/ament_prefix_path.dsv'
[4.680s] INFO:colcon.colcon_core.shell:Creating environment hook '/home/tom/aeac-2026/packages/src/nav_stack/ros2_ws/install/bringup/share/bringup/hook/ament_prefix_path.sh'
[4.682s] INFO:colcon.colcon_core.shell:Skip shell extension 'powershell' for command environment: Not usable outside of PowerShell
[4.682s] DEBUG:colcon.colcon_core.shell:Skip shell extension 'dsv' for command environment
[4.690s] INFO:colcon.colcon_ros.task.catkin.build:Building ROS package in '/home/tom/aeac-2026/packages/src/nav_stack/ros2_ws/custom_interfaces' with build type 'catkin'
[4.691s] INFO:colcon.colcon_cmake.task.cmake.build:Building CMake package in '/home/tom/aeac-2026/packages/src/nav_stack/ros2_ws/custom_interfaces'
[4.692s] INFO:colcon.colcon_core.shell:Skip shell extension 'powershell' for command environment: Not usable outside of PowerShell
[4.693s] DEBUG:colcon.colcon_core.shell:Skip shell extension 'dsv' for command environment
[4.704s] INFO:colcon.colcon_ros.task.ament_python.build:Building ROS package in '/home/tom/aeac-2026/packages/src/nav_stack/ros2_ws/src/mission' with build type 'ament_python'
[4.704s] Level 1:colcon.colcon_core.shell:create_environment_hook('mission', 'ament_prefix_path')
[4.705s] INFO:colcon.colcon_core.shell:Creating environment hook '/home/tom/aeac-2026/packages/src/nav_stack/ros2_ws/install/mission/share/mission/hook/ament_prefix_path.ps1'
[4.707s] INFO:colcon.colcon_core.shell:Creating environment descriptor '/home/tom/aeac-2026/packages/src/nav_stack/ros2_ws/install/mission/share/mission/hook/ament_prefix_path.dsv'
[4.709s] INFO:colcon.colcon_core.shell:Creating environment hook '/home/tom/aeac-2026/packages/src/nav_stack/ros2_ws/install/mission/share/mission/hook/ament_prefix_path.sh'
[4.711s] INFO:colcon.colcon_core.shell:Skip shell extension 'powershell' for command environment: Not usable outside of PowerShell
[4.712s] DEBUG:colcon.colcon_core.shell:Skip shell extension 'dsv' for command environment
[5.444s] INFO:colcon.colcon_core.task.python.build:Building Python package in '/home/tom/aeac-2026/packages/src/nav_stack/ros2_ws/src/bringup'
[5.445s] INFO:colcon.colcon_core.shell:Skip shell extension 'powershell' for command environment: Not usable outside of PowerShell
[5.446s] DEBUG:colcon.colcon_core.shell:Skip shell extension 'dsv' for command environment
[5.487s] DEBUG:colcon.colcon_core.event_handler.log_command:Invoking command in '/home/tom/aeac-2026/packages/src/nav_stack/ros2_ws/build/custom_interfaces': /usr/bin/cmake --build /home/tom/aeac-2026/packages/src/nav_stack/ros2_ws/build/custom_interfaces -- -j8 -l8
[6.422s] INFO:colcon.colcon_core.task.python.build:Building Python package in '/home/tom/aeac-2026/packages/src/nav_stack/ros2_ws/src/mission'
[6.423s] INFO:colcon.colcon_core.shell:Skip shell extension 'powershell' for command environment: Not usable outside of PowerShell
[6.423s] DEBUG:colcon.colcon_core.shell:Skip shell extension 'dsv' for command environment
[6.625s] DEBUG:colcon.colcon_core.event_handler.log_command:Invoked command in '/home/tom/aeac-2026/packages/src/nav_stack/ros2_ws/build/custom_interfaces' returned '0': /usr/bin/cmake --build /home/tom/aeac-2026/packages/src/nav_stack/ros2_ws/build/custom_interfaces -- -j8 -l8
[6.652s] DEBUG:colcon.colcon_core.event_handler.log_command:Invoking command in '/home/tom/aeac-2026/packages/src/nav_stack/ros2_ws/build/custom_interfaces': /usr/bin/cmake --install /home/tom/aeac-2026/packages/src/nav_stack/ros2_ws/build/custom_interfaces
[6.836s] DEBUG:colcon.colcon_core.event_handler.log_command:Invoked command in '/home/tom/aeac-2026/packages/src/nav_stack/ros2_ws/build/custom_interfaces' returned '0': /usr/bin/cmake --install /home/tom/aeac-2026/packages/src/nav_stack/ros2_ws/build/custom_interfaces
[6.836s] Level 1:colcon.colcon_core.shell:create_environment_hook('custom_interfaces', 'ros_package_path')
[6.837s] INFO:colcon.colcon_core.shell:Creating environment hook '/home/tom/aeac-2026/packages/src/nav_stack/ros2_ws/install/custom_interfaces/share/custom_interfaces/hook/ros_package_path.ps1'
[6.838s] INFO:colcon.colcon_core.shell:Creating environment descriptor '/home/tom/aeac-2026/packages/src/nav_stack/ros2_ws/install/custom_interfaces/share/custom_interfaces/hook/ros_package_path.dsv'
[6.839s] INFO:colcon.colcon_core.shell:Creating environment hook '/home/tom/aeac-2026/packages/src/nav_stack/ros2_ws/install/custom_interfaces/share/custom_interfaces/hook/ros_package_path.sh'
[6.840s] Level 1:colcon.colcon_ros.task.catkin:checking '/home/tom/aeac-2026/packages/src/nav_stack/ros2_ws/install/custom_interfaces/local/lib/python3.10/dist-packages'
[6.840s] Level 1:colcon.colcon_core.shell:create_environment_hook('custom_interfaces', 'catkin_pythonpath')
[6.840s] INFO:colcon.colcon_core.shell:Creating environment hook '/home/tom/aeac-2026/packages/src/nav_stack/ros2_ws/install/custom_interfaces/share/custom_interfaces/hook/catkin_pythonpath.ps1'
[6.841s] INFO:colcon.colcon_core.shell:Creating environment descriptor '/home/tom/aeac-2026/packages/src/nav_stack/ros2_ws/install/custom_interfaces/share/custom_interfaces/hook/catkin_pythonpath.dsv'
[6.842s] INFO:colcon.colcon_core.shell:Creating environment hook '/home/tom/aeac-2026/packages/src/nav_stack/ros2_ws/install/custom_interfaces/share/custom_interfaces/hook/catkin_pythonpath.sh'
[6.844s] Level 1:colcon.colcon_core.shell:create_environment_hook('custom_interfaces', 'pkg_config_path')
[6.845s] INFO:colcon.colcon_core.shell:Creating environment hook '/home/tom/aeac-2026/packages/src/nav_stack/ros2_ws/install/custom_interfaces/share/custom_interfaces/hook/pkg_config_path.ps1'
[6.846s] INFO:colcon.colcon_core.shell:Creating environment descriptor '/home/tom/aeac-2026/packages/src/nav_stack/ros2_ws/install/custom_interfaces/share/custom_interfaces/hook/pkg_config_path.dsv'
[6.848s] INFO:colcon.colcon_core.shell:Creating environment hook '/home/tom/aeac-2026/packages/src/nav_stack/ros2_ws/install/custom_interfaces/share/custom_interfaces/hook/pkg_config_path.sh'
[6.856s] Level 1:colcon.colcon_core.shell:create_environment_hook('custom_interfaces', 'pkg_config_path_multiarch')
[6.857s] INFO:colcon.colcon_core.shell:Creating environment hook '/home/tom/aeac-2026/packages/src/nav_stack/ros2_ws/install/custom_interfaces/share/custom_interfaces/hook/pkg_config_path_multiarch.ps1'
[6.859s] INFO:colcon.colcon_core.shell:Creating environment descriptor '/home/tom/aeac-2026/packages/src/nav_stack/ros2_ws/install/custom_interfaces/share/custom_interfaces/hook/pkg_config_path_multiarch.dsv'
[6.862s] INFO:colcon.colcon_core.shell:Creating environment hook '/home/tom/aeac-2026/packages/src/nav_stack/ros2_ws/install/custom_interfaces/share/custom_interfaces/hook/pkg_config_path_multiarch.sh'
[6.865s] Level 1:colcon.colcon_core.environment:create_environment_scripts_only(custom_interfaces)
[6.875s] Level 1:colcon.colcon_core.environment:checking '/home/tom/aeac-2026/packages/src/nav_stack/ros2_ws/install/custom_interfaces' for CMake module files
[6.877s] Level 1:colcon.colcon_core.environment:checking '/home/tom/aeac-2026/packages/src/nav_stack/ros2_ws/install/custom_interfaces' for CMake config files
[6.878s] Level 1:colcon.colcon_core.shell:create_environment_hook('custom_interfaces', 'cmake_prefix_path')
[6.880s] INFO:colcon.colcon_core.shell:Creating environment hook '/home/tom/aeac-2026/packages/src/nav_stack/ros2_ws/install/custom_interfaces/share/custom_interfaces/hook/cmake_prefix_path.ps1'
[6.881s] INFO:colcon.colcon_core.shell:Creating environment descriptor '/home/tom/aeac-2026/packages/src/nav_stack/ros2_ws/install/custom_interfaces/share/custom_interfaces/hook/cmake_prefix_path.dsv'
[6.883s] INFO:colcon.colcon_core.shell:Creating environment hook '/home/tom/aeac-2026/packages/src/nav_stack/ros2_ws/install/custom_interfaces/share/custom_interfaces/hook/cmake_prefix_path.sh'
[6.886s] Level 1:colcon.colcon_core.environment:checking '/home/tom/aeac-2026/packages/src/nav_stack/ros2_ws/install/custom_interfaces/lib'
[6.888s] Level 1:colcon.colcon_core.shell:create_environment_hook('custom_interfaces', 'ld_library_path_lib')
[6.889s] INFO:colcon.colcon_core.shell:Creating environment hook '/home/tom/aeac-2026/packages/src/nav_stack/ros2_ws/install/custom_interfaces/share/custom_interfaces/hook/ld_library_path_lib.ps1'
[6.893s] INFO:colcon.colcon_core.shell:Creating environment descriptor '/home/tom/aeac-2026/packages/src/nav_stack/ros2_ws/install/custom_interfaces/share/custom_interfaces/hook/ld_library_path_lib.dsv'
[6.894s] INFO:colcon.colcon_core.shell:Creating environment hook '/home/tom/aeac-2026/packages/src/nav_stack/ros2_ws/install/custom_interfaces/share/custom_interfaces/hook/ld_library_path_lib.sh'
[6.896s] Level 1:colcon.colcon_core.environment:checking '/home/tom/aeac-2026/packages/src/nav_stack/ros2_ws/install/custom_interfaces/bin'
[6.896s] Level 1:colcon.colcon_core.environment:checking '/home/tom/aeac-2026/packages/src/nav_stack/ros2_ws/install/custom_interfaces/lib/pkgconfig/custom_interfaces.pc'
[6.896s] Level 1:colcon.colcon_core.environment:checking '/home/tom/aeac-2026/packages/src/nav_stack/ros2_ws/install/custom_interfaces/lib/python3.10/site-packages'
[6.897s] Level 1:colcon.colcon_core.environment:checking '/home/tom/aeac-2026/packages/src/nav_stack/ros2_ws/install/custom_interfaces/bin'
[6.898s] INFO:colcon.colcon_core.shell:Creating package script '/home/tom/aeac-2026/packages/src/nav_stack/ros2_ws/install/custom_interfaces/share/custom_interfaces/package.ps1'
[6.904s] INFO:colcon.colcon_core.shell:Creating package descriptor '/home/tom/aeac-2026/packages/src/nav_stack/ros2_ws/install/custom_interfaces/share/custom_interfaces/package.dsv'
[6.907s] INFO:colcon.colcon_core.shell:Creating package script '/home/tom/aeac-2026/packages/src/nav_stack/ros2_ws/install/custom_interfaces/share/custom_interfaces/package.sh'
[6.909s] INFO:colcon.colcon_core.shell:Creating package script '/home/tom/aeac-2026/packages/src/nav_stack/ros2_ws/install/custom_interfaces/share/custom_interfaces/package.bash'
[6.912s] INFO:colcon.colcon_core.shell:Creating package script '/home/tom/aeac-2026/packages/src/nav_stack/ros2_ws/install/custom_interfaces/share/custom_interfaces/package.zsh'
[6.914s] Level 1:colcon.colcon_core.environment:create_file_with_runtime_dependencies(/home/tom/aeac-2026/packages/src/nav_stack/ros2_ws/install/custom_interfaces/share/colcon-core/packages/custom_interfaces)
[7.441s] DEBUG:colcon.colcon_core.event_handler.log_command:Invoking command in '/home/tom/aeac-2026/packages/src/nav_stack/ros2_ws/src/bringup': PYTHONPATH=/home/tom/aeac-2026/packages/src/nav_stack/ros2_ws/build/bringup/prefix_override:/usr/lib/python3/dist-packages/colcon_core/task/python/colcon_distutils_commands:/home/tom/aeac-2026/packages/src/nav_stack/ros2_ws/install/bringup/lib/python3.10/site-packages:${PYTHONPATH} /usr/bin/python3 -W ignore:setup.py install is deprecated -W ignore:easy_install command is deprecated setup.py egg_info --egg-base ../../build/bringup build --build-base /home/tom/aeac-2026/packages/src/nav_stack/ros2_ws/build/bringup/build install --record /home/tom/aeac-2026/packages/src/nav_stack/ros2_ws/build/bringup/install.log --single-version-externally-managed install_data
[7.465s] DEBUG:colcon.colcon_core.event_handler.log_command:Invoking command in '/home/tom/aeac-2026/packages/src/nav_stack/ros2_ws/src/mission': PYTHONPATH=/home/tom/aeac-2026/packages/src/nav_stack/ros2_ws/build/mission/prefix_override:/usr/lib/python3/dist-packages/colcon_core/task/python/colcon_distutils_commands:/home/tom/aeac-2026/packages/src/nav_stack/ros2_ws/install/mission/lib/python3.10/site-packages:${PYTHONPATH} /usr/bin/python3 -W ignore:setup.py install is deprecated -W ignore:easy_install command is deprecated setup.py egg_info --egg-base ../../build/mission build --build-base /home/tom/aeac-2026/packages/src/nav_stack/ros2_ws/build/mission/build install --record /home/tom/aeac-2026/packages/src/nav_stack/ros2_ws/build/mission/install.log --single-version-externally-managed install_data
[8.274s] Level 1:colcon.colcon_core.environment:checking '/home/tom/aeac-2026/packages/src/nav_stack/ros2_ws/install/bringup' for CMake module files
[8.275s] DEBUG:colcon.colcon_core.event_handler.log_command:Invoked command in '/home/tom/aeac-2026/packages/src/nav_stack/ros2_ws/src/bringup' returned '0': PYTHONPATH=/home/tom/aeac-2026/packages/src/nav_stack/ros2_ws/build/bringup/prefix_override:/usr/lib/python3/dist-packages/colcon_core/task/python/colcon_distutils_commands:/home/tom/aeac-2026/packages/src/nav_stack/ros2_ws/install/bringup/lib/python3.10/site-packages:${PYTHONPATH} /usr/bin/python3 -W ignore:setup.py install is deprecated -W ignore:easy_install command is deprecated setup.py egg_info --egg-base ../../build/bringup build --build-base /home/tom/aeac-2026/packages/src/nav_stack/ros2_ws/build/bringup/build install --record /home/tom/aeac-2026/packages/src/nav_stack/ros2_ws/build/bringup/install.log --single-version-externally-managed install_data
[8.276s] Level 1:colcon.colcon_core.environment:checking '/home/tom/aeac-2026/packages/src/nav_stack/ros2_ws/install/bringup' for CMake config files
[8.277s] Level 1:colcon.colcon_core.environment:checking '/home/tom/aeac-2026/packages/src/nav_stack/ros2_ws/install/bringup/lib'
[8.277s] Level 1:colcon.colcon_core.environment:checking '/home/tom/aeac-2026/packages/src/nav_stack/ros2_ws/install/bringup/bin'
[8.277s] Level 1:colcon.colcon_core.environment:checking '/home/tom/aeac-2026/packages/src/nav_stack/ros2_ws/install/bringup/lib/pkgconfig/bringup.pc'
[8.277s] Level 1:colcon.colcon_core.environment:checking '/home/tom/aeac-2026/packages/src/nav_stack/ros2_ws/install/bringup/lib/python3.10/site-packages'
[8.278s] Level 1:colcon.colcon_core.shell:create_environment_hook('bringup', 'pythonpath')
[8.278s] INFO:colcon.colcon_core.shell:Creating environment hook '/home/tom/aeac-2026/packages/src/nav_stack/ros2_ws/install/bringup/share/bringup/hook/pythonpath.ps1'
[8.279s] INFO:colcon.colcon_core.shell:Creating environment descriptor '/home/tom/aeac-2026/packages/src/nav_stack/ros2_ws/install/bringup/share/bringup/hook/pythonpath.dsv'
[8.280s] INFO:colcon.colcon_core.shell:Creating environment hook '/home/tom/aeac-2026/packages/src/nav_stack/ros2_ws/install/bringup/share/bringup/hook/pythonpath.sh'
[8.281s] Level 1:colcon.colcon_core.environment:checking '/home/tom/aeac-2026/packages/src/nav_stack/ros2_ws/install/bringup/bin'
[8.282s] Level 1:colcon.colcon_core.environment:create_environment_scripts_only(bringup)
[8.282s] INFO:colcon.colcon_core.shell:Creating package script '/home/tom/aeac-2026/packages/src/nav_stack/ros2_ws/install/bringup/share/bringup/package.ps1'
[8.283s] INFO:colcon.colcon_core.shell:Creating package descriptor '/home/tom/aeac-2026/packages/src/nav_stack/ros2_ws/install/bringup/share/bringup/package.dsv'
[8.284s] INFO:colcon.colcon_core.shell:Creating package script '/home/tom/aeac-2026/packages/src/nav_stack/ros2_ws/install/bringup/share/bringup/package.sh'
[8.286s] INFO:colcon.colcon_core.shell:Creating package script '/home/tom/aeac-2026/packages/src/nav_stack/ros2_ws/install/bringup/share/bringup/package.bash'
[8.288s] INFO:colcon.colcon_core.shell:Creating package script '/home/tom/aeac-2026/packages/src/nav_stack/ros2_ws/install/bringup/share/bringup/package.zsh'
[8.289s] Level 1:colcon.colcon_core.environment:create_file_with_runtime_dependencies(/home/tom/aeac-2026/packages/src/nav_stack/ros2_ws/install/bringup/share/colcon-core/packages/bringup)
[8.342s] Level 1:colcon.colcon_core.environment:checking '/home/tom/aeac-2026/packages/src/nav_stack/ros2_ws/install/mission' for CMake module files
[8.345s] DEBUG:colcon.colcon_core.event_handler.log_command:Invoked command in '/home/tom/aeac-2026/packages/src/nav_stack/ros2_ws/src/mission' returned '0': PYTHONPATH=/home/tom/aeac-2026/packages/src/nav_stack/ros2_ws/build/mission/prefix_override:/usr/lib/python3/dist-packages/colcon_core/task/python/colcon_distutils_commands:/home/tom/aeac-2026/packages/src/nav_stack/ros2_ws/install/mission/lib/python3.10/site-packages:${PYTHONPATH} /usr/bin/python3 -W ignore:setup.py install is deprecated -W ignore:easy_install command is deprecated setup.py egg_info --egg-base ../../build/mission build --build-base /home/tom/aeac-2026/packages/src/nav_stack/ros2_ws/build/mission/build install --record /home/tom/aeac-2026/packages/src/nav_stack/ros2_ws/build/mission/install.log --single-version-externally-managed install_data
[8.346s] Level 1:colcon.colcon_core.environment:checking '/home/tom/aeac-2026/packages/src/nav_stack/ros2_ws/install/mission' for CMake config files
[8.348s] Level 1:colcon.colcon_core.environment:checking '/home/tom/aeac-2026/packages/src/nav_stack/ros2_ws/install/mission/lib'
[8.348s] Level 1:colcon.colcon_core.environment:checking '/home/tom/aeac-2026/packages/src/nav_stack/ros2_ws/install/mission/bin'
[8.349s] Level 1:colcon.colcon_core.environment:checking '/home/tom/aeac-2026/packages/src/nav_stack/ros2_ws/install/mission/lib/pkgconfig/mission.pc'
[8.349s] Level 1:colcon.colcon_core.environment:checking '/home/tom/aeac-2026/packages/src/nav_stack/ros2_ws/install/mission/lib/python3.10/site-packages'
[8.349s] Level 1:colcon.colcon_core.shell:create_environment_hook('mission', 'pythonpath')
[8.349s] INFO:colcon.colcon_core.shell:Creating environment hook '/home/tom/aeac-2026/packages/src/nav_stack/ros2_ws/install/mission/share/mission/hook/pythonpath.ps1'
[8.350s] INFO:colcon.colcon_core.shell:Creating environment descriptor '/home/tom/aeac-2026/packages/src/nav_stack/ros2_ws/install/mission/share/mission/hook/pythonpath.dsv'
[8.351s] INFO:colcon.colcon_core.shell:Creating environment hook '/home/tom/aeac-2026/packages/src/nav_stack/ros2_ws/install/mission/share/mission/hook/pythonpath.sh'
[8.353s] Level 1:colcon.colcon_core.environment:checking '/home/tom/aeac-2026/packages/src/nav_stack/ros2_ws/install/mission/bin'
[8.354s] Level 1:colcon.colcon_core.environment:create_environment_scripts_only(mission)
[8.354s] INFO:colcon.colcon_core.shell:Creating package script '/home/tom/aeac-2026/packages/src/nav_stack/ros2_ws/install/mission/share/mission/package.ps1'
[8.356s] INFO:colcon.colcon_core.shell:Creating package descriptor '/home/tom/aeac-2026/packages/src/nav_stack/ros2_ws/install/mission/share/mission/package.dsv'
[8.358s] INFO:colcon.colcon_core.shell:Creating package script '/home/tom/aeac-2026/packages/src/nav_stack/ros2_ws/install/mission/share/mission/package.sh'
[8.360s] INFO:colcon.colcon_core.shell:Creating package script '/home/tom/aeac-2026/packages/src/nav_stack/ros2_ws/install/mission/share/mission/package.bash'
[8.361s] INFO:colcon.colcon_core.shell:Creating package script '/home/tom/aeac-2026/packages/src/nav_stack/ros2_ws/install/mission/share/mission/package.zsh'
[8.362s] Level 1:colcon.colcon_core.environment:create_file_with_runtime_dependencies(/home/tom/aeac-2026/packages/src/nav_stack/ros2_ws/install/mission/share/colcon-core/packages/mission)
[8.362s] DEBUG:colcon.colcon_parallel_executor.executor.parallel:closing loop
[8.364s] DEBUG:colcon.colcon_parallel_executor.executor.parallel:loop closed
[8.364s] DEBUG:colcon.colcon_parallel_executor.executor.parallel:run_until_complete finished with '0'
[8.365s] DEBUG:colcon.colcon_core.event_reactor:joining thread
[8.490s] INFO:colcon.colcon_core.plugin_system:Skipping extension 'colcon_notification.desktop_notification.notify_send': Could not find 'notify-send'
[8.490s] INFO:colcon.colcon_core.plugin_system:Skipping extension 'colcon_notification.desktop_notification.terminal_notifier': Not used on non-Darwin systems
[8.490s] INFO:colcon.colcon_core.plugin_system:Skipping extension 'colcon_notification.desktop_notification.win32': Not used on non-Windows systems
[8.490s] INFO:colcon.colcon_notification.desktop_notification:Sending desktop notification using 'notify2'
[8.494s] DEBUG:colcon.colcon_notification.desktop_notification.notify2:Failed to initialize notify2: org.freedesktop.DBus.Error.ServiceUnknown: The name org.freedesktop.Notifications was not provided by any .service files
[8.494s] DEBUG:colcon.colcon_core.event_reactor:joined thread
[8.495s] INFO:colcon.colcon_core.shell:Creating prefix script '/home/tom/aeac-2026/packages/src/nav_stack/ros2_ws/install/local_setup.ps1'
[8.498s] INFO:colcon.colcon_core.shell:Creating prefix util module '/home/tom/aeac-2026/packages/src/nav_stack/ros2_ws/install/_local_setup_util_ps1.py'
[8.501s] INFO:colcon.colcon_core.shell:Creating prefix chain script '/home/tom/aeac-2026/packages/src/nav_stack/ros2_ws/install/setup.ps1'
[8.503s] INFO:colcon.colcon_core.shell:Creating prefix script '/home/tom/aeac-2026/packages/src/nav_stack/ros2_ws/install/local_setup.sh'
[8.505s] INFO:colcon.colcon_core.shell:Creating prefix util module '/home/tom/aeac-2026/packages/src/nav_stack/ros2_ws/install/_local_setup_util_sh.py'
[8.506s] INFO:colcon.colcon_core.shell:Creating prefix chain script '/home/tom/aeac-2026/packages/src/nav_stack/ros2_ws/install/setup.sh'
[8.508s] INFO:colcon.colcon_core.shell:Creating prefix script '/home/tom/aeac-2026/packages/src/nav_stack/ros2_ws/install/local_setup.bash'
[8.509s] INFO:colcon.colcon_core.shell:Creating prefix chain script '/home/tom/aeac-2026/packages/src/nav_stack/ros2_ws/install/setup.bash'
[8.511s] INFO:colcon.colcon_core.shell:Creating prefix script '/home/tom/aeac-2026/packages/src/nav_stack/ros2_ws/install/local_setup.zsh'
[8.513s] INFO:colcon.colcon_core.shell:Creating prefix chain script '/home/tom/aeac-2026/packages/src/nav_stack/ros2_ws/install/setup.zsh'
