/home/tom/aeac-2026/packages/install/mission/lib/python3.10/site-packages/mission/connection.py
/home/tom/aeac-2026/packages/install/mission/lib/python3.10/site-packages/mission/helpers.py
/home/tom/aeac-2026/packages/install/mission/lib/python3.10/site-packages/mission/laps.py
/home/tom/aeac-2026/packages/install/mission/lib/python3.10/site-packages/mission/takeoff.py
/home/tom/aeac-2026/packages/install/mission/lib/python3.10/site-packages/mission/lapsDeBase.py
/home/tom/aeac-2026/packages/install/mission/lib/python3.10/site-packages/mission/gps_to_local.py
/home/tom/aeac-2026/packages/install/mission/lib/python3.10/site-packages/mission/__init__.py
/home/tom/aeac-2026/packages/install/mission/lib/python3.10/site-packages/mission/data.py
/home/tom/aeac-2026/packages/install/mission/lib/python3.10/site-packages/mission/__pycache__/connection.cpython-310.pyc
/home/tom/aeac-2026/packages/install/mission/lib/python3.10/site-packages/mission/__pycache__/helpers.cpython-310.pyc
/home/tom/aeac-2026/packages/install/mission/lib/python3.10/site-packages/mission/__pycache__/laps.cpython-310.pyc
/home/tom/aeac-2026/packages/install/mission/lib/python3.10/site-packages/mission/__pycache__/takeoff.cpython-310.pyc
/home/tom/aeac-2026/packages/install/mission/lib/python3.10/site-packages/mission/__pycache__/lapsDeBase.cpython-310.pyc
/home/tom/aeac-2026/packages/install/mission/lib/python3.10/site-packages/mission/__pycache__/gps_to_local.cpython-310.pyc
/home/tom/aeac-2026/packages/install/mission/lib/python3.10/site-packages/mission/__pycache__/__init__.cpython-310.pyc
/home/tom/aeac-2026/packages/install/mission/lib/python3.10/site-packages/mission/__pycache__/data.cpython-310.pyc
/home/tom/aeac-2026/packages/install/mission/share/ament_index/resource_index/packages/mission
/home/tom/aeac-2026/packages/install/mission/share/mission/package.xml
/home/tom/aeac-2026/packages/install/mission/lib/python3.10/site-packages/mission-0.0.0-py3.10.egg-info/PKG-INFO
/home/tom/aeac-2026/packages/install/mission/lib/python3.10/site-packages/mission-0.0.0-py3.10.egg-info/zip-safe
/home/tom/aeac-2026/packages/install/mission/lib/python3.10/site-packages/mission-0.0.0-py3.10.egg-info/requires.txt
/home/tom/aeac-2026/packages/install/mission/lib/python3.10/site-packages/mission-0.0.0-py3.10.egg-info/SOURCES.txt
/home/tom/aeac-2026/packages/install/mission/lib/python3.10/site-packages/mission-0.0.0-py3.10.egg-info/dependency_links.txt
/home/tom/aeac-2026/packages/install/mission/lib/python3.10/site-packages/mission-0.0.0-py3.10.egg-info/top_level.txt
/home/tom/aeac-2026/packages/install/mission/lib/python3.10/site-packages/mission-0.0.0-py3.10.egg-info/entry_points.txt
/home/tom/aeac-2026/packages/install/mission/lib/mission/gps_to_local
/home/tom/aeac-2026/packages/install/mission/lib/mission/laps
