[0.835s] DEBUG:colcon:Command line arguments: ['/usr/bin/colcon', 'build']
[0.835s] DEBUG:colcon:Parsed command line arguments: Namespace(log_base=None, log_level=None, verb_name='build', build_base='build', install_base='install', merge_install=False, symlink_install=False, test_result_base=None, continue_on_error=False, executor='parallel', parallel_workers=8, event_handlers=None, ignore_user_meta=False, metas=['./colcon.meta'], base_paths=['.'], packages_ignore=None, packages_ignore_regex=None, paths=None, packages_up_to=None, packages_up_to_regex=None, packages_above=None, packages_above_and_dependencies=None, packages_above_depth=None, packages_select_by_dep=None, packages_skip_by_dep=None, packages_skip_up_to=None, packages_select_build_failed=False, packages_skip_build_finished=False, packages_select_test_failures=False, packages_skip_test_passed=False, packages_select=None, packages_skip=None, packages_select_regex=None, packages_skip_regex=None, packages_start=None, packages_end=None, allow_overriding=[], cmake_args=None, cmake_target=None, cmake_target_skip_unavailable=False, cmake_clean_cache=False, cmake_clean_first=False, cmake_force_configure=False, ament_cmake_args=None, catkin_cmake_args=None, catkin_skip_building_tests=False, mixin_files=None, mixin=None, verb_parser=<colcon_mixin.mixin.mixin_argument.MixinArgumentDecorator object at 0x72f5d0a43f40>, verb_extension=<colcon_core.verb.build.BuildVerb object at 0x72f5d0b81570>, main=<bound method BuildVerb.main of <colcon_core.verb.build.BuildVerb object at 0x72f5d0b81570>>, mixin_verb=('build',))
[1.922s] Level 1:colcon.colcon_core.package_discovery:discover_packages(colcon_meta) check parameters
[1.922s] Level 1:colcon.colcon_core.package_discovery:discover_packages(recursive) check parameters
[1.922s] Level 1:colcon.colcon_core.package_discovery:discover_packages(ignore) check parameters
[1.922s] Level 1:colcon.colcon_core.package_discovery:discover_packages(path) check parameters
[1.922s] Level 1:colcon.colcon_core.package_discovery:discover_packages(colcon_meta) discover
[1.922s] Level 1:colcon.colcon_core.package_discovery:discover_packages(recursive) discover
[1.922s] INFO:colcon.colcon_core.package_discovery:Crawling recursively for packages in '/home/tom/aeac-2026/packages/src/nav_stack/ros2_ws'
[1.922s] Level 1:colcon.colcon_core.package_identification:_identify(.) by extensions ['ignore', 'ignore_ament_install']
[1.923s] Level 1:colcon.colcon_core.package_identification:_identify(.) by extension 'ignore'
[1.923s] Level 1:colcon.colcon_core.package_identification:_identify(.) by extension 'ignore_ament_install'
[1.923s] Level 1:colcon.colcon_core.package_identification:_identify(.) by extensions ['colcon_pkg']
[1.923s] Level 1:colcon.colcon_core.package_identification:_identify(.) by extension 'colcon_pkg'
[1.923s] Level 1:colcon.colcon_core.package_identification:_identify(.) by extensions ['colcon_meta']
[1.923s] Level 1:colcon.colcon_core.package_identification:_identify(.) by extension 'colcon_meta'
[1.924s] Level 1:colcon.colcon_core.package_identification:_identify(.) by extensions ['ros']
[1.924s] Level 1:colcon.colcon_core.package_identification:_identify(.) by extension 'ros'
[1.951s] Level 1:colcon.colcon_core.package_identification:_identify(.) by extensions ['cmake', 'python']
[1.952s] Level 1:colcon.colcon_core.package_identification:_identify(.) by extension 'cmake'
[1.952s] Level 1:colcon.colcon_core.package_identification:_identify(.) by extension 'python'
[1.952s] Level 1:colcon.colcon_core.package_identification:_identify(.) by extensions ['python_setup_py']
[1.952s] Level 1:colcon.colcon_core.package_identification:_identify(.) by extension 'python_setup_py'
[1.953s] Level 1:colcon.colcon_core.package_identification:_identify(build) by extensions ['ignore', 'ignore_ament_install']
[1.954s] Level 1:colcon.colcon_core.package_identification:_identify(build) by extension 'ignore'
[1.954s] Level 1:colcon.colcon_core.package_identification:_identify(build) ignored
[1.955s] Level 1:colcon.colcon_core.package_identification:_identify(custom_interfaces) by extensions ['ignore', 'ignore_ament_install']
[1.956s] Level 1:colcon.colcon_core.package_identification:_identify(custom_interfaces) by extension 'ignore'
[1.956s] Level 1:colcon.colcon_core.package_identification:_identify(custom_interfaces) by extension 'ignore_ament_install'
[1.956s] Level 1:colcon.colcon_core.package_identification:_identify(custom_interfaces) by extensions ['colcon_pkg']
[1.956s] Level 1:colcon.colcon_core.package_identification:_identify(custom_interfaces) by extension 'colcon_pkg'
[1.956s] Level 1:colcon.colcon_core.package_identification:_identify(custom_interfaces) by extensions ['colcon_meta']
[1.957s] Level 1:colcon.colcon_core.package_identification:_identify(custom_interfaces) by extension 'colcon_meta'
[1.957s] Level 1:colcon.colcon_core.package_identification:_identify(custom_interfaces) by extensions ['ros']
[1.957s] Level 1:colcon.colcon_core.package_identification:_identify(custom_interfaces) by extension 'ros'
[1.970s] DEBUG:colcon.colcon_core.package_identification:Package 'custom_interfaces' with type 'ros.catkin' and name 'custom_interfaces'
[1.972s] Level 1:colcon.colcon_core.package_identification:_identify(install) by extensions ['ignore', 'ignore_ament_install']
[1.972s] Level 1:colcon.colcon_core.package_identification:_identify(install) by extension 'ignore'
[1.972s] Level 1:colcon.colcon_core.package_identification:_identify(install) ignored
[1.973s] Level 1:colcon.colcon_core.package_identification:_identify(log) by extensions ['ignore', 'ignore_ament_install']
[1.974s] Level 1:colcon.colcon_core.package_identification:_identify(log) by extension 'ignore'
[1.974s] Level 1:colcon.colcon_core.package_identification:_identify(log) ignored
[1.975s] Level 1:colcon.colcon_core.package_identification:_identify(src) by extensions ['ignore', 'ignore_ament_install']
[1.975s] Level 1:colcon.colcon_core.package_identification:_identify(src) by extension 'ignore'
[1.976s] Level 1:colcon.colcon_core.package_identification:_identify(src) by extension 'ignore_ament_install'
[1.976s] Level 1:colcon.colcon_core.package_identification:_identify(src) by extensions ['colcon_pkg']
[1.976s] Level 1:colcon.colcon_core.package_identification:_identify(src) by extension 'colcon_pkg'
[1.976s] Level 1:colcon.colcon_core.package_identification:_identify(src) by extensions ['colcon_meta']
[1.976s] Level 1:colcon.colcon_core.package_identification:_identify(src) by extension 'colcon_meta'
[1.977s] Level 1:colcon.colcon_core.package_identification:_identify(src) by extensions ['ros']
[1.977s] Level 1:colcon.colcon_core.package_identification:_identify(src) by extension 'ros'
[1.977s] Level 1:colcon.colcon_core.package_identification:_identify(src) by extensions ['cmake', 'python']
[1.977s] Level 1:colcon.colcon_core.package_identification:_identify(src) by extension 'cmake'
[1.978s] Level 1:colcon.colcon_core.package_identification:_identify(src) by extension 'python'
[1.978s] Level 1:colcon.colcon_core.package_identification:_identify(src) by extensions ['python_setup_py']
[1.978s] Level 1:colcon.colcon_core.package_identification:_identify(src) by extension 'python_setup_py'
[1.978s] Level 1:colcon.colcon_core.package_identification:_identify(src/bringup) by extensions ['ignore', 'ignore_ament_install']
[1.979s] Level 1:colcon.colcon_core.package_identification:_identify(src/bringup) by extension 'ignore'
[1.979s] Level 1:colcon.colcon_core.package_identification:_identify(src/bringup) by extension 'ignore_ament_install'
[1.979s] Level 1:colcon.colcon_core.package_identification:_identify(src/bringup) by extensions ['colcon_pkg']
[1.980s] Level 1:colcon.colcon_core.package_identification:_identify(src/bringup) by extension 'colcon_pkg'
[1.980s] Level 1:colcon.colcon_core.package_identification:_identify(src/bringup) by extensions ['colcon_meta']
[1.980s] Level 1:colcon.colcon_core.package_identification:_identify(src/bringup) by extension 'colcon_meta'
[1.980s] Level 1:colcon.colcon_core.package_identification:_identify(src/bringup) by extensions ['ros']
[1.980s] Level 1:colcon.colcon_core.package_identification:_identify(src/bringup) by extension 'ros'
[1.983s] DEBUG:colcon.colcon_core.package_identification:Package 'src/bringup' with type 'ros.ament_python' and name 'bringup'
[1.984s] Level 1:colcon.colcon_core.package_identification:_identify(src/mission) by extensions ['ignore', 'ignore_ament_install']
[1.984s] Level 1:colcon.colcon_core.package_identification:_identify(src/mission) by extension 'ignore'
[1.985s] Level 1:colcon.colcon_core.package_identification:_identify(src/mission) by extension 'ignore_ament_install'
[1.985s] Level 1:colcon.colcon_core.package_identification:_identify(src/mission) by extensions ['colcon_pkg']
[1.985s] Level 1:colcon.colcon_core.package_identification:_identify(src/mission) by extension 'colcon_pkg'
[1.985s] Level 1:colcon.colcon_core.package_identification:_identify(src/mission) by extensions ['colcon_meta']
[1.985s] Level 1:colcon.colcon_core.package_identification:_identify(src/mission) by extension 'colcon_meta'
[1.986s] Level 1:colcon.colcon_core.package_identification:_identify(src/mission) by extensions ['ros']
[1.986s] Level 1:colcon.colcon_core.package_identification:_identify(src/mission) by extension 'ros'
[1.988s] DEBUG:colcon.colcon_core.package_identification:Package 'src/mission' with type 'ros.ament_python' and name 'mission'
[1.989s] Level 1:colcon.colcon_core.package_discovery:discover_packages(recursive) using defaults
[1.989s] Level 1:colcon.colcon_core.package_discovery:discover_packages(ignore) discover
[1.989s] Level 1:colcon.colcon_core.package_discovery:discover_packages(ignore) using defaults
[1.989s] Level 1:colcon.colcon_core.package_discovery:discover_packages(path) discover
[1.989s] Level 1:colcon.colcon_core.package_discovery:discover_packages(path) using defaults
[2.141s] Level 1:colcon.colcon_core.package_discovery:discover_packages(prefix_path) check parameters
[2.142s] Level 1:colcon.colcon_core.package_discovery:discover_packages(prefix_path) discover
[2.155s] DEBUG:colcon.colcon_installed_package_information.package_discovery:Found 3 installed packages in /home/tom/aeac-2026/packages/src/nav_stack/ros2_ws/install
[2.159s] DEBUG:colcon.colcon_installed_package_information.package_discovery:Found 271 installed packages in /opt/ros/humble
[2.162s] Level 1:colcon.colcon_core.package_discovery:discover_packages(prefix_path) using defaults
[2.446s] Level 5:colcon.colcon_core.verb:set package 'bringup' build argument 'cmake_args' from command line to 'None'
[2.446s] Level 5:colcon.colcon_core.verb:set package 'bringup' build argument 'cmake_target' from command line to 'None'
[2.452s] Level 5:colcon.colcon_core.verb:set package 'bringup' build argument 'cmake_target_skip_unavailable' from command line to 'False'
[2.452s] Level 5:colcon.colcon_core.verb:set package 'bringup' build argument 'cmake_clean_cache' from command line to 'False'
[2.453s] Level 5:colcon.colcon_core.verb:set package 'bringup' build argument 'cmake_clean_first' from command line to 'False'
[2.453s] Level 5:colcon.colcon_core.verb:set package 'bringup' build argument 'cmake_force_configure' from command line to 'False'
[2.454s] Level 5:colcon.colcon_core.verb:set package 'bringup' build argument 'ament_cmake_args' from command line to 'None'
[2.454s] Level 5:colcon.colcon_core.verb:set package 'bringup' build argument 'catkin_cmake_args' from command line to 'None'
[2.454s] Level 5:colcon.colcon_core.verb:set package 'bringup' build argument 'catkin_skip_building_tests' from command line to 'False'
[2.455s] DEBUG:colcon.colcon_core.verb:Building package 'bringup' with the following arguments: {'ament_cmake_args': None, 'build_base': '/home/tom/aeac-2026/packages/src/nav_stack/ros2_ws/build/bringup', 'catkin_cmake_args': None, 'catkin_skip_building_tests': False, 'cmake_args': None, 'cmake_clean_cache': False, 'cmake_clean_first': False, 'cmake_force_configure': False, 'cmake_target': None, 'cmake_target_skip_unavailable': False, 'install_base': '/home/tom/aeac-2026/packages/src/nav_stack/ros2_ws/install/bringup', 'merge_install': False, 'path': '/home/tom/aeac-2026/packages/src/nav_stack/ros2_ws/src/bringup', 'symlink_install': False, 'test_result_base': None}
[2.456s] Level 5:colcon.colcon_core.verb:set package 'custom_interfaces' build argument 'cmake_args' from command line to 'None'
[2.456s] Level 5:colcon.colcon_core.verb:set package 'custom_interfaces' build argument 'cmake_target' from command line to 'None'
[2.456s] Level 5:colcon.colcon_core.verb:set package 'custom_interfaces' build argument 'cmake_target_skip_unavailable' from command line to 'False'
[2.456s] Level 5:colcon.colcon_core.verb:set package 'custom_interfaces' build argument 'cmake_clean_cache' from command line to 'False'
[2.456s] Level 5:colcon.colcon_core.verb:set package 'custom_interfaces' build argument 'cmake_clean_first' from command line to 'False'
[2.456s] Level 5:colcon.colcon_core.verb:set package 'custom_interfaces' build argument 'cmake_force_configure' from command line to 'False'
[2.456s] Level 5:colcon.colcon_core.verb:set package 'custom_interfaces' build argument 'ament_cmake_args' from command line to 'None'
[2.457s] Level 5:colcon.colcon_core.verb:set package 'custom_interfaces' build argument 'catkin_cmake_args' from command line to 'None'
[2.457s] Level 5:colcon.colcon_core.verb:set package 'custom_interfaces' build argument 'catkin_skip_building_tests' from command line to 'False'
[2.457s] DEBUG:colcon.colcon_core.verb:Building package 'custom_interfaces' with the following arguments: {'ament_cmake_args': None, 'build_base': '/home/tom/aeac-2026/packages/src/nav_stack/ros2_ws/build/custom_interfaces', 'catkin_cmake_args': None, 'catkin_skip_building_tests': False, 'cmake_args': None, 'cmake_clean_cache': False, 'cmake_clean_first': False, 'cmake_force_configure': False, 'cmake_target': None, 'cmake_target_skip_unavailable': False, 'install_base': '/home/tom/aeac-2026/packages/src/nav_stack/ros2_ws/install/custom_interfaces', 'merge_install': False, 'path': '/home/tom/aeac-2026/packages/src/nav_stack/ros2_ws/custom_interfaces', 'symlink_install': False, 'test_result_base': None}
[2.458s] Level 5:colcon.colcon_core.verb:set package 'mission' build argument 'cmake_args' from command line to 'None'
[2.459s] Level 5:colcon.colcon_core.verb:set package 'mission' build argument 'cmake_target' from command line to 'None'
[2.459s] Level 5:colcon.colcon_core.verb:set package 'mission' build argument 'cmake_target_skip_unavailable' from command line to 'False'
[2.459s] Level 5:colcon.colcon_core.verb:set package 'mission' build argument 'cmake_clean_cache' from command line to 'False'
[2.459s] Level 5:colcon.colcon_core.verb:set package 'mission' build argument 'cmake_clean_first' from command line to 'False'
[2.459s] Level 5:colcon.colcon_core.verb:set package 'mission' build argument 'cmake_force_configure' from command line to 'False'
[2.459s] Level 5:colcon.colcon_core.verb:set package 'mission' build argument 'ament_cmake_args' from command line to 'None'
[2.459s] Level 5:colcon.colcon_core.verb:set package 'mission' build argument 'catkin_cmake_args' from command line to 'None'
[2.459s] Level 5:colcon.colcon_core.verb:set package 'mission' build argument 'catkin_skip_building_tests' from command line to 'False'
[2.460s] DEBUG:colcon.colcon_core.verb:Building package 'mission' with the following arguments: {'ament_cmake_args': None, 'build_base': '/home/tom/aeac-2026/packages/src/nav_stack/ros2_ws/build/mission', 'catkin_cmake_args': None, 'catkin_skip_building_tests': False, 'cmake_args': None, 'cmake_clean_cache': False, 'cmake_clean_first': False, 'cmake_force_configure': False, 'cmake_target': None, 'cmake_target_skip_unavailable': False, 'install_base': '/home/tom/aeac-2026/packages/src/nav_stack/ros2_ws/install/mission', 'merge_install': False, 'path': '/home/tom/aeac-2026/packages/src/nav_stack/ros2_ws/src/mission', 'symlink_install': False, 'test_result_base': None}
[2.460s] INFO:colcon.colcon_core.executor:Executing jobs using 'parallel' executor
[2.467s] DEBUG:colcon.colcon_parallel_executor.executor.parallel:run_until_complete
[2.469s] INFO:colcon.colcon_ros.task.ament_python.build:Building ROS package in '/home/tom/aeac-2026/packages/src/nav_stack/ros2_ws/src/bringup' with build type 'ament_python'
[2.471s] Level 1:colcon.colcon_core.shell:create_environment_hook('bringup', 'ament_prefix_path')
[2.497s] INFO:colcon.colcon_core.plugin_system:Skipping extension 'colcon_core.shell.bat': Not used on non-Windows systems
[2.498s] INFO:colcon.colcon_core.shell:Creating environment hook '/home/tom/aeac-2026/packages/src/nav_stack/ros2_ws/install/bringup/share/bringup/hook/ament_prefix_path.ps1'
[2.505s] INFO:colcon.colcon_core.shell:Creating environment descriptor '/home/tom/aeac-2026/packages/src/nav_stack/ros2_ws/install/bringup/share/bringup/hook/ament_prefix_path.dsv'
[2.513s] INFO:colcon.colcon_core.shell:Creating environment hook '/home/tom/aeac-2026/packages/src/nav_stack/ros2_ws/install/bringup/share/bringup/hook/ament_prefix_path.sh'
[2.525s] INFO:colcon.colcon_core.shell:Skip shell extension 'powershell' for command environment: Not usable outside of PowerShell
[2.525s] DEBUG:colcon.colcon_core.shell:Skip shell extension 'dsv' for command environment
[2.558s] INFO:colcon.colcon_ros.task.catkin.build:Building ROS package in '/home/tom/aeac-2026/packages/src/nav_stack/ros2_ws/custom_interfaces' with build type 'catkin'
[2.559s] INFO:colcon.colcon_cmake.task.cmake.build:Building CMake package in '/home/tom/aeac-2026/packages/src/nav_stack/ros2_ws/custom_interfaces'
[2.561s] INFO:colcon.colcon_core.shell:Skip shell extension 'powershell' for command environment: Not usable outside of PowerShell
[2.562s] DEBUG:colcon.colcon_core.shell:Skip shell extension 'dsv' for command environment
[2.601s] INFO:colcon.colcon_ros.task.ament_python.build:Building ROS package in '/home/tom/aeac-2026/packages/src/nav_stack/ros2_ws/src/mission' with build type 'ament_python'
[2.602s] Level 1:colcon.colcon_core.shell:create_environment_hook('mission', 'ament_prefix_path')
[2.611s] INFO:colcon.colcon_core.shell:Creating environment hook '/home/tom/aeac-2026/packages/src/nav_stack/ros2_ws/install/mission/share/mission/hook/ament_prefix_path.ps1'
[2.615s] INFO:colcon.colcon_core.shell:Creating environment descriptor '/home/tom/aeac-2026/packages/src/nav_stack/ros2_ws/install/mission/share/mission/hook/ament_prefix_path.dsv'
[2.626s] INFO:colcon.colcon_core.shell:Creating environment hook '/home/tom/aeac-2026/packages/src/nav_stack/ros2_ws/install/mission/share/mission/hook/ament_prefix_path.sh'
[2.639s] INFO:colcon.colcon_core.shell:Skip shell extension 'powershell' for command environment: Not usable outside of PowerShell
[2.639s] DEBUG:colcon.colcon_core.shell:Skip shell extension 'dsv' for command environment
[5.916s] INFO:colcon.colcon_core.task.python.build:Building Python package in '/home/tom/aeac-2026/packages/src/nav_stack/ros2_ws/src/bringup'
[5.917s] INFO:colcon.colcon_core.shell:Skip shell extension 'powershell' for command environment: Not usable outside of PowerShell
[5.917s] DEBUG:colcon.colcon_core.shell:Skip shell extension 'dsv' for command environment
[5.961s] DEBUG:colcon.colcon_core.event_handler.log_command:Invoking command in '/home/tom/aeac-2026/packages/src/nav_stack/ros2_ws/build/custom_interfaces': /usr/bin/cmake --build /home/tom/aeac-2026/packages/src/nav_stack/ros2_ws/build/custom_interfaces -- -j8 -l8
[7.688s] INFO:colcon.colcon_core.task.python.build:Building Python package in '/home/tom/aeac-2026/packages/src/nav_stack/ros2_ws/src/mission'
[7.689s] INFO:colcon.colcon_core.shell:Skip shell extension 'powershell' for command environment: Not usable outside of PowerShell
[7.689s] DEBUG:colcon.colcon_core.shell:Skip shell extension 'dsv' for command environment
[8.245s] DEBUG:colcon.colcon_core.event_handler.log_command:Invoked command in '/home/tom/aeac-2026/packages/src/nav_stack/ros2_ws/build/custom_interfaces' returned '0': /usr/bin/cmake --build /home/tom/aeac-2026/packages/src/nav_stack/ros2_ws/build/custom_interfaces -- -j8 -l8
[8.295s] DEBUG:colcon.colcon_core.event_handler.log_command:Invoking command in '/home/tom/aeac-2026/packages/src/nav_stack/ros2_ws/build/custom_interfaces': /usr/bin/cmake --install /home/tom/aeac-2026/packages/src/nav_stack/ros2_ws/build/custom_interfaces
[8.593s] DEBUG:colcon.colcon_core.event_handler.log_command:Invoked command in '/home/tom/aeac-2026/packages/src/nav_stack/ros2_ws/build/custom_interfaces' returned '0': /usr/bin/cmake --install /home/tom/aeac-2026/packages/src/nav_stack/ros2_ws/build/custom_interfaces
[8.594s] Level 1:colcon.colcon_core.shell:create_environment_hook('custom_interfaces', 'ros_package_path')
[8.595s] INFO:colcon.colcon_core.shell:Creating environment hook '/home/tom/aeac-2026/packages/src/nav_stack/ros2_ws/install/custom_interfaces/share/custom_interfaces/hook/ros_package_path.ps1'
[8.599s] INFO:colcon.colcon_core.shell:Creating environment descriptor '/home/tom/aeac-2026/packages/src/nav_stack/ros2_ws/install/custom_interfaces/share/custom_interfaces/hook/ros_package_path.dsv'
[8.601s] INFO:colcon.colcon_core.shell:Creating environment hook '/home/tom/aeac-2026/packages/src/nav_stack/ros2_ws/install/custom_interfaces/share/custom_interfaces/hook/ros_package_path.sh'
[8.603s] Level 1:colcon.colcon_ros.task.catkin:checking '/home/tom/aeac-2026/packages/src/nav_stack/ros2_ws/install/custom_interfaces/local/lib/python3.10/dist-packages'
[8.604s] Level 1:colcon.colcon_core.shell:create_environment_hook('custom_interfaces', 'catkin_pythonpath')
[8.604s] INFO:colcon.colcon_core.shell:Creating environment hook '/home/tom/aeac-2026/packages/src/nav_stack/ros2_ws/install/custom_interfaces/share/custom_interfaces/hook/catkin_pythonpath.ps1'
[8.606s] INFO:colcon.colcon_core.shell:Creating environment descriptor '/home/tom/aeac-2026/packages/src/nav_stack/ros2_ws/install/custom_interfaces/share/custom_interfaces/hook/catkin_pythonpath.dsv'
[8.608s] INFO:colcon.colcon_core.shell:Creating environment hook '/home/tom/aeac-2026/packages/src/nav_stack/ros2_ws/install/custom_interfaces/share/custom_interfaces/hook/catkin_pythonpath.sh'
[8.610s] Level 1:colcon.colcon_core.shell:create_environment_hook('custom_interfaces', 'pkg_config_path')
[8.611s] INFO:colcon.colcon_core.shell:Creating environment hook '/home/tom/aeac-2026/packages/src/nav_stack/ros2_ws/install/custom_interfaces/share/custom_interfaces/hook/pkg_config_path.ps1'
[8.613s] INFO:colcon.colcon_core.shell:Creating environment descriptor '/home/tom/aeac-2026/packages/src/nav_stack/ros2_ws/install/custom_interfaces/share/custom_interfaces/hook/pkg_config_path.dsv'
[8.615s] INFO:colcon.colcon_core.shell:Creating environment hook '/home/tom/aeac-2026/packages/src/nav_stack/ros2_ws/install/custom_interfaces/share/custom_interfaces/hook/pkg_config_path.sh'
[8.628s] Level 1:colcon.colcon_core.shell:create_environment_hook('custom_interfaces', 'pkg_config_path_multiarch')
[8.628s] INFO:colcon.colcon_core.shell:Creating environment hook '/home/tom/aeac-2026/packages/src/nav_stack/ros2_ws/install/custom_interfaces/share/custom_interfaces/hook/pkg_config_path_multiarch.ps1'
[8.630s] INFO:colcon.colcon_core.shell:Creating environment descriptor '/home/tom/aeac-2026/packages/src/nav_stack/ros2_ws/install/custom_interfaces/share/custom_interfaces/hook/pkg_config_path_multiarch.dsv'
[8.632s] INFO:colcon.colcon_core.shell:Creating environment hook '/home/tom/aeac-2026/packages/src/nav_stack/ros2_ws/install/custom_interfaces/share/custom_interfaces/hook/pkg_config_path_multiarch.sh'
[8.635s] Level 1:colcon.colcon_core.environment:create_environment_scripts_only(custom_interfaces)
[8.655s] Level 1:colcon.colcon_core.environment:checking '/home/tom/aeac-2026/packages/src/nav_stack/ros2_ws/install/custom_interfaces' for CMake module files
[8.657s] Level 1:colcon.colcon_core.environment:checking '/home/tom/aeac-2026/packages/src/nav_stack/ros2_ws/install/custom_interfaces' for CMake config files
[8.659s] Level 1:colcon.colcon_core.shell:create_environment_hook('custom_interfaces', 'cmake_prefix_path')
[8.660s] INFO:colcon.colcon_core.shell:Creating environment hook '/home/tom/aeac-2026/packages/src/nav_stack/ros2_ws/install/custom_interfaces/share/custom_interfaces/hook/cmake_prefix_path.ps1'
[8.662s] INFO:colcon.colcon_core.shell:Creating environment descriptor '/home/tom/aeac-2026/packages/src/nav_stack/ros2_ws/install/custom_interfaces/share/custom_interfaces/hook/cmake_prefix_path.dsv'
[8.664s] INFO:colcon.colcon_core.shell:Creating environment hook '/home/tom/aeac-2026/packages/src/nav_stack/ros2_ws/install/custom_interfaces/share/custom_interfaces/hook/cmake_prefix_path.sh'
[8.666s] Level 1:colcon.colcon_core.environment:checking '/home/tom/aeac-2026/packages/src/nav_stack/ros2_ws/install/custom_interfaces/lib'
[8.667s] Level 1:colcon.colcon_core.shell:create_environment_hook('custom_interfaces', 'ld_library_path_lib')
[8.668s] INFO:colcon.colcon_core.shell:Creating environment hook '/home/tom/aeac-2026/packages/src/nav_stack/ros2_ws/install/custom_interfaces/share/custom_interfaces/hook/ld_library_path_lib.ps1'
[8.670s] INFO:colcon.colcon_core.shell:Creating environment descriptor '/home/tom/aeac-2026/packages/src/nav_stack/ros2_ws/install/custom_interfaces/share/custom_interfaces/hook/ld_library_path_lib.dsv'
[8.672s] INFO:colcon.colcon_core.shell:Creating environment hook '/home/tom/aeac-2026/packages/src/nav_stack/ros2_ws/install/custom_interfaces/share/custom_interfaces/hook/ld_library_path_lib.sh'
[8.673s] Level 1:colcon.colcon_core.environment:checking '/home/tom/aeac-2026/packages/src/nav_stack/ros2_ws/install/custom_interfaces/bin'
[8.673s] Level 1:colcon.colcon_core.environment:checking '/home/tom/aeac-2026/packages/src/nav_stack/ros2_ws/install/custom_interfaces/lib/pkgconfig/custom_interfaces.pc'
[8.674s] Level 1:colcon.colcon_core.environment:checking '/home/tom/aeac-2026/packages/src/nav_stack/ros2_ws/install/custom_interfaces/lib/python3.10/site-packages'
[8.675s] Level 1:colcon.colcon_core.environment:checking '/home/tom/aeac-2026/packages/src/nav_stack/ros2_ws/install/custom_interfaces/bin'
[8.677s] INFO:colcon.colcon_core.shell:Creating package script '/home/tom/aeac-2026/packages/src/nav_stack/ros2_ws/install/custom_interfaces/share/custom_interfaces/package.ps1'
[8.680s] INFO:colcon.colcon_core.shell:Creating package descriptor '/home/tom/aeac-2026/packages/src/nav_stack/ros2_ws/install/custom_interfaces/share/custom_interfaces/package.dsv'
[8.682s] INFO:colcon.colcon_core.shell:Creating package script '/home/tom/aeac-2026/packages/src/nav_stack/ros2_ws/install/custom_interfaces/share/custom_interfaces/package.sh'
[8.685s] INFO:colcon.colcon_core.shell:Creating package script '/home/tom/aeac-2026/packages/src/nav_stack/ros2_ws/install/custom_interfaces/share/custom_interfaces/package.bash'
[8.687s] INFO:colcon.colcon_core.shell:Creating package script '/home/tom/aeac-2026/packages/src/nav_stack/ros2_ws/install/custom_interfaces/share/custom_interfaces/package.zsh'
[8.690s] Level 1:colcon.colcon_core.environment:create_file_with_runtime_dependencies(/home/tom/aeac-2026/packages/src/nav_stack/ros2_ws/install/custom_interfaces/share/colcon-core/packages/custom_interfaces)
[9.438s] DEBUG:colcon.colcon_core.event_handler.log_command:Invoking command in '/home/tom/aeac-2026/packages/src/nav_stack/ros2_ws/src/mission': PYTHONPATH=/home/tom/aeac-2026/packages/src/nav_stack/ros2_ws/build/mission/prefix_override:/usr/lib/python3/dist-packages/colcon_core/task/python/colcon_distutils_commands:/home/tom/aeac-2026/packages/src/nav_stack/ros2_ws/install/mission/lib/python3.10/site-packages:${PYTHONPATH} /usr/bin/python3 -W ignore:setup.py install is deprecated -W ignore:easy_install command is deprecated setup.py egg_info --egg-base ../../build/mission build --build-base /home/tom/aeac-2026/packages/src/nav_stack/ros2_ws/build/mission/build install --record /home/tom/aeac-2026/packages/src/nav_stack/ros2_ws/build/mission/install.log --single-version-externally-managed install_data
[9.444s] DEBUG:colcon.colcon_core.event_handler.log_command:Invoking command in '/home/tom/aeac-2026/packages/src/nav_stack/ros2_ws/src/bringup': PYTHONPATH=/home/tom/aeac-2026/packages/src/nav_stack/ros2_ws/build/bringup/prefix_override:/usr/lib/python3/dist-packages/colcon_core/task/python/colcon_distutils_commands:/home/tom/aeac-2026/packages/src/nav_stack/ros2_ws/install/bringup/lib/python3.10/site-packages:${PYTHONPATH} /usr/bin/python3 -W ignore:setup.py install is deprecated -W ignore:easy_install command is deprecated setup.py egg_info --egg-base ../../build/bringup build --build-base /home/tom/aeac-2026/packages/src/nav_stack/ros2_ws/build/bringup/build install --record /home/tom/aeac-2026/packages/src/nav_stack/ros2_ws/build/bringup/install.log --single-version-externally-managed install_data
[10.579s] Level 1:colcon.colcon_core.environment:checking '/home/tom/aeac-2026/packages/src/nav_stack/ros2_ws/install/mission' for CMake module files
[10.582s] DEBUG:colcon.colcon_core.event_handler.log_command:Invoked command in '/home/tom/aeac-2026/packages/src/nav_stack/ros2_ws/src/mission' returned '0': PYTHONPATH=/home/tom/aeac-2026/packages/src/nav_stack/ros2_ws/build/mission/prefix_override:/usr/lib/python3/dist-packages/colcon_core/task/python/colcon_distutils_commands:/home/tom/aeac-2026/packages/src/nav_stack/ros2_ws/install/mission/lib/python3.10/site-packages:${PYTHONPATH} /usr/bin/python3 -W ignore:setup.py install is deprecated -W ignore:easy_install command is deprecated setup.py egg_info --egg-base ../../build/mission build --build-base /home/tom/aeac-2026/packages/src/nav_stack/ros2_ws/build/mission/build install --record /home/tom/aeac-2026/packages/src/nav_stack/ros2_ws/build/mission/install.log --single-version-externally-managed install_data
[10.583s] Level 1:colcon.colcon_core.environment:checking '/home/tom/aeac-2026/packages/src/nav_stack/ros2_ws/install/mission' for CMake config files
[10.585s] Level 1:colcon.colcon_core.environment:checking '/home/tom/aeac-2026/packages/src/nav_stack/ros2_ws/install/mission/lib'
[10.586s] Level 1:colcon.colcon_core.environment:checking '/home/tom/aeac-2026/packages/src/nav_stack/ros2_ws/install/mission/bin'
[10.586s] Level 1:colcon.colcon_core.environment:checking '/home/tom/aeac-2026/packages/src/nav_stack/ros2_ws/install/mission/lib/pkgconfig/mission.pc'
[10.587s] Level 1:colcon.colcon_core.environment:checking '/home/tom/aeac-2026/packages/src/nav_stack/ros2_ws/install/mission/lib/python3.10/site-packages'
[10.587s] Level 1:colcon.colcon_core.shell:create_environment_hook('mission', 'pythonpath')
[10.588s] INFO:colcon.colcon_core.shell:Creating environment hook '/home/tom/aeac-2026/packages/src/nav_stack/ros2_ws/install/mission/share/mission/hook/pythonpath.ps1'
[10.595s] INFO:colcon.colcon_core.shell:Creating environment descriptor '/home/tom/aeac-2026/packages/src/nav_stack/ros2_ws/install/mission/share/mission/hook/pythonpath.dsv'
[10.597s] INFO:colcon.colcon_core.shell:Creating environment hook '/home/tom/aeac-2026/packages/src/nav_stack/ros2_ws/install/mission/share/mission/hook/pythonpath.sh'
[10.599s] Level 1:colcon.colcon_core.environment:checking '/home/tom/aeac-2026/packages/src/nav_stack/ros2_ws/install/mission/bin'
[10.600s] Level 1:colcon.colcon_core.environment:create_environment_scripts_only(mission)
[10.601s] INFO:colcon.colcon_core.shell:Creating package script '/home/tom/aeac-2026/packages/src/nav_stack/ros2_ws/install/mission/share/mission/package.ps1'
[10.606s] INFO:colcon.colcon_core.shell:Creating package descriptor '/home/tom/aeac-2026/packages/src/nav_stack/ros2_ws/install/mission/share/mission/package.dsv'
[10.609s] INFO:colcon.colcon_core.shell:Creating package script '/home/tom/aeac-2026/packages/src/nav_stack/ros2_ws/install/mission/share/mission/package.sh'
[10.612s] INFO:colcon.colcon_core.shell:Creating package script '/home/tom/aeac-2026/packages/src/nav_stack/ros2_ws/install/mission/share/mission/package.bash'
[10.614s] INFO:colcon.colcon_core.shell:Creating package script '/home/tom/aeac-2026/packages/src/nav_stack/ros2_ws/install/mission/share/mission/package.zsh'
[10.616s] Level 1:colcon.colcon_core.environment:create_file_with_runtime_dependencies(/home/tom/aeac-2026/packages/src/nav_stack/ros2_ws/install/mission/share/colcon-core/packages/mission)
[10.639s] Level 1:colcon.colcon_core.environment:checking '/home/tom/aeac-2026/packages/src/nav_stack/ros2_ws/install/bringup' for CMake module files
[10.641s] DEBUG:colcon.colcon_core.event_handler.log_command:Invoked command in '/home/tom/aeac-2026/packages/src/nav_stack/ros2_ws/src/bringup' returned '0': PYTHONPATH=/home/tom/aeac-2026/packages/src/nav_stack/ros2_ws/build/bringup/prefix_override:/usr/lib/python3/dist-packages/colcon_core/task/python/colcon_distutils_commands:/home/tom/aeac-2026/packages/src/nav_stack/ros2_ws/install/bringup/lib/python3.10/site-packages:${PYTHONPATH} /usr/bin/python3 -W ignore:setup.py install is deprecated -W ignore:easy_install command is deprecated setup.py egg_info --egg-base ../../build/bringup build --build-base /home/tom/aeac-2026/packages/src/nav_stack/ros2_ws/build/bringup/build install --record /home/tom/aeac-2026/packages/src/nav_stack/ros2_ws/build/bringup/install.log --single-version-externally-managed install_data
[10.642s] Level 1:colcon.colcon_core.environment:checking '/home/tom/aeac-2026/packages/src/nav_stack/ros2_ws/install/bringup' for CMake config files
[10.644s] Level 1:colcon.colcon_core.environment:checking '/home/tom/aeac-2026/packages/src/nav_stack/ros2_ws/install/bringup/lib'
[10.645s] Level 1:colcon.colcon_core.environment:checking '/home/tom/aeac-2026/packages/src/nav_stack/ros2_ws/install/bringup/bin'
[10.645s] Level 1:colcon.colcon_core.environment:checking '/home/tom/aeac-2026/packages/src/nav_stack/ros2_ws/install/bringup/lib/pkgconfig/bringup.pc'
[10.646s] Level 1:colcon.colcon_core.environment:checking '/home/tom/aeac-2026/packages/src/nav_stack/ros2_ws/install/bringup/lib/python3.10/site-packages'
[10.646s] Level 1:colcon.colcon_core.shell:create_environment_hook('bringup', 'pythonpath')
[10.646s] INFO:colcon.colcon_core.shell:Creating environment hook '/home/tom/aeac-2026/packages/src/nav_stack/ros2_ws/install/bringup/share/bringup/hook/pythonpath.ps1'
[10.647s] INFO:colcon.colcon_core.shell:Creating environment descriptor '/home/tom/aeac-2026/packages/src/nav_stack/ros2_ws/install/bringup/share/bringup/hook/pythonpath.dsv'
[10.648s] INFO:colcon.colcon_core.shell:Creating environment hook '/home/tom/aeac-2026/packages/src/nav_stack/ros2_ws/install/bringup/share/bringup/hook/pythonpath.sh'
[10.650s] Level 1:colcon.colcon_core.environment:checking '/home/tom/aeac-2026/packages/src/nav_stack/ros2_ws/install/bringup/bin'
[10.651s] Level 1:colcon.colcon_core.environment:create_environment_scripts_only(bringup)
[10.653s] INFO:colcon.colcon_core.shell:Creating package script '/home/tom/aeac-2026/packages/src/nav_stack/ros2_ws/install/bringup/share/bringup/package.ps1'
[10.655s] INFO:colcon.colcon_core.shell:Creating package descriptor '/home/tom/aeac-2026/packages/src/nav_stack/ros2_ws/install/bringup/share/bringup/package.dsv'
[10.657s] INFO:colcon.colcon_core.shell:Creating package script '/home/tom/aeac-2026/packages/src/nav_stack/ros2_ws/install/bringup/share/bringup/package.sh'
[10.659s] INFO:colcon.colcon_core.shell:Creating package script '/home/tom/aeac-2026/packages/src/nav_stack/ros2_ws/install/bringup/share/bringup/package.bash'
[10.661s] INFO:colcon.colcon_core.shell:Creating package script '/home/tom/aeac-2026/packages/src/nav_stack/ros2_ws/install/bringup/share/bringup/package.zsh'
[10.670s] Level 1:colcon.colcon_core.environment:create_file_with_runtime_dependencies(/home/tom/aeac-2026/packages/src/nav_stack/ros2_ws/install/bringup/share/colcon-core/packages/bringup)
[10.672s] DEBUG:colcon.colcon_parallel_executor.executor.parallel:closing loop
[10.675s] DEBUG:colcon.colcon_parallel_executor.executor.parallel:loop closed
[10.675s] DEBUG:colcon.colcon_parallel_executor.executor.parallel:run_until_complete finished with '0'
[10.675s] DEBUG:colcon.colcon_core.event_reactor:joining thread
[10.851s] INFO:colcon.colcon_core.plugin_system:Skipping extension 'colcon_notification.desktop_notification.notify_send': Could not find 'notify-send'
[10.851s] INFO:colcon.colcon_core.plugin_system:Skipping extension 'colcon_notification.desktop_notification.terminal_notifier': Not used on non-Darwin systems
[10.851s] INFO:colcon.colcon_core.plugin_system:Skipping extension 'colcon_notification.desktop_notification.win32': Not used on non-Windows systems
[10.852s] INFO:colcon.colcon_notification.desktop_notification:Sending desktop notification using 'notify2'
[10.862s] DEBUG:colcon.colcon_notification.desktop_notification.notify2:Failed to initialize notify2: org.freedesktop.DBus.Error.ServiceUnknown: The name org.freedesktop.Notifications was not provided by any .service files
[10.863s] DEBUG:colcon.colcon_core.event_reactor:joined thread
[10.863s] INFO:colcon.colcon_core.shell:Creating prefix script '/home/tom/aeac-2026/packages/src/nav_stack/ros2_ws/install/local_setup.ps1'
[10.866s] INFO:colcon.colcon_core.shell:Creating prefix util module '/home/tom/aeac-2026/packages/src/nav_stack/ros2_ws/install/_local_setup_util_ps1.py'
[10.870s] INFO:colcon.colcon_core.shell:Creating prefix chain script '/home/tom/aeac-2026/packages/src/nav_stack/ros2_ws/install/setup.ps1'
[10.872s] INFO:colcon.colcon_core.shell:Creating prefix script '/home/tom/aeac-2026/packages/src/nav_stack/ros2_ws/install/local_setup.sh'
[10.874s] INFO:colcon.colcon_core.shell:Creating prefix util module '/home/tom/aeac-2026/packages/src/nav_stack/ros2_ws/install/_local_setup_util_sh.py'
[10.875s] INFO:colcon.colcon_core.shell:Creating prefix chain script '/home/tom/aeac-2026/packages/src/nav_stack/ros2_ws/install/setup.sh'
[10.877s] INFO:colcon.colcon_core.shell:Creating prefix script '/home/tom/aeac-2026/packages/src/nav_stack/ros2_ws/install/local_setup.bash'
[10.880s] INFO:colcon.colcon_core.shell:Creating prefix chain script '/home/tom/aeac-2026/packages/src/nav_stack/ros2_ws/install/setup.bash'
[10.883s] INFO:colcon.colcon_core.shell:Creating prefix script '/home/tom/aeac-2026/packages/src/nav_stack/ros2_ws/install/local_setup.zsh'
[10.885s] INFO:colcon.colcon_core.shell:Creating prefix chain script '/home/tom/aeac-2026/packages/src/nav_stack/ros2_ws/install/setup.zsh'
