[0.696s] Invoking command in '/home/tom/aeac-2026/packages/build/custom_interfaces': /usr/bin/cmake --build /home/tom/aeac-2026/packages/build/custom_interfaces -- -j8 -l8
[0.899s] [35m[1mConsolidate compiler generated dependencies of target custom_interfaces__rosidl_generator_c[0m
[0.931s] [  3%] Built target custom_interfaces__cpp
[0.948s] [ 12%] Built target custom_interfaces__rosidl_generator_c
[0.964s] [35m[1mConsolidate compiler generated dependencies of target custom_interfaces__rosidl_typesupport_introspection_cpp[0m
[0.965s] [35m[1mConsolidate compiler generated dependencies of target custom_interfaces__rosidl_typesupport_cpp[0m
[0.966s] [35m[1mConsolidate compiler generated dependencies of target custom_interfaces__rosidl_typesupport_fastrtps_cpp[0m
[0.981s] [ 12%] Built target ament_cmake_python_copy_custom_interfaces
[0.989s] [35m[1mConsolidate compiler generated dependencies of target custom_interfaces__rosidl_typesupport_introspection_c[0m
[1.000s] [35m[1mConsolidate compiler generated dependencies of target custom_interfaces__rosidl_typesupport_fastrtps_c[0m
[1.008s] [35m[1mConsolidate compiler generated dependencies of target custom_interfaces__rosidl_typesupport_c[0m
[1.039s] [ 22%] Built target custom_interfaces__rosidl_typesupport_fastrtps_cpp
[1.039s] [ 32%] Built target custom_interfaces__rosidl_typesupport_introspection_cpp
[1.059s] [ 41%] Built target custom_interfaces__rosidl_typesupport_c
[1.062s] [ 51%] Built target custom_interfaces__rosidl_typesupport_cpp
[1.065s] [ 61%] Built target custom_interfaces__rosidl_typesupport_introspection_c
[1.088s] [ 70%] Built target custom_interfaces__rosidl_typesupport_fastrtps_c
[1.178s] [ 70%] Built target custom_interfaces
[1.258s] [ 74%] Built target custom_interfaces__py
[1.287s] [35m[1mConsolidate compiler generated dependencies of target custom_interfaces__rosidl_generator_py[0m
[1.336s] [ 80%] Built target custom_interfaces__rosidl_generator_py
[1.378s] [35m[1mConsolidate compiler generated dependencies of target custom_interfaces__rosidl_typesupport_fastrtps_c__pyext[0m
[1.395s] [35m[1mConsolidate compiler generated dependencies of target custom_interfaces__rosidl_typesupport_c__pyext[0m
[1.396s] [35m[1mConsolidate compiler generated dependencies of target custom_interfaces__rosidl_typesupport_introspection_c__pyext[0m
[1.439s] [ 87%] Built target custom_interfaces__rosidl_typesupport_fastrtps_c__pyext
[1.458s] [ 93%] Built target custom_interfaces__rosidl_typesupport_introspection_c__pyext
[1.462s] [100%] Built target custom_interfaces__rosidl_typesupport_c__pyext
[2.086s] running egg_info
[2.088s] writing custom_interfaces.egg-info/PKG-INFO
[2.089s] writing dependency_links to custom_interfaces.egg-info/dependency_links.txt
[2.090s] writing top-level names to custom_interfaces.egg-info/top_level.txt
[2.095s] reading manifest file 'custom_interfaces.egg-info/SOURCES.txt'
[2.096s] writing manifest file 'custom_interfaces.egg-info/SOURCES.txt'
[2.186s] [100%] Built target ament_cmake_python_build_custom_interfaces_egg
[2.232s] Invoked command in '/home/tom/aeac-2026/packages/build/custom_interfaces' returned '0': /usr/bin/cmake --build /home/tom/aeac-2026/packages/build/custom_interfaces -- -j8 -l8
[2.285s] Invoking command in '/home/tom/aeac-2026/packages/build/custom_interfaces': /usr/bin/cmake --install /home/tom/aeac-2026/packages/build/custom_interfaces
[2.304s] -- Install configuration: ""
[2.305s] -- Up-to-date: /home/tom/aeac-2026/packages/install/custom_interfaces/share/ament_index/resource_index/rosidl_interfaces/custom_interfaces
[2.306s] -- Up-to-date: /home/tom/aeac-2026/packages/install/custom_interfaces/include/custom_interfaces/custom_interfaces
[2.310s] -- Up-to-date: /home/tom/aeac-2026/packages/install/custom_interfaces/include/custom_interfaces/custom_interfaces/msg
[2.311s] -- Up-to-date: /home/tom/aeac-2026/packages/install/custom_interfaces/include/custom_interfaces/custom_interfaces/msg/rosidl_generator_c__visibility_control.h
[2.311s] -- Up-to-date: /home/tom/aeac-2026/packages/install/custom_interfaces/include/custom_interfaces/custom_interfaces/srv
[2.312s] -- Up-to-date: /home/tom/aeac-2026/packages/install/custom_interfaces/include/custom_interfaces/custom_interfaces/srv/detail
[2.312s] -- Up-to-date: /home/tom/aeac-2026/packages/install/custom_interfaces/include/custom_interfaces/custom_interfaces/srv/detail/gps_to_local__functions.c
[2.313s] -- Up-to-date: /home/tom/aeac-2026/packages/install/custom_interfaces/include/custom_interfaces/custom_interfaces/srv/detail/gps_to_local__type_support.h
[2.313s] -- Up-to-date: /home/tom/aeac-2026/packages/install/custom_interfaces/include/custom_interfaces/custom_interfaces/srv/detail/gps_to_local__functions.h
[2.314s] -- Up-to-date: /home/tom/aeac-2026/packages/install/custom_interfaces/include/custom_interfaces/custom_interfaces/srv/detail/gps_to_local__struct.h
[2.314s] -- Up-to-date: /home/tom/aeac-2026/packages/install/custom_interfaces/include/custom_interfaces/custom_interfaces/srv/gps_to_local.h
[2.315s] -- Up-to-date: /home/tom/aeac-2026/packages/install/custom_interfaces/share/custom_interfaces/environment/library_path.sh
[2.315s] -- Up-to-date: /home/tom/aeac-2026/packages/install/custom_interfaces/share/custom_interfaces/environment/library_path.dsv
[2.316s] -- Up-to-date: /home/tom/aeac-2026/packages/install/custom_interfaces/lib/libcustom_interfaces__rosidl_generator_c.so
[2.316s] -- Up-to-date: /home/tom/aeac-2026/packages/install/custom_interfaces/include/custom_interfaces/custom_interfaces
[2.317s] -- Up-to-date: /home/tom/aeac-2026/packages/install/custom_interfaces/include/custom_interfaces/custom_interfaces/msg
[2.317s] -- Up-to-date: /home/tom/aeac-2026/packages/install/custom_interfaces/include/custom_interfaces/custom_interfaces/msg/rosidl_typesupport_fastrtps_c__visibility_control.h
[2.318s] -- Up-to-date: /home/tom/aeac-2026/packages/install/custom_interfaces/include/custom_interfaces/custom_interfaces/srv
[2.318s] -- Up-to-date: /home/tom/aeac-2026/packages/install/custom_interfaces/include/custom_interfaces/custom_interfaces/srv/detail
[2.319s] -- Up-to-date: /home/tom/aeac-2026/packages/install/custom_interfaces/include/custom_interfaces/custom_interfaces/srv/detail/gps_to_local__rosidl_typesupport_fastrtps_c.h
[2.321s] -- Up-to-date: /home/tom/aeac-2026/packages/install/custom_interfaces/lib/libcustom_interfaces__rosidl_typesupport_fastrtps_c.so
[2.322s] -- Up-to-date: /home/tom/aeac-2026/packages/install/custom_interfaces/include/custom_interfaces/custom_interfaces
[2.322s] -- Up-to-date: /home/tom/aeac-2026/packages/install/custom_interfaces/include/custom_interfaces/custom_interfaces/msg
[2.322s] -- Up-to-date: /home/tom/aeac-2026/packages/install/custom_interfaces/include/custom_interfaces/custom_interfaces/msg/rosidl_typesupport_introspection_c__visibility_control.h
[2.322s] -- Up-to-date: /home/tom/aeac-2026/packages/install/custom_interfaces/include/custom_interfaces/custom_interfaces/srv
[2.323s] -- Up-to-date: /home/tom/aeac-2026/packages/install/custom_interfaces/include/custom_interfaces/custom_interfaces/srv/detail
[2.323s] -- Up-to-date: /home/tom/aeac-2026/packages/install/custom_interfaces/include/custom_interfaces/custom_interfaces/srv/detail/gps_to_local__rosidl_typesupport_introspection_c.h
[2.323s] -- Up-to-date: /home/tom/aeac-2026/packages/install/custom_interfaces/include/custom_interfaces/custom_interfaces/srv/detail/gps_to_local__type_support.c
[2.323s] -- Up-to-date: /home/tom/aeac-2026/packages/install/custom_interfaces/lib/libcustom_interfaces__rosidl_typesupport_introspection_c.so
[2.324s] -- Up-to-date: /home/tom/aeac-2026/packages/install/custom_interfaces/lib/libcustom_interfaces__rosidl_typesupport_c.so
[2.324s] -- Up-to-date: /home/tom/aeac-2026/packages/install/custom_interfaces/include/custom_interfaces/custom_interfaces
[2.324s] -- Up-to-date: /home/tom/aeac-2026/packages/install/custom_interfaces/include/custom_interfaces/custom_interfaces/msg
[2.325s] -- Up-to-date: /home/tom/aeac-2026/packages/install/custom_interfaces/include/custom_interfaces/custom_interfaces/msg/rosidl_generator_cpp__visibility_control.hpp
[2.325s] -- Up-to-date: /home/tom/aeac-2026/packages/install/custom_interfaces/include/custom_interfaces/custom_interfaces/srv
[2.325s] -- Up-to-date: /home/tom/aeac-2026/packages/install/custom_interfaces/include/custom_interfaces/custom_interfaces/srv/gps_to_local.hpp
[2.325s] -- Up-to-date: /home/tom/aeac-2026/packages/install/custom_interfaces/include/custom_interfaces/custom_interfaces/srv/detail
[2.326s] -- Up-to-date: /home/tom/aeac-2026/packages/install/custom_interfaces/include/custom_interfaces/custom_interfaces/srv/detail/gps_to_local__struct.hpp
[2.326s] -- Up-to-date: /home/tom/aeac-2026/packages/install/custom_interfaces/include/custom_interfaces/custom_interfaces/srv/detail/gps_to_local__type_support.hpp
[2.326s] -- Up-to-date: /home/tom/aeac-2026/packages/install/custom_interfaces/include/custom_interfaces/custom_interfaces/srv/detail/gps_to_local__builder.hpp
[2.326s] -- Up-to-date: /home/tom/aeac-2026/packages/install/custom_interfaces/include/custom_interfaces/custom_interfaces/srv/detail/gps_to_local__traits.hpp
[2.327s] -- Up-to-date: /home/tom/aeac-2026/packages/install/custom_interfaces/include/custom_interfaces/custom_interfaces
[2.327s] -- Up-to-date: /home/tom/aeac-2026/packages/install/custom_interfaces/include/custom_interfaces/custom_interfaces/msg
[2.327s] -- Up-to-date: /home/tom/aeac-2026/packages/install/custom_interfaces/include/custom_interfaces/custom_interfaces/msg/rosidl_typesupport_fastrtps_cpp__visibility_control.h
[2.329s] -- Up-to-date: /home/tom/aeac-2026/packages/install/custom_interfaces/include/custom_interfaces/custom_interfaces/srv
[2.329s] -- Up-to-date: /home/tom/aeac-2026/packages/install/custom_interfaces/include/custom_interfaces/custom_interfaces/srv/detail
[2.338s] -- Up-to-date: /home/tom/aeac-2026/packages/install/custom_interfaces/include/custom_interfaces/custom_interfaces/srv/detail/dds_fastrtps
[2.338s] -- Up-to-date: /home/tom/aeac-2026/packages/install/custom_interfaces/include/custom_interfaces/custom_interfaces/srv/detail/gps_to_local__rosidl_typesupport_fastrtps_cpp.hpp
[2.339s] -- Up-to-date: /home/tom/aeac-2026/packages/install/custom_interfaces/lib/libcustom_interfaces__rosidl_typesupport_fastrtps_cpp.so
[2.340s] -- Up-to-date: /home/tom/aeac-2026/packages/install/custom_interfaces/include/custom_interfaces/custom_interfaces
[2.340s] -- Up-to-date: /home/tom/aeac-2026/packages/install/custom_interfaces/include/custom_interfaces/custom_interfaces/srv
[2.341s] -- Up-to-date: /home/tom/aeac-2026/packages/install/custom_interfaces/include/custom_interfaces/custom_interfaces/srv/detail
[2.341s] -- Up-to-date: /home/tom/aeac-2026/packages/install/custom_interfaces/include/custom_interfaces/custom_interfaces/srv/detail/gps_to_local__type_support.cpp
[2.341s] -- Up-to-date: /home/tom/aeac-2026/packages/install/custom_interfaces/include/custom_interfaces/custom_interfaces/srv/detail/gps_to_local__rosidl_typesupport_introspection_cpp.hpp
[2.341s] -- Up-to-date: /home/tom/aeac-2026/packages/install/custom_interfaces/lib/libcustom_interfaces__rosidl_typesupport_introspection_cpp.so
[2.342s] -- Up-to-date: /home/tom/aeac-2026/packages/install/custom_interfaces/lib/libcustom_interfaces__rosidl_typesupport_cpp.so
[2.342s] -- Up-to-date: /home/tom/aeac-2026/packages/install/custom_interfaces/share/custom_interfaces/environment/pythonpath.sh
[2.342s] -- Up-to-date: /home/tom/aeac-2026/packages/install/custom_interfaces/share/custom_interfaces/environment/pythonpath.dsv
[2.342s] -- Up-to-date: /home/tom/aeac-2026/packages/install/custom_interfaces/local/lib/python3.10/dist-packages/custom_interfaces-0.0.0-py3.10.egg-info
[2.343s] -- Installing: /home/tom/aeac-2026/packages/install/custom_interfaces/local/lib/python3.10/dist-packages/custom_interfaces-0.0.0-py3.10.egg-info/PKG-INFO
[2.343s] -- Installing: /home/tom/aeac-2026/packages/install/custom_interfaces/local/lib/python3.10/dist-packages/custom_interfaces-0.0.0-py3.10.egg-info/SOURCES.txt
[2.344s] -- Installing: /home/tom/aeac-2026/packages/install/custom_interfaces/local/lib/python3.10/dist-packages/custom_interfaces-0.0.0-py3.10.egg-info/dependency_links.txt
[2.344s] -- Installing: /home/tom/aeac-2026/packages/install/custom_interfaces/local/lib/python3.10/dist-packages/custom_interfaces-0.0.0-py3.10.egg-info/top_level.txt
[2.344s] -- Up-to-date: /home/tom/aeac-2026/packages/install/custom_interfaces/local/lib/python3.10/dist-packages/custom_interfaces
[2.345s] -- Up-to-date: /home/tom/aeac-2026/packages/install/custom_interfaces/local/lib/python3.10/dist-packages/custom_interfaces/custom_interfaces_s__rosidl_typesupport_introspection_c.cpython-310-x86_64-linux-gnu.so
[2.345s] -- Up-to-date: /home/tom/aeac-2026/packages/install/custom_interfaces/local/lib/python3.10/dist-packages/custom_interfaces/custom_interfaces_s__rosidl_typesupport_fastrtps_c.cpython-310-x86_64-linux-gnu.so
[2.345s] -- Up-to-date: /home/tom/aeac-2026/packages/install/custom_interfaces/local/lib/python3.10/dist-packages/custom_interfaces/custom_interfaces_s__rosidl_typesupport_c.cpython-310-x86_64-linux-gnu.so
[2.345s] -- Up-to-date: /home/tom/aeac-2026/packages/install/custom_interfaces/local/lib/python3.10/dist-packages/custom_interfaces/libcustom_interfaces__rosidl_generator_py.so
[2.346s] -- Up-to-date: /home/tom/aeac-2026/packages/install/custom_interfaces/local/lib/python3.10/dist-packages/custom_interfaces/srv
[2.346s] -- Up-to-date: /home/tom/aeac-2026/packages/install/custom_interfaces/local/lib/python3.10/dist-packages/custom_interfaces/srv/_gps_to_local_s.c
[2.346s] -- Up-to-date: /home/tom/aeac-2026/packages/install/custom_interfaces/local/lib/python3.10/dist-packages/custom_interfaces/srv/_gps_to_local.py
[2.346s] -- Up-to-date: /home/tom/aeac-2026/packages/install/custom_interfaces/local/lib/python3.10/dist-packages/custom_interfaces/srv/__init__.py
[2.347s] -- Up-to-date: /home/tom/aeac-2026/packages/install/custom_interfaces/local/lib/python3.10/dist-packages/custom_interfaces/_custom_interfaces_s.ep.rosidl_typesupport_c.c
[2.347s] -- Up-to-date: /home/tom/aeac-2026/packages/install/custom_interfaces/local/lib/python3.10/dist-packages/custom_interfaces/_custom_interfaces_s.ep.rosidl_typesupport_fastrtps_c.c
[2.347s] -- Up-to-date: /home/tom/aeac-2026/packages/install/custom_interfaces/local/lib/python3.10/dist-packages/custom_interfaces/__init__.py
[2.347s] -- Up-to-date: /home/tom/aeac-2026/packages/install/custom_interfaces/local/lib/python3.10/dist-packages/custom_interfaces/_custom_interfaces_s.ep.rosidl_typesupport_introspection_c.c
[2.457s] Listing '/home/tom/aeac-2026/packages/install/custom_interfaces/local/lib/python3.10/dist-packages/custom_interfaces'...
[2.457s] Listing '/home/tom/aeac-2026/packages/install/custom_interfaces/local/lib/python3.10/dist-packages/custom_interfaces/srv'...
[2.476s] -- Up-to-date: /home/tom/aeac-2026/packages/install/custom_interfaces/local/lib/python3.10/dist-packages/custom_interfaces/custom_interfaces_s__rosidl_typesupport_fastrtps_c.cpython-310-x86_64-linux-gnu.so
[2.478s] -- Up-to-date: /home/tom/aeac-2026/packages/install/custom_interfaces/local/lib/python3.10/dist-packages/custom_interfaces/custom_interfaces_s__rosidl_typesupport_introspection_c.cpython-310-x86_64-linux-gnu.so
[2.479s] -- Up-to-date: /home/tom/aeac-2026/packages/install/custom_interfaces/local/lib/python3.10/dist-packages/custom_interfaces/custom_interfaces_s__rosidl_typesupport_c.cpython-310-x86_64-linux-gnu.so
[2.480s] -- Up-to-date: /home/tom/aeac-2026/packages/install/custom_interfaces/lib/libcustom_interfaces__rosidl_generator_py.so
[2.481s] -- Up-to-date: /home/tom/aeac-2026/packages/install/custom_interfaces/share/custom_interfaces/srv/GpsToLocal.idl
[2.481s] -- Up-to-date: /home/tom/aeac-2026/packages/install/custom_interfaces/share/custom_interfaces/srv/GpsToLocal.srv
[2.482s] -- Up-to-date: /home/tom/aeac-2026/packages/install/custom_interfaces/share/custom_interfaces/srv/GpsToLocal_Request.msg
[2.483s] -- Up-to-date: /home/tom/aeac-2026/packages/install/custom_interfaces/share/custom_interfaces/srv/GpsToLocal_Response.msg
[2.483s] -- Up-to-date: /home/tom/aeac-2026/packages/install/custom_interfaces/share/ament_index/resource_index/package_run_dependencies/custom_interfaces
[2.484s] -- Up-to-date: /home/tom/aeac-2026/packages/install/custom_interfaces/share/ament_index/resource_index/parent_prefix_path/custom_interfaces
[2.484s] -- Up-to-date: /home/tom/aeac-2026/packages/install/custom_interfaces/share/custom_interfaces/environment/ament_prefix_path.sh
[2.485s] -- Up-to-date: /home/tom/aeac-2026/packages/install/custom_interfaces/share/custom_interfaces/environment/ament_prefix_path.dsv
[2.485s] -- Up-to-date: /home/tom/aeac-2026/packages/install/custom_interfaces/share/custom_interfaces/environment/path.sh
[2.485s] -- Up-to-date: /home/tom/aeac-2026/packages/install/custom_interfaces/share/custom_interfaces/environment/path.dsv
[2.485s] -- Up-to-date: /home/tom/aeac-2026/packages/install/custom_interfaces/share/custom_interfaces/local_setup.bash
[2.486s] -- Up-to-date: /home/tom/aeac-2026/packages/install/custom_interfaces/share/custom_interfaces/local_setup.sh
[2.486s] -- Up-to-date: /home/tom/aeac-2026/packages/install/custom_interfaces/share/custom_interfaces/local_setup.zsh
[2.491s] -- Up-to-date: /home/tom/aeac-2026/packages/install/custom_interfaces/share/custom_interfaces/local_setup.dsv
[2.491s] -- Installing: /home/tom/aeac-2026/packages/install/custom_interfaces/share/custom_interfaces/package.dsv
[2.492s] -- Up-to-date: /home/tom/aeac-2026/packages/install/custom_interfaces/share/ament_index/resource_index/packages/custom_interfaces
[2.494s] -- Up-to-date: /home/tom/aeac-2026/packages/install/custom_interfaces/share/custom_interfaces/cmake/export_custom_interfaces__rosidl_generator_cExport.cmake
[2.494s] -- Up-to-date: /home/tom/aeac-2026/packages/install/custom_interfaces/share/custom_interfaces/cmake/export_custom_interfaces__rosidl_generator_cExport-noconfig.cmake
[2.495s] -- Up-to-date: /home/tom/aeac-2026/packages/install/custom_interfaces/share/custom_interfaces/cmake/export_custom_interfaces__rosidl_typesupport_fastrtps_cExport.cmake
[2.495s] -- Up-to-date: /home/tom/aeac-2026/packages/install/custom_interfaces/share/custom_interfaces/cmake/export_custom_interfaces__rosidl_typesupport_fastrtps_cExport-noconfig.cmake
[2.495s] -- Up-to-date: /home/tom/aeac-2026/packages/install/custom_interfaces/share/custom_interfaces/cmake/custom_interfaces__rosidl_typesupport_introspection_cExport.cmake
[2.495s] -- Up-to-date: /home/tom/aeac-2026/packages/install/custom_interfaces/share/custom_interfaces/cmake/custom_interfaces__rosidl_typesupport_introspection_cExport-noconfig.cmake
[2.497s] -- Up-to-date: /home/tom/aeac-2026/packages/install/custom_interfaces/share/custom_interfaces/cmake/custom_interfaces__rosidl_typesupport_cExport.cmake
[2.498s] -- Up-to-date: /home/tom/aeac-2026/packages/install/custom_interfaces/share/custom_interfaces/cmake/custom_interfaces__rosidl_typesupport_cExport-noconfig.cmake
[2.498s] -- Up-to-date: /home/tom/aeac-2026/packages/install/custom_interfaces/share/custom_interfaces/cmake/export_custom_interfaces__rosidl_generator_cppExport.cmake
[2.498s] -- Up-to-date: /home/tom/aeac-2026/packages/install/custom_interfaces/share/custom_interfaces/cmake/export_custom_interfaces__rosidl_typesupport_fastrtps_cppExport.cmake
[2.498s] -- Up-to-date: /home/tom/aeac-2026/packages/install/custom_interfaces/share/custom_interfaces/cmake/export_custom_interfaces__rosidl_typesupport_fastrtps_cppExport-noconfig.cmake
[2.499s] -- Up-to-date: /home/tom/aeac-2026/packages/install/custom_interfaces/share/custom_interfaces/cmake/custom_interfaces__rosidl_typesupport_introspection_cppExport.cmake
[2.499s] -- Up-to-date: /home/tom/aeac-2026/packages/install/custom_interfaces/share/custom_interfaces/cmake/custom_interfaces__rosidl_typesupport_introspection_cppExport-noconfig.cmake
[2.499s] -- Up-to-date: /home/tom/aeac-2026/packages/install/custom_interfaces/share/custom_interfaces/cmake/custom_interfaces__rosidl_typesupport_cppExport.cmake
[2.499s] -- Up-to-date: /home/tom/aeac-2026/packages/install/custom_interfaces/share/custom_interfaces/cmake/custom_interfaces__rosidl_typesupport_cppExport-noconfig.cmake
[2.500s] -- Up-to-date: /home/tom/aeac-2026/packages/install/custom_interfaces/share/custom_interfaces/cmake/export_custom_interfaces__rosidl_generator_pyExport.cmake
[2.508s] -- Up-to-date: /home/tom/aeac-2026/packages/install/custom_interfaces/share/custom_interfaces/cmake/export_custom_interfaces__rosidl_generator_pyExport-noconfig.cmake
[2.510s] -- Up-to-date: /home/tom/aeac-2026/packages/install/custom_interfaces/share/custom_interfaces/cmake/rosidl_cmake-extras.cmake
[2.511s] -- Up-to-date: /home/tom/aeac-2026/packages/install/custom_interfaces/share/custom_interfaces/cmake/ament_cmake_export_include_directories-extras.cmake
[2.511s] -- Up-to-date: /home/tom/aeac-2026/packages/install/custom_interfaces/share/custom_interfaces/cmake/ament_cmake_export_libraries-extras.cmake
[2.511s] -- Up-to-date: /home/tom/aeac-2026/packages/install/custom_interfaces/share/custom_interfaces/cmake/ament_cmake_export_targets-extras.cmake
[2.511s] -- Up-to-date: /home/tom/aeac-2026/packages/install/custom_interfaces/share/custom_interfaces/cmake/rosidl_cmake_export_typesupport_targets-extras.cmake
[2.511s] -- Up-to-date: /home/tom/aeac-2026/packages/install/custom_interfaces/share/custom_interfaces/cmake/ament_cmake_export_dependencies-extras.cmake
[2.511s] -- Up-to-date: /home/tom/aeac-2026/packages/install/custom_interfaces/share/custom_interfaces/cmake/rosidl_cmake_export_typesupport_libraries-extras.cmake
[2.512s] -- Up-to-date: /home/tom/aeac-2026/packages/install/custom_interfaces/share/custom_interfaces/cmake/custom_interfacesConfig.cmake
[2.512s] -- Up-to-date: /home/tom/aeac-2026/packages/install/custom_interfaces/share/custom_interfaces/cmake/custom_interfacesConfig-version.cmake
[2.512s] -- Up-to-date: /home/tom/aeac-2026/packages/install/custom_interfaces/share/custom_interfaces/package.xml
[2.520s] Invoked command in '/home/tom/aeac-2026/packages/build/custom_interfaces' returned '0': /usr/bin/cmake --install /home/tom/aeac-2026/packages/build/custom_interfaces
