running egg_info
creating ../../build/mission/mission.egg-info
writing ../../build/mission/mission.egg-info/PKG-INFO
writing dependency_links to ../../build/mission/mission.egg-info/dependency_links.txt
writing entry points to ../../build/mission/mission.egg-info/entry_points.txt
writing requirements to ../../build/mission/mission.egg-info/requires.txt
writing top-level names to ../../build/mission/mission.egg-info/top_level.txt
writing manifest file '../../build/mission/mission.egg-info/SOURCES.txt'
reading manifest file '../../build/mission/mission.egg-info/SOURCES.txt'
writing manifest file '../../build/mission/mission.egg-info/SOURCES.txt'
running build
running build_py
creating /home/tom/aeac-2026/packages/src/nav_stack/ros2_ws/build/mission/build
creating /home/tom/aeac-2026/packages/src/nav_stack/ros2_ws/build/mission/build/lib
creating /home/tom/aeac-2026/packages/src/nav_stack/ros2_ws/build/mission/build/lib/mission
copying mission/connection.py -> /home/tom/aeac-2026/packages/src/nav_stack/ros2_ws/build/mission/build/lib/mission
copying mission/helpers.py -> /home/tom/aeac-2026/packages/src/nav_stack/ros2_ws/build/mission/build/lib/mission
copying mission/laps.py -> /home/tom/aeac-2026/packages/src/nav_stack/ros2_ws/build/mission/build/lib/mission
copying mission/takeoff.py -> /home/tom/aeac-2026/packages/src/nav_stack/ros2_ws/build/mission/build/lib/mission
copying mission/lapsDeBase.py -> /home/tom/aeac-2026/packages/src/nav_stack/ros2_ws/build/mission/build/lib/mission
copying mission/gps_to_local.py -> /home/tom/aeac-2026/packages/src/nav_stack/ros2_ws/build/mission/build/lib/mission
copying mission/__init__.py -> /home/tom/aeac-2026/packages/src/nav_stack/ros2_ws/build/mission/build/lib/mission
copying mission/data.py -> /home/tom/aeac-2026/packages/src/nav_stack/ros2_ws/build/mission/build/lib/mission
running install
running install_lib
creating /home/tom/aeac-2026/packages/src/nav_stack/ros2_ws/install/mission/lib/python3.10/site-packages/mission
copying /home/tom/aeac-2026/packages/src/nav_stack/ros2_ws/build/mission/build/lib/mission/connection.py -> /home/tom/aeac-2026/packages/src/nav_stack/ros2_ws/install/mission/lib/python3.10/site-packages/mission
copying /home/tom/aeac-2026/packages/src/nav_stack/ros2_ws/build/mission/build/lib/mission/helpers.py -> /home/tom/aeac-2026/packages/src/nav_stack/ros2_ws/install/mission/lib/python3.10/site-packages/mission
copying /home/tom/aeac-2026/packages/src/nav_stack/ros2_ws/build/mission/build/lib/mission/laps.py -> /home/tom/aeac-2026/packages/src/nav_stack/ros2_ws/install/mission/lib/python3.10/site-packages/mission
copying /home/tom/aeac-2026/packages/src/nav_stack/ros2_ws/build/mission/build/lib/mission/takeoff.py -> /home/tom/aeac-2026/packages/src/nav_stack/ros2_ws/install/mission/lib/python3.10/site-packages/mission
copying /home/tom/aeac-2026/packages/src/nav_stack/ros2_ws/build/mission/build/lib/mission/lapsDeBase.py -> /home/tom/aeac-2026/packages/src/nav_stack/ros2_ws/install/mission/lib/python3.10/site-packages/mission
copying /home/tom/aeac-2026/packages/src/nav_stack/ros2_ws/build/mission/build/lib/mission/gps_to_local.py -> /home/tom/aeac-2026/packages/src/nav_stack/ros2_ws/install/mission/lib/python3.10/site-packages/mission
copying /home/tom/aeac-2026/packages/src/nav_stack/ros2_ws/build/mission/build/lib/mission/__init__.py -> /home/tom/aeac-2026/packages/src/nav_stack/ros2_ws/install/mission/lib/python3.10/site-packages/mission
copying /home/tom/aeac-2026/packages/src/nav_stack/ros2_ws/build/mission/build/lib/mission/data.py -> /home/tom/aeac-2026/packages/src/nav_stack/ros2_ws/install/mission/lib/python3.10/site-packages/mission
byte-compiling /home/tom/aeac-2026/packages/src/nav_stack/ros2_ws/install/mission/lib/python3.10/site-packages/mission/connection.py to connection.cpython-310.pyc
byte-compiling /home/tom/aeac-2026/packages/src/nav_stack/ros2_ws/install/mission/lib/python3.10/site-packages/mission/helpers.py to helpers.cpython-310.pyc
byte-compiling /home/tom/aeac-2026/packages/src/nav_stack/ros2_ws/install/mission/lib/python3.10/site-packages/mission/laps.py to laps.cpython-310.pyc
byte-compiling /home/tom/aeac-2026/packages/src/nav_stack/ros2_ws/install/mission/lib/python3.10/site-packages/mission/takeoff.py to takeoff.cpython-310.pyc
byte-compiling /home/tom/aeac-2026/packages/src/nav_stack/ros2_ws/install/mission/lib/python3.10/site-packages/mission/lapsDeBase.py to lapsDeBase.cpython-310.pyc
byte-compiling /home/tom/aeac-2026/packages/src/nav_stack/ros2_ws/install/mission/lib/python3.10/site-packages/mission/gps_to_local.py to gps_to_local.cpython-310.pyc
byte-compiling /home/tom/aeac-2026/packages/src/nav_stack/ros2_ws/install/mission/lib/python3.10/site-packages/mission/__init__.py to __init__.cpython-310.pyc
byte-compiling /home/tom/aeac-2026/packages/src/nav_stack/ros2_ws/install/mission/lib/python3.10/site-packages/mission/data.py to data.cpython-310.pyc
running install_data
creating /home/tom/aeac-2026/packages/src/nav_stack/ros2_ws/install/mission/share/ament_index
creating /home/tom/aeac-2026/packages/src/nav_stack/ros2_ws/install/mission/share/ament_index/resource_index
creating /home/tom/aeac-2026/packages/src/nav_stack/ros2_ws/install/mission/share/ament_index/resource_index/packages
copying resource/mission -> /home/tom/aeac-2026/packages/src/nav_stack/ros2_ws/install/mission/share/ament_index/resource_index/packages
copying package.xml -> /home/tom/aeac-2026/packages/src/nav_stack/ros2_ws/install/mission/share/mission
running install_egg_info
Copying ../../build/mission/mission.egg-info to /home/tom/aeac-2026/packages/src/nav_stack/ros2_ws/install/mission/lib/python3.10/site-packages/mission-0.0.0-py3.10.egg-info
running install_scripts
Installing gps_to_local script to /home/tom/aeac-2026/packages/src/nav_stack/ros2_ws/install/mission/lib/mission
Installing laps script to /home/tom/aeac-2026/packages/src/nav_stack/ros2_ws/install/mission/lib/mission
writing list of installed files to '/home/tom/aeac-2026/packages/src/nav_stack/ros2_ws/build/mission/install.log'
