[2.554s] Invoking command in '/home/tom/aeac-2026/packages/src/nav_stack/ros2_ws/src/mission': PYTHONPATH=/home/tom/aeac-2026/packages/src/nav_stack/ros2_ws/build/mission/prefix_override:/usr/lib/python3/dist-packages/colcon_core/task/python/colcon_distutils_commands:/home/tom/aeac-2026/packages/src/nav_stack/ros2_ws/install/mission/lib/python3.10/site-packages:${PYTHONPATH} /usr/bin/python3 -W ignore:setup.py install is deprecated -W ignore:easy_install command is deprecated setup.py egg_info --egg-base ../../build/mission build --build-base /home/tom/aeac-2026/packages/src/nav_stack/ros2_ws/build/mission/build install --record /home/tom/aeac-2026/packages/src/nav_stack/ros2_ws/build/mission/install.log --single-version-externally-managed install_data
[3.260s] running egg_info
[3.262s] creating ../../build/mission/mission.egg-info
[3.263s] writing ../../build/mission/mission.egg-info/PKG-INFO
[3.264s] writing dependency_links to ../../build/mission/mission.egg-info/dependency_links.txt
[3.265s] writing entry points to ../../build/mission/mission.egg-info/entry_points.txt
[3.265s] writing requirements to ../../build/mission/mission.egg-info/requires.txt
[3.266s] writing top-level names to ../../build/mission/mission.egg-info/top_level.txt
[3.267s] writing manifest file '../../build/mission/mission.egg-info/SOURCES.txt'
[3.274s] reading manifest file '../../build/mission/mission.egg-info/SOURCES.txt'
[3.277s] writing manifest file '../../build/mission/mission.egg-info/SOURCES.txt'
[3.277s] running build
[3.277s] running build_py
[3.278s] creating /home/tom/aeac-2026/packages/src/nav_stack/ros2_ws/build/mission/build
[3.280s] creating /home/tom/aeac-2026/packages/src/nav_stack/ros2_ws/build/mission/build/lib
[3.284s] creating /home/tom/aeac-2026/packages/src/nav_stack/ros2_ws/build/mission/build/lib/mission
[3.287s] copying mission/connection.py -> /home/tom/aeac-2026/packages/src/nav_stack/ros2_ws/build/mission/build/lib/mission
[3.288s] copying mission/helpers.py -> /home/tom/aeac-2026/packages/src/nav_stack/ros2_ws/build/mission/build/lib/mission
[3.288s] copying mission/laps.py -> /home/tom/aeac-2026/packages/src/nav_stack/ros2_ws/build/mission/build/lib/mission
[3.289s] copying mission/takeoff.py -> /home/tom/aeac-2026/packages/src/nav_stack/ros2_ws/build/mission/build/lib/mission
[3.291s] copying mission/lapsDeBase.py -> /home/tom/aeac-2026/packages/src/nav_stack/ros2_ws/build/mission/build/lib/mission
[3.292s] copying mission/gps_to_local.py -> /home/tom/aeac-2026/packages/src/nav_stack/ros2_ws/build/mission/build/lib/mission
[3.292s] copying mission/__init__.py -> /home/tom/aeac-2026/packages/src/nav_stack/ros2_ws/build/mission/build/lib/mission
[3.293s] copying mission/data.py -> /home/tom/aeac-2026/packages/src/nav_stack/ros2_ws/build/mission/build/lib/mission
[3.294s] running install
[3.295s] running install_lib
[3.297s] creating /home/tom/aeac-2026/packages/src/nav_stack/ros2_ws/install/mission/lib/python3.10/site-packages/mission
[3.299s] copying /home/tom/aeac-2026/packages/src/nav_stack/ros2_ws/build/mission/build/lib/mission/connection.py -> /home/tom/aeac-2026/packages/src/nav_stack/ros2_ws/install/mission/lib/python3.10/site-packages/mission
[3.300s] copying /home/tom/aeac-2026/packages/src/nav_stack/ros2_ws/build/mission/build/lib/mission/helpers.py -> /home/tom/aeac-2026/packages/src/nav_stack/ros2_ws/install/mission/lib/python3.10/site-packages/mission
[3.300s] copying /home/tom/aeac-2026/packages/src/nav_stack/ros2_ws/build/mission/build/lib/mission/laps.py -> /home/tom/aeac-2026/packages/src/nav_stack/ros2_ws/install/mission/lib/python3.10/site-packages/mission
[3.301s] copying /home/tom/aeac-2026/packages/src/nav_stack/ros2_ws/build/mission/build/lib/mission/takeoff.py -> /home/tom/aeac-2026/packages/src/nav_stack/ros2_ws/install/mission/lib/python3.10/site-packages/mission
[3.302s] copying /home/tom/aeac-2026/packages/src/nav_stack/ros2_ws/build/mission/build/lib/mission/lapsDeBase.py -> /home/tom/aeac-2026/packages/src/nav_stack/ros2_ws/install/mission/lib/python3.10/site-packages/mission
[3.303s] copying /home/tom/aeac-2026/packages/src/nav_stack/ros2_ws/build/mission/build/lib/mission/gps_to_local.py -> /home/tom/aeac-2026/packages/src/nav_stack/ros2_ws/install/mission/lib/python3.10/site-packages/mission
[3.304s] copying /home/tom/aeac-2026/packages/src/nav_stack/ros2_ws/build/mission/build/lib/mission/__init__.py -> /home/tom/aeac-2026/packages/src/nav_stack/ros2_ws/install/mission/lib/python3.10/site-packages/mission
[3.304s] copying /home/tom/aeac-2026/packages/src/nav_stack/ros2_ws/build/mission/build/lib/mission/data.py -> /home/tom/aeac-2026/packages/src/nav_stack/ros2_ws/install/mission/lib/python3.10/site-packages/mission
[3.304s] byte-compiling /home/tom/aeac-2026/packages/src/nav_stack/ros2_ws/install/mission/lib/python3.10/site-packages/mission/connection.py to connection.cpython-310.pyc
[3.305s] byte-compiling /home/tom/aeac-2026/packages/src/nav_stack/ros2_ws/install/mission/lib/python3.10/site-packages/mission/helpers.py to helpers.cpython-310.pyc
[3.308s] byte-compiling /home/tom/aeac-2026/packages/src/nav_stack/ros2_ws/install/mission/lib/python3.10/site-packages/mission/laps.py to laps.cpython-310.pyc
[3.314s] byte-compiling /home/tom/aeac-2026/packages/src/nav_stack/ros2_ws/install/mission/lib/python3.10/site-packages/mission/takeoff.py to takeoff.cpython-310.pyc
[3.316s] byte-compiling /home/tom/aeac-2026/packages/src/nav_stack/ros2_ws/install/mission/lib/python3.10/site-packages/mission/lapsDeBase.py to lapsDeBase.cpython-310.pyc
[3.317s] byte-compiling /home/tom/aeac-2026/packages/src/nav_stack/ros2_ws/install/mission/lib/python3.10/site-packages/mission/gps_to_local.py to gps_to_local.cpython-310.pyc
[3.319s] byte-compiling /home/tom/aeac-2026/packages/src/nav_stack/ros2_ws/install/mission/lib/python3.10/site-packages/mission/__init__.py to __init__.cpython-310.pyc
[3.320s] byte-compiling /home/tom/aeac-2026/packages/src/nav_stack/ros2_ws/install/mission/lib/python3.10/site-packages/mission/data.py to data.cpython-310.pyc
[3.321s] running install_data
[3.321s] creating /home/tom/aeac-2026/packages/src/nav_stack/ros2_ws/install/mission/share/ament_index
[3.322s] creating /home/tom/aeac-2026/packages/src/nav_stack/ros2_ws/install/mission/share/ament_index/resource_index
[3.324s] creating /home/tom/aeac-2026/packages/src/nav_stack/ros2_ws/install/mission/share/ament_index/resource_index/packages
[3.327s] copying resource/mission -> /home/tom/aeac-2026/packages/src/nav_stack/ros2_ws/install/mission/share/ament_index/resource_index/packages
[3.328s] copying package.xml -> /home/tom/aeac-2026/packages/src/nav_stack/ros2_ws/install/mission/share/mission
[3.329s] running install_egg_info
[3.334s] Copying ../../build/mission/mission.egg-info to /home/tom/aeac-2026/packages/src/nav_stack/ros2_ws/install/mission/lib/python3.10/site-packages/mission-0.0.0-py3.10.egg-info
[3.337s] running install_scripts
[3.394s] Installing gps_to_local script to /home/tom/aeac-2026/packages/src/nav_stack/ros2_ws/install/mission/lib/mission
[3.395s] Installing laps script to /home/tom/aeac-2026/packages/src/nav_stack/ros2_ws/install/mission/lib/mission
[3.397s] writing list of installed files to '/home/tom/aeac-2026/packages/src/nav_stack/ros2_ws/build/mission/install.log'
[3.493s] Invoked command in '/home/tom/aeac-2026/packages/src/nav_stack/ros2_ws/src/mission' returned '0': PYTHONPATH=/home/tom/aeac-2026/packages/src/nav_stack/ros2_ws/build/mission/prefix_override:/usr/lib/python3/dist-packages/colcon_core/task/python/colcon_distutils_commands:/home/tom/aeac-2026/packages/src/nav_stack/ros2_ws/install/mission/lib/python3.10/site-packages:${PYTHONPATH} /usr/bin/python3 -W ignore:setup.py install is deprecated -W ignore:easy_install command is deprecated setup.py egg_info --egg-base ../../build/mission build --build-base /home/tom/aeac-2026/packages/src/nav_stack/ros2_ws/build/mission/build install --record /home/tom/aeac-2026/packages/src/nav_stack/ros2_ws/build/mission/install.log --single-version-externally-managed install_data
