[0.713s] Invoking command in '/home/tom/aeac-2026/packages/src/nav_stack/ros2_ws/build/custom_interfaces': /usr/bin/cmake --build /home/tom/aeac-2026/packages/src/nav_stack/ros2_ws/build/custom_interfaces -- -j8 -l8
[0.866s] [  3%] Built target custom_interfaces__cpp
[0.869s] [ 12%] Built target custom_interfaces__rosidl_generator_c
[0.926s] [ 12%] Built target ament_cmake_python_copy_custom_interfaces
[0.951s] [ 22%] Built target custom_interfaces__rosidl_typesupport_introspection_c
[0.951s] [ 32%] Built target custom_interfaces__rosidl_typesupport_fastrtps_cpp
[0.956s] [ 48%] Built target custom_interfaces__rosidl_typesupport_cpp
[0.957s] [ 51%] Built target custom_interfaces__rosidl_typesupport_c
[0.957s] [ 61%] Built target custom_interfaces__rosidl_typesupport_introspection_cpp
[0.965s] [ 70%] Built target custom_interfaces__rosidl_typesupport_fastrtps_c
[1.026s] [ 70%] Built target custom_interfaces
[1.087s] [ 74%] Built target custom_interfaces__py
[1.155s] [ 80%] Built target custom_interfaces__rosidl_generator_py
[1.227s] [ 93%] Built target custom_interfaces__rosidl_typesupport_introspection_c__pyext
[1.227s] [ 93%] Built target custom_interfaces__rosidl_typesupport_c__pyext
[1.228s] [100%] Built target custom_interfaces__rosidl_typesupport_fastrtps_c__pyext
[1.634s] running egg_info
[1.636s] writing custom_interfaces.egg-info/PKG-INFO
[1.637s] writing dependency_links to custom_interfaces.egg-info/dependency_links.txt
[1.638s] writing top-level names to custom_interfaces.egg-info/top_level.txt
[1.644s] reading manifest file 'custom_interfaces.egg-info/SOURCES.txt'
[1.647s] writing manifest file 'custom_interfaces.egg-info/SOURCES.txt'
[1.768s] [100%] Built target ament_cmake_python_build_custom_interfaces_egg
[1.826s] Invoked command in '/home/tom/aeac-2026/packages/src/nav_stack/ros2_ws/build/custom_interfaces' returned '0': /usr/bin/cmake --build /home/tom/aeac-2026/packages/src/nav_stack/ros2_ws/build/custom_interfaces -- -j8 -l8
[1.856s] Invoking command in '/home/tom/aeac-2026/packages/src/nav_stack/ros2_ws/build/custom_interfaces': /usr/bin/cmake --install /home/tom/aeac-2026/packages/src/nav_stack/ros2_ws/build/custom_interfaces
[1.877s] -- Install configuration: ""
[1.877s] -- Up-to-date: /home/tom/aeac-2026/packages/src/nav_stack/ros2_ws/install/custom_interfaces/share/ament_index/resource_index/rosidl_interfaces/custom_interfaces
[1.878s] -- Up-to-date: /home/tom/aeac-2026/packages/src/nav_stack/ros2_ws/install/custom_interfaces/include/custom_interfaces/custom_interfaces
[1.878s] -- Up-to-date: /home/tom/aeac-2026/packages/src/nav_stack/ros2_ws/install/custom_interfaces/include/custom_interfaces/custom_interfaces/msg
[1.879s] -- Up-to-date: /home/tom/aeac-2026/packages/src/nav_stack/ros2_ws/install/custom_interfaces/include/custom_interfaces/custom_interfaces/msg/rosidl_generator_c__visibility_control.h
[1.879s] -- Up-to-date: /home/tom/aeac-2026/packages/src/nav_stack/ros2_ws/install/custom_interfaces/include/custom_interfaces/custom_interfaces/srv
[1.880s] -- Up-to-date: /home/tom/aeac-2026/packages/src/nav_stack/ros2_ws/install/custom_interfaces/include/custom_interfaces/custom_interfaces/srv/detail
[1.880s] -- Up-to-date: /home/tom/aeac-2026/packages/src/nav_stack/ros2_ws/install/custom_interfaces/include/custom_interfaces/custom_interfaces/srv/detail/gps_to_local__functions.c
[1.880s] -- Up-to-date: /home/tom/aeac-2026/packages/src/nav_stack/ros2_ws/install/custom_interfaces/include/custom_interfaces/custom_interfaces/srv/detail/gps_to_local__type_support.h
[1.881s] -- Up-to-date: /home/tom/aeac-2026/packages/src/nav_stack/ros2_ws/install/custom_interfaces/include/custom_interfaces/custom_interfaces/srv/detail/gps_to_local__functions.h
[1.881s] -- Up-to-date: /home/tom/aeac-2026/packages/src/nav_stack/ros2_ws/install/custom_interfaces/include/custom_interfaces/custom_interfaces/srv/detail/gps_to_local__struct.h
[1.881s] -- Up-to-date: /home/tom/aeac-2026/packages/src/nav_stack/ros2_ws/install/custom_interfaces/include/custom_interfaces/custom_interfaces/srv/gps_to_local.h
[1.882s] -- Up-to-date: /home/tom/aeac-2026/packages/src/nav_stack/ros2_ws/install/custom_interfaces/share/custom_interfaces/environment/library_path.sh
[1.882s] -- Up-to-date: /home/tom/aeac-2026/packages/src/nav_stack/ros2_ws/install/custom_interfaces/share/custom_interfaces/environment/library_path.dsv
[1.882s] -- Up-to-date: /home/tom/aeac-2026/packages/src/nav_stack/ros2_ws/install/custom_interfaces/lib/libcustom_interfaces__rosidl_generator_c.so
[1.883s] -- Up-to-date: /home/tom/aeac-2026/packages/src/nav_stack/ros2_ws/install/custom_interfaces/include/custom_interfaces/custom_interfaces
[1.883s] -- Up-to-date: /home/tom/aeac-2026/packages/src/nav_stack/ros2_ws/install/custom_interfaces/include/custom_interfaces/custom_interfaces/msg
[1.883s] -- Up-to-date: /home/tom/aeac-2026/packages/src/nav_stack/ros2_ws/install/custom_interfaces/include/custom_interfaces/custom_interfaces/msg/rosidl_typesupport_fastrtps_c__visibility_control.h
[1.884s] -- Up-to-date: /home/tom/aeac-2026/packages/src/nav_stack/ros2_ws/install/custom_interfaces/include/custom_interfaces/custom_interfaces/srv
[1.884s] -- Up-to-date: /home/tom/aeac-2026/packages/src/nav_stack/ros2_ws/install/custom_interfaces/include/custom_interfaces/custom_interfaces/srv/detail
[1.884s] -- Up-to-date: /home/tom/aeac-2026/packages/src/nav_stack/ros2_ws/install/custom_interfaces/include/custom_interfaces/custom_interfaces/srv/detail/gps_to_local__rosidl_typesupport_fastrtps_c.h
[1.884s] -- Up-to-date: /home/tom/aeac-2026/packages/src/nav_stack/ros2_ws/install/custom_interfaces/lib/libcustom_interfaces__rosidl_typesupport_fastrtps_c.so
[1.885s] -- Up-to-date: /home/tom/aeac-2026/packages/src/nav_stack/ros2_ws/install/custom_interfaces/include/custom_interfaces/custom_interfaces
[1.885s] -- Up-to-date: /home/tom/aeac-2026/packages/src/nav_stack/ros2_ws/install/custom_interfaces/include/custom_interfaces/custom_interfaces/msg
[1.885s] -- Up-to-date: /home/tom/aeac-2026/packages/src/nav_stack/ros2_ws/install/custom_interfaces/include/custom_interfaces/custom_interfaces/msg/rosidl_typesupport_introspection_c__visibility_control.h
[1.885s] -- Up-to-date: /home/tom/aeac-2026/packages/src/nav_stack/ros2_ws/install/custom_interfaces/include/custom_interfaces/custom_interfaces/srv
[1.885s] -- Up-to-date: /home/tom/aeac-2026/packages/src/nav_stack/ros2_ws/install/custom_interfaces/include/custom_interfaces/custom_interfaces/srv/detail
[1.886s] -- Up-to-date: /home/tom/aeac-2026/packages/src/nav_stack/ros2_ws/install/custom_interfaces/include/custom_interfaces/custom_interfaces/srv/detail/gps_to_local__rosidl_typesupport_introspection_c.h
[1.886s] -- Up-to-date: /home/tom/aeac-2026/packages/src/nav_stack/ros2_ws/install/custom_interfaces/include/custom_interfaces/custom_interfaces/srv/detail/gps_to_local__type_support.c
[1.886s] -- Up-to-date: /home/tom/aeac-2026/packages/src/nav_stack/ros2_ws/install/custom_interfaces/lib/libcustom_interfaces__rosidl_typesupport_introspection_c.so
[1.887s] -- Up-to-date: /home/tom/aeac-2026/packages/src/nav_stack/ros2_ws/install/custom_interfaces/lib/libcustom_interfaces__rosidl_typesupport_c.so
[1.887s] -- Up-to-date: /home/tom/aeac-2026/packages/src/nav_stack/ros2_ws/install/custom_interfaces/include/custom_interfaces/custom_interfaces
[1.888s] -- Up-to-date: /home/tom/aeac-2026/packages/src/nav_stack/ros2_ws/install/custom_interfaces/include/custom_interfaces/custom_interfaces/msg
[1.889s] -- Up-to-date: /home/tom/aeac-2026/packages/src/nav_stack/ros2_ws/install/custom_interfaces/include/custom_interfaces/custom_interfaces/msg/rosidl_generator_cpp__visibility_control.hpp
[1.889s] -- Up-to-date: /home/tom/aeac-2026/packages/src/nav_stack/ros2_ws/install/custom_interfaces/include/custom_interfaces/custom_interfaces/srv
[1.890s] -- Up-to-date: /home/tom/aeac-2026/packages/src/nav_stack/ros2_ws/install/custom_interfaces/include/custom_interfaces/custom_interfaces/srv/gps_to_local.hpp
[1.890s] -- Up-to-date: /home/tom/aeac-2026/packages/src/nav_stack/ros2_ws/install/custom_interfaces/include/custom_interfaces/custom_interfaces/srv/detail
[1.890s] -- Up-to-date: /home/tom/aeac-2026/packages/src/nav_stack/ros2_ws/install/custom_interfaces/include/custom_interfaces/custom_interfaces/srv/detail/gps_to_local__struct.hpp
[1.891s] -- Up-to-date: /home/tom/aeac-2026/packages/src/nav_stack/ros2_ws/install/custom_interfaces/include/custom_interfaces/custom_interfaces/srv/detail/gps_to_local__type_support.hpp
[1.891s] -- Up-to-date: /home/tom/aeac-2026/packages/src/nav_stack/ros2_ws/install/custom_interfaces/include/custom_interfaces/custom_interfaces/srv/detail/gps_to_local__builder.hpp
[1.891s] -- Up-to-date: /home/tom/aeac-2026/packages/src/nav_stack/ros2_ws/install/custom_interfaces/include/custom_interfaces/custom_interfaces/srv/detail/gps_to_local__traits.hpp
[1.891s] -- Up-to-date: /home/tom/aeac-2026/packages/src/nav_stack/ros2_ws/install/custom_interfaces/include/custom_interfaces/custom_interfaces
[1.891s] -- Up-to-date: /home/tom/aeac-2026/packages/src/nav_stack/ros2_ws/install/custom_interfaces/include/custom_interfaces/custom_interfaces/msg
[1.892s] -- Up-to-date: /home/tom/aeac-2026/packages/src/nav_stack/ros2_ws/install/custom_interfaces/include/custom_interfaces/custom_interfaces/msg/rosidl_typesupport_fastrtps_cpp__visibility_control.h
[1.892s] -- Up-to-date: /home/tom/aeac-2026/packages/src/nav_stack/ros2_ws/install/custom_interfaces/include/custom_interfaces/custom_interfaces/srv
[1.892s] -- Up-to-date: /home/tom/aeac-2026/packages/src/nav_stack/ros2_ws/install/custom_interfaces/include/custom_interfaces/custom_interfaces/srv/detail
[1.892s] -- Up-to-date: /home/tom/aeac-2026/packages/src/nav_stack/ros2_ws/install/custom_interfaces/include/custom_interfaces/custom_interfaces/srv/detail/dds_fastrtps
[1.893s] -- Up-to-date: /home/tom/aeac-2026/packages/src/nav_stack/ros2_ws/install/custom_interfaces/include/custom_interfaces/custom_interfaces/srv/detail/gps_to_local__rosidl_typesupport_fastrtps_cpp.hpp
[1.894s] -- Up-to-date: /home/tom/aeac-2026/packages/src/nav_stack/ros2_ws/install/custom_interfaces/lib/libcustom_interfaces__rosidl_typesupport_fastrtps_cpp.so
[1.894s] -- Up-to-date: /home/tom/aeac-2026/packages/src/nav_stack/ros2_ws/install/custom_interfaces/include/custom_interfaces/custom_interfaces
[1.895s] -- Up-to-date: /home/tom/aeac-2026/packages/src/nav_stack/ros2_ws/install/custom_interfaces/include/custom_interfaces/custom_interfaces/srv
[1.895s] -- Up-to-date: /home/tom/aeac-2026/packages/src/nav_stack/ros2_ws/install/custom_interfaces/include/custom_interfaces/custom_interfaces/srv/detail
[1.896s] -- Up-to-date: /home/tom/aeac-2026/packages/src/nav_stack/ros2_ws/install/custom_interfaces/include/custom_interfaces/custom_interfaces/srv/detail/gps_to_local__type_support.cpp
[1.897s] -- Up-to-date: /home/tom/aeac-2026/packages/src/nav_stack/ros2_ws/install/custom_interfaces/include/custom_interfaces/custom_interfaces/srv/detail/gps_to_local__rosidl_typesupport_introspection_cpp.hpp
[1.898s] -- Up-to-date: /home/tom/aeac-2026/packages/src/nav_stack/ros2_ws/install/custom_interfaces/lib/libcustom_interfaces__rosidl_typesupport_introspection_cpp.so
[1.898s] -- Up-to-date: /home/tom/aeac-2026/packages/src/nav_stack/ros2_ws/install/custom_interfaces/lib/libcustom_interfaces__rosidl_typesupport_cpp.so
[1.898s] -- Up-to-date: /home/tom/aeac-2026/packages/src/nav_stack/ros2_ws/install/custom_interfaces/share/custom_interfaces/environment/pythonpath.sh
[1.898s] -- Up-to-date: /home/tom/aeac-2026/packages/src/nav_stack/ros2_ws/install/custom_interfaces/share/custom_interfaces/environment/pythonpath.dsv
[1.899s] -- Up-to-date: /home/tom/aeac-2026/packages/src/nav_stack/ros2_ws/install/custom_interfaces/local/lib/python3.10/dist-packages/custom_interfaces-0.0.0-py3.10.egg-info
[1.899s] -- Installing: /home/tom/aeac-2026/packages/src/nav_stack/ros2_ws/install/custom_interfaces/local/lib/python3.10/dist-packages/custom_interfaces-0.0.0-py3.10.egg-info/PKG-INFO
[1.899s] -- Installing: /home/tom/aeac-2026/packages/src/nav_stack/ros2_ws/install/custom_interfaces/local/lib/python3.10/dist-packages/custom_interfaces-0.0.0-py3.10.egg-info/SOURCES.txt
[1.900s] -- Installing: /home/tom/aeac-2026/packages/src/nav_stack/ros2_ws/install/custom_interfaces/local/lib/python3.10/dist-packages/custom_interfaces-0.0.0-py3.10.egg-info/dependency_links.txt
[1.901s] -- Installing: /home/tom/aeac-2026/packages/src/nav_stack/ros2_ws/install/custom_interfaces/local/lib/python3.10/dist-packages/custom_interfaces-0.0.0-py3.10.egg-info/top_level.txt
[1.902s] -- Up-to-date: /home/tom/aeac-2026/packages/src/nav_stack/ros2_ws/install/custom_interfaces/local/lib/python3.10/dist-packages/custom_interfaces
[1.903s] -- Up-to-date: /home/tom/aeac-2026/packages/src/nav_stack/ros2_ws/install/custom_interfaces/local/lib/python3.10/dist-packages/custom_interfaces/custom_interfaces_s__rosidl_typesupport_introspection_c.cpython-310-x86_64-linux-gnu.so
[1.903s] -- Up-to-date: /home/tom/aeac-2026/packages/src/nav_stack/ros2_ws/install/custom_interfaces/local/lib/python3.10/dist-packages/custom_interfaces/custom_interfaces_s__rosidl_typesupport_fastrtps_c.cpython-310-x86_64-linux-gnu.so
[1.903s] -- Up-to-date: /home/tom/aeac-2026/packages/src/nav_stack/ros2_ws/install/custom_interfaces/local/lib/python3.10/dist-packages/custom_interfaces/custom_interfaces_s__rosidl_typesupport_c.cpython-310-x86_64-linux-gnu.so
[1.904s] -- Up-to-date: /home/tom/aeac-2026/packages/src/nav_stack/ros2_ws/install/custom_interfaces/local/lib/python3.10/dist-packages/custom_interfaces/libcustom_interfaces__rosidl_generator_py.so
[1.904s] -- Up-to-date: /home/tom/aeac-2026/packages/src/nav_stack/ros2_ws/install/custom_interfaces/local/lib/python3.10/dist-packages/custom_interfaces/srv
[1.906s] -- Up-to-date: /home/tom/aeac-2026/packages/src/nav_stack/ros2_ws/install/custom_interfaces/local/lib/python3.10/dist-packages/custom_interfaces/srv/_gps_to_local_s.c
[1.907s] -- Up-to-date: /home/tom/aeac-2026/packages/src/nav_stack/ros2_ws/install/custom_interfaces/local/lib/python3.10/dist-packages/custom_interfaces/srv/_gps_to_local.py
[1.909s] -- Up-to-date: /home/tom/aeac-2026/packages/src/nav_stack/ros2_ws/install/custom_interfaces/local/lib/python3.10/dist-packages/custom_interfaces/srv/__init__.py
[1.910s] -- Up-to-date: /home/tom/aeac-2026/packages/src/nav_stack/ros2_ws/install/custom_interfaces/local/lib/python3.10/dist-packages/custom_interfaces/_custom_interfaces_s.ep.rosidl_typesupport_c.c
[1.910s] -- Up-to-date: /home/tom/aeac-2026/packages/src/nav_stack/ros2_ws/install/custom_interfaces/local/lib/python3.10/dist-packages/custom_interfaces/_custom_interfaces_s.ep.rosidl_typesupport_fastrtps_c.c
[1.910s] -- Up-to-date: /home/tom/aeac-2026/packages/src/nav_stack/ros2_ws/install/custom_interfaces/local/lib/python3.10/dist-packages/custom_interfaces/__init__.py
[1.910s] -- Up-to-date: /home/tom/aeac-2026/packages/src/nav_stack/ros2_ws/install/custom_interfaces/local/lib/python3.10/dist-packages/custom_interfaces/_custom_interfaces_s.ep.rosidl_typesupport_introspection_c.c
[2.016s] Listing '/home/tom/aeac-2026/packages/src/nav_stack/ros2_ws/install/custom_interfaces/local/lib/python3.10/dist-packages/custom_interfaces'...
[2.016s] Listing '/home/tom/aeac-2026/packages/src/nav_stack/ros2_ws/install/custom_interfaces/local/lib/python3.10/dist-packages/custom_interfaces/srv'...
[2.030s] -- Up-to-date: /home/tom/aeac-2026/packages/src/nav_stack/ros2_ws/install/custom_interfaces/local/lib/python3.10/dist-packages/custom_interfaces/custom_interfaces_s__rosidl_typesupport_fastrtps_c.cpython-310-x86_64-linux-gnu.so
[2.030s] -- Up-to-date: /home/tom/aeac-2026/packages/src/nav_stack/ros2_ws/install/custom_interfaces/local/lib/python3.10/dist-packages/custom_interfaces/custom_interfaces_s__rosidl_typesupport_introspection_c.cpython-310-x86_64-linux-gnu.so
[2.031s] -- Up-to-date: /home/tom/aeac-2026/packages/src/nav_stack/ros2_ws/install/custom_interfaces/local/lib/python3.10/dist-packages/custom_interfaces/custom_interfaces_s__rosidl_typesupport_c.cpython-310-x86_64-linux-gnu.so
[2.032s] -- Up-to-date: /home/tom/aeac-2026/packages/src/nav_stack/ros2_ws/install/custom_interfaces/lib/libcustom_interfaces__rosidl_generator_py.so
[2.032s] -- Up-to-date: /home/tom/aeac-2026/packages/src/nav_stack/ros2_ws/install/custom_interfaces/share/custom_interfaces/srv/GpsToLocal.idl
[2.033s] -- Up-to-date: /home/tom/aeac-2026/packages/src/nav_stack/ros2_ws/install/custom_interfaces/share/custom_interfaces/srv/GpsToLocal.srv
[2.033s] -- Up-to-date: /home/tom/aeac-2026/packages/src/nav_stack/ros2_ws/install/custom_interfaces/share/custom_interfaces/srv/GpsToLocal_Request.msg
[2.034s] -- Up-to-date: /home/tom/aeac-2026/packages/src/nav_stack/ros2_ws/install/custom_interfaces/share/custom_interfaces/srv/GpsToLocal_Response.msg
[2.034s] -- Up-to-date: /home/tom/aeac-2026/packages/src/nav_stack/ros2_ws/install/custom_interfaces/share/ament_index/resource_index/package_run_dependencies/custom_interfaces
[2.035s] -- Up-to-date: /home/tom/aeac-2026/packages/src/nav_stack/ros2_ws/install/custom_interfaces/share/ament_index/resource_index/parent_prefix_path/custom_interfaces
[2.035s] -- Up-to-date: /home/tom/aeac-2026/packages/src/nav_stack/ros2_ws/install/custom_interfaces/share/custom_interfaces/environment/ament_prefix_path.sh
[2.035s] -- Up-to-date: /home/tom/aeac-2026/packages/src/nav_stack/ros2_ws/install/custom_interfaces/share/custom_interfaces/environment/ament_prefix_path.dsv
[2.036s] -- Up-to-date: /home/tom/aeac-2026/packages/src/nav_stack/ros2_ws/install/custom_interfaces/share/custom_interfaces/environment/path.sh
[2.036s] -- Up-to-date: /home/tom/aeac-2026/packages/src/nav_stack/ros2_ws/install/custom_interfaces/share/custom_interfaces/environment/path.dsv
[2.037s] -- Up-to-date: /home/tom/aeac-2026/packages/src/nav_stack/ros2_ws/install/custom_interfaces/share/custom_interfaces/local_setup.bash
[2.037s] -- Up-to-date: /home/tom/aeac-2026/packages/src/nav_stack/ros2_ws/install/custom_interfaces/share/custom_interfaces/local_setup.sh
[2.038s] -- Up-to-date: /home/tom/aeac-2026/packages/src/nav_stack/ros2_ws/install/custom_interfaces/share/custom_interfaces/local_setup.zsh
[2.038s] -- Up-to-date: /home/tom/aeac-2026/packages/src/nav_stack/ros2_ws/install/custom_interfaces/share/custom_interfaces/local_setup.dsv
[2.039s] -- Installing: /home/tom/aeac-2026/packages/src/nav_stack/ros2_ws/install/custom_interfaces/share/custom_interfaces/package.dsv
[2.039s] -- Up-to-date: /home/tom/aeac-2026/packages/src/nav_stack/ros2_ws/install/custom_interfaces/share/ament_index/resource_index/packages/custom_interfaces
[2.039s] -- Up-to-date: /home/tom/aeac-2026/packages/src/nav_stack/ros2_ws/install/custom_interfaces/share/custom_interfaces/cmake/export_custom_interfaces__rosidl_generator_cExport.cmake
[2.040s] -- Up-to-date: /home/tom/aeac-2026/packages/src/nav_stack/ros2_ws/install/custom_interfaces/share/custom_interfaces/cmake/export_custom_interfaces__rosidl_generator_cExport-noconfig.cmake
[2.040s] -- Up-to-date: /home/tom/aeac-2026/packages/src/nav_stack/ros2_ws/install/custom_interfaces/share/custom_interfaces/cmake/export_custom_interfaces__rosidl_typesupport_fastrtps_cExport.cmake
[2.040s] -- Up-to-date: /home/tom/aeac-2026/packages/src/nav_stack/ros2_ws/install/custom_interfaces/share/custom_interfaces/cmake/export_custom_interfaces__rosidl_typesupport_fastrtps_cExport-noconfig.cmake
[2.041s] -- Up-to-date: /home/tom/aeac-2026/packages/src/nav_stack/ros2_ws/install/custom_interfaces/share/custom_interfaces/cmake/custom_interfaces__rosidl_typesupport_introspection_cExport.cmake
[2.042s] -- Up-to-date: /home/tom/aeac-2026/packages/src/nav_stack/ros2_ws/install/custom_interfaces/share/custom_interfaces/cmake/custom_interfaces__rosidl_typesupport_introspection_cExport-noconfig.cmake
[2.042s] -- Up-to-date: /home/tom/aeac-2026/packages/src/nav_stack/ros2_ws/install/custom_interfaces/share/custom_interfaces/cmake/custom_interfaces__rosidl_typesupport_cExport.cmake
[2.042s] -- Up-to-date: /home/tom/aeac-2026/packages/src/nav_stack/ros2_ws/install/custom_interfaces/share/custom_interfaces/cmake/custom_interfaces__rosidl_typesupport_cExport-noconfig.cmake
[2.042s] -- Up-to-date: /home/tom/aeac-2026/packages/src/nav_stack/ros2_ws/install/custom_interfaces/share/custom_interfaces/cmake/export_custom_interfaces__rosidl_generator_cppExport.cmake
[2.043s] -- Up-to-date: /home/tom/aeac-2026/packages/src/nav_stack/ros2_ws/install/custom_interfaces/share/custom_interfaces/cmake/export_custom_interfaces__rosidl_typesupport_fastrtps_cppExport.cmake
[2.043s] -- Up-to-date: /home/tom/aeac-2026/packages/src/nav_stack/ros2_ws/install/custom_interfaces/share/custom_interfaces/cmake/export_custom_interfaces__rosidl_typesupport_fastrtps_cppExport-noconfig.cmake
[2.044s] -- Up-to-date: /home/tom/aeac-2026/packages/src/nav_stack/ros2_ws/install/custom_interfaces/share/custom_interfaces/cmake/custom_interfaces__rosidl_typesupport_introspection_cppExport.cmake
[2.045s] -- Up-to-date: /home/tom/aeac-2026/packages/src/nav_stack/ros2_ws/install/custom_interfaces/share/custom_interfaces/cmake/custom_interfaces__rosidl_typesupport_introspection_cppExport-noconfig.cmake
[2.045s] -- Up-to-date: /home/tom/aeac-2026/packages/src/nav_stack/ros2_ws/install/custom_interfaces/share/custom_interfaces/cmake/custom_interfaces__rosidl_typesupport_cppExport.cmake
[2.045s] -- Up-to-date: /home/tom/aeac-2026/packages/src/nav_stack/ros2_ws/install/custom_interfaces/share/custom_interfaces/cmake/custom_interfaces__rosidl_typesupport_cppExport-noconfig.cmake
[2.045s] -- Up-to-date: /home/tom/aeac-2026/packages/src/nav_stack/ros2_ws/install/custom_interfaces/share/custom_interfaces/cmake/export_custom_interfaces__rosidl_generator_pyExport.cmake
[2.045s] -- Up-to-date: /home/tom/aeac-2026/packages/src/nav_stack/ros2_ws/install/custom_interfaces/share/custom_interfaces/cmake/export_custom_interfaces__rosidl_generator_pyExport-noconfig.cmake
[2.046s] -- Up-to-date: /home/tom/aeac-2026/packages/src/nav_stack/ros2_ws/install/custom_interfaces/share/custom_interfaces/cmake/rosidl_cmake-extras.cmake
[2.046s] -- Up-to-date: /home/tom/aeac-2026/packages/src/nav_stack/ros2_ws/install/custom_interfaces/share/custom_interfaces/cmake/ament_cmake_export_include_directories-extras.cmake
[2.046s] -- Up-to-date: /home/tom/aeac-2026/packages/src/nav_stack/ros2_ws/install/custom_interfaces/share/custom_interfaces/cmake/ament_cmake_export_libraries-extras.cmake
[2.046s] -- Up-to-date: /home/tom/aeac-2026/packages/src/nav_stack/ros2_ws/install/custom_interfaces/share/custom_interfaces/cmake/ament_cmake_export_targets-extras.cmake
[2.046s] -- Up-to-date: /home/tom/aeac-2026/packages/src/nav_stack/ros2_ws/install/custom_interfaces/share/custom_interfaces/cmake/rosidl_cmake_export_typesupport_targets-extras.cmake
[2.047s] -- Up-to-date: /home/tom/aeac-2026/packages/src/nav_stack/ros2_ws/install/custom_interfaces/share/custom_interfaces/cmake/ament_cmake_export_dependencies-extras.cmake
[2.047s] -- Up-to-date: /home/tom/aeac-2026/packages/src/nav_stack/ros2_ws/install/custom_interfaces/share/custom_interfaces/cmake/rosidl_cmake_export_typesupport_libraries-extras.cmake
[2.047s] -- Up-to-date: /home/tom/aeac-2026/packages/src/nav_stack/ros2_ws/install/custom_interfaces/share/custom_interfaces/cmake/custom_interfacesConfig.cmake
[2.047s] -- Up-to-date: /home/tom/aeac-2026/packages/src/nav_stack/ros2_ws/install/custom_interfaces/share/custom_interfaces/cmake/custom_interfacesConfig-version.cmake
[2.047s] -- Up-to-date: /home/tom/aeac-2026/packages/src/nav_stack/ros2_ws/install/custom_interfaces/share/custom_interfaces/package.xml
[2.050s] Invoked command in '/home/tom/aeac-2026/packages/src/nav_stack/ros2_ws/build/custom_interfaces' returned '0': /usr/bin/cmake --install /home/tom/aeac-2026/packages/src/nav_stack/ros2_ws/build/custom_interfaces
