[0.696s] DEBUG:colcon:Command line arguments: ['/usr/bin/colcon', 'build']
[0.696s] DEBUG:colcon:Parsed command line arguments: Namespace(log_base=None, log_level=None, verb_name='build', build_base='build', install_base='install', merge_install=False, symlink_install=False, test_result_base=None, continue_on_error=False, executor='parallel', parallel_workers=8, event_handlers=None, ignore_user_meta=False, metas=['./colcon.meta'], base_paths=['.'], packages_ignore=None, packages_ignore_regex=None, paths=None, packages_up_to=None, packages_up_to_regex=None, packages_above=None, packages_above_and_dependencies=None, packages_above_depth=None, packages_select_by_dep=None, packages_skip_by_dep=None, packages_skip_up_to=None, packages_select_build_failed=False, packages_skip_build_finished=False, packages_select_test_failures=False, packages_skip_test_passed=False, packages_select=None, packages_skip=None, packages_select_regex=None, packages_skip_regex=None, packages_start=None, packages_end=None, allow_overriding=[], cmake_args=None, cmake_target=None, cmake_target_skip_unavailable=False, cmake_clean_cache=False, cmake_clean_first=False, cmake_force_configure=False, ament_cmake_args=None, catkin_cmake_args=None, catkin_skip_building_tests=False, mixin_files=None, mixin=None, verb_parser=<colcon_mixin.mixin.mixin_argument.MixinArgumentDecorator object at 0x7ce49ba47820>, verb_extension=<colcon_core.verb.build.BuildVerb object at 0x7ce49bb80eb0>, main=<bound method BuildVerb.main of <colcon_core.verb.build.BuildVerb object at 0x7ce49bb80eb0>>, mixin_verb=('build',))
[1.087s] Level 1:colcon.colcon_core.package_discovery:discover_packages(colcon_meta) check parameters
[1.087s] Level 1:colcon.colcon_core.package_discovery:discover_packages(recursive) check parameters
[1.087s] Level 1:colcon.colcon_core.package_discovery:discover_packages(ignore) check parameters
[1.087s] Level 1:colcon.colcon_core.package_discovery:discover_packages(path) check parameters
[1.087s] Level 1:colcon.colcon_core.package_discovery:discover_packages(colcon_meta) discover
[1.087s] Level 1:colcon.colcon_core.package_discovery:discover_packages(recursive) discover
[1.088s] INFO:colcon.colcon_core.package_discovery:Crawling recursively for packages in '/home/tom/aeac-2026/packages/src/nav_stack/ros2_ws'
[1.088s] Level 1:colcon.colcon_core.package_identification:_identify(.) by extensions ['ignore', 'ignore_ament_install']
[1.088s] Level 1:colcon.colcon_core.package_identification:_identify(.) by extension 'ignore'
[1.088s] Level 1:colcon.colcon_core.package_identification:_identify(.) by extension 'ignore_ament_install'
[1.088s] Level 1:colcon.colcon_core.package_identification:_identify(.) by extensions ['colcon_pkg']
[1.088s] Level 1:colcon.colcon_core.package_identification:_identify(.) by extension 'colcon_pkg'
[1.089s] Level 1:colcon.colcon_core.package_identification:_identify(.) by extensions ['colcon_meta']
[1.089s] Level 1:colcon.colcon_core.package_identification:_identify(.) by extension 'colcon_meta'
[1.089s] Level 1:colcon.colcon_core.package_identification:_identify(.) by extensions ['ros']
[1.089s] Level 1:colcon.colcon_core.package_identification:_identify(.) by extension 'ros'
[1.114s] Level 1:colcon.colcon_core.package_identification:_identify(.) by extensions ['cmake', 'python']
[1.115s] Level 1:colcon.colcon_core.package_identification:_identify(.) by extension 'cmake'
[1.115s] Level 1:colcon.colcon_core.package_identification:_identify(.) by extension 'python'
[1.115s] Level 1:colcon.colcon_core.package_identification:_identify(.) by extensions ['python_setup_py']
[1.115s] Level 1:colcon.colcon_core.package_identification:_identify(.) by extension 'python_setup_py'
[1.115s] Level 1:colcon.colcon_core.package_identification:_identify(build) by extensions ['ignore', 'ignore_ament_install']
[1.115s] Level 1:colcon.colcon_core.package_identification:_identify(build) by extension 'ignore'
[1.115s] Level 1:colcon.colcon_core.package_identification:_identify(build) ignored
[1.116s] Level 1:colcon.colcon_core.package_identification:_identify(install) by extensions ['ignore', 'ignore_ament_install']
[1.116s] Level 1:colcon.colcon_core.package_identification:_identify(install) by extension 'ignore'
[1.116s] Level 1:colcon.colcon_core.package_identification:_identify(install) ignored
[1.116s] Level 1:colcon.colcon_core.package_identification:_identify(log) by extensions ['ignore', 'ignore_ament_install']
[1.116s] Level 1:colcon.colcon_core.package_identification:_identify(log) by extension 'ignore'
[1.116s] Level 1:colcon.colcon_core.package_identification:_identify(log) ignored
[1.116s] Level 1:colcon.colcon_core.package_identification:_identify(src) by extensions ['ignore', 'ignore_ament_install']
[1.116s] Level 1:colcon.colcon_core.package_identification:_identify(src) by extension 'ignore'
[1.116s] Level 1:colcon.colcon_core.package_identification:_identify(src) by extension 'ignore_ament_install'
[1.116s] Level 1:colcon.colcon_core.package_identification:_identify(src) by extensions ['colcon_pkg']
[1.116s] Level 1:colcon.colcon_core.package_identification:_identify(src) by extension 'colcon_pkg'
[1.117s] Level 1:colcon.colcon_core.package_identification:_identify(src) by extensions ['colcon_meta']
[1.117s] Level 1:colcon.colcon_core.package_identification:_identify(src) by extension 'colcon_meta'
[1.117s] Level 1:colcon.colcon_core.package_identification:_identify(src) by extensions ['ros']
[1.117s] Level 1:colcon.colcon_core.package_identification:_identify(src) by extension 'ros'
[1.117s] Level 1:colcon.colcon_core.package_identification:_identify(src) by extensions ['cmake', 'python']
[1.117s] Level 1:colcon.colcon_core.package_identification:_identify(src) by extension 'cmake'
[1.117s] Level 1:colcon.colcon_core.package_identification:_identify(src) by extension 'python'
[1.117s] Level 1:colcon.colcon_core.package_identification:_identify(src) by extensions ['python_setup_py']
[1.117s] Level 1:colcon.colcon_core.package_identification:_identify(src) by extension 'python_setup_py'
[1.117s] Level 1:colcon.colcon_core.package_identification:_identify(src/bringup) by extensions ['ignore', 'ignore_ament_install']
[1.117s] Level 1:colcon.colcon_core.package_identification:_identify(src/bringup) by extension 'ignore'
[1.117s] Level 1:colcon.colcon_core.package_identification:_identify(src/bringup) by extension 'ignore_ament_install'
[1.117s] Level 1:colcon.colcon_core.package_identification:_identify(src/bringup) by extensions ['colcon_pkg']
[1.118s] Level 1:colcon.colcon_core.package_identification:_identify(src/bringup) by extension 'colcon_pkg'
[1.118s] Level 1:colcon.colcon_core.package_identification:_identify(src/bringup) by extensions ['colcon_meta']
[1.118s] Level 1:colcon.colcon_core.package_identification:_identify(src/bringup) by extension 'colcon_meta'
[1.118s] Level 1:colcon.colcon_core.package_identification:_identify(src/bringup) by extensions ['ros']
[1.118s] Level 1:colcon.colcon_core.package_identification:_identify(src/bringup) by extension 'ros'
[1.122s] DEBUG:colcon.colcon_core.package_identification:Package 'src/bringup' with type 'ros.ament_python' and name 'bringup'
[1.122s] Level 1:colcon.colcon_core.package_identification:_identify(src/mission) by extensions ['ignore', 'ignore_ament_install']
[1.122s] Level 1:colcon.colcon_core.package_identification:_identify(src/mission) by extension 'ignore'
[1.123s] Level 1:colcon.colcon_core.package_identification:_identify(src/mission) by extension 'ignore_ament_install'
[1.123s] Level 1:colcon.colcon_core.package_identification:_identify(src/mission) by extensions ['colcon_pkg']
[1.123s] Level 1:colcon.colcon_core.package_identification:_identify(src/mission) by extension 'colcon_pkg'
[1.123s] Level 1:colcon.colcon_core.package_identification:_identify(src/mission) by extensions ['colcon_meta']
[1.123s] Level 1:colcon.colcon_core.package_identification:_identify(src/mission) by extension 'colcon_meta'
[1.123s] Level 1:colcon.colcon_core.package_identification:_identify(src/mission) by extensions ['ros']
[1.123s] Level 1:colcon.colcon_core.package_identification:_identify(src/mission) by extension 'ros'
[1.125s] DEBUG:colcon.colcon_core.package_identification:Package 'src/mission' with type 'ros.ament_python' and name 'mission'
[1.125s] Level 1:colcon.colcon_core.package_discovery:discover_packages(recursive) using defaults
[1.125s] Level 1:colcon.colcon_core.package_discovery:discover_packages(ignore) discover
[1.125s] Level 1:colcon.colcon_core.package_discovery:discover_packages(ignore) using defaults
[1.125s] Level 1:colcon.colcon_core.package_discovery:discover_packages(path) discover
[1.125s] Level 1:colcon.colcon_core.package_discovery:discover_packages(path) using defaults
[1.208s] Level 1:colcon.colcon_core.package_discovery:discover_packages(prefix_path) check parameters
[1.208s] Level 1:colcon.colcon_core.package_discovery:discover_packages(prefix_path) discover
[1.215s] DEBUG:colcon.colcon_installed_package_information.package_discovery:Found 271 installed packages in /opt/ros/humble
[1.218s] Level 1:colcon.colcon_core.package_discovery:discover_packages(prefix_path) using defaults
[1.305s] Level 5:colcon.colcon_core.verb:set package 'bringup' build argument 'cmake_args' from command line to 'None'
[1.305s] Level 5:colcon.colcon_core.verb:set package 'bringup' build argument 'cmake_target' from command line to 'None'
[1.305s] Level 5:colcon.colcon_core.verb:set package 'bringup' build argument 'cmake_target_skip_unavailable' from command line to 'False'
[1.305s] Level 5:colcon.colcon_core.verb:set package 'bringup' build argument 'cmake_clean_cache' from command line to 'False'
[1.305s] Level 5:colcon.colcon_core.verb:set package 'bringup' build argument 'cmake_clean_first' from command line to 'False'
[1.306s] Level 5:colcon.colcon_core.verb:set package 'bringup' build argument 'cmake_force_configure' from command line to 'False'
[1.306s] Level 5:colcon.colcon_core.verb:set package 'bringup' build argument 'ament_cmake_args' from command line to 'None'
[1.306s] Level 5:colcon.colcon_core.verb:set package 'bringup' build argument 'catkin_cmake_args' from command line to 'None'
[1.306s] Level 5:colcon.colcon_core.verb:set package 'bringup' build argument 'catkin_skip_building_tests' from command line to 'False'
[1.306s] DEBUG:colcon.colcon_core.verb:Building package 'bringup' with the following arguments: {'ament_cmake_args': None, 'build_base': '/home/tom/aeac-2026/packages/src/nav_stack/ros2_ws/build/bringup', 'catkin_cmake_args': None, 'catkin_skip_building_tests': False, 'cmake_args': None, 'cmake_clean_cache': False, 'cmake_clean_first': False, 'cmake_force_configure': False, 'cmake_target': None, 'cmake_target_skip_unavailable': False, 'install_base': '/home/tom/aeac-2026/packages/src/nav_stack/ros2_ws/install/bringup', 'merge_install': False, 'path': '/home/tom/aeac-2026/packages/src/nav_stack/ros2_ws/src/bringup', 'symlink_install': False, 'test_result_base': None}
[1.306s] Level 5:colcon.colcon_core.verb:set package 'mission' build argument 'cmake_args' from command line to 'None'
[1.306s] Level 5:colcon.colcon_core.verb:set package 'mission' build argument 'cmake_target' from command line to 'None'
[1.306s] Level 5:colcon.colcon_core.verb:set package 'mission' build argument 'cmake_target_skip_unavailable' from command line to 'False'
[1.307s] Level 5:colcon.colcon_core.verb:set package 'mission' build argument 'cmake_clean_cache' from command line to 'False'
[1.307s] Level 5:colcon.colcon_core.verb:set package 'mission' build argument 'cmake_clean_first' from command line to 'False'
[1.307s] Level 5:colcon.colcon_core.verb:set package 'mission' build argument 'cmake_force_configure' from command line to 'False'
[1.307s] Level 5:colcon.colcon_core.verb:set package 'mission' build argument 'ament_cmake_args' from command line to 'None'
[1.307s] Level 5:colcon.colcon_core.verb:set package 'mission' build argument 'catkin_cmake_args' from command line to 'None'
[1.307s] Level 5:colcon.colcon_core.verb:set package 'mission' build argument 'catkin_skip_building_tests' from command line to 'False'
[1.307s] DEBUG:colcon.colcon_core.verb:Building package 'mission' with the following arguments: {'ament_cmake_args': None, 'build_base': '/home/tom/aeac-2026/packages/src/nav_stack/ros2_ws/build/mission', 'catkin_cmake_args': None, 'catkin_skip_building_tests': False, 'cmake_args': None, 'cmake_clean_cache': False, 'cmake_clean_first': False, 'cmake_force_configure': False, 'cmake_target': None, 'cmake_target_skip_unavailable': False, 'install_base': '/home/tom/aeac-2026/packages/src/nav_stack/ros2_ws/install/mission', 'merge_install': False, 'path': '/home/tom/aeac-2026/packages/src/nav_stack/ros2_ws/src/mission', 'symlink_install': False, 'test_result_base': None}
[1.307s] INFO:colcon.colcon_core.executor:Executing jobs using 'parallel' executor
[1.310s] DEBUG:colcon.colcon_parallel_executor.executor.parallel:run_until_complete
[1.312s] INFO:colcon.colcon_ros.task.ament_python.build:Building ROS package in '/home/tom/aeac-2026/packages/src/nav_stack/ros2_ws/src/bringup' with build type 'ament_python'
[1.313s] Level 1:colcon.colcon_core.shell:create_environment_hook('bringup', 'ament_prefix_path')
[1.317s] INFO:colcon.colcon_core.plugin_system:Skipping extension 'colcon_core.shell.bat': Not used on non-Windows systems
[1.317s] INFO:colcon.colcon_core.shell:Creating environment hook '/home/tom/aeac-2026/packages/src/nav_stack/ros2_ws/install/bringup/share/bringup/hook/ament_prefix_path.ps1'
[1.321s] INFO:colcon.colcon_core.shell:Creating environment descriptor '/home/tom/aeac-2026/packages/src/nav_stack/ros2_ws/install/bringup/share/bringup/hook/ament_prefix_path.dsv'
[1.325s] INFO:colcon.colcon_core.shell:Creating environment hook '/home/tom/aeac-2026/packages/src/nav_stack/ros2_ws/install/bringup/share/bringup/hook/ament_prefix_path.sh'
[1.329s] INFO:colcon.colcon_core.shell:Skip shell extension 'powershell' for command environment: Not usable outside of PowerShell
[1.329s] DEBUG:colcon.colcon_core.shell:Skip shell extension 'dsv' for command environment
[1.336s] INFO:colcon.colcon_ros.task.ament_python.build:Building ROS package in '/home/tom/aeac-2026/packages/src/nav_stack/ros2_ws/src/mission' with build type 'ament_python'
[1.338s] Level 1:colcon.colcon_core.shell:create_environment_hook('mission', 'ament_prefix_path')
[1.339s] INFO:colcon.colcon_core.shell:Creating environment hook '/home/tom/aeac-2026/packages/src/nav_stack/ros2_ws/install/mission/share/mission/hook/ament_prefix_path.ps1'
[1.349s] INFO:colcon.colcon_core.shell:Creating environment descriptor '/home/tom/aeac-2026/packages/src/nav_stack/ros2_ws/install/mission/share/mission/hook/ament_prefix_path.dsv'
[1.353s] INFO:colcon.colcon_core.shell:Creating environment hook '/home/tom/aeac-2026/packages/src/nav_stack/ros2_ws/install/mission/share/mission/hook/ament_prefix_path.sh'
[1.355s] INFO:colcon.colcon_core.shell:Skip shell extension 'powershell' for command environment: Not usable outside of PowerShell
[1.356s] DEBUG:colcon.colcon_core.shell:Skip shell extension 'dsv' for command environment
[2.262s] INFO:colcon.colcon_core.task.python.build:Building Python package in '/home/tom/aeac-2026/packages/src/nav_stack/ros2_ws/src/bringup'
[2.263s] INFO:colcon.colcon_core.shell:Skip shell extension 'powershell' for command environment: Not usable outside of PowerShell
[2.264s] DEBUG:colcon.colcon_core.shell:Skip shell extension 'dsv' for command environment
[2.881s] INFO:colcon.colcon_core.task.python.build:Building Python package in '/home/tom/aeac-2026/packages/src/nav_stack/ros2_ws/src/mission'
[2.882s] INFO:colcon.colcon_core.shell:Skip shell extension 'powershell' for command environment: Not usable outside of PowerShell
[2.882s] DEBUG:colcon.colcon_core.shell:Skip shell extension 'dsv' for command environment
[3.878s] DEBUG:colcon.colcon_core.event_handler.log_command:Invoking command in '/home/tom/aeac-2026/packages/src/nav_stack/ros2_ws/src/bringup': PYTHONPATH=/home/tom/aeac-2026/packages/src/nav_stack/ros2_ws/build/bringup/prefix_override:/usr/lib/python3/dist-packages/colcon_core/task/python/colcon_distutils_commands:/home/tom/aeac-2026/packages/src/nav_stack/ros2_ws/install/bringup/lib/python3.10/site-packages:${PYTHONPATH} /usr/bin/python3 -W ignore:setup.py install is deprecated -W ignore:easy_install command is deprecated setup.py egg_info --egg-base ../../build/bringup build --build-base /home/tom/aeac-2026/packages/src/nav_stack/ros2_ws/build/bringup/build install --record /home/tom/aeac-2026/packages/src/nav_stack/ros2_ws/build/bringup/install.log --single-version-externally-managed install_data
[3.891s] DEBUG:colcon.colcon_core.event_handler.log_command:Invoking command in '/home/tom/aeac-2026/packages/src/nav_stack/ros2_ws/src/mission': PYTHONPATH=/home/tom/aeac-2026/packages/src/nav_stack/ros2_ws/build/mission/prefix_override:/usr/lib/python3/dist-packages/colcon_core/task/python/colcon_distutils_commands:/home/tom/aeac-2026/packages/src/nav_stack/ros2_ws/install/mission/lib/python3.10/site-packages:${PYTHONPATH} /usr/bin/python3 -W ignore:setup.py install is deprecated -W ignore:easy_install command is deprecated setup.py egg_info --egg-base ../../build/mission build --build-base /home/tom/aeac-2026/packages/src/nav_stack/ros2_ws/build/mission/build install --record /home/tom/aeac-2026/packages/src/nav_stack/ros2_ws/build/mission/install.log --single-version-externally-managed install_data
[4.795s] DEBUG:colcon.colcon_core.event_handler.log_command:Invoked command in '/home/tom/aeac-2026/packages/src/nav_stack/ros2_ws/src/bringup' returned '0': PYTHONPATH=/home/tom/aeac-2026/packages/src/nav_stack/ros2_ws/build/bringup/prefix_override:/usr/lib/python3/dist-packages/colcon_core/task/python/colcon_distutils_commands:/home/tom/aeac-2026/packages/src/nav_stack/ros2_ws/install/bringup/lib/python3.10/site-packages:${PYTHONPATH} /usr/bin/python3 -W ignore:setup.py install is deprecated -W ignore:easy_install command is deprecated setup.py egg_info --egg-base ../../build/bringup build --build-base /home/tom/aeac-2026/packages/src/nav_stack/ros2_ws/build/bringup/build install --record /home/tom/aeac-2026/packages/src/nav_stack/ros2_ws/build/bringup/install.log --single-version-externally-managed install_data
[4.800s] Level 1:colcon.colcon_core.environment:checking '/home/tom/aeac-2026/packages/src/nav_stack/ros2_ws/install/bringup' for CMake module files
[4.802s] Level 1:colcon.colcon_core.environment:checking '/home/tom/aeac-2026/packages/src/nav_stack/ros2_ws/install/bringup' for CMake config files
[4.804s] Level 1:colcon.colcon_core.environment:checking '/home/tom/aeac-2026/packages/src/nav_stack/ros2_ws/install/bringup/lib'
[4.804s] Level 1:colcon.colcon_core.environment:checking '/home/tom/aeac-2026/packages/src/nav_stack/ros2_ws/install/bringup/bin'
[4.807s] Level 1:colcon.colcon_core.environment:checking '/home/tom/aeac-2026/packages/src/nav_stack/ros2_ws/install/bringup/lib/pkgconfig/bringup.pc'
[4.808s] Level 1:colcon.colcon_core.environment:checking '/home/tom/aeac-2026/packages/src/nav_stack/ros2_ws/install/bringup/lib/python3.10/site-packages'
[4.808s] Level 1:colcon.colcon_core.shell:create_environment_hook('bringup', 'pythonpath')
[4.809s] INFO:colcon.colcon_core.shell:Creating environment hook '/home/tom/aeac-2026/packages/src/nav_stack/ros2_ws/install/bringup/share/bringup/hook/pythonpath.ps1'
[4.810s] INFO:colcon.colcon_core.shell:Creating environment descriptor '/home/tom/aeac-2026/packages/src/nav_stack/ros2_ws/install/bringup/share/bringup/hook/pythonpath.dsv'
[4.811s] INFO:colcon.colcon_core.shell:Creating environment hook '/home/tom/aeac-2026/packages/src/nav_stack/ros2_ws/install/bringup/share/bringup/hook/pythonpath.sh'
[4.813s] Level 1:colcon.colcon_core.environment:checking '/home/tom/aeac-2026/packages/src/nav_stack/ros2_ws/install/bringup/bin'
[4.813s] Level 1:colcon.colcon_core.environment:create_environment_scripts_only(bringup)
[4.813s] INFO:colcon.colcon_core.shell:Creating package script '/home/tom/aeac-2026/packages/src/nav_stack/ros2_ws/install/bringup/share/bringup/package.ps1'
[4.815s] INFO:colcon.colcon_core.shell:Creating package descriptor '/home/tom/aeac-2026/packages/src/nav_stack/ros2_ws/install/bringup/share/bringup/package.dsv'
[4.817s] INFO:colcon.colcon_core.shell:Creating package script '/home/tom/aeac-2026/packages/src/nav_stack/ros2_ws/install/bringup/share/bringup/package.sh'
[4.819s] INFO:colcon.colcon_core.shell:Creating package script '/home/tom/aeac-2026/packages/src/nav_stack/ros2_ws/install/bringup/share/bringup/package.bash'
[4.821s] INFO:colcon.colcon_core.shell:Creating package script '/home/tom/aeac-2026/packages/src/nav_stack/ros2_ws/install/bringup/share/bringup/package.zsh'
[4.823s] Level 1:colcon.colcon_core.environment:create_file_with_runtime_dependencies(/home/tom/aeac-2026/packages/src/nav_stack/ros2_ws/install/bringup/share/colcon-core/packages/bringup)
[4.829s] Level 1:colcon.colcon_core.environment:checking '/home/tom/aeac-2026/packages/src/nav_stack/ros2_ws/install/mission' for CMake module files
[4.830s] DEBUG:colcon.colcon_core.event_handler.log_command:Invoked command in '/home/tom/aeac-2026/packages/src/nav_stack/ros2_ws/src/mission' returned '0': PYTHONPATH=/home/tom/aeac-2026/packages/src/nav_stack/ros2_ws/build/mission/prefix_override:/usr/lib/python3/dist-packages/colcon_core/task/python/colcon_distutils_commands:/home/tom/aeac-2026/packages/src/nav_stack/ros2_ws/install/mission/lib/python3.10/site-packages:${PYTHONPATH} /usr/bin/python3 -W ignore:setup.py install is deprecated -W ignore:easy_install command is deprecated setup.py egg_info --egg-base ../../build/mission build --build-base /home/tom/aeac-2026/packages/src/nav_stack/ros2_ws/build/mission/build install --record /home/tom/aeac-2026/packages/src/nav_stack/ros2_ws/build/mission/install.log --single-version-externally-managed install_data
[4.831s] Level 1:colcon.colcon_core.environment:checking '/home/tom/aeac-2026/packages/src/nav_stack/ros2_ws/install/mission' for CMake config files
[4.832s] Level 1:colcon.colcon_core.environment:checking '/home/tom/aeac-2026/packages/src/nav_stack/ros2_ws/install/mission/lib'
[4.833s] Level 1:colcon.colcon_core.environment:checking '/home/tom/aeac-2026/packages/src/nav_stack/ros2_ws/install/mission/bin'
[4.833s] Level 1:colcon.colcon_core.environment:checking '/home/tom/aeac-2026/packages/src/nav_stack/ros2_ws/install/mission/lib/pkgconfig/mission.pc'
[4.835s] Level 1:colcon.colcon_core.environment:checking '/home/tom/aeac-2026/packages/src/nav_stack/ros2_ws/install/mission/lib/python3.10/site-packages'
[4.835s] Level 1:colcon.colcon_core.shell:create_environment_hook('mission', 'pythonpath')
[4.836s] INFO:colcon.colcon_core.shell:Creating environment hook '/home/tom/aeac-2026/packages/src/nav_stack/ros2_ws/install/mission/share/mission/hook/pythonpath.ps1'
[4.838s] INFO:colcon.colcon_core.shell:Creating environment descriptor '/home/tom/aeac-2026/packages/src/nav_stack/ros2_ws/install/mission/share/mission/hook/pythonpath.dsv'
[4.839s] INFO:colcon.colcon_core.shell:Creating environment hook '/home/tom/aeac-2026/packages/src/nav_stack/ros2_ws/install/mission/share/mission/hook/pythonpath.sh'
[4.841s] Level 1:colcon.colcon_core.environment:checking '/home/tom/aeac-2026/packages/src/nav_stack/ros2_ws/install/mission/bin'
[4.842s] Level 1:colcon.colcon_core.environment:create_environment_scripts_only(mission)
[4.845s] INFO:colcon.colcon_core.shell:Creating package script '/home/tom/aeac-2026/packages/src/nav_stack/ros2_ws/install/mission/share/mission/package.ps1'
[4.847s] INFO:colcon.colcon_core.shell:Creating package descriptor '/home/tom/aeac-2026/packages/src/nav_stack/ros2_ws/install/mission/share/mission/package.dsv'
[4.850s] INFO:colcon.colcon_core.shell:Creating package script '/home/tom/aeac-2026/packages/src/nav_stack/ros2_ws/install/mission/share/mission/package.sh'
[4.851s] INFO:colcon.colcon_core.shell:Creating package script '/home/tom/aeac-2026/packages/src/nav_stack/ros2_ws/install/mission/share/mission/package.bash'
[4.853s] INFO:colcon.colcon_core.shell:Creating package script '/home/tom/aeac-2026/packages/src/nav_stack/ros2_ws/install/mission/share/mission/package.zsh'
[4.854s] Level 1:colcon.colcon_core.environment:create_file_with_runtime_dependencies(/home/tom/aeac-2026/packages/src/nav_stack/ros2_ws/install/mission/share/colcon-core/packages/mission)
[4.861s] DEBUG:colcon.colcon_parallel_executor.executor.parallel:closing loop
[4.866s] DEBUG:colcon.colcon_parallel_executor.executor.parallel:loop closed
[4.870s] DEBUG:colcon.colcon_parallel_executor.executor.parallel:run_until_complete finished with '0'
[4.871s] DEBUG:colcon.colcon_core.event_reactor:joining thread
[4.982s] INFO:colcon.colcon_core.plugin_system:Skipping extension 'colcon_notification.desktop_notification.notify_send': Could not find 'notify-send'
[4.982s] INFO:colcon.colcon_core.plugin_system:Skipping extension 'colcon_notification.desktop_notification.terminal_notifier': Not used on non-Darwin systems
[4.982s] INFO:colcon.colcon_core.plugin_system:Skipping extension 'colcon_notification.desktop_notification.win32': Not used on non-Windows systems
[4.982s] INFO:colcon.colcon_notification.desktop_notification:Sending desktop notification using 'notify2'
[4.985s] DEBUG:colcon.colcon_notification.desktop_notification.notify2:Failed to initialize notify2: org.freedesktop.DBus.Error.ServiceUnknown: The name org.freedesktop.Notifications was not provided by any .service files
[4.985s] DEBUG:colcon.colcon_core.event_reactor:joined thread
[4.986s] INFO:colcon.colcon_core.shell:Creating prefix script '/home/tom/aeac-2026/packages/src/nav_stack/ros2_ws/install/local_setup.ps1'
[4.988s] INFO:colcon.colcon_core.shell:Creating prefix util module '/home/tom/aeac-2026/packages/src/nav_stack/ros2_ws/install/_local_setup_util_ps1.py'
[4.990s] INFO:colcon.colcon_core.shell:Creating prefix chain script '/home/tom/aeac-2026/packages/src/nav_stack/ros2_ws/install/setup.ps1'
[4.993s] INFO:colcon.colcon_core.shell:Creating prefix script '/home/tom/aeac-2026/packages/src/nav_stack/ros2_ws/install/local_setup.sh'
[4.995s] INFO:colcon.colcon_core.shell:Creating prefix util module '/home/tom/aeac-2026/packages/src/nav_stack/ros2_ws/install/_local_setup_util_sh.py'
[4.997s] INFO:colcon.colcon_core.shell:Creating prefix chain script '/home/tom/aeac-2026/packages/src/nav_stack/ros2_ws/install/setup.sh'
[5.000s] INFO:colcon.colcon_core.shell:Creating prefix script '/home/tom/aeac-2026/packages/src/nav_stack/ros2_ws/install/local_setup.bash'
[5.003s] INFO:colcon.colcon_core.shell:Creating prefix chain script '/home/tom/aeac-2026/packages/src/nav_stack/ros2_ws/install/setup.bash'
[5.008s] INFO:colcon.colcon_core.shell:Creating prefix script '/home/tom/aeac-2026/packages/src/nav_stack/ros2_ws/install/local_setup.zsh'
[5.010s] INFO:colcon.colcon_core.shell:Creating prefix chain script '/home/tom/aeac-2026/packages/src/nav_stack/ros2_ws/install/setup.zsh'
